#
# There is insufficient memory for the Java Runtime Environment to continue.
# Native memory allocation (mmap) failed to map 1713373184 bytes for committing reserved memory.
# Possible reasons:
#   The system is out of physical RAM or swap space
#   In 32 bit mode, the process size limit was hit
# Possible solutions:
#   Reduce memory load on the system
#   Increase physical memory or swap space
#   Check if swap backing store is full
#   Use 64 bit Java on a 64 bit OS
#   Decrease Java heap size (-Xmx/-Xms)
#   Decrease number of Java threads
#   Decrease Java thread stack sizes (-Xss)
#   Set larger code cache with -XX:ReservedCodeCacheSize=
# This output file may be truncated or incomplete.
#
#  Out of Memory Error (os_linux.cpp:2627), pid=5297, tid=0x00007f99f5213700
#
# JRE version: Java(TM) SE Runtime Environment (8.0_121-b13) (build 1.8.0_121-b13)
# Java VM: Java HotSpot(TM) 64-Bit Server VM (25.121-b13 mixed mode linux-amd64 compressed oops)
# Failed to write core dump. Core dumps have been disabled. To enable core dumping, try "ulimit -c unlimited" before starting Java again
#

---------------  T H R E A D  ---------------

Current thread (0x00007f9a1c07a800):  VMThread [stack: 0x00007f99f5113000,0x00007f99f5214000] [id=5321]

Stack: [0x00007f99f5113000,0x00007f99f5214000],  sp=0x00007f99f52121e0,  free space=1020k
Native frames: (J=compiled Java code, j=interpreted, Vv=VM code, C=native code)
V  [libjvm.so+0xac703a]  VMError::report_and_die()+0x2ba
V  [libjvm.so+0x4fc7eb]  report_vm_out_of_memory(char const*, int, unsigned long, VMErrorType, char const*)+0x8b
V  [libjvm.so+0x923c43]  os::Linux::commit_memory_impl(char*, unsigned long, bool)+0x103
V  [libjvm.so+0x924199]  os::pd_commit_memory(char*, unsigned long, unsigned long, bool)+0x29
V  [libjvm.so+0x91e4aa]  os::commit_memory(char*, unsigned long, unsigned long, bool)+0x2a
V  [libjvm.so+0x992f03]  PSVirtualSpace::expand_by(unsigned long)+0x53
V  [libjvm.so+0x9837c0]  PSOldGen::expand(unsigned long)+0x170
V  [libjvm.so+0x9839cb]  PSOldGen::resize(unsigned long)+0x1cb
V  [libjvm.so+0x98b6d1]  PSParallelCompact::invoke_no_policy(bool)+0x991
V  [libjvm.so+0x99102d]  PSScavenge::invoke()+0x1ad
V  [libjvm.so+0x947c10]  ParallelScavengeHeap::failed_mem_allocate(unsigned long)+0x70
V  [libjvm.so+0xac8a57]  VM_ParallelGCFailedAllocation::doit()+0x97
V  [libjvm.so+0xad0535]  VM_Operation::evaluate()+0x55
V  [libjvm.so+0xace90a]  VMThread::evaluate_operation(VM_Operation*)+0xba
V  [libjvm.so+0xacec8e]  VMThread::loop()+0x1ce
V  [libjvm.so+0xacf100]  VMThread::run()+0x70
V  [libjvm.so+0x926268]  java_start(Thread*)+0x108

VM_Operation (0x00007f99b8d7b4b0): ParallelGCFailedAllocation, mode: safepoint, requested by thread 0x00007f99c0074000


---------------  P R O C E S S  ---------------

Java Threads: ( => current thread )
  0x00007f99b403a800 JavaThread "block-manager-slave-async-thread-pool-5" daemon [_thread_blocked, id=5728, stack(0x00007f99b8077000,0x00007f99b8178000)]
  0x00007f99b4039800 JavaThread "block-manager-slave-async-thread-pool-4" daemon [_thread_blocked, id=5727, stack(0x00007f99b8178000,0x00007f99b8279000)]
  0x00007f99c0083800 JavaThread "block-manager-slave-async-thread-pool-3" daemon [_thread_blocked, id=5726, stack(0x00007f99b164f000,0x00007f99b1750000)]
  0x00007f99b400a800 JavaThread "block-manager-ask-thread-pool-1" daemon [_thread_blocked, id=5725, stack(0x00007f99b1750000,0x00007f99b1851000)]
  0x00007f99c009d000 JavaThread "Executor task launch worker-1" daemon [_thread_blocked, id=5667, stack(0x00007f99a5cd9000,0x00007f99a5dda000)]
  0x00007f99c0097800 JavaThread "task-result-getter-3" daemon [_thread_blocked, id=5401, stack(0x00007f99b0f4c000,0x00007f99b104d000)]
  0x00007f99c0093800 JavaThread "task-result-getter-2" daemon [_thread_blocked, id=5399, stack(0x00007f99b104d000,0x00007f99b114e000)]
  0x00007f99b4009000 JavaThread "task-result-getter-1" daemon [_thread_blocked, id=5398, stack(0x00007f99b134e000,0x00007f99b144f000)]
  0x00007f99c0077000 JavaThread "task-result-getter-0" daemon [_thread_blocked, id=5382, stack(0x00007f99b8679000,0x00007f99b877a000)]
  0x00007f99e0015800 JavaThread "threadDeathWatcher-7-1" daemon [_thread_blocked, id=5371, stack(0x00007f99b877a000,0x00007f99b887b000)]
  0x00007f99ac019800 JavaThread "shuffle-server-3-2" daemon [_thread_in_native, id=5370, stack(0x00007f99b887b000,0x00007f99b897c000)]
  0x00007f99e401b000 JavaThread "shuffle-client-6-1" daemon [_thread_in_native, id=5369, stack(0x00007f99b897c000,0x00007f99b8a7d000)]
  0x00007f99c0074000 JavaThread "Executor task launch worker-0" daemon [_thread_blocked, id=5368, stack(0x00007f99b8c7d000,0x00007f99b8d7e000)]
  0x00007f9a1d6f2800 JavaThread "org.apache.hadoop.fs.FileSystem$Statistics$StatisticsDataReferenceCleaner" daemon [_thread_blocked, id=5367, stack(0x00007f99b97d3000,0x00007f99b98d4000)]
  0x00007f9a1d63b800 JavaThread "SparkListenerBus" daemon [_thread_blocked, id=5366, stack(0x00007f99b9ad4000,0x00007f99b9bd5000)]
  0x00007f9a1d636000 JavaThread "context-cleaner-periodic-gc" daemon [_thread_blocked, id=5365, stack(0x00007f99b9bd5000,0x00007f99b9cd6000)]
  0x00007f9a1d634000 JavaThread "Spark Context Cleaner" daemon [_thread_blocked, id=5364, stack(0x00007f99b9cd6000,0x00007f99b9dd7000)]
  0x00007f9a1d557800 JavaThread "shuffle-server-5-1" daemon [_thread_blocked, id=5363, stack(0x00007f99b9fd7000,0x00007f99ba0d8000)]
  0x00007f9a1d51c800 JavaThread "driver-heartbeater" daemon [_thread_blocked, id=5362, stack(0x00007f99ba0d8000,0x00007f99ba1d9000)]
  0x00007f9a1d504800 JavaThread "dag-scheduler-event-loop" daemon [_thread_blocked, id=5361, stack(0x00007f99ba1d9000,0x00007f99ba2da000)]
  0x00007f99ac00a000 JavaThread "netty-rpc-env-timeout" daemon [_thread_blocked, id=5360, stack(0x00007f99ba2da000,0x00007f99ba3db000)]
  0x00007f99b4002000 JavaThread "heartbeat-receiver-event-loop-thread" daemon [_thread_blocked, id=5359, stack(0x00007f99ba3db000,0x00007f99ba4dc000)]
  0x00007f9a1d4d2000 JavaThread "Timer-0" daemon [_thread_blocked, id=5358, stack(0x00007f99ba4dc000,0x00007f99ba5dd000)]
  0x00007f9a1d4b2000 JavaThread "SparkUI-35" daemon [_thread_blocked, id=5357, stack(0x00007f99ba7dd000,0x00007f99ba8de000)]
  0x00007f9a1d4b0800 JavaThread "SparkUI-34" daemon [_thread_blocked, id=5356, stack(0x00007f99ba8de000,0x00007f99ba9df000)]
  0x00007f9a1d4ae800 JavaThread "SparkUI-33" daemon [_thread_blocked, id=5355, stack(0x00007f99ba9df000,0x00007f99baae0000)]
  0x00007f9a1d4ad000 JavaThread "SparkUI-32" daemon [_thread_blocked, id=5354, stack(0x00007f99baae0000,0x00007f99babe1000)]
  0x00007f9a1d4ab000 JavaThread "SparkUI-31" daemon [_thread_blocked, id=5353, stack(0x00007f99babe1000,0x00007f99bace2000)]
  0x00007f9a1d4a9800 JavaThread "SparkUI-30" daemon [_thread_blocked, id=5352, stack(0x00007f99bace2000,0x00007f99bade3000)]
  0x00007f9a1d4a8000 JavaThread "SparkUI-29-acceptor-0@3a2547b8-ServerConnector@34e2be8c{HTTP/1.1}{0.0.0.0:4040}" daemon [_thread_in_native, id=5351, stack(0x00007f99bade3000,0x00007f99baee4000)]
  0x00007f9a1d4a1800 JavaThread "SparkUI-28-selector-ServerConnectorManager@267fdbe6/0" daemon [_thread_in_native, id=5350, stack(0x00007f99baee4000,0x00007f99bafe5000)]
  0x00007f9a1d2fc800 JavaThread "map-output-dispatcher-7" daemon [_thread_blocked, id=5342, stack(0x00007f99bb1e5000,0x00007f99bb2e6000)]
  0x00007f9a1d2fa800 JavaThread "map-output-dispatcher-6" daemon [_thread_blocked, id=5341, stack(0x00007f99bb2e6000,0x00007f99bb3e7000)]
  0x00007f9a1d2f8800 JavaThread "map-output-dispatcher-5" daemon [_thread_blocked, id=5340, stack(0x00007f99bb3e7000,0x00007f99bb4e8000)]
  0x00007f9a1d2f7000 JavaThread "map-output-dispatcher-4" daemon [_thread_blocked, id=5339, stack(0x00007f99bb4e8000,0x00007f99bb5e9000)]
  0x00007f9a1d2f5000 JavaThread "map-output-dispatcher-3" daemon [_thread_blocked, id=5338, stack(0x00007f99bb5e9000,0x00007f99bb6ea000)]
  0x00007f9a1d2f3000 JavaThread "map-output-dispatcher-2" daemon [_thread_blocked, id=5337, stack(0x00007f99bb6ea000,0x00007f99bb7eb000)]
  0x00007f9a1d2f1000 JavaThread "map-output-dispatcher-1" daemon [_thread_blocked, id=5336, stack(0x00007f99bb7eb000,0x00007f99bb8ec000)]
  0x00007f9a1d2f0000 JavaThread "map-output-dispatcher-0" daemon [_thread_blocked, id=5335, stack(0x00007f99bb8ec000,0x00007f99bb9ed000)]
  0x00007f9a1d2d6000 JavaThread "shuffle-server-3-1" daemon [_thread_blocked, id=5334, stack(0x00007f99bb9ed000,0x00007f99bbaee000)]
  0x00007f9a1d1ab800 JavaThread "dispatcher-event-loop-1" daemon [_thread_blocked, id=5333, stack(0x00007f99bbeff000,0x00007f99bc000000)]
  0x00007f9a1d1b4800 JavaThread "dispatcher-event-loop-0" daemon [_thread_blocked, id=5332, stack(0x00007f99d8698000,0x00007f99d8799000)]
  0x00007f9a1c0c9800 JavaThread "Service Thread" daemon [_thread_blocked, id=5327, stack(0x00007f99f4b0d000,0x00007f99f4c0e000)]
  0x00007f9a1c0bf000 JavaThread "C1 CompilerThread1" daemon [_thread_blocked, id=5326, stack(0x00007f99f4c0e000,0x00007f99f4d0f000)]
  0x00007f9a1c0bc000 JavaThread "C2 CompilerThread0" daemon [_thread_blocked, id=5325, stack(0x00007f99f4d0f000,0x00007f99f4e10000)]
  0x00007f9a1c0ba000 JavaThread "Signal Dispatcher" daemon [_thread_blocked, id=5324, stack(0x00007f99f4e10000,0x00007f99f4f11000)]
  0x00007f9a1c087000 JavaThread "Finalizer" daemon [_thread_blocked, id=5323, stack(0x00007f99f4f11000,0x00007f99f5012000)]
  0x00007f9a1c082000 JavaThread "Reference Handler" daemon [_thread_blocked, id=5322, stack(0x00007f99f5012000,0x00007f99f5113000)]
  0x00007f9a1c010800 JavaThread "main" [_thread_blocked, id=5318, stack(0x00007f9a23a37000,0x00007f9a23b38000)]

Other Threads:
=>0x00007f9a1c07a800 VMThread [stack: 0x00007f99f5113000,0x00007f99f5214000] [id=5321]
  0x00007f9a1c0cd000 WatcherThread [stack: 0x00007f99f4a0c000,0x00007f99f4b0d000] [id=5328]

VM state:at safepoint (normal execution)

VM Mutex/Monitor currently owned by a thread:  ([mutex/lock_event])
[0x00007f9a1c00d8a0] ExpandHeap_lock - owner thread: 0x00007f9a1c07a800
[0x00007f9a1c00df20] Threads_lock - owner thread: 0x00007f9a1c07a800
[0x00007f9a1c00e420] Heap_lock - owner thread: 0x00007f99c0074000

Heap:
 PSYoungGen      total 2141696K, used 0K [0x00000006eab00000, 0x00000007c0000000, 0x00000007c0000000)
  eden space 1165312K, 0% used [0x00000006eab00000,0x00000006eab00000,0x0000000731d00000)
  from space 976384K, 0% used [0x0000000784680000,0x0000000784680000,0x00000007c0000000)
  to   space 1164800K, 0% used [0x0000000731d00000,0x0000000731d00000,0x0000000778e80000)
 ParOldGen       total 2795008K, used 2185035K [0x0000000540000000, 0x00000005ea980000, 0x00000006eab00000)
  object space 2795008K, 78% used [0x0000000540000000,0x00000005c55d2d50,0x00000005ea980000)
 Metaspace       used 68172K, capacity 68944K, committed 69248K, reserved 1110016K
  class space    used 9348K, capacity 9552K, committed 9600K, reserved 1048576K

Card table byte_map: [0x00007f9a0bbff000,0x00007f9a0d000000] byte_map_base: 0x00007f9a091ff000

Marking Bits: (ParMarkBitMap*) 0x00007f9a22f0bc80
 Begin Bits: [0x00007f99f79fd000, 0x00007f9a019fd000)
 End Bits:   [0x00007f9a019fd000, 0x00007f9a0b9fd000)

Polling page: 0x00007f9a23b4f000

CodeCache: size=245760Kb used=23772Kb max_used=25277Kb free=221987Kb
 bounds [0x00007f9a0d000000, 0x00007f9a0e990000, 0x00007f9a1c000000]
 total_blobs=9256 nmethods=8489 adapters=678
 compilation: enabled

Compilation events (10 events):
Event: 179.504 Thread 0x00007f9a1c0bf000 11495       3       org.apache.spark.rdd.CoGroupedRDD$$anonfun$1::apply (46 bytes)
Event: 179.504 Thread 0x00007f9a1c0bf000 nmethod 11495 0x00007f9a0e106850 code [0x00007f9a0e106a40, 0x00007f9a0e1071e8]
Event: 179.582 Thread 0x00007f9a1c0bc000 11496       4       org.apache.spark.util.collection.SizeTracker$class::afterUpdate (35 bytes)
Event: 179.659 Thread 0x00007f9a1c0bf000 11497       3       java.lang.Integer::parseInt (261 bytes)
Event: 179.660 Thread 0x00007f9a1c0bf000 nmethod 11497 0x00007f9a0de76390 code [0x00007f9a0de76740, 0x00007f9a0de78588]
Event: 179.663 Thread 0x00007f9a1c0bc000 nmethod 11496 0x00007f9a0e74fe90 code [0x00007f9a0e750120, 0x00007f9a0e750c68]
Event: 180.188 Thread 0x00007f9a1c0bc000 11498       4       org.apache.spark.rdd.CoGroupedRDD$$anonfun$1$$anonfun$2::apply (5 bytes)
Event: 180.190 Thread 0x00007f9a1c0bc000 nmethod 11498 0x00007f9a0e3cc2d0 code [0x00007f9a0e3cc420, 0x00007f9a0e3cc518]
Event: 180.340 Thread 0x00007f9a1c0bc000 11499       4       scala.collection.mutable.LinkedList::tail (5 bytes)
Event: 180.340 Thread 0x00007f9a1c0bc000 nmethod 11499 0x00007f9a0e28eb90 code [0x00007f9a0e28ece0, 0x00007f9a0e28ed78]

GC Heap History (10 events):
Event: 138.306 GC heap after
Heap after GC invocations=32 (full 8):
 PSYoungGen      total 2361344K, used 0K [0x00000006eab00000, 0x00000007c0000000, 0x00000007c0000000)
  eden space 1639424K, 0% used [0x00000006eab00000,0x00000006eab00000,0x000000074ec00000)
  from space 721920K, 0% used [0x0000000792180000,0x0000000792180000,0x00000007be280000)
  to   space 927744K, 0% used [0x000000074ec00000,0x000000074ec00000,0x0000000787600000)
 ParOldGen       total 2468864K, used 729806K [0x0000000540000000, 0x00000005d6b00000, 0x00000006eab00000)
  object space 2468864K, 29% used [0x0000000540000000,0x000000056c8b3818,0x00000005d6b00000)
 Metaspace       used 68088K, capacity 68862K, committed 69248K, reserved 1110016K
  class space    used 9346K, capacity 9549K, committed 9600K, reserved 1048576K
}
Event: 145.086 GC heap before
{Heap before GC invocations=33 (full 8):
 PSYoungGen      total 2361344K, used 1639424K [0x00000006eab00000, 0x00000007c0000000, 0x00000007c0000000)
  eden space 1639424K, 100% used [0x00000006eab00000,0x000000074ec00000,0x000000074ec00000)
  from space 721920K, 0% used [0x0000000792180000,0x0000000792180000,0x00000007be280000)
  to   space 927744K, 0% used [0x000000074ec00000,0x000000074ec00000,0x0000000787600000)
 ParOldGen       total 2468864K, used 729806K [0x0000000540000000, 0x00000005d6b00000, 0x00000006eab00000)
  object space 2468864K, 29% used [0x0000000540000000,0x000000056c8b3818,0x00000005d6b00000)
 Metaspace       used 68119K, capacity 68926K, committed 69248K, reserved 1110016K
  class space    used 9346K, capacity 9549K, committed 9600K, reserved 1048576K
Event: 145.280 GC heap after
Heap after GC invocations=33 (full 8):
 PSYoungGen      total 2292224K, used 652655K [0x00000006eab00000, 0x00000007c0000000, 0x00000007c0000000)
  eden space 1639424K, 0% used [0x00000006eab00000,0x00000006eab00000,0x000000074ec00000)
  from space 652800K, 99% used [0x000000074ec00000,0x000000077695bf90,0x0000000776980000)
  to   space 968704K, 0% used [0x0000000784e00000,0x0000000784e00000,0x00000007c0000000)
 ParOldGen       total 2468864K, used 729814K [0x0000000540000000, 0x00000005d6b00000, 0x00000006eab00000)
  object space 2468864K, 29% used [0x0000000540000000,0x000000056c8b5818,0x00000005d6b00000)
 Metaspace       used 68119K, capacity 68926K, committed 69248K, reserved 1110016K
  class space    used 9346K, capacity 9549K, committed 9600K, reserved 1048576K
}
Event: 150.466 GC heap before
{Heap before GC invocations=34 (full 8):
 PSYoungGen      total 2292224K, used 2292079K [0x00000006eab00000, 0x00000007c0000000, 0x00000007c0000000)
  eden space 1639424K, 100% used [0x00000006eab00000,0x000000074ec00000,0x000000074ec00000)
  from space 652800K, 99% used [0x000000074ec00000,0x000000077695bf90,0x0000000776980000)
  to   space 968704K, 0% used [0x0000000784e00000,0x0000000784e00000,0x00000007c0000000)
 ParOldGen       total 2468864K, used 729814K [0x0000000540000000, 0x00000005d6b00000, 0x00000006eab00000)
  object space 2468864K, 29% used [0x0000000540000000,0x000000056c8b5818,0x00000005d6b00000)
 Metaspace       used 68119K, capacity 68926K, committed 69248K, reserved 1110016K
  class space    used 9346K, capacity 9549K, committed 9600K, reserved 1048576K
Event: 163.840 GC heap after
Heap after GC invocations=34 (full 8):
 PSYoungGen      total 2544640K, used 213985K [0x00000006eab00000, 0x00000007c0000000, 0x00000007c0000000)
  eden space 1575936K, 0% used [0x00000006eab00000,0x00000006eab00000,0x000000074ae00000)
  from space 968704K, 22% used [0x0000000784e00000,0x0000000791ef85d0,0x00000007c0000000)
  to   space 950272K, 0% used [0x000000074ae00000,0x000000074ae00000,0x0000000784e00000)
 ParOldGen       total 2468864K, used 1380117K [0x0000000540000000, 0x00000005d6b00000, 0x00000006eab00000)
  object space 2468864K, 55% used [0x0000000540000000,0x00000005943c56c8,0x00000005d6b00000)
 Metaspace       used 68119K, capacity 68926K, committed 69248K, reserved 1110016K
  class space    used 9346K, capacity 9549K, committed 9600K, reserved 1048576K
}
Event: 177.473 GC heap before
{Heap before GC invocations=35 (full 8):
 PSYoungGen      total 2544640K, used 1789921K [0x00000006eab00000, 0x00000007c0000000, 0x00000007c0000000)
  eden space 1575936K, 100% used [0x00000006eab00000,0x000000074ae00000,0x000000074ae00000)
  from space 968704K, 22% used [0x0000000784e00000,0x0000000791ef85d0,0x00000007c0000000)
  to   space 950272K, 0% used [0x000000074ae00000,0x000000074ae00000,0x0000000784e00000)
 ParOldGen       total 2468864K, used 1380117K [0x0000000540000000, 0x00000005d6b00000, 0x00000006eab00000)
  object space 2468864K, 55% used [0x0000000540000000,0x00000005943c56c8,0x00000005d6b00000)
 Metaspace       used 68166K, capacity 68944K, committed 69248K, reserved 1110016K
  class space    used 9348K, capacity 9552K, committed 9600K, reserved 1048576K
Event: 177.756 GC heap after
Heap after GC invocations=35 (full 8):
 PSYoungGen      total 2198528K, used 622130K [0x00000006eab00000, 0x00000007c0000000, 0x00000007c0000000)
  eden space 1575936K, 0% used [0x00000006eab00000,0x00000006eab00000,0x000000074ae00000)
  from space 622592K, 99% used [0x000000074ae00000,0x0000000770d8cbe0,0x0000000770e00000)
  to   space 976384K, 0% used [0x0000000784680000,0x0000000784680000,0x00000007c0000000)
 ParOldGen       total 2468864K, used 1592258K [0x0000000540000000, 0x00000005d6b00000, 0x00000006eab00000)
  object space 2468864K, 64% used [0x0000000540000000,0x00000005a12f0a98,0x00000005d6b00000)
 Metaspace       used 68166K, capacity 68944K, committed 69248K, reserved 1110016K
  class space    used 9348K, capacity 9552K, committed 9600K, reserved 1048576K
}
Event: 181.333 GC heap before
{Heap before GC invocations=36 (full 8):
 PSYoungGen      total 2198528K, used 2198066K [0x00000006eab00000, 0x00000007c0000000, 0x00000007c0000000)
  eden space 1575936K, 100% used [0x00000006eab00000,0x000000074ae00000,0x000000074ae00000)
  from space 622592K, 99% used [0x000000074ae00000,0x0000000770d8cbe0,0x0000000770e00000)
  to   space 976384K, 0% used [0x0000000784680000,0x0000000784680000,0x00000007c0000000)
 ParOldGen       total 2468864K, used 1592258K [0x0000000540000000, 0x00000005d6b00000, 0x00000006eab00000)
  object space 2468864K, 64% used [0x0000000540000000,0x00000005a12f0a98,0x00000005d6b00000)
 Metaspace       used 68181K, capacity 68956K, committed 69248K, reserved 1110016K
  class space    used 9349K, capacity 9554K, committed 9600K, reserved 1048576K
Event: 186.003 GC heap after
Heap after GC invocations=36 (full 8):
 PSYoungGen      total 2141696K, used 976379K [0x00000006eab00000, 0x00000007c0000000, 0x00000007c0000000)
  eden space 1165312K, 0% used [0x00000006eab00000,0x00000006eab00000,0x0000000731d00000)
  from space 976384K, 99% used [0x0000000784680000,0x00000007bfffee50,0x00000007c0000000)
  to   space 1164800K, 0% used [0x0000000731d00000,0x0000000731d00000,0x0000000778e80000)
 ParOldGen       total 2795008K, used 2794914K [0x0000000540000000, 0x00000005ea980000, 0x00000006eab00000)
  object space 2795008K, 99% used [0x0000000540000000,0x00000005ea968ba0,0x00000005ea980000)
 Metaspace       used 68181K, capacity 68956K, committed 69248K, reserved 1110016K
  class space    used 9349K, capacity 9554K, committed 9600K, reserved 1048576K
}
Event: 186.003 GC heap before
{Heap before GC invocations=37 (full 9):
 PSYoungGen      total 2141696K, used 976379K [0x00000006eab00000, 0x00000007c0000000, 0x00000007c0000000)
  eden space 1165312K, 0% used [0x00000006eab00000,0x00000006eab00000,0x0000000731d00000)
  from space 976384K, 99% used [0x0000000784680000,0x00000007bfffee50,0x00000007c0000000)
  to   space 1164800K, 0% used [0x0000000731d00000,0x0000000731d00000,0x0000000778e80000)
 ParOldGen       total 2795008K, used 2794914K [0x0000000540000000, 0x00000005ea980000, 0x00000006eab00000)
  object space 2795008K, 99% used [0x0000000540000000,0x00000005ea968ba0,0x00000005ea980000)
 Metaspace       used 68181K, capacity 68956K, committed 69248K, reserved 1110016K
  class space    used 9349K, capacity 9554K, committed 9600K, reserved 1048576K

Deoptimization events (10 events):
Event: 172.316 Thread 0x00007f99c0074000 Uncommon trap: reason=class_check action=maybe_recompile pc=0x00007f9a0dd5b7c4 method=scala.collection.mutable.SetBuilder.$plus$eq(Ljava/lang/Object;)Lscala/collection/mutable/SetBuilder; @ 6
Event: 172.316 Thread 0x00007f99c0074000 Uncommon trap: reason=class_check action=maybe_recompile pc=0x00007f9a0dd5b7c4 method=scala.collection.mutable.SetBuilder.$plus$eq(Ljava/lang/Object;)Lscala/collection/mutable/SetBuilder; @ 6
Event: 172.316 Thread 0x00007f99c0074000 Uncommon trap: reason=class_check action=maybe_recompile pc=0x00007f9a0dd5b7c4 method=scala.collection.mutable.SetBuilder.$plus$eq(Ljava/lang/Object;)Lscala/collection/mutable/SetBuilder; @ 6
Event: 172.327 Thread 0x00007f9a1d1b4800 Uncommon trap: reason=unstable_if action=reinterpret pc=0x00007f9a0df5b7ec method=java.util.concurrent.ConcurrentLinkedQueue.first()Ljava/util/concurrent/ConcurrentLinkedQueue$Node; @ 32
Event: 172.373 Thread 0x00007f9a1d63b800 Uncommon trap: reason=bimorphic action=maybe_recompile pc=0x00007f9a0e1ec370 method=scala.util.hashing.MurmurHash3.productHash(Lscala/Product;I)I @ 1
Event: 172.379 Thread 0x00007f9a1d504800 Uncommon trap: reason=unstable_if action=reinterpret pc=0x00007f9a0d3fedfc method=scala.collection.immutable.List.map(Lscala/Function1;Lscala/collection/generic/CanBuildFrom;)Ljava/lang/Object; @ 7
Event: 172.383 Thread 0x00007f9a1d504800 Uncommon trap: reason=bimorphic action=maybe_recompile pc=0x00007f9a0dc947c4 method=org.apache.spark.util.collection.SizeTracker$class.estimateSize(Lorg/apache/spark/util/collection/SizeTracker;)J @ 4
Event: 172.389 Thread 0x00007f9a1d504800 Uncommon trap: reason=class_check action=maybe_recompile pc=0x00007f9a0da167b8 method=scala.collection.mutable.ArrayBuilder$.make(Lscala/reflect/ClassTag;)Lscala/collection/mutable/ArrayBuilder; @ 5
Event: 172.389 Thread 0x00007f9a1d504800 Uncommon trap: reason=class_check action=maybe_recompile pc=0x00007f9a0da167b8 method=scala.collection.mutable.ArrayBuilder$.make(Lscala/reflect/ClassTag;)Lscala/collection/mutable/ArrayBuilder; @ 5
Event: 172.411 Thread 0x00007f9a1d504800 Uncommon trap: reason=class_check action=maybe_recompile pc=0x00007f9a0da167b8 method=scala.collection.mutable.ArrayBuilder$.make(Lscala/reflect/ClassTag;)Lscala/collection/mutable/ArrayBuilder; @ 5

Internal exceptions (10 events):
Event: 61.780 Thread 0x00007f99bc008000 Exception <a 'java/lang/InterruptedException': sleep interrupted> (0x000000070078a808) thrown at [/HUDSON3/workspace/8-2-build-linux-amd64/jdk8u121/8372/hotspot/src/share/vm/prims/jvm.cpp, line 3228]
Event: 62.103 Thread 0x00007f99cc255800 Exception <a 'java/lang/InterruptedException': sleep interrupted> (0x000000070447a070) thrown at [/HUDSON3/workspace/8-2-build-linux-amd64/jdk8u121/8372/hotspot/src/share/vm/prims/jvm.cpp, line 3228]
Event: 62.296 Thread 0x00007f9a1d8eb800 Exception <a 'java/lang/InterruptedException': sleep interrupted> (0x0000000707331b48) thrown at [/HUDSON3/workspace/8-2-build-linux-amd64/jdk8u121/8372/hotspot/src/share/vm/prims/jvm.cpp, line 3228]
Event: 62.427 Thread 0x00007f99e0024000 Exception <a 'java/lang/InterruptedException': sleep interrupted> (0x0000000709131d48) thrown at [/HUDSON3/workspace/8-2-build-linux-amd64/jdk8u121/8372/hotspot/src/share/vm/prims/jvm.cpp, line 3228]
Event: 62.541 Thread 0x00007f99d0528000 Exception <a 'java/lang/InterruptedException': sleep interrupted> (0x000000070af4aad0) thrown at [/HUDSON3/workspace/8-2-build-linux-amd64/jdk8u121/8372/hotspot/src/share/vm/prims/jvm.cpp, line 3228]
Event: 62.643 Thread 0x00007f99cc0ac800 Exception <a 'java/lang/InterruptedException': sleep interrupted> (0x000000070cf5ea30) thrown at [/HUDSON3/workspace/8-2-build-linux-amd64/jdk8u121/8372/hotspot/src/share/vm/prims/jvm.cpp, line 3228]
Event: 112.827 Thread 0x00007f99e443d800 Implicit null exception at 0x00007f9a0e7906ef to 0x00007f9a0e790be5
Event: 112.827 Thread 0x00007f99e8064800 Implicit null exception at 0x00007f9a0e7906ef to 0x00007f9a0e790be5
Event: 121.813 Thread 0x00007f99f003f000 Exception <a 'java/lang/InterruptedException': sleep interrupted> (0x0000000737876658) thrown at [/HUDSON3/workspace/8-2-build-linux-amd64/jdk8u121/8372/hotspot/src/share/vm/prims/jvm.cpp, line 3228]
Event: 122.559 Thread 0x00007f99d014d800 Exception <a 'java/lang/InterruptedException': sleep interrupted> (0x0000000739102e98) thrown at [/HUDSON3/workspace/8-2-build-linux-amd64/jdk8u121/8372/hotspot/src/share/vm/prims/jvm.cpp, line 3228]

Events (10 events):
Event: 172.650 loading class geotrellis/raster/FloatRawArrayTileConstructorAccess done
Event: 173.848 Executing VM operation: RevokeBias
Event: 173.876 Executing VM operation: RevokeBias done
Event: 177.473 Executing VM operation: ParallelGCFailedAllocation
Event: 177.756 Executing VM operation: ParallelGCFailedAllocation done
Event: 178.722 loading class geotrellis/spark/SpaceTimeKeyConstructorAccess
Event: 178.722 loading class geotrellis/spark/SpaceTimeKeyConstructorAccess done
Event: 178.724 loading class geotrellis/raster/FloatRawArrayTileConstructorAccess
Event: 178.724 loading class geotrellis/raster/FloatRawArrayTileConstructorAccess done
Event: 181.333 Executing VM operation: ParallelGCFailedAllocation


Dynamic libraries:
00400000-00401000 r-xp 00000000 fd:00 73173218                           /opt/jdk1.8.0_121/bin/java
00600000-00601000 rw-p 00000000 fd:00 73173218                           /opt/jdk1.8.0_121/bin/java
00ba5000-00bc6000 rw-p 00000000 00:00 0                                  [heap]
540000000-5ea980000 rw-p 00000000 00:00 0 
650b80000-6eab00000 ---p 00000000 00:00 0 
6eab00000-7c0000000 rw-p 00000000 00:00 0 
7c0000000-7c0960000 rw-p 00000000 00:00 0 
7c0960000-800000000 ---p 00000000 00:00 0 
7f99a3bc0000-7f99a3dc0000 rw-p 00000000 00:00 0 
7f99a3dc0000-7f99a3fc0000 rw-p 00000000 00:00 0 
7f99a3fc0000-7f99a3fc3000 ---p 00000000 00:00 0 
7f99a3fc3000-7f99a40c1000 rw-p 00000000 00:00 0 
7f99a40c1000-7f99a40c4000 ---p 00000000 00:00 0 
7f99a40c4000-7f99a41c2000 rw-p 00000000 00:00 0 
7f99a41c2000-7f99a41c5000 ---p 00000000 00:00 0 
7f99a41c5000-7f99a42c3000 rw-p 00000000 00:00 0 
7f99a42c3000-7f99a42c6000 ---p 00000000 00:00 0 
7f99a42c6000-7f99a43c4000 rw-p 00000000 00:00 0 
7f99a43c4000-7f99a43c7000 ---p 00000000 00:00 0 
7f99a43c7000-7f99a44c5000 rw-p 00000000 00:00 0 
7f99a44c5000-7f99a44c8000 ---p 00000000 00:00 0 
7f99a44c8000-7f99a45c6000 rw-p 00000000 00:00 0 
7f99a45c6000-7f99a45c9000 ---p 00000000 00:00 0 
7f99a45c9000-7f99a46c7000 rw-p 00000000 00:00 0 
7f99a46c7000-7f99a46ca000 ---p 00000000 00:00 0 
7f99a46ca000-7f99a47c8000 rw-p 00000000 00:00 0 
7f99a47c8000-7f99a47cb000 ---p 00000000 00:00 0 
7f99a47cb000-7f99a48c9000 rw-p 00000000 00:00 0 
7f99a48c9000-7f99a48cc000 ---p 00000000 00:00 0 
7f99a48cc000-7f99a49ca000 rw-p 00000000 00:00 0 
7f99a49ca000-7f99a49cd000 ---p 00000000 00:00 0 
7f99a49cd000-7f99a4acb000 rw-p 00000000 00:00 0 
7f99a4ccd000-7f99a4cd0000 ---p 00000000 00:00 0 
7f99a4cd0000-7f99a4dce000 rw-p 00000000 00:00 0 
7f99a51d4000-7f99a5214000 rw-p 00000000 00:00 0 
7f99a5214000-7f99a53d7000 ---p 00000000 00:00 0 
7f99a53d7000-7f99a56d5000 rw-p 00000000 00:00 0 
7f99a57d6000-7f99a59d6000 rw-p 00000000 00:00 0 
7f99a59d6000-7f99a59d9000 ---p 00000000 00:00 0 
7f99a59d9000-7f99a5ad7000 rw-p 00000000 00:00 0 
7f99a5ad7000-7f99a5ada000 ---p 00000000 00:00 0 
7f99a5ada000-7f99a5bd8000 rw-p 00000000 00:00 0 
7f99a5bd8000-7f99a5bdb000 ---p 00000000 00:00 0 
7f99a5bdb000-7f99a5cd9000 rw-p 00000000 00:00 0 
7f99a5cd9000-7f99a5cdc000 ---p 00000000 00:00 0 
7f99a5cdc000-7f99a5dda000 rw-p 00000000 00:00 0                          [stack:5667]
7f99a5dda000-7f99a5ddd000 ---p 00000000 00:00 0 
7f99a5ddd000-7f99a5edb000 rw-p 00000000 00:00 0 
7f99a5fdc000-7f99a5fdf000 ---p 00000000 00:00 0 
7f99a5fdf000-7f99a60dd000 rw-p 00000000 00:00 0 
7f99a60dd000-7f99a60e0000 ---p 00000000 00:00 0 
7f99a60e0000-7f99a61de000 rw-p 00000000 00:00 0 
7f99a61de000-7f99a61e1000 ---p 00000000 00:00 0 
7f99a61e1000-7f99a62df000 rw-p 00000000 00:00 0 
7f99a62df000-7f99a62e2000 ---p 00000000 00:00 0 
7f99a62e2000-7f99a63e0000 rw-p 00000000 00:00 0 
7f99a63e0000-7f99a63e3000 ---p 00000000 00:00 0 
7f99a63e3000-7f99a64e1000 rw-p 00000000 00:00 0 
7f99a64e1000-7f99a64e4000 ---p 00000000 00:00 0 
7f99a64e4000-7f99a65e2000 rw-p 00000000 00:00 0 
7f99a65e2000-7f99a65e5000 ---p 00000000 00:00 0 
7f99a65e5000-7f99a66e3000 rw-p 00000000 00:00 0 
7f99a66e3000-7f99a66e6000 ---p 00000000 00:00 0 
7f99a66e6000-7f99a67e4000 rw-p 00000000 00:00 0 
7f99a67e4000-7f99a67e7000 ---p 00000000 00:00 0 
7f99a67e7000-7f99a68e5000 rw-p 00000000 00:00 0 
7f99a68e5000-7f99a68e8000 ---p 00000000 00:00 0 
7f99a68e8000-7f99a69e6000 rw-p 00000000 00:00 0 
7f99a69e6000-7f99a69e9000 ---p 00000000 00:00 0 
7f99a69e9000-7f99a6ae7000 rw-p 00000000 00:00 0 
7f99a6ce9000-7f99a6cec000 ---p 00000000 00:00 0 
7f99a6cec000-7f99a6dea000 rw-p 00000000 00:00 0 
7f99a6dea000-7f99a6ded000 ---p 00000000 00:00 0 
7f99a6ded000-7f99a6eeb000 rw-p 00000000 00:00 0 
7f99a6fec000-7f99a6fef000 ---p 00000000 00:00 0 
7f99a6fef000-7f99a70ed000 rw-p 00000000 00:00 0 
7f99a71ee000-7f99a71f1000 ---p 00000000 00:00 0 
7f99a71f1000-7f99a72ef000 rw-p 00000000 00:00 0 
7f99a72ef000-7f99a72f2000 ---p 00000000 00:00 0 
7f99a72f2000-7f99a73f0000 rw-p 00000000 00:00 0 
7f99a73f0000-7f99a73f3000 ---p 00000000 00:00 0 
7f99a73f3000-7f99a74f1000 rw-p 00000000 00:00 0 
7f99a74f1000-7f99a74f4000 ---p 00000000 00:00 0 
7f99a74f4000-7f99a75f2000 rw-p 00000000 00:00 0 
7f99a7dfa000-7f99a9dfc000 rw-p 00000000 00:00 0 
7f99a9efd000-7f99aaefe000 rw-p 00000000 00:00 0 
7f99aafff000-7f99ac000000 rw-p 00000000 00:00 0 
7f99ac000000-7f99ac027000 rw-p 00000000 00:00 0 
7f99ac027000-7f99b0000000 ---p 00000000 00:00 0 
7f99b022b000-7f99b042b000 rw-p 00000000 00:00 0 
7f99b062d000-7f99b0638000 r-xp 00000000 fd:00 103217880                  /tmp/libnetty-transport-native-epoll2101314529859266611.so (deleted)
7f99b0638000-7f99b0838000 ---p 0000b000 fd:00 103217880                  /tmp/libnetty-transport-native-epoll2101314529859266611.so (deleted)
7f99b0838000-7f99b0839000 rw-p 0000b000 fd:00 103217880                  /tmp/libnetty-transport-native-epoll2101314529859266611.so (deleted)
7f99b093a000-7f99b0b3a000 rw-p 00000000 00:00 0 
7f99b0b3a000-7f99b0b4c000 r-xp 00000000 fd:00 103217879                  /tmp/jffi7739147581874703248.so (deleted)
7f99b0b4c000-7f99b0d4b000 ---p 00012000 fd:00 103217879                  /tmp/jffi7739147581874703248.so (deleted)
7f99b0d4b000-7f99b0d4c000 rw-p 00011000 fd:00 103217879                  /tmp/jffi7739147581874703248.so (deleted)
7f99b0d4c000-7f99b0f4c000 rw-p 00000000 00:00 0 
7f99b0f4c000-7f99b0f4f000 ---p 00000000 00:00 0 
7f99b0f4f000-7f99b104d000 rw-p 00000000 00:00 0                          [stack:5401]
7f99b104d000-7f99b1050000 ---p 00000000 00:00 0 
7f99b1050000-7f99b134e000 rw-p 00000000 00:00 0                          [stack:5399]
7f99b134e000-7f99b1351000 ---p 00000000 00:00 0 
7f99b1351000-7f99b164f000 rw-p 00000000 00:00 0                          [stack:5398]
7f99b164f000-7f99b1652000 ---p 00000000 00:00 0 
7f99b1652000-7f99b1750000 rw-p 00000000 00:00 0                          [stack:5726]
7f99b1750000-7f99b1753000 ---p 00000000 00:00 0 
7f99b1753000-7f99b1851000 rw-p 00000000 00:00 0                          [stack:5725]
7f99b1851000-7f99b1ffe000 r--s 06d0a000 fd:00 235913745                  /tmp/spark-6ef6a546-bd87-4fee-bb9e-fcd04731f75b/userFiles-a0ed5738-9d78-4606-a79c-e43460b7ab1b/ingest-assembly-0.1.0.jar
7f99b1ffe000-7f99b4000000 rw-p 00000000 00:00 0 
7f99b4000000-7f99b47c7000 rw-p 00000000 00:00 0 
7f99b47c7000-7f99b8000000 ---p 00000000 00:00 0 
7f99b8077000-7f99b807a000 ---p 00000000 00:00 0 
7f99b807a000-7f99b8178000 rw-p 00000000 00:00 0                          [stack:5728]
7f99b8178000-7f99b817b000 ---p 00000000 00:00 0 
7f99b817b000-7f99b8479000 rw-p 00000000 00:00 0                          [stack:5727]
7f99b8479000-7f99b8679000 rw-p 00000000 00:00 0 
7f99b8679000-7f99b867c000 ---p 00000000 00:00 0 
7f99b867c000-7f99b877a000 rw-p 00000000 00:00 0                          [stack:5382]
7f99b877a000-7f99b877d000 ---p 00000000 00:00 0 
7f99b877d000-7f99b887b000 rw-p 00000000 00:00 0                          [stack:5371]
7f99b887b000-7f99b887e000 ---p 00000000 00:00 0 
7f99b887e000-7f99b897c000 rw-p 00000000 00:00 0                          [stack:5370]
7f99b897c000-7f99b897f000 ---p 00000000 00:00 0 
7f99b897f000-7f99b8c7d000 rw-p 00000000 00:00 0                          [stack:5369]
7f99b8c7d000-7f99b8c80000 ---p 00000000 00:00 0 
7f99b8c80000-7f99b8f7e000 rw-p 00000000 00:00 0                          [stack:5368]
7f99b8fc6000-7f99b91c6000 rw-p 00000000 00:00 0 
7f99b91c6000-7f99b91d3000 r-xp 00000000 fd:00 103217876                  /tmp/liblz4-java2809447243106437687.so
7f99b91d3000-7f99b93d2000 ---p 0000d000 fd:00 103217876                  /tmp/liblz4-java2809447243106437687.so
7f99b93d2000-7f99b93d3000 rw-p 0000c000 fd:00 103217876                  /tmp/liblz4-java2809447243106437687.so
7f99b93d3000-7f99b95d3000 rw-p 00000000 00:00 0 
7f99b95d3000-7f99b97d3000 rw-p 00000000 00:00 0 
7f99b97d3000-7f99b97d6000 ---p 00000000 00:00 0 
7f99b97d6000-7f99b9ad4000 rw-p 00000000 00:00 0                          [stack:5367]
7f99b9ad4000-7f99b9ad7000 ---p 00000000 00:00 0 
7f99b9ad7000-7f99b9bd5000 rw-p 00000000 00:00 0                          [stack:5366]
7f99b9bd5000-7f99b9bd8000 ---p 00000000 00:00 0 
7f99b9bd8000-7f99b9cd6000 rw-p 00000000 00:00 0                          [stack:5365]
7f99b9cd6000-7f99b9cd9000 ---p 00000000 00:00 0 
7f99b9cd9000-7f99b9fd7000 rw-p 00000000 00:00 0                          [stack:5364]
7f99b9fd7000-7f99b9fda000 ---p 00000000 00:00 0 
7f99b9fda000-7f99ba0d8000 rw-p 00000000 00:00 0                          [stack:5363]
7f99ba0d8000-7f99ba0db000 ---p 00000000 00:00 0 
7f99ba0db000-7f99ba1d9000 rw-p 00000000 00:00 0                          [stack:5362]
7f99ba1d9000-7f99ba1dc000 ---p 00000000 00:00 0 
7f99ba1dc000-7f99ba2da000 rw-p 00000000 00:00 0                          [stack:5361]
7f99ba2da000-7f99ba2dd000 ---p 00000000 00:00 0 
7f99ba2dd000-7f99ba3db000 rw-p 00000000 00:00 0                          [stack:5360]
7f99ba3db000-7f99ba3de000 ---p 00000000 00:00 0 
7f99ba3de000-7f99ba4dc000 rw-p 00000000 00:00 0                          [stack:5359]
7f99ba4dc000-7f99ba4df000 ---p 00000000 00:00 0 
7f99ba4df000-7f99ba7dd000 rw-p 00000000 00:00 0                          [stack:5358]
7f99ba7dd000-7f99ba7e0000 ---p 00000000 00:00 0 
7f99ba7e0000-7f99ba8de000 rw-p 00000000 00:00 0                          [stack:5357]
7f99ba8de000-7f99ba8e1000 ---p 00000000 00:00 0 
7f99ba8e1000-7f99ba9df000 rw-p 00000000 00:00 0                          [stack:5356]
7f99ba9df000-7f99ba9e2000 ---p 00000000 00:00 0 
7f99ba9e2000-7f99baae0000 rw-p 00000000 00:00 0                          [stack:5355]
7f99baae0000-7f99baae3000 ---p 00000000 00:00 0 
7f99baae3000-7f99babe1000 rw-p 00000000 00:00 0                          [stack:5354]
7f99babe1000-7f99babe4000 ---p 00000000 00:00 0 
7f99babe4000-7f99bace2000 rw-p 00000000 00:00 0                          [stack:5353]
7f99bace2000-7f99bace5000 ---p 00000000 00:00 0 
7f99bace5000-7f99bade3000 rw-p 00000000 00:00 0                          [stack:5352]
7f99bade3000-7f99bade6000 ---p 00000000 00:00 0 
7f99bade6000-7f99baee4000 rw-p 00000000 00:00 0                          [stack:5351]
7f99baee4000-7f99baee7000 ---p 00000000 00:00 0 
7f99baee7000-7f99bb1e5000 rw-p 00000000 00:00 0                          [stack:5350]
7f99bb1e5000-7f99bb1e8000 ---p 00000000 00:00 0 
7f99bb1e8000-7f99bb2e6000 rw-p 00000000 00:00 0                          [stack:5342]
7f99bb2e6000-7f99bb2e9000 ---p 00000000 00:00 0 
7f99bb2e9000-7f99bb3e7000 rw-p 00000000 00:00 0                          [stack:5341]
7f99bb3e7000-7f99bb3ea000 ---p 00000000 00:00 0 
7f99bb3ea000-7f99bb4e8000 rw-p 00000000 00:00 0                          [stack:5340]
7f99bb4e8000-7f99bb4eb000 ---p 00000000 00:00 0 
7f99bb4eb000-7f99bb5e9000 rw-p 00000000 00:00 0                          [stack:5339]
7f99bb5e9000-7f99bb5ec000 ---p 00000000 00:00 0 
7f99bb5ec000-7f99bb6ea000 rw-p 00000000 00:00 0                          [stack:5338]
7f99bb6ea000-7f99bb6ed000 ---p 00000000 00:00 0 
7f99bb6ed000-7f99bb7eb000 rw-p 00000000 00:00 0                          [stack:5337]
7f99bb7eb000-7f99bb7ee000 ---p 00000000 00:00 0 
7f99bb7ee000-7f99bb8ec000 rw-p 00000000 00:00 0                          [stack:5336]
7f99bb8ec000-7f99bb8ef000 ---p 00000000 00:00 0 
7f99bb8ef000-7f99bb9ed000 rw-p 00000000 00:00 0                          [stack:5335]
7f99bb9ed000-7f99bb9f0000 ---p 00000000 00:00 0 
7f99bb9f0000-7f99bbcee000 rw-p 00000000 00:00 0                          [stack:5334]
7f99bbcee000-7f99bbcff000 r-xp 00000000 fd:00 105719166                  /opt/jdk1.8.0_121/jre/lib/amd64/libnio.so
7f99bbcff000-7f99bbefe000 ---p 00011000 fd:00 105719166                  /opt/jdk1.8.0_121/jre/lib/amd64/libnio.so
7f99bbefe000-7f99bbeff000 rw-p 00010000 fd:00 105719166                  /opt/jdk1.8.0_121/jre/lib/amd64/libnio.so
7f99bbeff000-7f99bbf02000 ---p 00000000 00:00 0 
7f99bbf02000-7f99bc000000 rw-p 00000000 00:00 0                          [stack:5333]
7f99bc000000-7f99bc021000 rw-p 00000000 00:00 0 
7f99bc021000-7f99c0000000 ---p 00000000 00:00 0 
7f99c0000000-7f99c00ef000 rw-p 00000000 00:00 0 
7f99c00ef000-7f99c4000000 ---p 00000000 00:00 0 
7f99c4000000-7f99c4021000 rw-p 00000000 00:00 0 
7f99c4021000-7f99c8000000 ---p 00000000 00:00 0 
7f99c8000000-7f99c828f000 rw-p 00000000 00:00 0 
7f99c828f000-7f99cc000000 ---p 00000000 00:00 0 
7f99cc000000-7f99ccc2d000 rw-p 00000000 00:00 0 
7f99ccc2d000-7f99d0000000 ---p 00000000 00:00 0 
7f99d0000000-7f99d25ba000 rw-p 00000000 00:00 0 
7f99d25ba000-7f99d4000000 ---p 00000000 00:00 0 
7f99d4000000-7f99d4021000 rw-p 00000000 00:00 0 
7f99d4021000-7f99d8000000 ---p 00000000 00:00 0 
7f99d8060000-7f99d8061000 rw-p 00000000 00:00 0 
7f99d8061000-7f99d8062000 r-xp 00000000 00:00 0 
7f99d8062000-7f99d8069000 r--s 00000000 fd:00 100666971                  /usr/lib64/gconv/gconv-modules.cache
7f99d8069000-7f99d806d000 r--s 0009a000 fd:00 6428400                    /opt/jdk1.8.0_121/jre/lib/jsse.jar
7f99d806d000-7f99d8080000 r--s 00345000 fd:00 6428543                    /opt/jdk1.8.0_121/jre/lib/resources.jar
7f99d8080000-7f99d8280000 rw-p 00000000 00:00 0 
7f99d8280000-7f99d8296000 r-xp 00000000 fd:00 105719141                  /opt/jdk1.8.0_121/jre/lib/amd64/libnet.so
7f99d8296000-7f99d8496000 ---p 00016000 fd:00 105719141                  /opt/jdk1.8.0_121/jre/lib/amd64/libnet.so
7f99d8496000-7f99d8497000 rw-p 00016000 fd:00 105719141                  /opt/jdk1.8.0_121/jre/lib/amd64/libnet.so
7f99d8497000-7f99d8498000 r-xp 00000000 fd:00 105719194                  /opt/jdk1.8.0_121/jre/lib/amd64/libjaas_unix.so
7f99d8498000-7f99d8697000 ---p 00001000 fd:00 105719194                  /opt/jdk1.8.0_121/jre/lib/amd64/libjaas_unix.so
7f99d8697000-7f99d8698000 rw-p 00000000 fd:00 105719194                  /opt/jdk1.8.0_121/jre/lib/amd64/libjaas_unix.so
7f99d8698000-7f99d869b000 ---p 00000000 00:00 0 
7f99d869b000-7f99d8799000 rw-p 00000000 00:00 0                          [stack:5332]
7f99d8799000-7f99d879c000 ---p 00000000 00:00 0 
7f99d879c000-7f99d89d2000 rw-p 00000000 00:00 0 
7f99d89d2000-7f99d8bd2000 rw-p 00000000 00:00 0 
7f99d8bd2000-7f99d8bdb000 r-xp 00000000 fd:00 105719177                  /opt/jdk1.8.0_121/jre/lib/amd64/libmanagement.so
7f99d8bdb000-7f99d8dda000 ---p 00009000 fd:00 105719177                  /opt/jdk1.8.0_121/jre/lib/amd64/libmanagement.so
7f99d8dda000-7f99d8ddb000 rw-p 00008000 fd:00 105719177                  /opt/jdk1.8.0_121/jre/lib/amd64/libmanagement.so
7f99d8ddb000-7f99d8fdb000 rw-p 00000000 00:00 0 
7f99d8fdb000-7f99d9788000 r--s 06d0a000 fd:00 269538894                  /home/kkaralas/Documents/geotrellis-sentinel-demo/ingest/target/scala-2.11/ingest-assembly-0.1.0.jar
7f99d9788000-7f99d97b1000 r--s 001ee000 fd:00 114155652                  /home/kkaralas/Apache/spark-2.1.0-bin-hadoop2.7/jars/guava-16.0.1.jar
7f99d97b1000-7f99d97b2000 r--s 00004000 fd:00 114155656                  /home/kkaralas/Apache/spark-2.1.0-bin-hadoop2.7/jars/osgi-resource-locator-1.0.1.jar
7f99d97b2000-7f99d980b000 r--s 00522000 fd:00 114155655                  /home/kkaralas/Apache/spark-2.1.0-bin-hadoop2.7/jars/scala-library-2.11.8.jar
7f99d980b000-7f99d980d000 r--s 0000f000 fd:00 114155654                  /home/kkaralas/Apache/spark-2.1.0-bin-hadoop2.7/jars/spark-launcher_2.11-2.1.0.jar
7f99d980d000-7f99d9812000 r--s 00032000 fd:00 114155653                  /home/kkaralas/Apache/spark-2.1.0-bin-hadoop2.7/jars/chill_2.11-0.8.0.jar
7f99d9812000-7f99d9817000 r--s 00027000 fd:00 114155651                  /home/kkaralas/Apache/spark-2.1.0-bin-hadoop2.7/jars/hk2-api-2.4.0-b34.jar
7f99d9817000-7f99d9834000 r--s 001d5000 fd:00 114155650                  /home/kkaralas/Apache/spark-2.1.0-bin-hadoop2.7/jars/hadoop-yarn-api-2.7.3.jar
7f99d9834000-7f99d9940000 r--s 00dba000 fd:00 114155649                  /home/kkaralas/Apache/spark-2.1.0-bin-hadoop2.7/jars/scala-compiler-2.11.8.jar
7f99d9940000-7f99d9946000 r--s 00043000 fd:00 114155648                  /home/kkaralas/Apache/spark-2.1.0-bin-hadoop2.7/jars/commons-configuration-1.6.jar
7f99d9946000-7f99d9992000 r--s 00411000 fd:00 114155647                  /home/kkaralas/Apache/spark-2.1.0-bin-hadoop2.7/jars/scala-reflect-2.11.8.jar
7f99d9992000-7f99d9999000 r--s 00046000 fd:00 114155646                  /home/kkaralas/Apache/spark-2.1.0-bin-hadoop2.7/jars/libfb303-0.9.2.jar
7f99d9999000-7f99d999d000 r--s 00014000 fd:00 114155645                  /home/kkaralas/Apache/spark-2.1.0-bin-hadoop2.7/jars/xz-1.0.jar
7f99d999d000-7f99d99c1000 r--s 001cd000 fd:00 114155644                  /home/kkaralas/Apache/spark-2.1.0-bin-hadoop2.7/jars/commons-math3-3.4.1.jar
7f99d99c1000-7f99d99c5000 r--s 0003c000 fd:00 114155643                  /home/kkaralas/Apache/spark-2.1.0-bin-hadoop2.7/jars/jackson-core-2.6.5.jar
7f99d99c5000-7f99d99d0000 r--s 0005d000 fd:00 114155642                  /home/kkaralas/Apache/spark-2.1.0-bin-hadoop2.7/jars/scala-parser-combinators_2.11-1.0.4.jar
7f99d99d0000-7f99d99d7000 r--s 00049000 fd:00 114155641                  /home/kkaralas/Apache/spark-2.1.0-bin-hadoop2.7/jars/univocity-parsers-2.2.1.jar
7f99d99d7000-7f99d99db000 r--s 00036000 fd:00 114155640                  /home/kkaralas/Apache/spark-2.1.0-bin-hadoop2.7/jars/ST4-4.0.4.jar
7f99d99db000-7f99d99df000 r--s 00025000 fd:00 114155639                  /home/kkaralas/Apache/spark-2.1.0-bin-hadoop2.7/jars/jersey-client-2.22.2.jar
7f99d99df000-7f99d99e5000 r--s 00063000 fd:00 114155638                  /home/kkaralas/Apache/spark-2.1.0-bin-hadoop2.7/jars/jodd-core-3.5.2.jar
7f99d99e5000-7f99d99e7000 r--s 00009000 fd:00 114155637                  /home/kkaralas/Apache/spark-2.1.0-bin-hadoop2.7/jars/objenesis-2.1.jar
7f99d99e7000-7f99d99f1000 r--s 0007b000 fd:00 114155636                  /home/kkaralas/Apache/spark-2.1.0-bin-hadoop2.7/jars/hadoop-mapreduce-client-app-2.7.3.jar
7f99d99f1000-7f99d9a20000 r--s 002e5000 fd:00 114155635                  /home/kkaralas/Apache/spark-2.1.0-bin-hadoop2.7/jars/derby-10.12.1.1.jar
7f99d9a20000-7f99d9a21000 r--s 00009000 fd:00 114155634                  /home/kkaralas/Apache/spark-2.1.0-bin-hadoop2.7/jars/slf4j-api-1.7.16.jar
7f99d9a21000-7f99d9a22000 r--s 00008000 fd:00 114155633                  /home/kkaralas/Apache/spark-2.1.0-bin-hadoop2.7/jars/commons-compiler-3.0.0.jar
7f99d9a22000-7f99d9a50000 r--s 00212000 fd:00 114155623                  /home/kkaralas/Apache/spark-2.1.0-bin-hadoop2.7/jars/spark-network-common_2.11-2.1.0.jar
7f99d9a50000-7f99d9ad9000 r--s 00682000 fd:00 114155617                  /home/kkaralas/Apache/spark-2.1.0-bin-hadoop2.7/jars/spark-catalyst_2.11-2.1.0.jar
7f99d9ad9000-7f99e0000000 r--p 00000000 fd:00 67169622                   /usr/lib/locale/locale-archive
7f99e0000000-7f99e0029000 rw-p 00000000 00:00 0 
7f99e0029000-7f99e4000000 ---p 00000000 00:00 0 
7f99e4000000-7f99e4449000 rw-p 00000000 00:00 0 
7f99e4449000-7f99e8000000 ---p 00000000 00:00 0 
7f99e8000000-7f99e882b000 rw-p 00000000 00:00 0 
7f99e882b000-7f99ec000000 ---p 00000000 00:00 0 
7f99ec000000-7f99ec379000 rw-p 00000000 00:00 0 
7f99ec379000-7f99f0000000 ---p 00000000 00:00 0 
7f99f0000000-7f99f00c6000 rw-p 00000000 00:00 0 
7f99f00c6000-7f99f4000000 ---p 00000000 00:00 0 
7f99f4000000-7f99f4002000 r--s 00003000 fd:00 114155632                  /home/kkaralas/Apache/spark-2.1.0-bin-hadoop2.7/jars/base64-2.3.8.jar
7f99f4002000-7f99f4005000 r--s 0000d000 fd:00 114155631                  /home/kkaralas/Apache/spark-2.1.0-bin-hadoop2.7/jars/spark-network-shuffle_2.11-2.1.0.jar
7f99f4005000-7f99f4007000 r--s 00100000 fd:00 114155630                  /home/kkaralas/Apache/spark-2.1.0-bin-hadoop2.7/jars/snappy-java-1.1.2.6.jar
7f99f4007000-7f99f400c000 r--s 00028000 fd:00 114155629                  /home/kkaralas/Apache/spark-2.1.0-bin-hadoop2.7/jars/avro-mapred-1.7.7-hadoop2.jar
7f99f400c000-7f99f400e000 r--s 0000b000 fd:00 114155628                  /home/kkaralas/Apache/spark-2.1.0-bin-hadoop2.7/jars/chill-java-0.8.0.jar
7f99f400e000-7f99f4010000 r--s 00009000 fd:00 114155627                  /home/kkaralas/Apache/spark-2.1.0-bin-hadoop2.7/jars/commons-cli-1.2.jar
7f99f4010000-7f99f4011000 r--s 00001000 fd:00 114155626                  /home/kkaralas/Apache/spark-2.1.0-bin-hadoop2.7/jars/javax.inject-2.4.0-b34.jar
7f99f4011000-7f99f401a000 r--s 00097000 fd:00 114155625                  /home/kkaralas/Apache/spark-2.1.0-bin-hadoop2.7/jars/pmml-model-1.2.15.jar
7f99f401a000-7f99f401c000 r--s 00000000 fd:00 114155624                  /home/kkaralas/Apache/spark-2.1.0-bin-hadoop2.7/jars/jul-to-slf4j-1.7.16.jar
7f99f401c000-7f99f402e000 r--s 00112000 fd:00 114155622                  /home/kkaralas/Apache/spark-2.1.0-bin-hadoop2.7/jars/arpack_combined_all-0.1.jar
7f99f402e000-7f99f4031000 r--s 0001a000 fd:00 114155621                  /home/kkaralas/Apache/spark-2.1.0-bin-hadoop2.7/jars/py4j-0.10.4.jar
7f99f4031000-7f99f4047000 r--s 00124000 fd:00 114155620                  /home/kkaralas/Apache/spark-2.1.0-bin-hadoop2.7/jars/ivy-2.4.0.jar
7f99f4047000-7f99f4054000 r--s 00071000 fd:00 114155619                  /home/kkaralas/Apache/spark-2.1.0-bin-hadoop2.7/jars/jackson-module-scala_2.11-2.6.5.jar
7f99f4054000-7f99f4060000 r--s 000b6000 fd:00 114155618                  /home/kkaralas/Apache/spark-2.1.0-bin-hadoop2.7/jars/zookeeper-3.4.6.jar
7f99f4060000-7f99f4061000 r--s 00009000 fd:00 114155616                  /home/kkaralas/Apache/spark-2.1.0-bin-hadoop2.7/jars/hive-cli-1.2.1.spark2.jar
7f99f4061000-7f99f4073000 r--s 000b3000 fd:00 114154943                  /home/kkaralas/Apache/spark-2.1.0-bin-hadoop2.7/jars/scalap-2.11.8.jar
7f99f4073000-7f99f4079000 r--s 0002c000 fd:00 114154942                  /home/kkaralas/Apache/spark-2.1.0-bin-hadoop2.7/jars/jdo-api-3.0.1.jar
7f99f4079000-7f99f407a000 r--s 00003000 fd:00 114154941                  /home/kkaralas/Apache/spark-2.1.0-bin-hadoop2.7/jars/metrics-json-3.1.2.jar
7f99f407a000-7f99f407c000 r--s 00003000 fd:00 114154940                  /home/kkaralas/Apache/spark-2.1.0-bin-hadoop2.7/jars/JavaEWAH-0.3.2.jar
7f99f407c000-7f99f407e000 r--s 0001f000 fd:00 114154939                  /home/kkaralas/Apache/spark-2.1.0-bin-hadoop2.7/jars/commons-crypto-1.0.0.jar
7f99f407e000-7f99f4096000 r--s 00115000 fd:00 114154938                  /home/kkaralas/Apache/spark-2.1.0-bin-hadoop2.7/jars/netty-3.8.0.Final.jar
7f99f4096000-7f99f4098000 r--s 0000e000 fd:00 114154937                  /home/kkaralas/Apache/spark-2.1.0-bin-hadoop2.7/jars/guice-servlet-3.0.jar
7f99f4098000-7f99f409b000 r--s 00022000 fd:00 114154936                  /home/kkaralas/Apache/spark-2.1.0-bin-hadoop2.7/jars/stringtemplate-3.2.1.jar
7f99f409b000-7f99f40a3000 r--s 00078000 fd:00 114154935                  /home/kkaralas/Apache/spark-2.1.0-bin-hadoop2.7/jars/mail-1.4.7.jar
7f99f40a3000-7f99f40b5000 r--s 00097000 fd:00 114154934                  /home/kkaralas/Apache/spark-2.1.0-bin-hadoop2.7/jars/apacheds-kerberos-codec-2.0.0-M15.jar
7f99f40b5000-7f99f40b7000 r--s 00012000 fd:00 114154933                  /home/kkaralas/Apache/spark-2.1.0-bin-hadoop2.7/jars/api-util-1.0.0-M20.jar
7f99f40b7000-7f99f40ee000 r--s 00325000 fd:00 114154932                  /home/kkaralas/Apache/spark-2.1.0-bin-hadoop2.7/jars/calcite-core-1.2.0-incubating.jar
7f99f40ee000-7f99f4197000 r--s 00a4f000 fd:00 114154931                  /home/kkaralas/Apache/spark-2.1.0-bin-hadoop2.7/jars/hive-exec-1.2.1.spark2.jar
7f99f4197000-7f99f419a000 r--s 00017000 fd:00 114154930                  /home/kkaralas/Apache/spark-2.1.0-bin-hadoop2.7/jars/jaxb-api-2.2.2.jar
7f99f419a000-7f99f41a7000 r--s 00078000 fd:00 114154929                  /home/kkaralas/Apache/spark-2.1.0-bin-hadoop2.7/jars/spark-mesos_2.11-2.1.0.jar
7f99f41a7000-7f99f421b000 r--s 00572000 fd:00 114154928                  /home/kkaralas/Apache/spark-2.1.0-bin-hadoop2.7/jars/spark-mllib_2.11-2.1.0.jar
7f99f421b000-7f99f4247000 r--s 001c9000 fd:00 114154927                  /home/kkaralas/Apache/spark-2.1.0-bin-hadoop2.7/jars/shapeless_2.11-2.0.0.jar
7f99f4247000-7f99f424b000 r--s 0002f000 fd:00 114154926                  /home/kkaralas/Apache/spark-2.1.0-bin-hadoop2.7/jars/commons-beanutils-core-1.8.0.jar
7f99f424b000-7f99f424d000 r--s 0000e000 fd:00 114154925                  /home/kkaralas/Apache/spark-2.1.0-bin-hadoop2.7/jars/commons-logging-1.1.3.jar
7f99f424d000-7f99f4254000 r--s 0005d000 fd:00 114154924                  /home/kkaralas/Apache/spark-2.1.0-bin-hadoop2.7/jars/mx4j-3.0.2.jar
7f99f4254000-7f99f4257000 r--s 00026000 fd:00 114154923                  /home/kkaralas/Apache/spark-2.1.0-bin-hadoop2.7/jars/hadoop-yarn-client-2.7.3.jar
7f99f4257000-7f99f4284000 r--s 001d4000 fd:00 114154922                  /home/kkaralas/Apache/spark-2.1.0-bin-hadoop2.7/jars/spark-streaming_2.11-2.1.0.jar
7f99f4284000-7f99f4289000 r--s 00068000 fd:00 114154921                  /home/kkaralas/Apache/spark-2.1.0-bin-hadoop2.7/jars/antlr-2.7.7.jar
7f99f4289000-7f99f428b000 r--s 00027000 fd:00 114154920                  /home/kkaralas/Apache/spark-2.1.0-bin-hadoop2.7/jars/core-1.1.2.jar
7f99f428b000-7f99f428d000 r--s 00038000 fd:00 114154919                  /home/kkaralas/Apache/spark-2.1.0-bin-hadoop2.7/jars/lz4-1.3.0.jar
7f99f428d000-7f99f428e000 r--s 00006000 fd:00 114154918                  /home/kkaralas/Apache/spark-2.1.0-bin-hadoop2.7/jars/jackson-xc-1.9.13.jar
7f99f428e000-7f99f4290000 r--s 00004000 fd:00 114154917                  /home/kkaralas/Apache/spark-2.1.0-bin-hadoop2.7/jars/metrics-graphite-3.1.2.jar
7f99f4290000-7f99f4292000 r--s 0000e000 fd:00 114154916                  /home/kkaralas/Apache/spark-2.1.0-bin-hadoop2.7/jars/hadoop-mapreduce-client-jobclient-2.7.3.jar
7f99f4292000-7f99f4296000 r--s 00019000 fd:00 114154915                  /home/kkaralas/Apache/spark-2.1.0-bin-hadoop2.7/jars/javax.ws.rs-api-2.0.1.jar
7f99f4296000-7f99f42d6000 r--s 00277000 fd:00 114154914                  /home/kkaralas/Apache/spark-2.1.0-bin-hadoop2.7/jars/bcprov-jdk15on-1.51.jar
7f99f42d6000-7f99f42e0000 r--s 000a5000 fd:00 114154913                  /home/kkaralas/Apache/spark-2.1.0-bin-hadoop2.7/jars/javassist-3.18.1-GA.jar
7f99f42e0000-7f99f42e8000 r--s 0006e000 fd:00 114154912                  /home/kkaralas/Apache/spark-2.1.0-bin-hadoop2.7/jars/commons-lang3-3.5.jar
7f99f42e8000-7f99f42e9000 r--s 00002000 fd:00 114154911                  /home/kkaralas/Apache/spark-2.1.0-bin-hadoop2.7/jars/jpam-1.1.jar
7f99f42e9000-7f99f42ef000 r--s 00044000 fd:00 114154910                  /home/kkaralas/Apache/spark-2.1.0-bin-hadoop2.7/jars/antlr4-runtime-4.5.3.jar
7f99f42ef000-7f99f42f9000 r--s 000aa000 fd:00 114154909                  /home/kkaralas/Apache/spark-2.1.0-bin-hadoop2.7/jars/janino-3.0.0.jar
7f99f42f9000-7f99f42fc000 r--s 00014000 fd:00 114154908                  /home/kkaralas/Apache/spark-2.1.0-bin-hadoop2.7/jars/super-csv-2.2.0.jar
7f99f42fc000-7f99f42fe000 r--s 00000000 fd:00 114154907                  /home/kkaralas/Apache/spark-2.1.0-bin-hadoop2.7/jars/aopalliance-1.0.jar
7f99f42fe000-7f99f4300000 r--s 00009000 fd:00 114154906                  /home/kkaralas/Apache/spark-2.1.0-bin-hadoop2.7/jars/jackson-module-paranamer-2.6.5.jar
7f99f4300000-7f99f4302000 r--s 0000e000 fd:00 114154905                  /home/kkaralas/Apache/spark-2.1.0-bin-hadoop2.7/jars/spark-repl_2.11-2.1.0.jar
7f99f4302000-7f99f4303000 r--s 00006000 fd:00 114154904                  /home/kkaralas/Apache/spark-2.1.0-bin-hadoop2.7/jars/hadoop-client-2.7.3.jar
7f99f4303000-7f99f4305000 r--s 00006000 fd:00 114154903                  /home/kkaralas/Apache/spark-2.1.0-bin-hadoop2.7/jars/spark-sketch_2.11-2.1.0.jar
7f99f4305000-7f99f4313000 r--s 000b1000 fd:00 114154902                  /home/kkaralas/Apache/spark-2.1.0-bin-hadoop2.7/jars/jackson-mapper-asl-1.9.13.jar
7f99f4313000-7f99f432a000 r--s 00183000 fd:00 114154901                  /home/kkaralas/Apache/spark-2.1.0-bin-hadoop2.7/jars/hadoop-yarn-common-2.7.3.jar
7f99f432a000-7f99f432c000 r--s 00010000 fd:00 114154900                  /home/kkaralas/Apache/spark-2.1.0-bin-hadoop2.7/jars/jersey-media-jaxb-2.22.2.jar
7f99f432c000-7f99f432f000 r--s 00009000 fd:00 114154899                  /home/kkaralas/Apache/spark-2.1.0-bin-hadoop2.7/jars/jackson-annotations-2.6.5.jar
7f99f432f000-7f99f4351000 r--s 00335000 fd:00 114154898                  /home/kkaralas/Apache/spark-2.1.0-bin-hadoop2.7/jars/mesos-1.0.0-shaded-protobuf.jar
7f99f4351000-7f99f4353000 r--s 00020000 fd:00 114154897                  /home/kkaralas/Apache/spark-2.1.0-bin-hadoop2.7/jars/hive-beeline-1.2.1.spark2.jar
7f99f4353000-7f99f4357000 r--s 0002c000 fd:00 114154896                  /home/kkaralas/Apache/spark-2.1.0-bin-hadoop2.7/jars/avro-ipc-1.7.7.jar
7f99f4357000-7f99f435b000 r--s 0002a000 fd:00 114154895                  /home/kkaralas/Apache/spark-2.1.0-bin-hadoop2.7/jars/commons-io-2.4.jar
7f99f435b000-7f99f4361000 r--s 00028000 fd:00 114154894                  /home/kkaralas/Apache/spark-2.1.0-bin-hadoop2.7/jars/curator-framework-2.6.0.jar
7f99f4361000-7f99f4366000 r--s 00031000 fd:00 114154893                  /home/kkaralas/Apache/spark-2.1.0-bin-hadoop2.7/jars/parquet-hadoop-1.8.1.jar
7f99f4366000-7f99f4368000 r--s 00005000 fd:00 114154892                  /home/kkaralas/Apache/spark-2.1.0-bin-hadoop2.7/jars/javax.annotation-api-1.2.jar
7f99f4368000-7f99f436a000 r--s 00005000 fd:00 114154891                  /home/kkaralas/Apache/spark-2.1.0-bin-hadoop2.7/jars/stax-api-1.0.1.jar
7f99f436a000-7f99f436f000 r--s 00041000 fd:00 114154890                  /home/kkaralas/Apache/spark-2.1.0-bin-hadoop2.7/jars/commons-lang-2.6.jar
7f99f436f000-7f99f4388000 r--s 00164000 fd:00 114154889                  /home/kkaralas/Apache/spark-2.1.0-bin-hadoop2.7/jars/hadoop-mapreduce-client-core-2.7.3.jar
7f99f4388000-7f99f4390000 r--s 0007b000 fd:00 114154888                  /home/kkaralas/Apache/spark-2.1.0-bin-hadoop2.7/jars/protobuf-java-2.5.0.jar
7f99f4390000-7f99f4397000 r--s 00049000 fd:00 114154887                  /home/kkaralas/Apache/spark-2.1.0-bin-hadoop2.7/jars/httpcore-4.4.4.jar
7f99f4397000-7f99f439c000 r--s 0002a000 fd:00 114154886                  /home/kkaralas/Apache/spark-2.1.0-bin-hadoop2.7/jars/gson-2.2.4.jar
7f99f439c000-7f99f43ab000 r--s 0009f000 fd:00 114154885                  /home/kkaralas/Apache/spark-2.1.0-bin-hadoop2.7/jars/guice-3.0.jar
7f99f43ab000-7f99f43ad000 r--s 00003000 fd:00 114154884                  /home/kkaralas/Apache/spark-2.1.0-bin-hadoop2.7/jars/jcl-over-slf4j-1.7.16.jar
7f99f43ad000-7f99f43b5000 r--s 00066000 fd:00 114154883                  /home/kkaralas/Apache/spark-2.1.0-bin-hadoop2.7/jars/apache-log4j-extras-1.2.17.jar
7f99f43b5000-7f99f43b7000 r--s 00012000 fd:00 114154881                  /home/kkaralas/Apache/spark-2.1.0-bin-hadoop2.7/jars/compress-lzf-1.0.3.jar
7f99f43b7000-7f99f43c2000 r--s 000b0000 fd:00 114154882                  /home/kkaralas/Apache/spark-2.1.0-bin-hadoop2.7/jars/jtransforms-2.4.0.jar
7f99f43c2000-7f99f43cd000 r--s 00062000 fd:00 114154880                  /home/kkaralas/Apache/spark-2.1.0-bin-hadoop2.7/jars/calcite-linq4j-1.2.0-incubating.jar
7f99f43cd000-7f99f43d7000 r--s 00095000 fd:00 114152223                  /home/kkaralas/Apache/spark-2.1.0-bin-hadoop2.7/jars/scala-xml_2.11-1.0.2.jar
7f99f43d7000-7f99f43de000 r--s 00039000 fd:00 114152222                  /home/kkaralas/Apache/spark-2.1.0-bin-hadoop2.7/jars/calcite-avatica-1.2.0-incubating.jar
7f99f43de000-7f99f4405000 r--s 0020f000 fd:00 114152221                  /home/kkaralas/Apache/spark-2.1.0-bin-hadoop2.7/jars/netty-all-4.0.42.Final.jar
7f99f4405000-7f99f4407000 r--s 0000d000 fd:00 114152220                  /home/kkaralas/Apache/spark-2.1.0-bin-hadoop2.7/jars/hadoop-yarn-server-web-proxy-2.7.3.jar
7f99f4407000-7f99f4410000 r--s 0006f000 fd:00 114152219                  /home/kkaralas/Apache/spark-2.1.0-bin-hadoop2.7/jars/log4j-1.2.17.jar
7f99f4410000-7f99f4413000 r--s 00015000 fd:00 114152218                  /home/kkaralas/Apache/spark-2.1.0-bin-hadoop2.7/jars/pyrolite-4.13.jar
7f99f4413000-7f99f441a000 r--s 0007d000 fd:00 114152217                  /home/kkaralas/Apache/spark-2.1.0-bin-hadoop2.7/jars/jetty-6.1.26.jar
7f99f441a000-7f99f441d000 r--s 00006000 fd:00 114152216                  /home/kkaralas/Apache/spark-2.1.0-bin-hadoop2.7/jars/jsr305-1.3.9.jar
7f99f441d000-7f99f4421000 r--s 00020000 fd:00 114152215                  /home/kkaralas/Apache/spark-2.1.0-bin-hadoop2.7/jars/commons-digester-1.8.jar
7f99f4421000-7f99f4484000 r--s 004de000 fd:00 114152214                  /home/kkaralas/Apache/spark-2.1.0-bin-hadoop2.7/jars/hive-metastore-1.2.1.spark2.jar
7f99f4484000-7f99f448e000 r--s 00086000 fd:00 114152213                  /home/kkaralas/Apache/spark-2.1.0-bin-hadoop2.7/jars/json4s-core_2.11-3.2.11.jar
7f99f448e000-7f99f4490000 r--s 00014000 fd:00 114152212                  /home/kkaralas/Apache/spark-2.1.0-bin-hadoop2.7/jars/spire-macros_2.11-0.7.4.jar
7f99f4490000-7f99f4491000 r--s 00004000 fd:00 114152211                  /home/kkaralas/Apache/spark-2.1.0-bin-hadoop2.7/jars/opencsv-2.3.jar
7f99f4491000-7f99f4511000 r--s 005dd000 fd:00 114152210                  /home/kkaralas/Apache/spark-2.1.0-bin-hadoop2.7/jars/spark-sql_2.11-2.1.0.jar
7f99f4511000-7f99f4513000 r--s 0000f000 fd:00 114152209                  /home/kkaralas/Apache/spark-2.1.0-bin-hadoop2.7/jars/curator-client-2.6.0.jar
7f99f4513000-7f99f4524000 r--s 0010d000 fd:00 114152208                  /home/kkaralas/Apache/spark-2.1.0-bin-hadoop2.7/jars/jackson-databind-2.6.5.jar
7f99f4524000-7f99f45fb000 r--s 00a7f000 fd:00 114152207                  /home/kkaralas/Apache/spark-2.1.0-bin-hadoop2.7/jars/spark-core_2.11-2.1.0.jar
7f99f45fb000-7f99f45fc000 r--s 00004000 fd:00 114152206                  /home/kkaralas/Apache/spark-2.1.0-bin-hadoop2.7/jars/eigenbase-properties-1.1.5.jar
7f99f45fc000-7f99f45fe000 r--s 00003000 fd:00 114152205                  /home/kkaralas/Apache/spark-2.1.0-bin-hadoop2.7/jars/spark-tags_2.11-2.1.0.jar
7f99f45fe000-7f99f45ff000 r--s 00004000 fd:00 114152204                  /home/kkaralas/Apache/spark-2.1.0-bin-hadoop2.7/jars/jackson-jaxrs-1.9.13.jar
7f99f45ff000-7f99f4605000 r--s 00040000 fd:00 114152203                  /home/kkaralas/Apache/spark-2.1.0-bin-hadoop2.7/jars/parquet-encoding-1.8.1.jar
7f99f4605000-7f99f4606000 r--s 0000b000 fd:00 114152202                  /home/kkaralas/Apache/spark-2.1.0-bin-hadoop2.7/jars/snappy-0.2.jar
7f99f4606000-7f99f4613000 r--s 000a7000 fd:00 114152201                  /home/kkaralas/Apache/spark-2.1.0-bin-hadoop2.7/jars/httpclient-4.5.2.jar
7f99f4613000-7f99f462c000 r--s 00150000 fd:00 114152200                  /home/kkaralas/Apache/spark-2.1.0-bin-hadoop2.7/jars/htrace-core-3.1.0-incubating.jar
7f99f462c000-7f99f4642000 r--s 000d3000 fd:00 114152199                  /home/kkaralas/Apache/spark-2.1.0-bin-hadoop2.7/jars/jersey-server-2.22.2.jar
7f99f4642000-7f99f4649000 r--s 00036000 fd:00 114152198                  /home/kkaralas/Apache/spark-2.1.0-bin-hadoop2.7/jars/curator-recipes-2.6.0.jar
7f99f4649000-7f99f464e000 r--s 00033000 fd:00 114152197                  /home/kkaralas/Apache/spark-2.1.0-bin-hadoop2.7/jars/libthrift-0.9.2.jar
7f99f464e000-7f99f465f000 r--s 00089000 fd:00 114152196                  /home/kkaralas/Apache/spark-2.1.0-bin-hadoop2.7/jars/joda-time-2.9.3.jar
7f99f465f000-7f99f4661000 r--s 00010000 fd:00 114152195                  /home/kkaralas/Apache/spark-2.1.0-bin-hadoop2.7/jars/hadoop-mapreduce-client-shuffle-2.7.3.jar
7f99f4661000-7f99f4662000 r--s 00001000 fd:00 114152194                  /home/kkaralas/Apache/spark-2.1.0-bin-hadoop2.7/jars/pmml-schema-1.2.15.jar
7f99f4662000-7f99f4683000 r--s 0019b000 fd:00 114152193                  /home/kkaralas/Apache/spark-2.1.0-bin-hadoop2.7/jars/spark-hive-thriftserver_2.11-2.1.0.jar
7f99f4683000-7f99f4686000 r--s 00015000 fd:00 114152192                  /home/kkaralas/Apache/spark-2.1.0-bin-hadoop2.7/jars/commons-pool-1.5.4.jar
7f99f4686000-7f99f4687000 r--s 00002000 fd:00 114152191                  /home/kkaralas/Apache/spark-2.1.0-bin-hadoop2.7/jars/slf4j-log4j12-1.7.16.jar
7f99f4687000-7f99f468a000 r--s 00025000 fd:00 114152190                  /home/kkaralas/Apache/spark-2.1.0-bin-hadoop2.7/jars/commons-dbcp-1.4.jar
7f99f468a000-7f99f468e000 r--s 0000c000 fd:00 114152189                  /home/kkaralas/Apache/spark-2.1.0-bin-hadoop2.7/jars/validation-api-1.1.0.Final.jar
7f99f468e000-7f99f468f000 r--s 0000a000 fd:00 114152188                  /home/kkaralas/Apache/spark-2.1.0-bin-hadoop2.7/jars/apacheds-i18n-2.0.0-M15.jar
7f99f468f000-7f99f4691000 r--s 00003000 fd:00 114152187                  /home/kkaralas/Apache/spark-2.1.0-bin-hadoop2.7/jars/api-asn1-api-1.0.0-M20.jar
7f99f4691000-7f99f469f000 r--s 0009d000 fd:00 114152186                  /home/kkaralas/Apache/spark-2.1.0-bin-hadoop2.7/jars/jersey-common-2.22.2.jar
7f99f469f000-7f99f46b5000 r--s 001a4000 fd:00 114152185                  /home/kkaralas/Apache/spark-2.1.0-bin-hadoop2.7/jars/datanucleus-rdbms-3.2.9.jar
7f99f46b5000-7f99f46bd000 r--s 00059000 fd:00 114152184                  /home/kkaralas/Apache/spark-2.1.0-bin-hadoop2.7/jars/javolution-5.5.1.jar
7f99f46bd000-7f99f46be000 r--s 00001000 fd:00 114152183                  /home/kkaralas/Apache/spark-2.1.0-bin-hadoop2.7/jars/minlog-1.3.0.jar
7f99f46be000-7f99f46c5000 r--s 00058000 fd:00 114152182                  /home/kkaralas/Apache/spark-2.1.0-bin-hadoop2.7/jars/hadoop-yarn-server-common-2.7.3.jar
7f99f46c5000-7f99f46c7000 r--s 00017000 fd:00 114152181                  /home/kkaralas/Apache/spark-2.1.0-bin-hadoop2.7/jars/hive-jdbc-1.2.1.spark2.jar
7f99f46c7000-7f99f46c9000 r--s 00002000 fd:00 114152180                  /home/kkaralas/Apache/spark-2.1.0-bin-hadoop2.7/jars/aopalliance-repackaged-2.4.0-b34.jar
7f99f46c9000-7f99f46cf000 r--s 00045000 fd:00 114152179                  /home/kkaralas/Apache/spark-2.1.0-bin-hadoop2.7/jars/commons-httpclient-3.1.jar
7f99f46cf000-7f99f46d2000 r--s 000fd000 fd:00 114152178                  /home/kkaralas/Apache/spark-2.1.0-bin-hadoop2.7/jars/leveldbjni-all-1.8.jar
7f99f46d2000-7f99f46d9000 r--s 0003f000 fd:00 114152177                  /home/kkaralas/Apache/spark-2.1.0-bin-hadoop2.7/jars/commons-codec-1.10.jar
7f99f46d9000-7f99f46dc000 r--s 00012000 fd:00 114152176                  /home/kkaralas/Apache/spark-2.1.0-bin-hadoop2.7/jars/json4s-ast_2.11-3.2.11.jar
7f99f46dc000-7f99f46ea000 r--s 0009d000 fd:00 114152175                  /home/kkaralas/Apache/spark-2.1.0-bin-hadoop2.7/jars/spark-graphx_2.11-2.1.0.jar
7f99f46ea000-7f99f46eb000 r--s 00009000 fd:00 114152174                  /home/kkaralas/Apache/spark-2.1.0-bin-hadoop2.7/jars/json4s-jackson_2.11-3.2.11.jar
7f99f46eb000-7f99f46ec000 r--s 00000000 fd:00 114152173                  /home/kkaralas/Apache/spark-2.1.0-bin-hadoop2.7/jars/javax.inject-1.jar
7f99f46ec000-7f99f46f9000 r--s 00083000 fd:00 114152172                  /home/kkaralas/Apache/spark-2.1.0-bin-hadoop2.7/jars/commons-collections-3.2.2.jar
7f99f46f9000-7f99f46fd000 r--s 00035000 fd:00 114152171                  /home/kkaralas/Apache/spark-2.1.0-bin-hadoop2.7/jars/jackson-core-asl-1.9.13.jar
7f99f46fd000-7f99f470e000 r--s 0009e000 fd:00 114152170                  /home/kkaralas/Apache/spark-2.1.0-bin-hadoop2.7/jars/spark-yarn_2.11-2.1.0.jar
7f99f470e000-7f99f4711000 r--s 00021000 fd:00 114152169                  /home/kkaralas/Apache/spark-2.1.0-bin-hadoop2.7/jars/xbean-asm5-shaded-4.4.jar
7f99f4711000-7f99f4766000 r--s 0069c000 fd:00 114152168                  /home/kkaralas/Apache/spark-2.1.0-bin-hadoop2.7/jars/spire_2.11-0.7.4.jar
7f99f4766000-7f99f477e000 r--s 0010a000 fd:00 114152167                  /home/kkaralas/Apache/spark-2.1.0-bin-hadoop2.7/jars/spark-hive_2.11-2.1.0.jar
7f99f477e000-7f99f477f000 r--s 00003000 fd:00 114152166                  /home/kkaralas/Apache/spark-2.1.0-bin-hadoop2.7/jars/xmlenc-0.52.jar
7f99f477f000-7f99f4782000 r--s 00016000 fd:00 114152165                  /home/kkaralas/Apache/spark-2.1.0-bin-hadoop2.7/jars/jsp-api-2.1.jar
7f99f4782000-7f99f47b6000 r--s 00277000 fd:00 114152164                  /home/kkaralas/Apache/spark-2.1.0-bin-hadoop2.7/jars/parquet-hadoop-bundle-1.6.0.jar
7f99f47b6000-7f99f47ba000 r--s 00029000 fd:00 114152163                  /home/kkaralas/Apache/spark-2.1.0-bin-hadoop2.7/jars/hk2-locator-2.4.0-b34.jar
7f99f47ba000-7f99f47c1000 r--s 00058000 fd:00 114152162                  /home/kkaralas/Apache/spark-2.1.0-bin-hadoop2.7/jars/parquet-format-2.3.0-incubating.jar
7f99f47c1000-7f99f47c3000 r--s 00006000 fd:00 114152161                  /home/kkaralas/Apache/spark-2.1.0-bin-hadoop2.7/jars/paranamer-2.3.jar
7f99f47c3000-7f99f47c5000 r--s 00004000 fd:00 114152160                  /home/kkaralas/Apache/spark-2.1.0-bin-hadoop2.7/jars/stax-api-1.0-2.jar
7f99f47c5000-7f99f47c6000 r--s 00002000 fd:00 109015322                  /home/kkaralas/Apache/spark-2.1.0-bin-hadoop2.7/jars/java-xmlbuilder-1.0.jar
7f99f47c6000-7f99f47dc000 r--s 000d1000 fd:00 108941785                  /home/kkaralas/Apache/spark-2.1.0-bin-hadoop2.7/jars/parquet-column-1.8.1.jar
7f99f47dc000-7f99f47e0000 r--s 00018000 fd:00 108941776                  /home/kkaralas/Apache/spark-2.1.0-bin-hadoop2.7/jars/metrics-core-3.1.2.jar
7f99f47e0000-7f99f47e4000 r--s 00031000 fd:00 108879565                  /home/kkaralas/Apache/spark-2.1.0-bin-hadoop2.7/jars/jline-2.12.1.jar
7f99f47e4000-7f99f47e9000 r--s 0004e000 fd:00 114057343                  /home/kkaralas/Apache/spark-2.1.0-bin-hadoop2.7/jars/datanucleus-api-jdo-3.2.6.jar
7f99f47e9000-7f99f47eb000 r--s 00008000 fd:00 114057342                  /home/kkaralas/Apache/spark-2.1.0-bin-hadoop2.7/jars/parquet-common-1.8.1.jar
7f99f47eb000-7f99f47f4000 r--s 00062000 fd:00 114057341                  /home/kkaralas/Apache/spark-2.1.0-bin-hadoop2.7/jars/avro-1.7.7.jar
7f99f47f4000-7f99f47f8000 r--s 0001a000 fd:00 114057340                  /home/kkaralas/Apache/spark-2.1.0-bin-hadoop2.7/jars/hk2-utils-2.4.0-b34.jar
7f99f47f8000-7f99f47fd000 r--s 0002a000 fd:00 114057339                  /home/kkaralas/Apache/spark-2.1.0-bin-hadoop2.7/jars/commons-beanutils-1.7.0.jar
7f99f47fd000-7f99f4800000 r--s 0000e000 fd:00 114057338                  /home/kkaralas/Apache/spark-2.1.0-bin-hadoop2.7/jars/jersey-container-servlet-core-2.22.2.jar
7f99f4800000-7f99f4805000 r--s 00036000 fd:00 114057337                  /home/kkaralas/Apache/spark-2.1.0-bin-hadoop2.7/jars/commons-compress-1.4.1.jar
7f99f4805000-7f99f4809000 r--s 00028000 fd:00 114057336                  /home/kkaralas/Apache/spark-2.1.0-bin-hadoop2.7/jars/jetty-util-6.1.26.jar
7f99f4809000-7f99f4824000 r--s 001d8000 fd:00 114057335                  /home/kkaralas/Apache/spark-2.1.0-bin-hadoop2.7/jars/jets3t-0.9.3.jar
7f99f4824000-7f99f483c000 r--s 000d6000 fd:00 114057334                  /home/kkaralas/Apache/spark-2.1.0-bin-hadoop2.7/jars/jersey-guava-2.22.2.jar
7f99f483c000-7f99f483e000 r--s 00003000 fd:00 114057333                  /home/kkaralas/Apache/spark-2.1.0-bin-hadoop2.7/jars/jersey-container-servlet-2.22.2.jar
7f99f483e000-7f99f4856000 r--s 001b6000 fd:00 114057332                  /home/kkaralas/Apache/spark-2.1.0-bin-hadoop2.7/jars/datanucleus-core-3.2.10.jar
7f99f4856000-7f99f4858000 r--s 0000f000 fd:00 114057330                  /home/kkaralas/Apache/spark-2.1.0-bin-hadoop2.7/jars/activation-1.1.1.jar
7f99f4858000-7f99f488e000 r--s 0031c000 fd:00 114057329                  /home/kkaralas/Apache/spark-2.1.0-bin-hadoop2.7/jars/hadoop-common-2.7.3.jar
7f99f488e000-7f99f4892000 r--s 00029000 fd:00 114057328                  /home/kkaralas/Apache/spark-2.1.0-bin-hadoop2.7/jars/breeze-macros_2.11-0.12.jar
7f99f4892000-7f99f4894000 r--s 00015000 fd:00 114057327                  /home/kkaralas/Apache/spark-2.1.0-bin-hadoop2.7/jars/hadoop-auth-2.7.3.jar
7f99f4894000-7f99f4897000 r--s 0002f000 fd:00 114057326                  /home/kkaralas/Apache/spark-2.1.0-bin-hadoop2.7/jars/RoaringBitmap-0.5.11.jar
7f99f4897000-7f99f48a4000 r--s 000b1000 fd:00 114057325                  /home/kkaralas/Apache/spark-2.1.0-bin-hadoop2.7/jars/hadoop-mapreduce-client-common-2.7.3.jar
7f99f48a4000-7f99f48a6000 r--s 00008000 fd:00 114057324                  /home/kkaralas/Apache/spark-2.1.0-bin-hadoop2.7/jars/metrics-jvm-3.1.2.jar
7f99f48a6000-7f99f48ad000 r--s 00051000 fd:00 114057323                  /home/kkaralas/Apache/spark-2.1.0-bin-hadoop2.7/jars/kryo-shaded-3.0.3.jar
7f99f48ad000-7f99f48b0000 r--s 00028000 fd:00 114057322                  /home/kkaralas/Apache/spark-2.1.0-bin-hadoop2.7/jars/stream-2.7.0.jar
7f99f48b0000-7f99f48d1000 rw-p 00000000 00:00 0 
7f99f48d1000-7f99f49a1000 r--s 00cf0000 fd:00 114057320                  /home/kkaralas/Apache/spark-2.1.0-bin-hadoop2.7/jars/breeze_2.11-0.12.jar
7f99f49a1000-7f99f4a0c000 r--s 00784000 fd:00 114057314                  /home/kkaralas/Apache/spark-2.1.0-bin-hadoop2.7/jars/hadoop-hdfs-2.7.3.jar
7f99f4a0c000-7f99f4a0d000 ---p 00000000 00:00 0 
7f99f4a0d000-7f99f4b0d000 rw-p 00000000 00:00 0                          [stack:5328]
7f99f4b0d000-7f99f4b10000 ---p 00000000 00:00 0 
7f99f4b10000-7f99f4c0e000 rw-p 00000000 00:00 0                          [stack:5327]
7f99f4c0e000-7f99f4c11000 ---p 00000000 00:00 0 
7f99f4c11000-7f99f4d0f000 rw-p 00000000 00:00 0                          [stack:5326]
7f99f4d0f000-7f99f4d12000 ---p 00000000 00:00 0 
7f99f4d12000-7f99f4e10000 rw-p 00000000 00:00 0                          [stack:5325]
7f99f4e10000-7f99f4e13000 ---p 00000000 00:00 0 
7f99f4e13000-7f99f4f11000 rw-p 00000000 00:00 0                          [stack:5324]
7f99f4f11000-7f99f4f14000 ---p 00000000 00:00 0 
7f99f4f14000-7f99f5012000 rw-p 00000000 00:00 0                          [stack:5323]
7f99f5012000-7f99f5015000 ---p 00000000 00:00 0 
7f99f5015000-7f99f5113000 rw-p 00000000 00:00 0                          [stack:5322]
7f99f5113000-7f99f5114000 ---p 00000000 00:00 0 
7f99f5114000-7f99f5bae000 rw-p 00000000 00:00 0                          [stack:5321]
7f99f5bae000-7f99f5d87000 r--s 03d3e000 fd:00 6428483                    /opt/jdk1.8.0_121/jre/lib/rt.jar
7f99f5d87000-7f9a0b9fd000 rw-p 00000000 00:00 0 
7f9a0b9fd000-7f9a0b9fe000 ---p 00000000 00:00 0 
7f9a0b9fe000-7f9a0bafe000 rw-p 00000000 00:00 0                          [stack:5320]
7f9a0bafe000-7f9a0baff000 ---p 00000000 00:00 0 
7f9a0baff000-7f9a0c154000 rw-p 00000000 00:00 0                          [stack:5319]
7f9a0c154000-7f9a0c954000 ---p 00000000 00:00 0 
7f9a0c954000-7f9a0cfff000 rw-p 00000000 00:00 0 
7f9a0cfff000-7f9a0d000000 rw-p 00000000 00:00 0 
7f9a0d000000-7f9a0e990000 rwxp 00000000 00:00 0 
7f9a0e990000-7f9a1c000000 ---p 00000000 00:00 0 
7f9a1c000000-7f9a1e487000 rw-p 00000000 00:00 0 
7f9a1e487000-7f9a20000000 ---p 00000000 00:00 0 
7f9a20000000-7f9a20004000 r--s 00028000 fd:00 114057321                  /home/kkaralas/Apache/spark-2.1.0-bin-hadoop2.7/jars/spark-mllib-local_2.11-2.1.0.jar
7f9a20004000-7f9a20018000 r--s 000ec000 fd:00 114057318                  /home/kkaralas/Apache/spark-2.1.0-bin-hadoop2.7/jars/parquet-jackson-1.8.1.jar
7f9a20018000-7f9a2001c000 r--s 00025000 fd:00 114057317                  /home/kkaralas/Apache/spark-2.1.0-bin-hadoop2.7/jars/antlr-runtime-3.4.jar
7f9a2001c000-7f9a20615000 rw-p 00000000 00:00 0 
7f9a20615000-7f9a20e16000 ---p 00000000 00:00 0 
7f9a20e16000-7f9a20e7d000 rw-p 00000000 00:00 0 
7f9a20e7d000-7f9a211d6000 ---p 00000000 00:00 0 
7f9a211d6000-7f9a211f0000 r-xp 00000000 fd:00 105719164                  /opt/jdk1.8.0_121/jre/lib/amd64/libzip.so
7f9a211f0000-7f9a213f0000 ---p 0001a000 fd:00 105719164                  /opt/jdk1.8.0_121/jre/lib/amd64/libzip.so
7f9a213f0000-7f9a213f1000 rw-p 0001a000 fd:00 105719164                  /opt/jdk1.8.0_121/jre/lib/amd64/libzip.so
7f9a213f1000-7f9a213fc000 r-xp 00000000 fd:00 67169592                   /usr/lib64/libnss_files-2.17.so
7f9a213fc000-7f9a215fb000 ---p 0000b000 fd:00 67169592                   /usr/lib64/libnss_files-2.17.so
7f9a215fb000-7f9a215fc000 r--p 0000a000 fd:00 67169592                   /usr/lib64/libnss_files-2.17.so
7f9a215fc000-7f9a215fd000 rw-p 0000b000 fd:00 67169592                   /usr/lib64/libnss_files-2.17.so
7f9a215fd000-7f9a21603000 rw-p 00000000 00:00 0 
7f9a21603000-7f9a2162e000 r-xp 00000000 fd:00 105719189                  /opt/jdk1.8.0_121/jre/lib/amd64/libjava.so
7f9a2162e000-7f9a2182d000 ---p 0002b000 fd:00 105719189                  /opt/jdk1.8.0_121/jre/lib/amd64/libjava.so
7f9a2182d000-7f9a2182f000 rw-p 0002a000 fd:00 105719189                  /opt/jdk1.8.0_121/jre/lib/amd64/libjava.so
7f9a2182f000-7f9a2183c000 r-xp 00000000 fd:00 105719142                  /opt/jdk1.8.0_121/jre/lib/amd64/libverify.so
7f9a2183c000-7f9a21a3b000 ---p 0000d000 fd:00 105719142                  /opt/jdk1.8.0_121/jre/lib/amd64/libverify.so
7f9a21a3b000-7f9a21a3d000 rw-p 0000c000 fd:00 105719142                  /opt/jdk1.8.0_121/jre/lib/amd64/libverify.so
7f9a21a3d000-7f9a21a44000 r-xp 00000000 fd:00 67169604                   /usr/lib64/librt-2.17.so
7f9a21a44000-7f9a21c43000 ---p 00007000 fd:00 67169604                   /usr/lib64/librt-2.17.so
7f9a21c43000-7f9a21c44000 r--p 00006000 fd:00 67169604                   /usr/lib64/librt-2.17.so
7f9a21c44000-7f9a21c45000 rw-p 00007000 fd:00 67169604                   /usr/lib64/librt-2.17.so
7f9a21c45000-7f9a21d46000 r-xp 00000000 fd:00 67169582                   /usr/lib64/libm-2.17.so
7f9a21d46000-7f9a21f45000 ---p 00101000 fd:00 67169582                   /usr/lib64/libm-2.17.so
7f9a21f45000-7f9a21f46000 r--p 00100000 fd:00 67169582                   /usr/lib64/libm-2.17.so
7f9a21f46000-7f9a21f47000 rw-p 00101000 fd:00 67169582                   /usr/lib64/libm-2.17.so
7f9a21f47000-7f9a22c15000 r-xp 00000000 fd:00 36522073                   /opt/jdk1.8.0_121/jre/lib/amd64/server/libjvm.so
7f9a22c15000-7f9a22e15000 ---p 00cce000 fd:00 36522073                   /opt/jdk1.8.0_121/jre/lib/amd64/server/libjvm.so
7f9a22e15000-7f9a22eee000 rw-p 00cce000 fd:00 36522073                   /opt/jdk1.8.0_121/jre/lib/amd64/server/libjvm.so
7f9a22eee000-7f9a22f39000 rw-p 00000000 00:00 0 
7f9a22f39000-7f9a230ef000 r-xp 00000000 fd:00 67169574                   /usr/lib64/libc-2.17.so
7f9a230ef000-7f9a232ef000 ---p 001b6000 fd:00 67169574                   /usr/lib64/libc-2.17.so
7f9a232ef000-7f9a232f3000 r--p 001b6000 fd:00 67169574                   /usr/lib64/libc-2.17.so
7f9a232f3000-7f9a232f5000 rw-p 001ba000 fd:00 67169574                   /usr/lib64/libc-2.17.so
7f9a232f5000-7f9a232fa000 rw-p 00000000 00:00 0 
7f9a232fa000-7f9a232fd000 r-xp 00000000 fd:00 67169580                   /usr/lib64/libdl-2.17.so
7f9a232fd000-7f9a234fc000 ---p 00003000 fd:00 67169580                   /usr/lib64/libdl-2.17.so
7f9a234fc000-7f9a234fd000 r--p 00002000 fd:00 67169580                   /usr/lib64/libdl-2.17.so
7f9a234fd000-7f9a234fe000 rw-p 00003000 fd:00 67169580                   /usr/lib64/libdl-2.17.so
7f9a234fe000-7f9a23513000 r-xp 00000000 fd:00 105718940                  /opt/jdk1.8.0_121/lib/amd64/jli/libjli.so
7f9a23513000-7f9a23713000 ---p 00015000 fd:00 105718940                  /opt/jdk1.8.0_121/lib/amd64/jli/libjli.so
7f9a23713000-7f9a23714000 rw-p 00015000 fd:00 105718940                  /opt/jdk1.8.0_121/lib/amd64/jli/libjli.so
7f9a23714000-7f9a2372a000 r-xp 00000000 fd:00 67169600                   /usr/lib64/libpthread-2.17.so
7f9a2372a000-7f9a2392a000 ---p 00016000 fd:00 67169600                   /usr/lib64/libpthread-2.17.so
7f9a2392a000-7f9a2392b000 r--p 00016000 fd:00 67169600                   /usr/lib64/libpthread-2.17.so
7f9a2392b000-7f9a2392c000 rw-p 00017000 fd:00 67169600                   /usr/lib64/libpthread-2.17.so
7f9a2392c000-7f9a23930000 rw-p 00000000 00:00 0 
7f9a23930000-7f9a23951000 r-xp 00000000 fd:00 67169567                   /usr/lib64/ld-2.17.so
7f9a23951000-7f9a23952000 r--s 00003000 fd:00 114057331                  /home/kkaralas/Apache/spark-2.1.0-bin-hadoop2.7/jars/jta-1.1.jar
7f9a23952000-7f9a23954000 r--s 00009000 fd:00 114057319                  /home/kkaralas/Apache/spark-2.1.0-bin-hadoop2.7/jars/spark-unsafe_2.11-2.1.0.jar
7f9a23954000-7f9a2396c000 r--s 00115000 fd:00 114057316                  /home/kkaralas/Apache/spark-2.1.0-bin-hadoop2.7/jars/xercesImpl-2.9.1.jar
7f9a2396c000-7f9a2396e000 r--s 0000e000 fd:00 114057315                  /home/kkaralas/Apache/spark-2.1.0-bin-hadoop2.7/jars/oro-2.0.8.jar
7f9a2396e000-7f9a2396f000 r--s 00009000 fd:00 114057313                  /home/kkaralas/Apache/spark-2.1.0-bin-hadoop2.7/jars/hadoop-annotations-2.7.3.jar
7f9a2396f000-7f9a23a37000 rw-p 00000000 00:00 0 
7f9a23a37000-7f9a23a3a000 ---p 00000000 00:00 0 
7f9a23a3a000-7f9a23b3c000 rw-p 00000000 00:00 0                          [stack:5318]
7f9a23b3c000-7f9a23b3f000 r--s 00015000 fd:00 114057312                  /home/kkaralas/Apache/spark-2.1.0-bin-hadoop2.7/jars/javax.servlet-api-3.1.0.jar
7f9a23b3f000-7f9a23b43000 r--s 00030000 fd:00 114057311                  /home/kkaralas/Apache/spark-2.1.0-bin-hadoop2.7/jars/commons-net-2.2.jar
7f9a23b43000-7f9a23b46000 r--s 00019000 fd:00 114057310                  /home/kkaralas/Apache/spark-2.1.0-bin-hadoop2.7/jars/bonecp-0.8.0.RELEASE.jar
7f9a23b46000-7f9a23b4e000 rw-s 00000000 fd:00 37284515                   /tmp/hsperfdata_kkaralas/5297
7f9a23b4e000-7f9a23b4f000 rw-p 00000000 00:00 0 
7f9a23b4f000-7f9a23b50000 ---p 00000000 00:00 0 
7f9a23b50000-7f9a23b51000 rw-p 00000000 00:00 0 
7f9a23b51000-7f9a23b52000 r--p 00021000 fd:00 67169567                   /usr/lib64/ld-2.17.so
7f9a23b52000-7f9a23b53000 rw-p 00022000 fd:00 67169567                   /usr/lib64/ld-2.17.so
7f9a23b53000-7f9a23b54000 rw-p 00000000 00:00 0 
7fffaee54000-7fffaee76000 rw-p 00000000 00:00 0                          [stack]
7fffaee95000-7fffaee97000 r-xp 00000000 00:00 0                          [vdso]
ffffffffff600000-ffffffffff601000 r-xp 00000000 00:00 0                  [vsyscall]

VM Arguments:
jvm_args: -Xmx10G -XX:+UseCompressedOops -XX:MaxPermSize=2g -Xms1g 
java_command: org.apache.spark.deploy.SparkSubmit --master local[4] --conf spark.driver.memory=10G --conf spark.yarn.driver.memoryOverhead=1g --conf spark.driver.maxResultSize=5g --conf spark.network.timeout=240s --conf spark.yarn.executor.memoryOverhead=1g --conf spark.driver.extraJavaOptions=-XX:+UseCompressedOops -XX:MaxPermSize=2g -d64 -Xms1g --class demo.SentinelUpdateMain --name  Ingest --driver-cores 1 --executor-memory 8g --executor-cores 1 ingest/target/scala-2.11/ingest-assembly-0.1.0.jar
java_class_path (initial): /home/kkaralas/Apache/spark-2.1.0-bin-hadoop2.7/conf/:/home/kkaralas/Apache/spark-2.1.0-bin-hadoop2.7/jars/bonecp-0.8.0.RELEASE.jar:/home/kkaralas/Apache/spark-2.1.0-bin-hadoop2.7/jars/commons-net-2.2.jar:/home/kkaralas/Apache/spark-2.1.0-bin-hadoop2.7/jars/javax.servlet-api-3.1.0.jar:/home/kkaralas/Apache/spark-2.1.0-bin-hadoop2.7/jars/hadoop-annotations-2.7.3.jar:/home/kkaralas/Apache/spark-2.1.0-bin-hadoop2.7/jars/hadoop-hdfs-2.7.3.jar:/home/kkaralas/Apache/spark-2.1.0-bin-hadoop2.7/jars/oro-2.0.8.jar:/home/kkaralas/Apache/spark-2.1.0-bin-hadoop2.7/jars/xercesImpl-2.9.1.jar:/home/kkaralas/Apache/spark-2.1.0-bin-hadoop2.7/jars/antlr-runtime-3.4.jar:/home/kkaralas/Apache/spark-2.1.0-bin-hadoop2.7/jars/parquet-jackson-1.8.1.jar:/home/kkaralas/Apache/spark-2.1.0-bin-hadoop2.7/jars/spark-unsafe_2.11-2.1.0.jar:/home/kkaralas/Apache/spark-2.1.0-bin-hadoop2.7/jars/breeze_2.11-0.12.jar:/home/kkaralas/Apache/spark-2.1.0-bin-hadoop2.7/jars/spark-mllib-local_2.11-2.1.0.jar:/home/kkaralas/Apache/spark-2.1.0-bin-hadoop2.7/jars/stream-2.7.0.jar:/home/kkaralas/Apache/spark-2.1.0-bin-hadoop2.7/jars/kryo-shaded-3.0.3.jar:/home/kkaralas/Apache/spark-2.1.0-bin-hadoop2.7/jars/metrics-jvm-3.1.2.jar:/home/kkaralas/Apache/spark-2.1.0-bin-hadoop2.7/jars/hadoop-mapreduce-client-common-2.7.3.jar:/home/kkaralas/Apache/spark-2.1.0-bin-hadoop2.7/jars/RoaringBitmap-0.5.11.jar:/home/kkaralas/Apache/spark-2.1.0-bin-hadoop2.7/jars/hadoop-auth-2.7.3.jar:/home/kkaralas/Apache/spark-2.1.0-bin-hadoop2.7/jars/breeze-macros_2.11-0.12.jar:/home/kkaralas/Apache/spark-2.1.0-bin-hadoop2.7/jars/hadoop-common-2.7.3.jar:/home/kkaralas/Apache/spark-2.1.0-bin-hadoop2.7/jars/activation-1.1.1.jar:/home/kkaralas/Apache/spark-2.1.0-bin-hadoop2.7/jars/jta-1.1.jar:/home/kkaralas/Apache/spark-2.1.0-bin-hadoop2.7/jars/datanucleus-core-3.2.10.jar:/home/kkaralas/Apache/spark-2.1.0-bin-hadoop2.7/jars/jersey-container-servlet-2.22.2.jar:/home/kkaralas/Apache/spark-2.1.0-bin-hadoop2.7/jars/jerse
Launcher Type: SUN_STANDARD

Environment Variables:
JAVA_HOME=/opt/jdk1.8.0_121/
PATH=/opt/jdk1.8.0_121//bin:/opt/jdk1.8.0_121//bin:/usr/lib64/qt-3.3/bin:/usr/local/bin:/usr/local/sbin:/usr/bin:/usr/sbin:/bin:/sbin:/opt/dbeaver:/opt/idea-IC-163.12024.16/bin:/home/kkaralas/Apache/spark-2.1.0-bin-hadoop2.7/bin:/home/kkaralas/.local/bin:/home/kkaralas/bin:/opt/dbeaver:/opt/idea-IC-163.12024.16/bin:/home/kkaralas/Apache/spark-2.1.0-bin-hadoop2.7/bin
USERNAME=kkaralas
SHELL=/bin/bash
DISPLAY=:0

Signal Handlers:
SIGSEGV: [libjvm.so+0xac78c0], sa_mask[0]=11111111011111111101111111111110, sa_flags=SA_RESTART|SA_SIGINFO
SIGBUS: [libjvm.so+0xac78c0], sa_mask[0]=11111111011111111101111111111110, sa_flags=SA_RESTART|SA_SIGINFO
SIGFPE: [libjvm.so+0x920ac0], sa_mask[0]=11111111011111111101111111111110, sa_flags=SA_RESTART|SA_SIGINFO
SIGPIPE: [libjvm.so+0x920ac0], sa_mask[0]=11111111011111111101111111111110, sa_flags=SA_RESTART|SA_SIGINFO
SIGXFSZ: [libjvm.so+0x920ac0], sa_mask[0]=11111111011111111101111111111110, sa_flags=SA_RESTART|SA_SIGINFO
SIGILL: [libjvm.so+0x920ac0], sa_mask[0]=11111111011111111101111111111110, sa_flags=SA_RESTART|SA_SIGINFO
SIGUSR1: SIG_DFL, sa_mask[0]=00000000000000000000000000000000, sa_flags=none
SIGUSR2: [libjvm.so+0x922300], sa_mask[0]=00000000000000000000000000000000, sa_flags=SA_RESTART|SA_SIGINFO
SIGHUP: [libjvm.so+0x923700], sa_mask[0]=11111111011111111101111111111110, sa_flags=SA_RESTART|SA_SIGINFO
SIGINT: [libjvm.so+0x923700], sa_mask[0]=11111111011111111101111111111110, sa_flags=SA_RESTART|SA_SIGINFO
SIGTERM: [libjvm.so+0x923700], sa_mask[0]=11111111011111111101111111111110, sa_flags=SA_RESTART|SA_SIGINFO
SIGQUIT: [libjvm.so+0x923700], sa_mask[0]=11111111011111111101111111111110, sa_flags=SA_RESTART|SA_SIGINFO


---------------  S Y S T E M  ---------------

OS:CentOS Linux release 7.2.1511 (Core) 

uname:Linux 3.10.0-327.el7.x86_64 #1 SMP Thu Nov 19 22:10:57 UTC 2015 x86_64
libc:glibc 2.17 NPTL 2.17 
rlimit: STACK 8192k, CORE 0k, NPROC 4096, NOFILE 4096, AS infinity
load average:8.44 6.67 5.65

/proc/meminfo:
MemTotal:       11168120 kB
MemFree:          128368 kB
MemAvailable:     103444 kB
Buffers:               0 kB
Cached:           153548 kB
SwapCached:       177316 kB
Active:          6449480 kB
Inactive:        1144420 kB
Active(anon):    6438964 kB
Inactive(anon):  1136112 kB
Active(file):      10516 kB
Inactive(file):     8308 kB
Unevictable:     3121904 kB
Mlocked:         3121904 kB
SwapTotal:       3354620 kB
SwapFree:        1150472 kB
Dirty:               196 kB
Writeback:          2296 kB
AnonPages:      10494884 kB
Mapped:           141332 kB
Shmem:             10948 kB
Slab:             166700 kB
SReclaimable:     100252 kB
SUnreclaim:        66448 kB
KernelStack:        9440 kB
PageTables:        53544 kB
NFS_Unstable:          0 kB
Bounce:                0 kB
WritebackTmp:          0 kB
CommitLimit:     8938680 kB
Committed_AS:   14840372 kB
VmallocTotal:   34359738367 kB
VmallocUsed:       94180 kB
VmallocChunk:   34359636472 kB
HardwareCorrupted:     0 kB
AnonHugePages:   4210688 kB
HugePages_Total:       0
HugePages_Free:        0
HugePages_Rsvd:        0
HugePages_Surp:        0
Hugepagesize:       2048 kB
DirectMap4k:       91072 kB
DirectMap2M:    11505664 kB


CPU:total 2 (2 cores per cpu, 1 threads per core) family 6 model 60 stepping 3, cmov, cx8, fxsr, mmx, sse, sse2, sse3, ssse3, sse4.1, sse4.2, popcnt, avx, aes, clmul, lzcnt, tsc, tscinvbit

/proc/cpuinfo:
processor	: 0
vendor_id	: GenuineIntel
cpu family	: 6
model		: 60
model name	: Intel(R) Core(TM) i7-4790 CPU @ 3.60GHz
stepping	: 3
cpu MHz		: 3591.678
cache size	: 8192 KB
physical id	: 0
siblings	: 2
core id		: 0
cpu cores	: 2
apicid		: 0
initial apicid	: 0
fpu		: yes
fpu_exception	: yes
cpuid level	: 13
wp		: yes
flags		: fpu vme de pse tsc msr pae mce cx8 apic sep mtrr pge mca cmov pat pse36 clflush mmx fxsr sse sse2 ht syscall nx rdtscp lm constant_tsc rep_good nopl xtopology nonstop_tsc pni pclmulqdq ssse3 cx16 sse4_1 sse4_2 x2apic movbe popcnt aes xsave avx rdrand hypervisor lahf_lm abm
bogomips	: 7183.35
clflush size	: 64
cache_alignment	: 64
address sizes	: 39 bits physical, 48 bits virtual
power management:

processor	: 1
vendor_id	: GenuineIntel
cpu family	: 6
model		: 60
model name	: Intel(R) Core(TM) i7-4790 CPU @ 3.60GHz
stepping	: 3
cpu MHz		: 3591.678
cache size	: 8192 KB
physical id	: 0
siblings	: 2
core id		: 1
cpu cores	: 2
apicid		: 1
initial apicid	: 1
fpu		: yes
fpu_exception	: yes
cpuid level	: 13
wp		: yes
flags		: fpu vme de pse tsc msr pae mce cx8 apic sep mtrr pge mca cmov pat pse36 clflush mmx fxsr sse sse2 ht syscall nx rdtscp lm constant_tsc rep_good nopl xtopology nonstop_tsc pni pclmulqdq ssse3 cx16 sse4_1 sse4_2 x2apic movbe popcnt aes xsave avx rdrand hypervisor lahf_lm abm
bogomips	: 7183.35
clflush size	: 64
cache_alignment	: 64
address sizes	: 39 bits physical, 48 bits virtual
power management:



Memory: 4k page, physical 11168120k(128368k free), swap 3354620k(1150472k free)

vm_info: Java HotSpot(TM) 64-Bit Server VM (25.121-b13) for linux-amd64 JRE (1.8.0_121-b13), built on Dec 12 2016 16:36:53 by "java_re" with gcc 4.3.0 20080428 (Red Hat 4.3.0-8)

time: Tue Apr  4 12:19:16 2017
elapsed time: 199 seconds (0d 0h 3m 19s)

