#
# There is insufficient memory for the Java Runtime Environment to continue.
# Native memory allocation (mmap) failed to map 1447034880 bytes for committing reserved memory.
# Possible reasons:
#   The system is out of physical RAM or swap space
#   In 32 bit mode, the process size limit was hit
# Possible solutions:
#   Reduce memory load on the system
#   Increase physical memory or swap space
#   Check if swap backing store is full
#   Use 64 bit Java on a 64 bit OS
#   Decrease Java heap size (-Xmx/-Xms)
#   Decrease number of Java threads
#   Decrease Java thread stack sizes (-Xss)
#   Set larger code cache with -XX:ReservedCodeCacheSize=
# This output file may be truncated or incomplete.
#
#  Out of Memory Error (os_linux.cpp:2627), pid=1811, tid=0x00007fe2ec1c7700
#
# JRE version: Java(TM) SE Runtime Environment (8.0_121-b13) (build 1.8.0_121-b13)
# Java VM: Java HotSpot(TM) 64-Bit Server VM (25.121-b13 mixed mode linux-amd64 compressed oops)
# Failed to write core dump. Core dumps have been disabled. To enable core dumping, try "ulimit -c unlimited" before starting Java again
#

---------------  T H R E A D  ---------------

Current thread (0x00007fe2d407d800):  JavaThread "Executor task launch worker-0" daemon [_thread_in_vm, id=1876, stack(0x00007fe2ec0c7000,0x00007fe2ec1c8000)]

Stack: [0x00007fe2ec0c7000,0x00007fe2ec1c8000],  sp=0x00007fe2ec1c5710,  free space=1017k
Native frames: (J=compiled Java code, j=interpreted, Vv=VM code, C=native code)
V  [libjvm.so+0xac703a]  VMError::report_and_die()+0x2ba
V  [libjvm.so+0x4fc7eb]  report_vm_out_of_memory(char const*, int, unsigned long, VMErrorType, char const*)+0x8b
V  [libjvm.so+0x923c43]  os::Linux::commit_memory_impl(char*, unsigned long, bool)+0x103
V  [libjvm.so+0x924199]  os::pd_commit_memory(char*, unsigned long, unsigned long, bool)+0x29
V  [libjvm.so+0x91e4aa]  os::commit_memory(char*, unsigned long, unsigned long, bool)+0x2a
V  [libjvm.so+0x992f03]  PSVirtualSpace::expand_by(unsigned long)+0x53
V  [libjvm.so+0x9837c0]  PSOldGen::expand(unsigned long)+0x170
V  [libjvm.so+0x983a7a]  PSOldGen::expand_and_allocate(unsigned long)+0x1a
V  [libjvm.so+0x983b9b]  PSOldGen::allocate(unsigned long)+0xcb
V  [libjvm.so+0x9478ce]  ParallelScavengeHeap::mem_allocate(unsigned long, bool*)+0xfe
V  [libjvm.so+0xa8c71e]  TypeArrayKlass::allocate_common(int, bool, Thread*)+0x26e
V  [libjvm.so+0x9ba875]  OptoRuntime::new_array_C(Klass*, int, JavaThread*)+0x45
v  ~RuntimeStub::_new_array_Java
J 2864 C2 scala.reflect.ManifestFactory$$anon$6.newArray(I)Ljava/lang/Object; (6 bytes) @ 0x00007fe3298154a0 [0x00007fe3298153e0+0xc0]
j  scala.Array$.ofDim(ILscala/reflect/ClassTag;)Ljava/lang/Object;+2
j  geotrellis.spark.io.hadoop.HdfsUtils$.readBytes(Lorg/apache/hadoop/fs/Path;Lorg/apache/hadoop/conf/Configuration;)[B+102
j  geotrellis.spark.io.hadoop.formats.BinaryFileRecordReader.initialize(Lorg/apache/hadoop/mapreduce/InputSplit;Lorg/apache/hadoop/mapreduce/TaskAttemptContext;)V+22
j  org.apache.spark.rdd.NewHadoopRDD$$anon$1.liftedTree1$1()Lorg/apache/hadoop/mapreduce/RecordReader;+43
j  org.apache.spark.rdd.NewHadoopRDD$$anon$1.<init>(Lorg/apache/spark/rdd/NewHadoopRDD;Lorg/apache/spark/Partition;Lorg/apache/spark/TaskContext;)V+327
j  org.apache.spark.rdd.NewHadoopRDD.compute(Lorg/apache/spark/Partition;Lorg/apache/spark/TaskContext;)Lorg/apache/spark/InterruptibleIterator;+7
j  org.apache.spark.rdd.NewHadoopRDD.compute(Lorg/apache/spark/Partition;Lorg/apache/spark/TaskContext;)Lscala/collection/Iterator;+3
j  org.apache.spark.rdd.RDD.computeOrReadCheckpoint(Lorg/apache/spark/Partition;Lorg/apache/spark/TaskContext;)Lscala/collection/Iterator;+26
j  org.apache.spark.rdd.RDD.iterator(Lorg/apache/spark/Partition;Lorg/apache/spark/TaskContext;)Lscala/collection/Iterator;+33
j  org.apache.spark.rdd.MapPartitionsRDD.compute(Lorg/apache/spark/Partition;Lorg/apache/spark/TaskContext;)Lscala/collection/Iterator;+24
j  org.apache.spark.rdd.RDD.computeOrReadCheckpoint(Lorg/apache/spark/Partition;Lorg/apache/spark/TaskContext;)Lscala/collection/Iterator;+26
j  org.apache.spark.rdd.RDD.iterator(Lorg/apache/spark/Partition;Lorg/apache/spark/TaskContext;)Lscala/collection/Iterator;+33
j  org.apache.spark.rdd.MapPartitionsRDD.compute(Lorg/apache/spark/Partition;Lorg/apache/spark/TaskContext;)Lscala/collection/Iterator;+24
j  org.apache.spark.rdd.RDD.computeOrReadCheckpoint(Lorg/apache/spark/Partition;Lorg/apache/spark/TaskContext;)Lscala/collection/Iterator;+26
j  org.apache.spark.rdd.RDD.iterator(Lorg/apache/spark/Partition;Lorg/apache/spark/TaskContext;)Lscala/collection/Iterator;+33
j  org.apache.spark.scheduler.ShuffleMapTask.runTask(Lorg/apache/spark/TaskContext;)Lorg/apache/spark/scheduler/MapStatus;+219
j  org.apache.spark.scheduler.ShuffleMapTask.runTask(Lorg/apache/spark/TaskContext;)Ljava/lang/Object;+2
j  org.apache.spark.scheduler.Task.run(JILorg/apache/spark/metrics/MetricsSystem;)Ljava/lang/Object;+152
j  org.apache.spark.executor.Executor$TaskRunner.run()V+423
j  java.util.concurrent.ThreadPoolExecutor.runWorker(Ljava/util/concurrent/ThreadPoolExecutor$Worker;)V+95
j  java.util.concurrent.ThreadPoolExecutor$Worker.run()V+5
j  java.lang.Thread.run()V+11
v  ~StubRoutines::call_stub
V  [libjvm.so+0x690dd6]  JavaCalls::call_helper(JavaValue*, methodHandle*, JavaCallArguments*, Thread*)+0x1056
V  [libjvm.so+0x6912e1]  JavaCalls::call_virtual(JavaValue*, KlassHandle, Symbol*, Symbol*, JavaCallArguments*, Thread*)+0x321
V  [libjvm.so+0x691787]  JavaCalls::call_virtual(JavaValue*, Handle, KlassHandle, Symbol*, Symbol*, Thread*)+0x47
V  [libjvm.so+0x72cb00]  thread_entry(JavaThread*, Thread*)+0xa0
V  [libjvm.so+0xa75543]  JavaThread::thread_main_inner()+0x103
V  [libjvm.so+0xa7568c]  JavaThread::run()+0x11c
V  [libjvm.so+0x926268]  java_start(Thread*)+0x108
C  [libpthread.so.0+0x7dc5]  start_thread+0xc5

Java frames: (J=compiled Java code, j=interpreted, Vv=VM code)
v  ~RuntimeStub::_new_array_Java
J 2864 C2 scala.reflect.ManifestFactory$$anon$6.newArray(I)Ljava/lang/Object; (6 bytes) @ 0x00007fe3298154a0 [0x00007fe3298153e0+0xc0]
j  scala.Array$.ofDim(ILscala/reflect/ClassTag;)Ljava/lang/Object;+2
j  geotrellis.spark.io.hadoop.HdfsUtils$.readBytes(Lorg/apache/hadoop/fs/Path;Lorg/apache/hadoop/conf/Configuration;)[B+102
j  geotrellis.spark.io.hadoop.formats.BinaryFileRecordReader.initialize(Lorg/apache/hadoop/mapreduce/InputSplit;Lorg/apache/hadoop/mapreduce/TaskAttemptContext;)V+22
j  org.apache.spark.rdd.NewHadoopRDD$$anon$1.liftedTree1$1()Lorg/apache/hadoop/mapreduce/RecordReader;+43
j  org.apache.spark.rdd.NewHadoopRDD$$anon$1.<init>(Lorg/apache/spark/rdd/NewHadoopRDD;Lorg/apache/spark/Partition;Lorg/apache/spark/TaskContext;)V+327
j  org.apache.spark.rdd.NewHadoopRDD.compute(Lorg/apache/spark/Partition;Lorg/apache/spark/TaskContext;)Lorg/apache/spark/InterruptibleIterator;+7
j  org.apache.spark.rdd.NewHadoopRDD.compute(Lorg/apache/spark/Partition;Lorg/apache/spark/TaskContext;)Lscala/collection/Iterator;+3
j  org.apache.spark.rdd.RDD.computeOrReadCheckpoint(Lorg/apache/spark/Partition;Lorg/apache/spark/TaskContext;)Lscala/collection/Iterator;+26
j  org.apache.spark.rdd.RDD.iterator(Lorg/apache/spark/Partition;Lorg/apache/spark/TaskContext;)Lscala/collection/Iterator;+33
j  org.apache.spark.rdd.MapPartitionsRDD.compute(Lorg/apache/spark/Partition;Lorg/apache/spark/TaskContext;)Lscala/collection/Iterator;+24
j  org.apache.spark.rdd.RDD.computeOrReadCheckpoint(Lorg/apache/spark/Partition;Lorg/apache/spark/TaskContext;)Lscala/collection/Iterator;+26
j  org.apache.spark.rdd.RDD.iterator(Lorg/apache/spark/Partition;Lorg/apache/spark/TaskContext;)Lscala/collection/Iterator;+33
j  org.apache.spark.rdd.MapPartitionsRDD.compute(Lorg/apache/spark/Partition;Lorg/apache/spark/TaskContext;)Lscala/collection/Iterator;+24
j  org.apache.spark.rdd.RDD.computeOrReadCheckpoint(Lorg/apache/spark/Partition;Lorg/apache/spark/TaskContext;)Lscala/collection/Iterator;+26
j  org.apache.spark.rdd.RDD.iterator(Lorg/apache/spark/Partition;Lorg/apache/spark/TaskContext;)Lscala/collection/Iterator;+33
j  org.apache.spark.scheduler.ShuffleMapTask.runTask(Lorg/apache/spark/TaskContext;)Lorg/apache/spark/scheduler/MapStatus;+219
j  org.apache.spark.scheduler.ShuffleMapTask.runTask(Lorg/apache/spark/TaskContext;)Ljava/lang/Object;+2
j  org.apache.spark.scheduler.Task.run(JILorg/apache/spark/metrics/MetricsSystem;)Ljava/lang/Object;+152
j  org.apache.spark.executor.Executor$TaskRunner.run()V+423
j  java.util.concurrent.ThreadPoolExecutor.runWorker(Ljava/util/concurrent/ThreadPoolExecutor$Worker;)V+95
j  java.util.concurrent.ThreadPoolExecutor$Worker.run()V+5
j  java.lang.Thread.run()V+11
v  ~StubRoutines::call_stub

---------------  P R O C E S S  ---------------

Java Threads: ( => current thread )
  0x00007fe2d4080800 JavaThread "task-result-getter-0" daemon [_thread_blocked, id=1887, stack(0x00007fe2c42f2000,0x00007fe2c43f3000)]
  0x00007fe2e8001800 JavaThread "SparkUI-JettyScheduler" daemon [_thread_blocked, id=1884, stack(0x00007fe2c51a0000,0x00007fe2c52a1000)]
  0x00007fe2f401a800 JavaThread "threadDeathWatcher-7-1" daemon [_thread_blocked, id=1879, stack(0x00007fe2c72a3000,0x00007fe2c73a4000)]
  0x00007fe2cc005800 JavaThread "shuffle-server-3-2" daemon [_thread_in_native, id=1878, stack(0x00007fe2c73a4000,0x00007fe2c74a5000)]
  0x00007fe2f8019000 JavaThread "shuffle-client-6-1" daemon [_thread_in_native, id=1877, stack(0x00007fe2c76a5000,0x00007fe2c77a6000)]
=>0x00007fe2d407d800 JavaThread "Executor task launch worker-0" daemon [_thread_in_vm, id=1876, stack(0x00007fe2ec0c7000,0x00007fe2ec1c8000)]
  0x00007fe3397aa000 JavaThread "org.apache.hadoop.fs.FileSystem$Statistics$StatisticsDataReferenceCleaner" daemon [_thread_blocked, id=1875, stack(0x00007fe2ec3c8000,0x00007fe2ec4c9000)]
  0x00007fe3395f1000 JavaThread "SparkListenerBus" daemon [_thread_blocked, id=1874, stack(0x00007fe2ec6c9000,0x00007fe2ec7ca000)]
  0x00007fe3395ed000 JavaThread "context-cleaner-periodic-gc" daemon [_thread_blocked, id=1873, stack(0x00007fe2ec7ca000,0x00007fe2ec8cb000)]
  0x00007fe3395eb000 JavaThread "Spark Context Cleaner" daemon [_thread_blocked, id=1872, stack(0x00007fe2ec8cb000,0x00007fe2ec9cc000)]
  0x00007fe33950f000 JavaThread "shuffle-server-5-1" daemon [_thread_in_native, id=1871, stack(0x00007fe2ecbcc000,0x00007fe2ecccd000)]
  0x00007fe3394d2000 JavaThread "driver-heartbeater" daemon [_thread_blocked, id=1870, stack(0x00007fe2ecccd000,0x00007fe2ecdce000)]
  0x00007fe3394be800 JavaThread "dag-scheduler-event-loop" daemon [_thread_blocked, id=1869, stack(0x00007fe2ecdce000,0x00007fe2ececf000)]
  0x00007fe339491000 JavaThread "Timer-0" daemon [_thread_blocked, id=1868, stack(0x00007fe2ececf000,0x00007fe2ecfd0000)]
  0x00007fe2e0323000 JavaThread "netty-rpc-env-timeout" daemon [_thread_blocked, id=1867, stack(0x00007fe2ecfd0000,0x00007fe2ed0d1000)]
  0x00007fe2c8002000 JavaThread "heartbeat-receiver-event-loop-thread" daemon [_thread_blocked, id=1866, stack(0x00007fe304078000,0x00007fe304179000)]
  0x00007fe339472800 JavaThread "SparkUI-35" daemon [_thread_blocked, id=1865, stack(0x00007fe2ed0d1000,0x00007fe2ed1d2000)]
  0x00007fe339470800 JavaThread "SparkUI-34" daemon [_thread_blocked, id=1864, stack(0x00007fe2ed1d2000,0x00007fe2ed2d3000)]
  0x00007fe33946e800 JavaThread "SparkUI-33" daemon [_thread_blocked, id=1863, stack(0x00007fe2ed2d3000,0x00007fe2ed3d4000)]
  0x00007fe33946c000 JavaThread "SparkUI-32" daemon [_thread_blocked, id=1862, stack(0x00007fe2ed3d4000,0x00007fe2ed4d5000)]
  0x00007fe33946a000 JavaThread "SparkUI-31" daemon [_thread_blocked, id=1861, stack(0x00007fe2ed4d5000,0x00007fe2ed5d6000)]
  0x00007fe339468000 JavaThread "SparkUI-30" daemon [_thread_blocked, id=1860, stack(0x00007fe2ed5d6000,0x00007fe2ed6d7000)]
  0x00007fe339466800 JavaThread "SparkUI-29-acceptor-0@5bb9f9ac-ServerConnector@557e0cab{HTTP/1.1}{0.0.0.0:4040}" daemon [_thread_in_native, id=1859, stack(0x00007fe2ed6d7000,0x00007fe2ed7d8000)]
  0x00007fe339460000 JavaThread "SparkUI-28-selector-ServerConnectorManager@7c675dbb/0" daemon [_thread_in_native, id=1858, stack(0x00007fe2ed7d8000,0x00007fe2ed8d9000)]
  0x00007fe339351800 JavaThread "map-output-dispatcher-7" daemon [_thread_blocked, id=1856, stack(0x00007fe30437d000,0x00007fe30447e000)]
  0x00007fe33934f800 JavaThread "map-output-dispatcher-6" daemon [_thread_blocked, id=1855, stack(0x00007fe30447e000,0x00007fe30457f000)]
  0x00007fe33934d800 JavaThread "map-output-dispatcher-5" daemon [_thread_blocked, id=1854, stack(0x00007fe30457f000,0x00007fe304680000)]
  0x00007fe33934b800 JavaThread "map-output-dispatcher-4" daemon [_thread_blocked, id=1853, stack(0x00007fe304680000,0x00007fe304781000)]
  0x00007fe33934a000 JavaThread "map-output-dispatcher-3" daemon [_thread_blocked, id=1852, stack(0x00007fe304781000,0x00007fe304882000)]
  0x00007fe339348000 JavaThread "map-output-dispatcher-2" daemon [_thread_blocked, id=1851, stack(0x00007fe304882000,0x00007fe304983000)]
  0x00007fe339346800 JavaThread "map-output-dispatcher-1" daemon [_thread_blocked, id=1850, stack(0x00007fe304983000,0x00007fe304a84000)]
  0x00007fe339345000 JavaThread "map-output-dispatcher-0" daemon [_thread_blocked, id=1849, stack(0x00007fe304a84000,0x00007fe304b85000)]
  0x00007fe339327000 JavaThread "shuffle-server-3-1" daemon [_thread_in_native, id=1848, stack(0x00007fe304b85000,0x00007fe304c86000)]
  0x00007fe33917a800 JavaThread "dispatcher-event-loop-1" daemon [_thread_blocked, id=1847, stack(0x00007fe3050aa000,0x00007fe3051ab000)]
  0x00007fe339183800 JavaThread "dispatcher-event-loop-0" daemon [_thread_blocked, id=1846, stack(0x00007fe3057c3000,0x00007fe3058c4000)]
  0x00007fe33905c000 JavaThread "process reaper" daemon [_thread_blocked, id=1844, stack(0x00007fe3058c4000,0x00007fe3058fd000)]
  0x00007fe3380cb800 JavaThread "Service Thread" daemon [_thread_blocked, id=1841, stack(0x00007fe3076f7000,0x00007fe3077f8000)]
  0x00007fe3380bf000 JavaThread "C1 CompilerThread1" daemon [_thread_blocked, id=1840, stack(0x00007fe3077f8000,0x00007fe3078f9000)]
  0x00007fe3380bc000 JavaThread "C2 CompilerThread0" daemon [_thread_blocked, id=1839, stack(0x00007fe3078f9000,0x00007fe3079fa000)]
  0x00007fe3380ba000 JavaThread "Signal Dispatcher" daemon [_thread_blocked, id=1838, stack(0x00007fe3079fa000,0x00007fe307afb000)]
  0x00007fe338087000 JavaThread "Finalizer" daemon [_thread_blocked, id=1837, stack(0x00007fe307afb000,0x00007fe307bfc000)]
  0x00007fe338082000 JavaThread "Reference Handler" daemon [_thread_blocked, id=1836, stack(0x00007fe307bfc000,0x00007fe307cfd000)]
  0x00007fe338010800 JavaThread "main" [_thread_blocked, id=1832, stack(0x00007fe33f10d000,0x00007fe33f20e000)]

Other Threads:
  0x00007fe33807a800 VMThread [stack: 0x00007fe307cfd000,0x00007fe307dfe000] [id=1835]
  0x00007fe3380cf000 WatcherThread [stack: 0x00007fe3075f6000,0x00007fe3076f7000] [id=1842]

VM state:not at safepoint (normal execution)

VM Mutex/Monitor currently owned by a thread:  ([mutex/lock_event])
[0x00007fe33800d900] ExpandHeap_lock - owner thread: 0x00007fe2d407d800
[0x00007fe33800e480] Heap_lock - owner thread: 0x00007fe2d407d800

Heap:
 PSYoungGen      total 1382400K, used 755058K [0x00000006c0000000, 0x0000000760100000, 0x00000007c0000000)
  eden space 739328K, 48% used [0x00000006c0000000,0x00000006d5b47428,0x00000006ed200000)
  from space 643072K, 62% used [0x00000006ed200000,0x0000000705815720,0x0000000714600000)
  to   space 675840K, 0% used [0x0000000736d00000,0x0000000736d00000,0x0000000760100000)
 ParOldGen       total 5403136K, used 5029446K [0x00000004c0000000, 0x0000000609c80000, 0x00000006c0000000)
  object space 5403136K, 93% used [0x00000004c0000000,0x00000005f2f91820,0x0000000609c80000)
 Metaspace       used 49307K, capacity 49918K, committed 50048K, reserved 1091584K
  class space    used 7079K, capacity 7232K, committed 7296K, reserved 1048576K

Card table byte_map: [0x00007fe3277ff000,0x00007fe329000000] byte_map_base: 0x00007fe3251ff000

Marking Bits: (ParMarkBitMap*) 0x00007fe33e5e1c80
 Begin Bits: [0x00007fe30e7ff000, 0x00007fe31a7ff000)
 End Bits:   [0x00007fe31a7ff000, 0x00007fe3267ff000)

Polling page: 0x00007fe33f225000

CodeCache: size=245760Kb used=9720Kb max_used=9720Kb free=236039Kb
 bounds [0x00007fe329000000, 0x00007fe329990000, 0x00007fe338000000]
 total_blobs=3889 nmethods=3278 adapters=524
 compilation: enabled

Compilation events (10 events):
Event: 26.263 Thread 0x00007fe3380bf000 3318       3       java.lang.ThreadLocal$ThreadLocalMap::access$100 (7 bytes)
Event: 26.263 Thread 0x00007fe3380bf000 nmethod 3318 0x00007fe329985790 code [0x00007fe329985900, 0x00007fe329985a68]
Event: 26.263 Thread 0x00007fe3380bf000 3323       1       java.io.ObjectStreamClass::getName (5 bytes)
Event: 26.263 Thread 0x00007fe3380bf000 nmethod 3323 0x00007fe329985b50 code [0x00007fe329985ca0, 0x00007fe329985db0]
Event: 26.263 Thread 0x00007fe3380bf000 3324       1       java.io.ObjectStreamClass$FieldReflector::getFields (5 bytes)
Event: 26.263 Thread 0x00007fe3380bf000 nmethod 3324 0x00007fe329985e10 code [0x00007fe329985f60, 0x00007fe329986070]
Event: 26.266 Thread 0x00007fe3380bf000 3326       3       scala.Option::orElse (21 bytes)
Event: 26.266 Thread 0x00007fe3380bf000 nmethod 3326 0x00007fe3299860d0 code [0x00007fe329986260, 0x00007fe329986698]
Event: 26.266 Thread 0x00007fe3380bf000 3325       1       org.apache.spark.NarrowDependency::rdd (5 bytes)
Event: 26.266 Thread 0x00007fe3380bf000 nmethod 3325 0x00007fe329986790 code [0x00007fe3299868e0, 0x00007fe3299869f0]

GC Heap History (10 events):
Event: 8.827 GC heap before
{Heap before GC invocations=7 (full 3):
 PSYoungGen      total 538112K, used 40928K [0x00000006c0000000, 0x00000006fcc00000, 0x00000007c0000000)
  eden space 497152K, 0% used [0x00000006c0000000,0x00000006c0000000,0x00000006de580000)
  from space 40960K, 99% used [0x00000006e1000000,0x00000006e37f8110,0x00000006e3800000)
  to   space 43520K, 0% used [0x00000006de580000,0x00000006de580000,0x00000006e1000000)
 ParOldGen       total 2130432K, used 2072468K [0x00000004c0000000, 0x0000000542080000, 0x00000006c0000000)
  object space 2130432K, 97% used [0x00000004c0000000,0x000000053e7e5198,0x0000000542080000)
 Metaspace       used 43690K, capacity 44050K, committed 44288K, reserved 1087488K
  class space    used 6181K, capacity 6296K, committed 6400K, reserved 1048576K
Event: 9.299 GC heap after
Heap after GC invocations=7 (full 3):
 PSYoungGen      total 538112K, used 0K [0x00000006c0000000, 0x00000006fcc00000, 0x00000007c0000000)
  eden space 497152K, 0% used [0x00000006c0000000,0x00000006c0000000,0x00000006de580000)
  from space 40960K, 0% used [0x00000006e1000000,0x00000006e1000000,0x00000006e3800000)
  to   space 43520K, 0% used [0x00000006de580000,0x00000006de580000,0x00000006e1000000)
 ParOldGen       total 3616768K, used 2089339K [0x00000004c0000000, 0x000000059cc00000, 0x00000006c0000000)
  object space 3616768K, 57% used [0x00000004c0000000,0x000000053f85efe8,0x000000059cc00000)
 Metaspace       used 43690K, capacity 44050K, committed 44288K, reserved 1087488K
  class space    used 6181K, capacity 6296K, committed 6400K, reserved 1048576K
}
Event: 9.871 GC heap before
{Heap before GC invocations=8 (full 3):
 PSYoungGen      total 538112K, used 497152K [0x00000006c0000000, 0x00000006fcc00000, 0x00000007c0000000)
  eden space 497152K, 100% used [0x00000006c0000000,0x00000006de580000,0x00000006de580000)
  from space 40960K, 0% used [0x00000006e1000000,0x00000006e1000000,0x00000006e3800000)
  to   space 43520K, 0% used [0x00000006de580000,0x00000006de580000,0x00000006e1000000)
 ParOldGen       total 3616768K, used 2089339K [0x00000004c0000000, 0x000000059cc00000, 0x00000006c0000000)
  object space 3616768K, 57% used [0x00000004c0000000,0x000000053f85efe8,0x000000059cc00000)
 Metaspace       used 43690K, capacity 44050K, committed 44288K, reserved 1087488K
  class space    used 6181K, capacity 6296K, committed 6400K, reserved 1048576K
Event: 10.052 GC heap after
Heap after GC invocations=8 (full 3):
 PSYoungGen      total 540672K, used 43399K [0x00000006c0000000, 0x0000000733380000, 0x00000007c0000000)
  eden space 497152K, 0% used [0x00000006c0000000,0x00000006c0000000,0x00000006de580000)
  from space 43520K, 99% used [0x00000006de580000,0x00000006e0fe1ec0,0x00000006e1000000)
  to   space 505344K, 0% used [0x0000000714600000,0x0000000714600000,0x0000000733380000)
 ParOldGen       total 3616768K, used 2540389K [0x00000004c0000000, 0x000000059cc00000, 0x00000006c0000000)
  object space 3616768K, 70% used [0x00000004c0000000,0x000000055b0d96a8,0x000000059cc00000)
 Metaspace       used 43690K, capacity 44050K, committed 44288K, reserved 1087488K
  class space    used 6181K, capacity 6296K, committed 6400K, reserved 1048576K
}
Event: 10.858 GC heap before
{Heap before GC invocations=9 (full 3):
 PSYoungGen      total 540672K, used 540551K [0x00000006c0000000, 0x0000000733380000, 0x00000007c0000000)
  eden space 497152K, 100% used [0x00000006c0000000,0x00000006de580000,0x00000006de580000)
  from space 43520K, 99% used [0x00000006de580000,0x00000006e0fe1ec0,0x00000006e1000000)
  to   space 505344K, 0% used [0x0000000714600000,0x0000000714600000,0x0000000733380000)
 ParOldGen       total 3616768K, used 2540389K [0x00000004c0000000, 0x000000059cc00000, 0x00000006c0000000)
  object space 3616768K, 70% used [0x00000004c0000000,0x000000055b0d96a8,0x000000059cc00000)
 Metaspace       used 45178K, capacity 45586K, committed 45824K, reserved 1089536K
  class space    used 6430K, capacity 6552K, committed 6656K, reserved 1048576K
Event: 11.128 GC heap after
Heap after GC invocations=9 (full 3):
 PSYoungGen      total 1244672K, used 501595K [0x00000006c0000000, 0x0000000745380000, 0x00000007c0000000)
  eden space 739328K, 0% used [0x00000006c0000000,0x00000006c0000000,0x00000006ed200000)
  from space 505344K, 99% used [0x0000000714600000,0x0000000732fd6d88,0x0000000733380000)
  to   space 643072K, 0% used [0x00000006ed200000,0x00000006ed200000,0x0000000714600000)
 ParOldGen       total 3616768K, used 2540389K [0x00000004c0000000, 0x000000059cc00000, 0x00000006c0000000)
  object space 3616768K, 70% used [0x00000004c0000000,0x000000055b0d96a8,0x000000059cc00000)
 Metaspace       used 45178K, capacity 45586K, committed 45824K, reserved 1089536K
  class space    used 6430K, capacity 6552K, committed 6656K, reserved 1048576K
}
Event: 13.163 GC heap before
{Heap before GC invocations=10 (full 4):
 PSYoungGen      total 1244672K, used 1240923K [0x00000006c0000000, 0x0000000745380000, 0x00000007c0000000)
  eden space 739328K, 100% used [0x00000006c0000000,0x00000006ed200000,0x00000006ed200000)
  from space 505344K, 99% used [0x0000000714600000,0x0000000732fd6d88,0x0000000733380000)
  to   space 643072K, 0% used [0x00000006ed200000,0x00000006ed200000,0x0000000714600000)
 ParOldGen       total 3616768K, used 3482267K [0x00000004c0000000, 0x000000059cc00000, 0x00000006c0000000)
  object space 3616768K, 96% used [0x00000004c0000000,0x00000005948a6f48,0x000000059cc00000)
 Metaspace       used 46589K, capacity 47026K, committed 47232K, reserved 1089536K
  class space    used 6651K, capacity 6776K, committed 6784K, reserved 1048576K
Event: 13.935 GC heap after
Heap after GC invocations=10 (full 4):
 PSYoungGen      total 1244672K, used 133835K [0x00000006c0000000, 0x0000000745380000, 0x00000007c0000000)
  eden space 739328K, 0% used [0x00000006c0000000,0x00000006c0000000,0x00000006ed200000)
  from space 505344K, 26% used [0x0000000714600000,0x000000071c8b2c00,0x0000000733380000)
  to   space 643072K, 0% used [0x00000006ed200000,0x00000006ed200000,0x0000000714600000)
 ParOldGen       total 5403136K, used 3616628K [0x00000004c0000000, 0x0000000609c80000, 0x00000006c0000000)
  object space 5403136K, 66% used [0x00000004c0000000,0x000000059cbdd330,0x0000000609c80000)
 Metaspace       used 46589K, capacity 47026K, committed 47232K, reserved 1089536K
  class space    used 6651K, capacity 6776K, committed 6784K, reserved 1048576K
}
Event: 16.295 GC heap before
{Heap before GC invocations=11 (full 4):
 PSYoungGen      total 1244672K, used 873163K [0x00000006c0000000, 0x0000000745380000, 0x00000007c0000000)
  eden space 739328K, 100% used [0x00000006c0000000,0x00000006ed200000,0x00000006ed200000)
  from space 505344K, 26% used [0x0000000714600000,0x000000071c8b2c00,0x0000000733380000)
  to   space 643072K, 0% used [0x00000006ed200000,0x00000006ed200000,0x0000000714600000)
 ParOldGen       total 5403136K, used 4087567K [0x00000004c0000000, 0x0000000609c80000, 0x00000006c0000000)
  object space 5403136K, 75% used [0x00000004c0000000,0x00000005b97c3f80,0x0000000609c80000)
 Metaspace       used 46590K, capacity 47026K, committed 47232K, reserved 1089536K
  class space    used 6651K, capacity 6776K, committed 6784K, reserved 1048576K
Event: 18.142 GC heap after
Heap after GC invocations=11 (full 4):
 PSYoungGen      total 1382400K, used 399445K [0x00000006c0000000, 0x0000000760100000, 0x00000007c0000000)
  eden space 739328K, 0% used [0x00000006c0000000,0x00000006c0000000,0x00000006ed200000)
  from space 643072K, 62% used [0x00000006ed200000,0x0000000705815720,0x0000000714600000)
  to   space 675840K, 0% used [0x0000000736d00000,0x0000000736d00000,0x0000000760100000)
 ParOldGen       total 5403136K, used 4087567K [0x00000004c0000000, 0x0000000609c80000, 0x00000006c0000000)
  object space 5403136K, 75% used [0x00000004c0000000,0x00000005b97c3f80,0x0000000609c80000)
 Metaspace       used 46590K, capacity 47026K, committed 47232K, reserved 1089536K
  class space    used 6651K, capacity 6776K, committed 6784K, reserved 1048576K
}

Deoptimization events (10 events):
Event: 25.710 Thread 0x00007fe338010800 Uncommon trap: reason=predicate action=maybe_recompile pc=0x00007fe3298e2cac method=java.util.TimSort.binarySort([Ljava/lang/Object;IIILjava/util/Comparator;)V @ 37
Event: 26.078 Thread 0x00007fe3394be800 Uncommon trap: reason=bimorphic action=maybe_recompile pc=0x00007fe3291626ec method=java.util.regex.Pattern$CharProperty.match(Ljava/util/regex/Matcher;ILjava/lang/CharSequence;)Z @ 18
Event: 26.078 Thread 0x00007fe3394be800 Uncommon trap: reason=bimorphic action=maybe_recompile pc=0x00007fe3291626ec method=java.util.regex.Pattern$CharProperty.match(Ljava/util/regex/Matcher;ILjava/lang/CharSequence;)Z @ 18
Event: 26.078 Thread 0x00007fe3394be800 Uncommon trap: reason=bimorphic action=maybe_recompile pc=0x00007fe3291626ec method=java.util.regex.Pattern$CharProperty.match(Ljava/util/regex/Matcher;ILjava/lang/CharSequence;)Z @ 18
Event: 26.081 Thread 0x00007fe3394be800 Uncommon trap: reason=bimorphic action=maybe_recompile pc=0x00007fe3291626ec method=java.util.regex.Pattern$CharProperty.match(Ljava/util/regex/Matcher;ILjava/lang/CharSequence;)Z @ 18
Event: 26.096 Thread 0x00007fe3394be800 Uncommon trap: reason=class_check action=maybe_recompile pc=0x00007fe32936def4 method=java.util.concurrent.ConcurrentHashMap.putVal(Ljava/lang/Object;Ljava/lang/Object;Z)Ljava/lang/Object; @ 192
Event: 26.098 Thread 0x00007fe3394be800 Uncommon trap: reason=null_check action=make_not_entrant pc=0x00007fe329954e38 method=com.esotericsoftware.kryo.util.Util.getElementClass(Ljava/lang/Class;)Ljava/lang/Class; @ 3
Event: 26.122 Thread 0x00007fe3394be800 Uncommon trap: reason=null_check action=make_not_entrant pc=0x00007fe32996c21c method=com.esotericsoftware.kryo.Kryo.isFinal(Ljava/lang/Class;)Z @ 33
Event: 26.124 Thread 0x00007fe3394be800 Uncommon trap: reason=null_check action=make_not_entrant pc=0x00007fe32996be20 method=com.esotericsoftware.kryo.Kryo.isFinal(Ljava/lang/Class;)Z @ 25
Event: 26.230 Thread 0x00007fe339183800 Uncommon trap: reason=bimorphic action=maybe_recompile pc=0x00007fe329583ce8 method=java.io.DataOutputStream.write([BII)V @ 7

Internal exceptions (10 events):
Event: 25.730 Thread 0x00007fe338010800 Exception <a 'java/lang/NoSuchMethodError': <clinit>> (0x00000006d450f150) thrown at [/HUDSON3/workspace/8-2-build-linux-amd64/jdk8u121/8372/hotspot/src/share/vm/prims/jni.cpp, line 1613]
Event: 25.817 Thread 0x00007fe338010800 Exception <a 'java/lang/NoSuchMethodError': <clinit>> (0x00000006d4a44a98) thrown at [/HUDSON3/workspace/8-2-build-linux-amd64/jdk8u121/8372/hotspot/src/share/vm/prims/jni.cpp, line 1613]
Event: 25.818 Thread 0x00007fe338010800 Exception <a 'java/lang/NoSuchMethodError': <clinit>> (0x00000006d4a5c300) thrown at [/HUDSON3/workspace/8-2-build-linux-amd64/jdk8u121/8372/hotspot/src/share/vm/prims/jni.cpp, line 1613]
Event: 25.818 Thread 0x00007fe338010800 Exception <a 'java/lang/NoSuchMethodError': <clinit>> (0x00000006d4a75998) thrown at [/HUDSON3/workspace/8-2-build-linux-amd64/jdk8u121/8372/hotspot/src/share/vm/prims/jni.cpp, line 1613]
Event: 25.916 Thread 0x00007fe338010800 Exception <a 'java/lang/NoSuchMethodError': <clinit>> (0x00000006d4e6dbf8) thrown at [/HUDSON3/workspace/8-2-build-linux-amd64/jdk8u121/8372/hotspot/src/share/vm/prims/jni.cpp, line 1613]
Event: 25.917 Thread 0x00007fe338010800 Exception <a 'java/lang/NoSuchMethodError': <clinit>> (0x00000006d4e7cdf8) thrown at [/HUDSON3/workspace/8-2-build-linux-amd64/jdk8u121/8372/hotspot/src/share/vm/prims/jni.cpp, line 1613]
Event: 26.091 Thread 0x00007fe3394be800 Exception <a 'java/lang/NoSuchMethodError': <clinit>> (0x00000006d554d070) thrown at [/HUDSON3/workspace/8-2-build-linux-amd64/jdk8u121/8372/hotspot/src/share/vm/prims/jni.cpp, line 1613]
Event: 26.093 Thread 0x00007fe3394be800 Exception <a 'java/lang/NoSuchMethodError': <clinit>> (0x00000006d5564650) thrown at [/HUDSON3/workspace/8-2-build-linux-amd64/jdk8u121/8372/hotspot/src/share/vm/prims/jni.cpp, line 1613]
Event: 26.093 Thread 0x00007fe3394be800 Exception <a 'java/lang/NoSuchMethodError': <clinit>> (0x00000006d5566250) thrown at [/HUDSON3/workspace/8-2-build-linux-amd64/jdk8u121/8372/hotspot/src/share/vm/prims/jni.cpp, line 1613]
Event: 26.232 Thread 0x00007fe339183800 Exception <a 'java/lang/NoSuchMethodError': <clinit>> (0x00000006d1883fe8) thrown at [/HUDSON3/workspace/8-2-build-linux-amd64/jdk8u121/8372/hotspot/src/share/vm/prims/jni.cpp, line 1613]

Events (10 events):
Event: 26.260 Executing VM operation: RevokeBias
Event: 26.261 Executing VM operation: RevokeBias done
Event: 26.261 Executing VM operation: RevokeBias
Event: 26.262 Executing VM operation: RevokeBias done
Event: 26.262 Executing VM operation: RevokeBias
Event: 26.262 Executing VM operation: RevokeBias done
Event: 26.262 Executing VM operation: RevokeBias
Event: 26.263 Executing VM operation: RevokeBias done
Event: 26.263 loading class org/apache/spark/storage/ShuffleBlockId
Event: 26.263 loading class org/apache/spark/storage/ShuffleBlockId done


Dynamic libraries:
00400000-00401000 r-xp 00000000 fd:00 73173218                           /opt/jdk1.8.0_121/bin/java
00600000-00601000 rw-p 00000000 fd:00 73173218                           /opt/jdk1.8.0_121/bin/java
0108c000-010ad000 rw-p 00000000 00:00 0                                  [heap]
4c0000000-609c80000 rw-p 00000000 00:00 0 
660080000-6c0000000 ---p 00000000 00:00 0 
6c0000000-760100000 rw-p 00000000 00:00 0 
760100000-7c0000000 ---p 00000000 00:00 0 
7c0000000-7c0720000 rw-p 00000000 00:00 0 
7c0720000-800000000 ---p 00000000 00:00 0 
7fe2c42f2000-7fe2c42f5000 ---p 00000000 00:00 0 
7fe2c42f5000-7fe2c45b3000 rw-p 00000000 00:00 0                          [stack:1887]
7fe2c45b3000-7fe2c45f3000 ---p 00000000 00:00 0 
7fe2c45f3000-7fe2c47f3000 rw-p 00000000 00:00 0 
7fe2c47f3000-7fe2c49f3000 rw-p 00000000 00:00 0 
7fe2c49f3000-7fe2c51a0000 r--s 06d10000 fd:00 5765853                    /tmp/spark-3fbabd37-46ef-4246-ae59-e71fdd7cb465/userFiles-eff098bf-443c-4555-aa96-dbccd60c9b8d/ingest-assembly-0.1.0.jar
7fe2c51a0000-7fe2c51a3000 ---p 00000000 00:00 0 
7fe2c51a3000-7fe2c72a3000 rw-p 00000000 00:00 0                          [stack:1884]
7fe2c72a3000-7fe2c72a6000 ---p 00000000 00:00 0 
7fe2c72a6000-7fe2c73a4000 rw-p 00000000 00:00 0                          [stack:1879]
7fe2c73a4000-7fe2c73a7000 ---p 00000000 00:00 0 
7fe2c73a7000-7fe2c76a5000 rw-p 00000000 00:00 0                          [stack:1878]
7fe2c76a5000-7fe2c76a8000 ---p 00000000 00:00 0 
7fe2c76a8000-7fe2c79a6000 rw-p 00000000 00:00 0                          [stack:1877]
7fe2c79a6000-7fe2c7ba6000 rw-p 00000000 00:00 0 
7fe2c7ba6000-7fe2c7da6000 rw-p 00000000 00:00 0 
7fe2c7df3000-7fe2c7e00000 r-xp 00000000 fd:00 103362611                  /tmp/liblz4-java3653239295977157325.so
7fe2c7e00000-7fe2c7fff000 ---p 0000d000 fd:00 103362611                  /tmp/liblz4-java3653239295977157325.so
7fe2c7fff000-7fe2c8000000 rw-p 0000c000 fd:00 103362611                  /tmp/liblz4-java3653239295977157325.so
7fe2c8000000-7fe2c8021000 rw-p 00000000 00:00 0 
7fe2c8021000-7fe2cc000000 ---p 00000000 00:00 0 
7fe2cc000000-7fe2cc021000 rw-p 00000000 00:00 0 
7fe2cc021000-7fe2d0000000 ---p 00000000 00:00 0 
7fe2d0000000-7fe2d0021000 rw-p 00000000 00:00 0 
7fe2d0021000-7fe2d4000000 ---p 00000000 00:00 0 
7fe2d4000000-7fe2d408f000 rw-p 00000000 00:00 0 
7fe2d408f000-7fe2d8000000 ---p 00000000 00:00 0 
7fe2d8000000-7fe2d8021000 rw-p 00000000 00:00 0 
7fe2d8021000-7fe2dc000000 ---p 00000000 00:00 0 
7fe2dc000000-7fe2dc021000 rw-p 00000000 00:00 0 
7fe2dc021000-7fe2e0000000 ---p 00000000 00:00 0 
7fe2e0000000-7fe2e18ca000 rw-p 00000000 00:00 0 
7fe2e18ca000-7fe2e4000000 ---p 00000000 00:00 0 
7fe2e4000000-7fe2e47a4000 rw-p 00000000 00:00 0 
7fe2e47a4000-7fe2e8000000 ---p 00000000 00:00 0 
7fe2e8000000-7fe2e8024000 rw-p 00000000 00:00 0 
7fe2e8024000-7fe2ec000000 ---p 00000000 00:00 0 
7fe2ec0c7000-7fe2ec0ca000 ---p 00000000 00:00 0 
7fe2ec0ca000-7fe2ec3c8000 rw-p 00000000 00:00 0                          [stack:1876]
7fe2ec3c8000-7fe2ec3cb000 ---p 00000000 00:00 0 
7fe2ec3cb000-7fe2ec6c9000 rw-p 00000000 00:00 0                          [stack:1875]
7fe2ec6c9000-7fe2ec6cc000 ---p 00000000 00:00 0 
7fe2ec6cc000-7fe2ec7ca000 rw-p 00000000 00:00 0                          [stack:1874]
7fe2ec7ca000-7fe2ec7cd000 ---p 00000000 00:00 0 
7fe2ec7cd000-7fe2ec8cb000 rw-p 00000000 00:00 0                          [stack:1873]
7fe2ec8cb000-7fe2ec8ce000 ---p 00000000 00:00 0 
7fe2ec8ce000-7fe2ecbcc000 rw-p 00000000 00:00 0                          [stack:1872]
7fe2ecbcc000-7fe2ecbcf000 ---p 00000000 00:00 0 
7fe2ecbcf000-7fe2ecccd000 rw-p 00000000 00:00 0                          [stack:1871]
7fe2ecccd000-7fe2eccd0000 ---p 00000000 00:00 0 
7fe2eccd0000-7fe2ecdce000 rw-p 00000000 00:00 0                          [stack:1870]
7fe2ecdce000-7fe2ecdd1000 ---p 00000000 00:00 0 
7fe2ecdd1000-7fe2ececf000 rw-p 00000000 00:00 0                          [stack:1869]
7fe2ececf000-7fe2eced2000 ---p 00000000 00:00 0 
7fe2eced2000-7fe2ecfd0000 rw-p 00000000 00:00 0                          [stack:1868]
7fe2ecfd0000-7fe2ecfd3000 ---p 00000000 00:00 0 
7fe2ecfd3000-7fe2ed0d1000 rw-p 00000000 00:00 0                          [stack:1867]
7fe2ed0d1000-7fe2ed0d4000 ---p 00000000 00:00 0 
7fe2ed0d4000-7fe2ed1d2000 rw-p 00000000 00:00 0                          [stack:1865]
7fe2ed1d2000-7fe2ed1d5000 ---p 00000000 00:00 0 
7fe2ed1d5000-7fe2ed2d3000 rw-p 00000000 00:00 0                          [stack:1864]
7fe2ed2d3000-7fe2ed2d6000 ---p 00000000 00:00 0 
7fe2ed2d6000-7fe2ed3d4000 rw-p 00000000 00:00 0                          [stack:1863]
7fe2ed3d4000-7fe2ed3d7000 ---p 00000000 00:00 0 
7fe2ed3d7000-7fe2ed4d5000 rw-p 00000000 00:00 0                          [stack:1862]
7fe2ed4d5000-7fe2ed4d8000 ---p 00000000 00:00 0 
7fe2ed4d8000-7fe2ed5d6000 rw-p 00000000 00:00 0                          [stack:1861]
7fe2ed5d6000-7fe2ed5d9000 ---p 00000000 00:00 0 
7fe2ed5d9000-7fe2ed6d7000 rw-p 00000000 00:00 0                          [stack:1860]
7fe2ed6d7000-7fe2ed6da000 ---p 00000000 00:00 0 
7fe2ed6da000-7fe2ed7d8000 rw-p 00000000 00:00 0                          [stack:1859]
7fe2ed7d8000-7fe2ed7db000 ---p 00000000 00:00 0 
7fe2ed7db000-7fe2edad9000 rw-p 00000000 00:00 0                          [stack:1858]
7fe2edad9000-7fe2f4000000 r--p 00000000 fd:00 67169622                   /usr/lib/locale/locale-archive
7fe2f4000000-7fe2f409b000 rw-p 00000000 00:00 0 
7fe2f409b000-7fe2f8000000 ---p 00000000 00:00 0 
7fe2f8000000-7fe2f85c6000 rw-p 00000000 00:00 0 
7fe2f85c6000-7fe2fc000000 ---p 00000000 00:00 0 
7fe2fc000000-7fe2fc08e000 rw-p 00000000 00:00 0 
7fe2fc08e000-7fe300000000 ---p 00000000 00:00 0 
7fe300000000-7fe300021000 rw-p 00000000 00:00 0 
7fe300021000-7fe304000000 ---p 00000000 00:00 0 
7fe304076000-7fe304078000 rw-p 00000000 00:00 0 
7fe304078000-7fe30407b000 ---p 00000000 00:00 0 
7fe30407b000-7fe304379000 rw-p 00000000 00:00 0                          [stack:1866]
7fe304379000-7fe30437d000 r--s 0009a000 fd:00 6428400                    /opt/jdk1.8.0_121/jre/lib/jsse.jar
7fe30437d000-7fe304380000 ---p 00000000 00:00 0 
7fe304380000-7fe30447e000 rw-p 00000000 00:00 0                          [stack:1856]
7fe30447e000-7fe304481000 ---p 00000000 00:00 0 
7fe304481000-7fe30457f000 rw-p 00000000 00:00 0                          [stack:1855]
7fe30457f000-7fe304582000 ---p 00000000 00:00 0 
7fe304582000-7fe304680000 rw-p 00000000 00:00 0                          [stack:1854]
7fe304680000-7fe304683000 ---p 00000000 00:00 0 
7fe304683000-7fe304781000 rw-p 00000000 00:00 0                          [stack:1853]
7fe304781000-7fe304784000 ---p 00000000 00:00 0 
7fe304784000-7fe304882000 rw-p 00000000 00:00 0                          [stack:1852]
7fe304882000-7fe304885000 ---p 00000000 00:00 0 
7fe304885000-7fe304983000 rw-p 00000000 00:00 0                          [stack:1851]
7fe304983000-7fe304986000 ---p 00000000 00:00 0 
7fe304986000-7fe304a84000 rw-p 00000000 00:00 0                          [stack:1850]
7fe304a84000-7fe304a87000 ---p 00000000 00:00 0 
7fe304a87000-7fe304b85000 rw-p 00000000 00:00 0                          [stack:1849]
7fe304b85000-7fe304b88000 ---p 00000000 00:00 0 
7fe304b88000-7fe304e86000 rw-p 00000000 00:00 0                          [stack:1848]
7fe304e86000-7fe304e97000 r-xp 00000000 fd:00 105719166                  /opt/jdk1.8.0_121/jre/lib/amd64/libnio.so
7fe304e97000-7fe305096000 ---p 00011000 fd:00 105719166                  /opt/jdk1.8.0_121/jre/lib/amd64/libnio.so
7fe305096000-7fe305097000 rw-p 00010000 fd:00 105719166                  /opt/jdk1.8.0_121/jre/lib/amd64/libnio.so
7fe305097000-7fe3050aa000 r--s 00345000 fd:00 6428543                    /opt/jdk1.8.0_121/jre/lib/resources.jar
7fe3050aa000-7fe3050ad000 ---p 00000000 00:00 0 
7fe3050ad000-7fe3053ab000 rw-p 00000000 00:00 0                          [stack:1847]
7fe3053ab000-7fe3053c1000 r-xp 00000000 fd:00 105719141                  /opt/jdk1.8.0_121/jre/lib/amd64/libnet.so
7fe3053c1000-7fe3055c1000 ---p 00016000 fd:00 105719141                  /opt/jdk1.8.0_121/jre/lib/amd64/libnet.so
7fe3055c1000-7fe3055c2000 rw-p 00016000 fd:00 105719141                  /opt/jdk1.8.0_121/jre/lib/amd64/libnet.so
7fe3055c2000-7fe3055c3000 r-xp 00000000 fd:00 105719194                  /opt/jdk1.8.0_121/jre/lib/amd64/libjaas_unix.so
7fe3055c3000-7fe3057c2000 ---p 00001000 fd:00 105719194                  /opt/jdk1.8.0_121/jre/lib/amd64/libjaas_unix.so
7fe3057c2000-7fe3057c3000 rw-p 00000000 fd:00 105719194                  /opt/jdk1.8.0_121/jre/lib/amd64/libjaas_unix.so
7fe3057c3000-7fe3057c6000 ---p 00000000 00:00 0 
7fe3057c6000-7fe3058c4000 rw-p 00000000 00:00 0                          [stack:1846]
7fe3058c4000-7fe3058c7000 ---p 00000000 00:00 0 
7fe3058c7000-7fe305afd000 rw-p 00000000 00:00 0                          [stack:1844]
7fe305afd000-7fe305cfd000 rw-p 00000000 00:00 0 
7fe305cfd000-7fe305d06000 r-xp 00000000 fd:00 105719177                  /opt/jdk1.8.0_121/jre/lib/amd64/libmanagement.so
7fe305d06000-7fe305f05000 ---p 00009000 fd:00 105719177                  /opt/jdk1.8.0_121/jre/lib/amd64/libmanagement.so
7fe305f05000-7fe305f06000 rw-p 00008000 fd:00 105719177                  /opt/jdk1.8.0_121/jre/lib/amd64/libmanagement.so
7fe305f06000-7fe306106000 rw-p 00000000 00:00 0 
7fe306106000-7fe3068b3000 r--s 06d10000 fd:00 268659776                  /home/kkaralas/Documents/geotrellis-sentinel-demo/ingest/target/scala-2.11/ingest-assembly-0.1.0.jar
7fe3068b3000-7fe3068dc000 r--s 001ee000 fd:00 114155652                  /home/kkaralas/Apache/spark-2.1.0-bin-hadoop2.7/jars/guava-16.0.1.jar
7fe3068dc000-7fe3068dd000 r--s 00004000 fd:00 114155656                  /home/kkaralas/Apache/spark-2.1.0-bin-hadoop2.7/jars/osgi-resource-locator-1.0.1.jar
7fe3068dd000-7fe306936000 r--s 00522000 fd:00 114155655                  /home/kkaralas/Apache/spark-2.1.0-bin-hadoop2.7/jars/scala-library-2.11.8.jar
7fe306936000-7fe306938000 r--s 0000f000 fd:00 114155654                  /home/kkaralas/Apache/spark-2.1.0-bin-hadoop2.7/jars/spark-launcher_2.11-2.1.0.jar
7fe306938000-7fe30693d000 r--s 00032000 fd:00 114155653                  /home/kkaralas/Apache/spark-2.1.0-bin-hadoop2.7/jars/chill_2.11-0.8.0.jar
7fe30693d000-7fe306942000 r--s 00027000 fd:00 114155651                  /home/kkaralas/Apache/spark-2.1.0-bin-hadoop2.7/jars/hk2-api-2.4.0-b34.jar
7fe306942000-7fe30695f000 r--s 001d5000 fd:00 114155650                  /home/kkaralas/Apache/spark-2.1.0-bin-hadoop2.7/jars/hadoop-yarn-api-2.7.3.jar
7fe30695f000-7fe306a6b000 r--s 00dba000 fd:00 114155649                  /home/kkaralas/Apache/spark-2.1.0-bin-hadoop2.7/jars/scala-compiler-2.11.8.jar
7fe306a6b000-7fe306a71000 r--s 00043000 fd:00 114155648                  /home/kkaralas/Apache/spark-2.1.0-bin-hadoop2.7/jars/commons-configuration-1.6.jar
7fe306a71000-7fe306abd000 r--s 00411000 fd:00 114155647                  /home/kkaralas/Apache/spark-2.1.0-bin-hadoop2.7/jars/scala-reflect-2.11.8.jar
7fe306abd000-7fe306ac4000 r--s 00046000 fd:00 114155646                  /home/kkaralas/Apache/spark-2.1.0-bin-hadoop2.7/jars/libfb303-0.9.2.jar
7fe306ac4000-7fe306ac8000 r--s 00014000 fd:00 114155645                  /home/kkaralas/Apache/spark-2.1.0-bin-hadoop2.7/jars/xz-1.0.jar
7fe306ac8000-7fe306aec000 r--s 001cd000 fd:00 114155644                  /home/kkaralas/Apache/spark-2.1.0-bin-hadoop2.7/jars/commons-math3-3.4.1.jar
7fe306aec000-7fe306af0000 r--s 0003c000 fd:00 114155643                  /home/kkaralas/Apache/spark-2.1.0-bin-hadoop2.7/jars/jackson-core-2.6.5.jar
7fe306af0000-7fe306afb000 r--s 0005d000 fd:00 114155642                  /home/kkaralas/Apache/spark-2.1.0-bin-hadoop2.7/jars/scala-parser-combinators_2.11-1.0.4.jar
7fe306afb000-7fe306b02000 r--s 00049000 fd:00 114155641                  /home/kkaralas/Apache/spark-2.1.0-bin-hadoop2.7/jars/univocity-parsers-2.2.1.jar
7fe306b02000-7fe306b06000 r--s 00036000 fd:00 114155640                  /home/kkaralas/Apache/spark-2.1.0-bin-hadoop2.7/jars/ST4-4.0.4.jar
7fe306b06000-7fe306b0a000 r--s 00025000 fd:00 114155639                  /home/kkaralas/Apache/spark-2.1.0-bin-hadoop2.7/jars/jersey-client-2.22.2.jar
7fe306b0a000-7fe306b10000 r--s 00063000 fd:00 114155638                  /home/kkaralas/Apache/spark-2.1.0-bin-hadoop2.7/jars/jodd-core-3.5.2.jar
7fe306b10000-7fe306b12000 r--s 00009000 fd:00 114155637                  /home/kkaralas/Apache/spark-2.1.0-bin-hadoop2.7/jars/objenesis-2.1.jar
7fe306b12000-7fe306b1c000 r--s 0007b000 fd:00 114155636                  /home/kkaralas/Apache/spark-2.1.0-bin-hadoop2.7/jars/hadoop-mapreduce-client-app-2.7.3.jar
7fe306b1c000-7fe306b4b000 r--s 002e5000 fd:00 114155635                  /home/kkaralas/Apache/spark-2.1.0-bin-hadoop2.7/jars/derby-10.12.1.1.jar
7fe306b4b000-7fe306b4c000 r--s 00009000 fd:00 114155634                  /home/kkaralas/Apache/spark-2.1.0-bin-hadoop2.7/jars/slf4j-api-1.7.16.jar
7fe306b4c000-7fe306b4d000 r--s 00008000 fd:00 114155633                  /home/kkaralas/Apache/spark-2.1.0-bin-hadoop2.7/jars/commons-compiler-3.0.0.jar
7fe306b4d000-7fe306b4f000 r--s 00003000 fd:00 114155632                  /home/kkaralas/Apache/spark-2.1.0-bin-hadoop2.7/jars/base64-2.3.8.jar
7fe306b4f000-7fe306b52000 r--s 0000d000 fd:00 114155631                  /home/kkaralas/Apache/spark-2.1.0-bin-hadoop2.7/jars/spark-network-shuffle_2.11-2.1.0.jar
7fe306b52000-7fe306b54000 r--s 00100000 fd:00 114155630                  /home/kkaralas/Apache/spark-2.1.0-bin-hadoop2.7/jars/snappy-java-1.1.2.6.jar
7fe306b54000-7fe306b59000 r--s 00028000 fd:00 114155629                  /home/kkaralas/Apache/spark-2.1.0-bin-hadoop2.7/jars/avro-mapred-1.7.7-hadoop2.jar
7fe306b59000-7fe306b5b000 r--s 0000b000 fd:00 114155628                  /home/kkaralas/Apache/spark-2.1.0-bin-hadoop2.7/jars/chill-java-0.8.0.jar
7fe306b5b000-7fe306b5d000 r--s 00009000 fd:00 114155627                  /home/kkaralas/Apache/spark-2.1.0-bin-hadoop2.7/jars/commons-cli-1.2.jar
7fe306b5d000-7fe306b5e000 r--s 00001000 fd:00 114155626                  /home/kkaralas/Apache/spark-2.1.0-bin-hadoop2.7/jars/javax.inject-2.4.0-b34.jar
7fe306b5e000-7fe306b67000 r--s 00097000 fd:00 114155625                  /home/kkaralas/Apache/spark-2.1.0-bin-hadoop2.7/jars/pmml-model-1.2.15.jar
7fe306b67000-7fe306b69000 r--s 00000000 fd:00 114155624                  /home/kkaralas/Apache/spark-2.1.0-bin-hadoop2.7/jars/jul-to-slf4j-1.7.16.jar
7fe306b69000-7fe306b97000 r--s 00212000 fd:00 114155623                  /home/kkaralas/Apache/spark-2.1.0-bin-hadoop2.7/jars/spark-network-common_2.11-2.1.0.jar
7fe306b97000-7fe306ba9000 r--s 00112000 fd:00 114155622                  /home/kkaralas/Apache/spark-2.1.0-bin-hadoop2.7/jars/arpack_combined_all-0.1.jar
7fe306ba9000-7fe306bac000 r--s 0001a000 fd:00 114155621                  /home/kkaralas/Apache/spark-2.1.0-bin-hadoop2.7/jars/py4j-0.10.4.jar
7fe306bac000-7fe306bc2000 r--s 00124000 fd:00 114155620                  /home/kkaralas/Apache/spark-2.1.0-bin-hadoop2.7/jars/ivy-2.4.0.jar
7fe306bc2000-7fe306bcf000 r--s 00071000 fd:00 114155619                  /home/kkaralas/Apache/spark-2.1.0-bin-hadoop2.7/jars/jackson-module-scala_2.11-2.6.5.jar
7fe306bcf000-7fe306bdb000 r--s 000b6000 fd:00 114155618                  /home/kkaralas/Apache/spark-2.1.0-bin-hadoop2.7/jars/zookeeper-3.4.6.jar
7fe306bdb000-7fe306c64000 r--s 00682000 fd:00 114155617                  /home/kkaralas/Apache/spark-2.1.0-bin-hadoop2.7/jars/spark-catalyst_2.11-2.1.0.jar
7fe306c64000-7fe306c65000 r--s 00009000 fd:00 114155616                  /home/kkaralas/Apache/spark-2.1.0-bin-hadoop2.7/jars/hive-cli-1.2.1.spark2.jar
7fe306c65000-7fe306c77000 r--s 000b3000 fd:00 114154943                  /home/kkaralas/Apache/spark-2.1.0-bin-hadoop2.7/jars/scalap-2.11.8.jar
7fe306c77000-7fe306c7d000 r--s 0002c000 fd:00 114154942                  /home/kkaralas/Apache/spark-2.1.0-bin-hadoop2.7/jars/jdo-api-3.0.1.jar
7fe306c7d000-7fe306c7e000 r--s 00003000 fd:00 114154941                  /home/kkaralas/Apache/spark-2.1.0-bin-hadoop2.7/jars/metrics-json-3.1.2.jar
7fe306c7e000-7fe306c80000 r--s 00003000 fd:00 114154940                  /home/kkaralas/Apache/spark-2.1.0-bin-hadoop2.7/jars/JavaEWAH-0.3.2.jar
7fe306c80000-7fe306c82000 r--s 0001f000 fd:00 114154939                  /home/kkaralas/Apache/spark-2.1.0-bin-hadoop2.7/jars/commons-crypto-1.0.0.jar
7fe306c82000-7fe306c9a000 r--s 00115000 fd:00 114154938                  /home/kkaralas/Apache/spark-2.1.0-bin-hadoop2.7/jars/netty-3.8.0.Final.jar
7fe306c9a000-7fe306c9c000 r--s 0000e000 fd:00 114154937                  /home/kkaralas/Apache/spark-2.1.0-bin-hadoop2.7/jars/guice-servlet-3.0.jar
7fe306c9c000-7fe306c9f000 r--s 00022000 fd:00 114154936                  /home/kkaralas/Apache/spark-2.1.0-bin-hadoop2.7/jars/stringtemplate-3.2.1.jar
7fe306c9f000-7fe306ca7000 r--s 00078000 fd:00 114154935                  /home/kkaralas/Apache/spark-2.1.0-bin-hadoop2.7/jars/mail-1.4.7.jar
7fe306ca7000-7fe306cb9000 r--s 00097000 fd:00 114154934                  /home/kkaralas/Apache/spark-2.1.0-bin-hadoop2.7/jars/apacheds-kerberos-codec-2.0.0-M15.jar
7fe306cb9000-7fe306cbb000 r--s 00012000 fd:00 114154933                  /home/kkaralas/Apache/spark-2.1.0-bin-hadoop2.7/jars/api-util-1.0.0-M20.jar
7fe306cbb000-7fe306cf2000 r--s 00325000 fd:00 114154932                  /home/kkaralas/Apache/spark-2.1.0-bin-hadoop2.7/jars/calcite-core-1.2.0-incubating.jar
7fe306cf2000-7fe306d9b000 r--s 00a4f000 fd:00 114154931                  /home/kkaralas/Apache/spark-2.1.0-bin-hadoop2.7/jars/hive-exec-1.2.1.spark2.jar
7fe306d9b000-7fe306d9e000 r--s 00017000 fd:00 114154930                  /home/kkaralas/Apache/spark-2.1.0-bin-hadoop2.7/jars/jaxb-api-2.2.2.jar
7fe306d9e000-7fe306dab000 r--s 00078000 fd:00 114154929                  /home/kkaralas/Apache/spark-2.1.0-bin-hadoop2.7/jars/spark-mesos_2.11-2.1.0.jar
7fe306dab000-7fe306e1f000 r--s 00572000 fd:00 114154928                  /home/kkaralas/Apache/spark-2.1.0-bin-hadoop2.7/jars/spark-mllib_2.11-2.1.0.jar
7fe306e1f000-7fe306e4b000 r--s 001c9000 fd:00 114154927                  /home/kkaralas/Apache/spark-2.1.0-bin-hadoop2.7/jars/shapeless_2.11-2.0.0.jar
7fe306e4b000-7fe306e4f000 r--s 0002f000 fd:00 114154926                  /home/kkaralas/Apache/spark-2.1.0-bin-hadoop2.7/jars/commons-beanutils-core-1.8.0.jar
7fe306e4f000-7fe306e51000 r--s 0000e000 fd:00 114154925                  /home/kkaralas/Apache/spark-2.1.0-bin-hadoop2.7/jars/commons-logging-1.1.3.jar
7fe306e51000-7fe306e58000 r--s 0005d000 fd:00 114154924                  /home/kkaralas/Apache/spark-2.1.0-bin-hadoop2.7/jars/mx4j-3.0.2.jar
7fe306e58000-7fe306e5b000 r--s 00026000 fd:00 114154923                  /home/kkaralas/Apache/spark-2.1.0-bin-hadoop2.7/jars/hadoop-yarn-client-2.7.3.jar
7fe306e5b000-7fe306e88000 r--s 001d4000 fd:00 114154922                  /home/kkaralas/Apache/spark-2.1.0-bin-hadoop2.7/jars/spark-streaming_2.11-2.1.0.jar
7fe306e88000-7fe306e8d000 r--s 00068000 fd:00 114154921                  /home/kkaralas/Apache/spark-2.1.0-bin-hadoop2.7/jars/antlr-2.7.7.jar
7fe306e8d000-7fe306e8f000 r--s 00027000 fd:00 114154920                  /home/kkaralas/Apache/spark-2.1.0-bin-hadoop2.7/jars/core-1.1.2.jar
7fe306e8f000-7fe306e91000 r--s 00038000 fd:00 114154919                  /home/kkaralas/Apache/spark-2.1.0-bin-hadoop2.7/jars/lz4-1.3.0.jar
7fe306e91000-7fe306e92000 r--s 00006000 fd:00 114154918                  /home/kkaralas/Apache/spark-2.1.0-bin-hadoop2.7/jars/jackson-xc-1.9.13.jar
7fe306e92000-7fe306e94000 r--s 00004000 fd:00 114154917                  /home/kkaralas/Apache/spark-2.1.0-bin-hadoop2.7/jars/metrics-graphite-3.1.2.jar
7fe306e94000-7fe306e96000 r--s 0000e000 fd:00 114154916                  /home/kkaralas/Apache/spark-2.1.0-bin-hadoop2.7/jars/hadoop-mapreduce-client-jobclient-2.7.3.jar
7fe306e96000-7fe306e9a000 r--s 00019000 fd:00 114154915                  /home/kkaralas/Apache/spark-2.1.0-bin-hadoop2.7/jars/javax.ws.rs-api-2.0.1.jar
7fe306e9a000-7fe306eda000 r--s 00277000 fd:00 114154914                  /home/kkaralas/Apache/spark-2.1.0-bin-hadoop2.7/jars/bcprov-jdk15on-1.51.jar
7fe306eda000-7fe306ee4000 r--s 000a5000 fd:00 114154913                  /home/kkaralas/Apache/spark-2.1.0-bin-hadoop2.7/jars/javassist-3.18.1-GA.jar
7fe306ee4000-7fe306eec000 r--s 0006e000 fd:00 114154912                  /home/kkaralas/Apache/spark-2.1.0-bin-hadoop2.7/jars/commons-lang3-3.5.jar
7fe306eec000-7fe306eed000 r--s 00002000 fd:00 114154911                  /home/kkaralas/Apache/spark-2.1.0-bin-hadoop2.7/jars/jpam-1.1.jar
7fe306eed000-7fe306ef3000 r--s 00044000 fd:00 114154910                  /home/kkaralas/Apache/spark-2.1.0-bin-hadoop2.7/jars/antlr4-runtime-4.5.3.jar
7fe306ef3000-7fe306efd000 r--s 000aa000 fd:00 114154909                  /home/kkaralas/Apache/spark-2.1.0-bin-hadoop2.7/jars/janino-3.0.0.jar
7fe306efd000-7fe306f00000 r--s 00014000 fd:00 114154908                  /home/kkaralas/Apache/spark-2.1.0-bin-hadoop2.7/jars/super-csv-2.2.0.jar
7fe306f00000-7fe306f02000 r--s 00000000 fd:00 114154907                  /home/kkaralas/Apache/spark-2.1.0-bin-hadoop2.7/jars/aopalliance-1.0.jar
7fe306f02000-7fe306f04000 r--s 00009000 fd:00 114154906                  /home/kkaralas/Apache/spark-2.1.0-bin-hadoop2.7/jars/jackson-module-paranamer-2.6.5.jar
7fe306f04000-7fe306f06000 r--s 0000e000 fd:00 114154905                  /home/kkaralas/Apache/spark-2.1.0-bin-hadoop2.7/jars/spark-repl_2.11-2.1.0.jar
7fe306f06000-7fe306f07000 r--s 00006000 fd:00 114154904                  /home/kkaralas/Apache/spark-2.1.0-bin-hadoop2.7/jars/hadoop-client-2.7.3.jar
7fe306f07000-7fe306f09000 r--s 00006000 fd:00 114154903                  /home/kkaralas/Apache/spark-2.1.0-bin-hadoop2.7/jars/spark-sketch_2.11-2.1.0.jar
7fe306f09000-7fe306f17000 r--s 000b1000 fd:00 114154902                  /home/kkaralas/Apache/spark-2.1.0-bin-hadoop2.7/jars/jackson-mapper-asl-1.9.13.jar
7fe306f17000-7fe306f2e000 r--s 00183000 fd:00 114154901                  /home/kkaralas/Apache/spark-2.1.0-bin-hadoop2.7/jars/hadoop-yarn-common-2.7.3.jar
7fe306f2e000-7fe306f30000 r--s 00010000 fd:00 114154900                  /home/kkaralas/Apache/spark-2.1.0-bin-hadoop2.7/jars/jersey-media-jaxb-2.22.2.jar
7fe306f30000-7fe306f33000 r--s 00009000 fd:00 114154899                  /home/kkaralas/Apache/spark-2.1.0-bin-hadoop2.7/jars/jackson-annotations-2.6.5.jar
7fe306f33000-7fe306f55000 r--s 00335000 fd:00 114154898                  /home/kkaralas/Apache/spark-2.1.0-bin-hadoop2.7/jars/mesos-1.0.0-shaded-protobuf.jar
7fe306f55000-7fe306f57000 r--s 00020000 fd:00 114154897                  /home/kkaralas/Apache/spark-2.1.0-bin-hadoop2.7/jars/hive-beeline-1.2.1.spark2.jar
7fe306f57000-7fe306f5b000 r--s 0002c000 fd:00 114154896                  /home/kkaralas/Apache/spark-2.1.0-bin-hadoop2.7/jars/avro-ipc-1.7.7.jar
7fe306f5b000-7fe306f5f000 r--s 0002a000 fd:00 114154895                  /home/kkaralas/Apache/spark-2.1.0-bin-hadoop2.7/jars/commons-io-2.4.jar
7fe306f5f000-7fe306f65000 r--s 00028000 fd:00 114154894                  /home/kkaralas/Apache/spark-2.1.0-bin-hadoop2.7/jars/curator-framework-2.6.0.jar
7fe306f65000-7fe306f6a000 r--s 00031000 fd:00 114154893                  /home/kkaralas/Apache/spark-2.1.0-bin-hadoop2.7/jars/parquet-hadoop-1.8.1.jar
7fe306f6a000-7fe306f6c000 r--s 00005000 fd:00 114154892                  /home/kkaralas/Apache/spark-2.1.0-bin-hadoop2.7/jars/javax.annotation-api-1.2.jar
7fe306f6c000-7fe306f6e000 r--s 00005000 fd:00 114154891                  /home/kkaralas/Apache/spark-2.1.0-bin-hadoop2.7/jars/stax-api-1.0.1.jar
7fe306f6e000-7fe306f73000 r--s 00041000 fd:00 114154890                  /home/kkaralas/Apache/spark-2.1.0-bin-hadoop2.7/jars/commons-lang-2.6.jar
7fe306f73000-7fe306f8c000 r--s 00164000 fd:00 114154889                  /home/kkaralas/Apache/spark-2.1.0-bin-hadoop2.7/jars/hadoop-mapreduce-client-core-2.7.3.jar
7fe306f8c000-7fe306f94000 r--s 0007b000 fd:00 114154888                  /home/kkaralas/Apache/spark-2.1.0-bin-hadoop2.7/jars/protobuf-java-2.5.0.jar
7fe306f94000-7fe306f9b000 r--s 00049000 fd:00 114154887                  /home/kkaralas/Apache/spark-2.1.0-bin-hadoop2.7/jars/httpcore-4.4.4.jar
7fe306f9b000-7fe306fa0000 r--s 0002a000 fd:00 114154886                  /home/kkaralas/Apache/spark-2.1.0-bin-hadoop2.7/jars/gson-2.2.4.jar
7fe306fa0000-7fe306faf000 r--s 0009f000 fd:00 114154885                  /home/kkaralas/Apache/spark-2.1.0-bin-hadoop2.7/jars/guice-3.0.jar
7fe306faf000-7fe306fb1000 r--s 00003000 fd:00 114154884                  /home/kkaralas/Apache/spark-2.1.0-bin-hadoop2.7/jars/jcl-over-slf4j-1.7.16.jar
7fe306fb1000-7fe306fb9000 r--s 00066000 fd:00 114154883                  /home/kkaralas/Apache/spark-2.1.0-bin-hadoop2.7/jars/apache-log4j-extras-1.2.17.jar
7fe306fb9000-7fe306fbb000 r--s 00012000 fd:00 114154881                  /home/kkaralas/Apache/spark-2.1.0-bin-hadoop2.7/jars/compress-lzf-1.0.3.jar
7fe306fbb000-7fe306fc6000 r--s 000b0000 fd:00 114154882                  /home/kkaralas/Apache/spark-2.1.0-bin-hadoop2.7/jars/jtransforms-2.4.0.jar
7fe306fc6000-7fe306fd1000 r--s 00062000 fd:00 114154880                  /home/kkaralas/Apache/spark-2.1.0-bin-hadoop2.7/jars/calcite-linq4j-1.2.0-incubating.jar
7fe306fd1000-7fe306fdb000 r--s 00095000 fd:00 114152223                  /home/kkaralas/Apache/spark-2.1.0-bin-hadoop2.7/jars/scala-xml_2.11-1.0.2.jar
7fe306fdb000-7fe306fe2000 r--s 00039000 fd:00 114152222                  /home/kkaralas/Apache/spark-2.1.0-bin-hadoop2.7/jars/calcite-avatica-1.2.0-incubating.jar
7fe306fe2000-7fe307009000 r--s 0020f000 fd:00 114152221                  /home/kkaralas/Apache/spark-2.1.0-bin-hadoop2.7/jars/netty-all-4.0.42.Final.jar
7fe307009000-7fe30700b000 r--s 0000d000 fd:00 114152220                  /home/kkaralas/Apache/spark-2.1.0-bin-hadoop2.7/jars/hadoop-yarn-server-web-proxy-2.7.3.jar
7fe30700b000-7fe307014000 r--s 0006f000 fd:00 114152219                  /home/kkaralas/Apache/spark-2.1.0-bin-hadoop2.7/jars/log4j-1.2.17.jar
7fe307014000-7fe307017000 r--s 00015000 fd:00 114152218                  /home/kkaralas/Apache/spark-2.1.0-bin-hadoop2.7/jars/pyrolite-4.13.jar
7fe307017000-7fe30701e000 r--s 0007d000 fd:00 114152217                  /home/kkaralas/Apache/spark-2.1.0-bin-hadoop2.7/jars/jetty-6.1.26.jar
7fe30701e000-7fe307021000 r--s 00006000 fd:00 114152216                  /home/kkaralas/Apache/spark-2.1.0-bin-hadoop2.7/jars/jsr305-1.3.9.jar
7fe307021000-7fe307025000 r--s 00020000 fd:00 114152215                  /home/kkaralas/Apache/spark-2.1.0-bin-hadoop2.7/jars/commons-digester-1.8.jar
7fe307025000-7fe307088000 r--s 004de000 fd:00 114152214                  /home/kkaralas/Apache/spark-2.1.0-bin-hadoop2.7/jars/hive-metastore-1.2.1.spark2.jar
7fe307088000-7fe307092000 r--s 00086000 fd:00 114152213                  /home/kkaralas/Apache/spark-2.1.0-bin-hadoop2.7/jars/json4s-core_2.11-3.2.11.jar
7fe307092000-7fe307094000 r--s 00014000 fd:00 114152212                  /home/kkaralas/Apache/spark-2.1.0-bin-hadoop2.7/jars/spire-macros_2.11-0.7.4.jar
7fe307094000-7fe307095000 r--s 00004000 fd:00 114152211                  /home/kkaralas/Apache/spark-2.1.0-bin-hadoop2.7/jars/opencsv-2.3.jar
7fe307095000-7fe307115000 r--s 005dd000 fd:00 114152210                  /home/kkaralas/Apache/spark-2.1.0-bin-hadoop2.7/jars/spark-sql_2.11-2.1.0.jar
7fe307115000-7fe307117000 r--s 0000f000 fd:00 114152209                  /home/kkaralas/Apache/spark-2.1.0-bin-hadoop2.7/jars/curator-client-2.6.0.jar
7fe307117000-7fe307128000 r--s 0010d000 fd:00 114152208                  /home/kkaralas/Apache/spark-2.1.0-bin-hadoop2.7/jars/jackson-databind-2.6.5.jar
7fe307128000-7fe3071ff000 r--s 00a7f000 fd:00 114152207                  /home/kkaralas/Apache/spark-2.1.0-bin-hadoop2.7/jars/spark-core_2.11-2.1.0.jar
7fe3071ff000-7fe307200000 r--s 00004000 fd:00 114152206                  /home/kkaralas/Apache/spark-2.1.0-bin-hadoop2.7/jars/eigenbase-properties-1.1.5.jar
7fe307200000-7fe307202000 r--s 00003000 fd:00 114152205                  /home/kkaralas/Apache/spark-2.1.0-bin-hadoop2.7/jars/spark-tags_2.11-2.1.0.jar
7fe307202000-7fe307203000 r--s 00004000 fd:00 114152204                  /home/kkaralas/Apache/spark-2.1.0-bin-hadoop2.7/jars/jackson-jaxrs-1.9.13.jar
7fe307203000-7fe307209000 r--s 00040000 fd:00 114152203                  /home/kkaralas/Apache/spark-2.1.0-bin-hadoop2.7/jars/parquet-encoding-1.8.1.jar
7fe307209000-7fe30720a000 r--s 0000b000 fd:00 114152202                  /home/kkaralas/Apache/spark-2.1.0-bin-hadoop2.7/jars/snappy-0.2.jar
7fe30720a000-7fe307217000 r--s 000a7000 fd:00 114152201                  /home/kkaralas/Apache/spark-2.1.0-bin-hadoop2.7/jars/httpclient-4.5.2.jar
7fe307217000-7fe307230000 r--s 00150000 fd:00 114152200                  /home/kkaralas/Apache/spark-2.1.0-bin-hadoop2.7/jars/htrace-core-3.1.0-incubating.jar
7fe307230000-7fe307246000 r--s 000d3000 fd:00 114152199                  /home/kkaralas/Apache/spark-2.1.0-bin-hadoop2.7/jars/jersey-server-2.22.2.jar
7fe307246000-7fe30724d000 r--s 00036000 fd:00 114152198                  /home/kkaralas/Apache/spark-2.1.0-bin-hadoop2.7/jars/curator-recipes-2.6.0.jar
7fe30724d000-7fe307252000 r--s 00033000 fd:00 114152197                  /home/kkaralas/Apache/spark-2.1.0-bin-hadoop2.7/jars/libthrift-0.9.2.jar
7fe307252000-7fe307263000 r--s 00089000 fd:00 114152196                  /home/kkaralas/Apache/spark-2.1.0-bin-hadoop2.7/jars/joda-time-2.9.3.jar
7fe307263000-7fe307265000 r--s 00010000 fd:00 114152195                  /home/kkaralas/Apache/spark-2.1.0-bin-hadoop2.7/jars/hadoop-mapreduce-client-shuffle-2.7.3.jar
7fe307265000-7fe307266000 r--s 00001000 fd:00 114152194                  /home/kkaralas/Apache/spark-2.1.0-bin-hadoop2.7/jars/pmml-schema-1.2.15.jar
7fe307266000-7fe307287000 r--s 0019b000 fd:00 114152193                  /home/kkaralas/Apache/spark-2.1.0-bin-hadoop2.7/jars/spark-hive-thriftserver_2.11-2.1.0.jar
7fe307287000-7fe30728a000 r--s 00015000 fd:00 114152192                  /home/kkaralas/Apache/spark-2.1.0-bin-hadoop2.7/jars/commons-pool-1.5.4.jar
7fe30728a000-7fe30728b000 r--s 00002000 fd:00 114152191                  /home/kkaralas/Apache/spark-2.1.0-bin-hadoop2.7/jars/slf4j-log4j12-1.7.16.jar
7fe30728b000-7fe30728e000 r--s 00025000 fd:00 114152190                  /home/kkaralas/Apache/spark-2.1.0-bin-hadoop2.7/jars/commons-dbcp-1.4.jar
7fe30728e000-7fe307292000 r--s 0000c000 fd:00 114152189                  /home/kkaralas/Apache/spark-2.1.0-bin-hadoop2.7/jars/validation-api-1.1.0.Final.jar
7fe307292000-7fe307293000 r--s 0000a000 fd:00 114152188                  /home/kkaralas/Apache/spark-2.1.0-bin-hadoop2.7/jars/apacheds-i18n-2.0.0-M15.jar
7fe307293000-7fe307295000 r--s 00003000 fd:00 114152187                  /home/kkaralas/Apache/spark-2.1.0-bin-hadoop2.7/jars/api-asn1-api-1.0.0-M20.jar
7fe307295000-7fe3072a3000 r--s 0009d000 fd:00 114152186                  /home/kkaralas/Apache/spark-2.1.0-bin-hadoop2.7/jars/jersey-common-2.22.2.jar
7fe3072a3000-7fe3072b9000 r--s 001a4000 fd:00 114152185                  /home/kkaralas/Apache/spark-2.1.0-bin-hadoop2.7/jars/datanucleus-rdbms-3.2.9.jar
7fe3072b9000-7fe3072c1000 r--s 00059000 fd:00 114152184                  /home/kkaralas/Apache/spark-2.1.0-bin-hadoop2.7/jars/javolution-5.5.1.jar
7fe3072c1000-7fe3072c2000 r--s 00001000 fd:00 114152183                  /home/kkaralas/Apache/spark-2.1.0-bin-hadoop2.7/jars/minlog-1.3.0.jar
7fe3072c2000-7fe3072c9000 r--s 00058000 fd:00 114152182                  /home/kkaralas/Apache/spark-2.1.0-bin-hadoop2.7/jars/hadoop-yarn-server-common-2.7.3.jar
7fe3072c9000-7fe3072cb000 r--s 00017000 fd:00 114152181                  /home/kkaralas/Apache/spark-2.1.0-bin-hadoop2.7/jars/hive-jdbc-1.2.1.spark2.jar
7fe3072cb000-7fe3072cd000 r--s 00002000 fd:00 114152180                  /home/kkaralas/Apache/spark-2.1.0-bin-hadoop2.7/jars/aopalliance-repackaged-2.4.0-b34.jar
7fe3072cd000-7fe3072d3000 r--s 00045000 fd:00 114152179                  /home/kkaralas/Apache/spark-2.1.0-bin-hadoop2.7/jars/commons-httpclient-3.1.jar
7fe3072d3000-7fe3072d6000 r--s 000fd000 fd:00 114152178                  /home/kkaralas/Apache/spark-2.1.0-bin-hadoop2.7/jars/leveldbjni-all-1.8.jar
7fe3072d6000-7fe3072dd000 r--s 0003f000 fd:00 114152177                  /home/kkaralas/Apache/spark-2.1.0-bin-hadoop2.7/jars/commons-codec-1.10.jar
7fe3072dd000-7fe3072e0000 r--s 00012000 fd:00 114152176                  /home/kkaralas/Apache/spark-2.1.0-bin-hadoop2.7/jars/json4s-ast_2.11-3.2.11.jar
7fe3072e0000-7fe3072ee000 r--s 0009d000 fd:00 114152175                  /home/kkaralas/Apache/spark-2.1.0-bin-hadoop2.7/jars/spark-graphx_2.11-2.1.0.jar
7fe3072ee000-7fe3072ef000 r--s 00009000 fd:00 114152174                  /home/kkaralas/Apache/spark-2.1.0-bin-hadoop2.7/jars/json4s-jackson_2.11-3.2.11.jar
7fe3072ef000-7fe3072f0000 r--s 00000000 fd:00 114152173                  /home/kkaralas/Apache/spark-2.1.0-bin-hadoop2.7/jars/javax.inject-1.jar
7fe3072f0000-7fe3072fd000 r--s 00083000 fd:00 114152172                  /home/kkaralas/Apache/spark-2.1.0-bin-hadoop2.7/jars/commons-collections-3.2.2.jar
7fe3072fd000-7fe307301000 r--s 00035000 fd:00 114152171                  /home/kkaralas/Apache/spark-2.1.0-bin-hadoop2.7/jars/jackson-core-asl-1.9.13.jar
7fe307301000-7fe307312000 r--s 0009e000 fd:00 114152170                  /home/kkaralas/Apache/spark-2.1.0-bin-hadoop2.7/jars/spark-yarn_2.11-2.1.0.jar
7fe307312000-7fe307315000 r--s 00021000 fd:00 114152169                  /home/kkaralas/Apache/spark-2.1.0-bin-hadoop2.7/jars/xbean-asm5-shaded-4.4.jar
7fe307315000-7fe30736a000 r--s 0069c000 fd:00 114152168                  /home/kkaralas/Apache/spark-2.1.0-bin-hadoop2.7/jars/spire_2.11-0.7.4.jar
7fe30736a000-7fe307382000 r--s 0010a000 fd:00 114152167                  /home/kkaralas/Apache/spark-2.1.0-bin-hadoop2.7/jars/spark-hive_2.11-2.1.0.jar
7fe307382000-7fe307383000 r--s 00003000 fd:00 114152166                  /home/kkaralas/Apache/spark-2.1.0-bin-hadoop2.7/jars/xmlenc-0.52.jar
7fe307383000-7fe307386000 r--s 00016000 fd:00 114152165                  /home/kkaralas/Apache/spark-2.1.0-bin-hadoop2.7/jars/jsp-api-2.1.jar
7fe307386000-7fe3073ba000 r--s 00277000 fd:00 114152164                  /home/kkaralas/Apache/spark-2.1.0-bin-hadoop2.7/jars/parquet-hadoop-bundle-1.6.0.jar
7fe3073ba000-7fe3073be000 r--s 00029000 fd:00 114152163                  /home/kkaralas/Apache/spark-2.1.0-bin-hadoop2.7/jars/hk2-locator-2.4.0-b34.jar
7fe3073be000-7fe3073c5000 r--s 00058000 fd:00 114152162                  /home/kkaralas/Apache/spark-2.1.0-bin-hadoop2.7/jars/parquet-format-2.3.0-incubating.jar
7fe3073c5000-7fe3073c7000 r--s 00006000 fd:00 114152161                  /home/kkaralas/Apache/spark-2.1.0-bin-hadoop2.7/jars/paranamer-2.3.jar
7fe3073c7000-7fe3073c9000 r--s 00004000 fd:00 114152160                  /home/kkaralas/Apache/spark-2.1.0-bin-hadoop2.7/jars/stax-api-1.0-2.jar
7fe3073c9000-7fe3073df000 r--s 000d1000 fd:00 108941785                  /home/kkaralas/Apache/spark-2.1.0-bin-hadoop2.7/jars/parquet-column-1.8.1.jar
7fe3073df000-7fe3073e3000 r--s 00018000 fd:00 108941776                  /home/kkaralas/Apache/spark-2.1.0-bin-hadoop2.7/jars/metrics-core-3.1.2.jar
7fe3073e3000-7fe3073e7000 r--s 00031000 fd:00 108879565                  /home/kkaralas/Apache/spark-2.1.0-bin-hadoop2.7/jars/jline-2.12.1.jar
7fe3073e7000-7fe3073ec000 r--s 0004e000 fd:00 114057343                  /home/kkaralas/Apache/spark-2.1.0-bin-hadoop2.7/jars/datanucleus-api-jdo-3.2.6.jar
7fe3073ec000-7fe3073ee000 r--s 00008000 fd:00 114057342                  /home/kkaralas/Apache/spark-2.1.0-bin-hadoop2.7/jars/parquet-common-1.8.1.jar
7fe3073ee000-7fe3073f7000 r--s 00062000 fd:00 114057341                  /home/kkaralas/Apache/spark-2.1.0-bin-hadoop2.7/jars/avro-1.7.7.jar
7fe3073f7000-7fe3073fb000 r--s 0001a000 fd:00 114057340                  /home/kkaralas/Apache/spark-2.1.0-bin-hadoop2.7/jars/hk2-utils-2.4.0-b34.jar
7fe3073fb000-7fe307400000 r--s 0002a000 fd:00 114057339                  /home/kkaralas/Apache/spark-2.1.0-bin-hadoop2.7/jars/commons-beanutils-1.7.0.jar
7fe307400000-7fe307403000 r--s 0000e000 fd:00 114057338                  /home/kkaralas/Apache/spark-2.1.0-bin-hadoop2.7/jars/jersey-container-servlet-core-2.22.2.jar
7fe307403000-7fe307408000 r--s 00036000 fd:00 114057337                  /home/kkaralas/Apache/spark-2.1.0-bin-hadoop2.7/jars/commons-compress-1.4.1.jar
7fe307408000-7fe30740c000 r--s 00028000 fd:00 114057336                  /home/kkaralas/Apache/spark-2.1.0-bin-hadoop2.7/jars/jetty-util-6.1.26.jar
7fe30740c000-7fe307427000 r--s 001d8000 fd:00 114057335                  /home/kkaralas/Apache/spark-2.1.0-bin-hadoop2.7/jars/jets3t-0.9.3.jar
7fe307427000-7fe30743f000 r--s 000d6000 fd:00 114057334                  /home/kkaralas/Apache/spark-2.1.0-bin-hadoop2.7/jars/jersey-guava-2.22.2.jar
7fe30743f000-7fe307457000 r--s 001b6000 fd:00 114057332                  /home/kkaralas/Apache/spark-2.1.0-bin-hadoop2.7/jars/datanucleus-core-3.2.10.jar
7fe307457000-7fe30748d000 r--s 0031c000 fd:00 114057329                  /home/kkaralas/Apache/spark-2.1.0-bin-hadoop2.7/jars/hadoop-common-2.7.3.jar
7fe30748d000-7fe30749a000 r--s 000b1000 fd:00 114057325                  /home/kkaralas/Apache/spark-2.1.0-bin-hadoop2.7/jars/hadoop-mapreduce-client-common-2.7.3.jar
7fe30749a000-7fe3074bb000 rw-p 00000000 00:00 0 
7fe3074bb000-7fe30758b000 r--s 00cf0000 fd:00 114057320                  /home/kkaralas/Apache/spark-2.1.0-bin-hadoop2.7/jars/breeze_2.11-0.12.jar
7fe30758b000-7fe3075f6000 r--s 00784000 fd:00 114057314                  /home/kkaralas/Apache/spark-2.1.0-bin-hadoop2.7/jars/hadoop-hdfs-2.7.3.jar
7fe3075f6000-7fe3075f7000 ---p 00000000 00:00 0 
7fe3075f7000-7fe3076f7000 rw-p 00000000 00:00 0                          [stack:1842]
7fe3076f7000-7fe3076fa000 ---p 00000000 00:00 0 
7fe3076fa000-7fe3077f8000 rw-p 00000000 00:00 0                          [stack:1841]
7fe3077f8000-7fe3077fb000 ---p 00000000 00:00 0 
7fe3077fb000-7fe3078f9000 rw-p 00000000 00:00 0                          [stack:1840]
7fe3078f9000-7fe3078fc000 ---p 00000000 00:00 0 
7fe3078fc000-7fe3079fa000 rw-p 00000000 00:00 0                          [stack:1839]
7fe3079fa000-7fe3079fd000 ---p 00000000 00:00 0 
7fe3079fd000-7fe307afb000 rw-p 00000000 00:00 0                          [stack:1838]
7fe307afb000-7fe307afe000 ---p 00000000 00:00 0 
7fe307afe000-7fe307bfc000 rw-p 00000000 00:00 0                          [stack:1837]
7fe307bfc000-7fe307bff000 ---p 00000000 00:00 0 
7fe307bff000-7fe307cfd000 rw-p 00000000 00:00 0                          [stack:1836]
7fe307cfd000-7fe307cfe000 ---p 00000000 00:00 0 
7fe307cfe000-7fe308000000 rw-p 00000000 00:00 0                          [stack:1835]
7fe308000000-7fe308022000 rw-p 00000000 00:00 0 
7fe308022000-7fe30c000000 ---p 00000000 00:00 0 
7fe30c000000-7fe30c001000 r--s 00002000 fd:00 109015322                  /home/kkaralas/Apache/spark-2.1.0-bin-hadoop2.7/jars/java-xmlbuilder-1.0.jar
7fe30c001000-7fe30c003000 r--s 00003000 fd:00 114057333                  /home/kkaralas/Apache/spark-2.1.0-bin-hadoop2.7/jars/jersey-container-servlet-2.22.2.jar
7fe30c003000-7fe30c005000 r--s 0000f000 fd:00 114057330                  /home/kkaralas/Apache/spark-2.1.0-bin-hadoop2.7/jars/activation-1.1.1.jar
7fe30c005000-7fe30c009000 r--s 00029000 fd:00 114057328                  /home/kkaralas/Apache/spark-2.1.0-bin-hadoop2.7/jars/breeze-macros_2.11-0.12.jar
7fe30c009000-7fe30c00c000 r--s 0002f000 fd:00 114057326                  /home/kkaralas/Apache/spark-2.1.0-bin-hadoop2.7/jars/RoaringBitmap-0.5.11.jar
7fe30c00c000-7fe30c020000 r--s 000ec000 fd:00 114057318                  /home/kkaralas/Apache/spark-2.1.0-bin-hadoop2.7/jars/parquet-jackson-1.8.1.jar
7fe30c020000-7fe30c626000 rw-p 00000000 00:00 0 
7fe30c626000-7fe30c7ff000 r--s 03d3e000 fd:00 6428483                    /opt/jdk1.8.0_121/jre/lib/rt.jar
7fe30c7ff000-7fe30cfff000 rw-p 00000000 00:00 0 
7fe30cfff000-7fe32724e000 rw-p 00000000 00:00 0 
7fe32724e000-7fe3277ff000 ---p 00000000 00:00 0 
7fe3277ff000-7fe32824e000 rw-p 00000000 00:00 0 
7fe32824e000-7fe3287ff000 ---p 00000000 00:00 0 
7fe3287ff000-7fe328d00000 rw-p 00000000 00:00 0 
7fe328d00000-7fe328fff000 ---p 00000000 00:00 0 
7fe328fff000-7fe329000000 rw-p 00000000 00:00 0 
7fe329000000-7fe329990000 rwxp 00000000 00:00 0 
7fe329990000-7fe338000000 ---p 00000000 00:00 0 
7fe338000000-7fe339f37000 rw-p 00000000 00:00 0 
7fe339f37000-7fe33c000000 ---p 00000000 00:00 0 
7fe33c000000-7fe33c001000 r--s 00003000 fd:00 114057331                  /home/kkaralas/Apache/spark-2.1.0-bin-hadoop2.7/jars/jta-1.1.jar
7fe33c001000-7fe33c008000 r--s 00051000 fd:00 114057323                  /home/kkaralas/Apache/spark-2.1.0-bin-hadoop2.7/jars/kryo-shaded-3.0.3.jar
7fe33c008000-7fe33c020000 r--s 00115000 fd:00 114057316                  /home/kkaralas/Apache/spark-2.1.0-bin-hadoop2.7/jars/xercesImpl-2.9.1.jar
7fe33c020000-7fe33c2ea000 rw-p 00000000 00:00 0 
7fe33c2ea000-7fe33c2eb000 ---p 00000000 00:00 0 
7fe33c2eb000-7fe33c3eb000 rw-p 00000000 00:00 0                          [stack:1834]
7fe33c3eb000-7fe33c3ec000 ---p 00000000 00:00 0 
7fe33c3ec000-7fe33c513000 rw-p 00000000 00:00 0                          [stack:1833]
7fe33c513000-7fe33c8ac000 ---p 00000000 00:00 0 
7fe33c8ac000-7fe33c8c6000 r-xp 00000000 fd:00 105719164                  /opt/jdk1.8.0_121/jre/lib/amd64/libzip.so
7fe33c8c6000-7fe33cac6000 ---p 0001a000 fd:00 105719164                  /opt/jdk1.8.0_121/jre/lib/amd64/libzip.so
7fe33cac6000-7fe33cac7000 rw-p 0001a000 fd:00 105719164                  /opt/jdk1.8.0_121/jre/lib/amd64/libzip.so
7fe33cac7000-7fe33cad2000 r-xp 00000000 fd:00 67169592                   /usr/lib64/libnss_files-2.17.so
7fe33cad2000-7fe33ccd1000 ---p 0000b000 fd:00 67169592                   /usr/lib64/libnss_files-2.17.so
7fe33ccd1000-7fe33ccd2000 r--p 0000a000 fd:00 67169592                   /usr/lib64/libnss_files-2.17.so
7fe33ccd2000-7fe33ccd3000 rw-p 0000b000 fd:00 67169592                   /usr/lib64/libnss_files-2.17.so
7fe33ccd3000-7fe33ccd9000 rw-p 00000000 00:00 0 
7fe33ccd9000-7fe33cd04000 r-xp 00000000 fd:00 105719189                  /opt/jdk1.8.0_121/jre/lib/amd64/libjava.so
7fe33cd04000-7fe33cf03000 ---p 0002b000 fd:00 105719189                  /opt/jdk1.8.0_121/jre/lib/amd64/libjava.so
7fe33cf03000-7fe33cf05000 rw-p 0002a000 fd:00 105719189                  /opt/jdk1.8.0_121/jre/lib/amd64/libjava.so
7fe33cf05000-7fe33cf12000 r-xp 00000000 fd:00 105719142                  /opt/jdk1.8.0_121/jre/lib/amd64/libverify.so
7fe33cf12000-7fe33d111000 ---p 0000d000 fd:00 105719142                  /opt/jdk1.8.0_121/jre/lib/amd64/libverify.so
7fe33d111000-7fe33d113000 rw-p 0000c000 fd:00 105719142                  /opt/jdk1.8.0_121/jre/lib/amd64/libverify.so
7fe33d113000-7fe33d11a000 r-xp 00000000 fd:00 67169604                   /usr/lib64/librt-2.17.so
7fe33d11a000-7fe33d319000 ---p 00007000 fd:00 67169604                   /usr/lib64/librt-2.17.so
7fe33d319000-7fe33d31a000 r--p 00006000 fd:00 67169604                   /usr/lib64/librt-2.17.so
7fe33d31a000-7fe33d31b000 rw-p 00007000 fd:00 67169604                   /usr/lib64/librt-2.17.so
7fe33d31b000-7fe33d41c000 r-xp 00000000 fd:00 67169582                   /usr/lib64/libm-2.17.so
7fe33d41c000-7fe33d61b000 ---p 00101000 fd:00 67169582                   /usr/lib64/libm-2.17.so
7fe33d61b000-7fe33d61c000 r--p 00100000 fd:00 67169582                   /usr/lib64/libm-2.17.so
7fe33d61c000-7fe33d61d000 rw-p 00101000 fd:00 67169582                   /usr/lib64/libm-2.17.so
7fe33d61d000-7fe33e2eb000 r-xp 00000000 fd:00 36522073                   /opt/jdk1.8.0_121/jre/lib/amd64/server/libjvm.so
7fe33e2eb000-7fe33e4eb000 ---p 00cce000 fd:00 36522073                   /opt/jdk1.8.0_121/jre/lib/amd64/server/libjvm.so
7fe33e4eb000-7fe33e5c4000 rw-p 00cce000 fd:00 36522073                   /opt/jdk1.8.0_121/jre/lib/amd64/server/libjvm.so
7fe33e5c4000-7fe33e60f000 rw-p 00000000 00:00 0 
7fe33e60f000-7fe33e7c5000 r-xp 00000000 fd:00 67169574                   /usr/lib64/libc-2.17.so
7fe33e7c5000-7fe33e9c5000 ---p 001b6000 fd:00 67169574                   /usr/lib64/libc-2.17.so
7fe33e9c5000-7fe33e9c9000 r--p 001b6000 fd:00 67169574                   /usr/lib64/libc-2.17.so
7fe33e9c9000-7fe33e9cb000 rw-p 001ba000 fd:00 67169574                   /usr/lib64/libc-2.17.so
7fe33e9cb000-7fe33e9d0000 rw-p 00000000 00:00 0 
7fe33e9d0000-7fe33e9d3000 r-xp 00000000 fd:00 67169580                   /usr/lib64/libdl-2.17.so
7fe33e9d3000-7fe33ebd2000 ---p 00003000 fd:00 67169580                   /usr/lib64/libdl-2.17.so
7fe33ebd2000-7fe33ebd3000 r--p 00002000 fd:00 67169580                   /usr/lib64/libdl-2.17.so
7fe33ebd3000-7fe33ebd4000 rw-p 00003000 fd:00 67169580                   /usr/lib64/libdl-2.17.so
7fe33ebd4000-7fe33ebe9000 r-xp 00000000 fd:00 105718940                  /opt/jdk1.8.0_121/lib/amd64/jli/libjli.so
7fe33ebe9000-7fe33ede9000 ---p 00015000 fd:00 105718940                  /opt/jdk1.8.0_121/lib/amd64/jli/libjli.so
7fe33ede9000-7fe33edea000 rw-p 00015000 fd:00 105718940                  /opt/jdk1.8.0_121/lib/amd64/jli/libjli.so
7fe33edea000-7fe33ee00000 r-xp 00000000 fd:00 67169600                   /usr/lib64/libpthread-2.17.so
7fe33ee00000-7fe33f000000 ---p 00016000 fd:00 67169600                   /usr/lib64/libpthread-2.17.so
7fe33f000000-7fe33f001000 r--p 00016000 fd:00 67169600                   /usr/lib64/libpthread-2.17.so
7fe33f001000-7fe33f002000 rw-p 00017000 fd:00 67169600                   /usr/lib64/libpthread-2.17.so
7fe33f002000-7fe33f006000 rw-p 00000000 00:00 0 
7fe33f006000-7fe33f027000 r-xp 00000000 fd:00 67169567                   /usr/lib64/ld-2.17.so
7fe33f027000-7fe33f029000 r--s 00015000 fd:00 114057327                  /home/kkaralas/Apache/spark-2.1.0-bin-hadoop2.7/jars/hadoop-auth-2.7.3.jar
7fe33f029000-7fe33f02b000 r--s 00008000 fd:00 114057324                  /home/kkaralas/Apache/spark-2.1.0-bin-hadoop2.7/jars/metrics-jvm-3.1.2.jar
7fe33f02b000-7fe33f02e000 r--s 00028000 fd:00 114057322                  /home/kkaralas/Apache/spark-2.1.0-bin-hadoop2.7/jars/stream-2.7.0.jar
7fe33f02e000-7fe33f032000 r--s 00028000 fd:00 114057321                  /home/kkaralas/Apache/spark-2.1.0-bin-hadoop2.7/jars/spark-mllib-local_2.11-2.1.0.jar
7fe33f032000-7fe33f034000 r--s 00009000 fd:00 114057319                  /home/kkaralas/Apache/spark-2.1.0-bin-hadoop2.7/jars/spark-unsafe_2.11-2.1.0.jar
7fe33f034000-7fe33f038000 r--s 00025000 fd:00 114057317                  /home/kkaralas/Apache/spark-2.1.0-bin-hadoop2.7/jars/antlr-runtime-3.4.jar
7fe33f038000-7fe33f03a000 r--s 0000e000 fd:00 114057315                  /home/kkaralas/Apache/spark-2.1.0-bin-hadoop2.7/jars/oro-2.0.8.jar
7fe33f03a000-7fe33f03b000 r--s 00009000 fd:00 114057313                  /home/kkaralas/Apache/spark-2.1.0-bin-hadoop2.7/jars/hadoop-annotations-2.7.3.jar
7fe33f03b000-7fe33f10d000 rw-p 00000000 00:00 0 
7fe33f10d000-7fe33f110000 ---p 00000000 00:00 0 
7fe33f110000-7fe33f212000 rw-p 00000000 00:00 0                          [stack:1832]
7fe33f212000-7fe33f215000 r--s 00015000 fd:00 114057312                  /home/kkaralas/Apache/spark-2.1.0-bin-hadoop2.7/jars/javax.servlet-api-3.1.0.jar
7fe33f215000-7fe33f219000 r--s 00030000 fd:00 114057311                  /home/kkaralas/Apache/spark-2.1.0-bin-hadoop2.7/jars/commons-net-2.2.jar
7fe33f219000-7fe33f21c000 r--s 00019000 fd:00 114057310                  /home/kkaralas/Apache/spark-2.1.0-bin-hadoop2.7/jars/bonecp-0.8.0.RELEASE.jar
7fe33f21c000-7fe33f224000 rw-s 00000000 fd:00 36200758                   /tmp/hsperfdata_kkaralas/1811
7fe33f224000-7fe33f225000 rw-p 00000000 00:00 0 
7fe33f225000-7fe33f226000 r--p 00000000 00:00 0 
7fe33f226000-7fe33f227000 rw-p 00000000 00:00 0 
7fe33f227000-7fe33f228000 r--p 00021000 fd:00 67169567                   /usr/lib64/ld-2.17.so
7fe33f228000-7fe33f229000 rw-p 00022000 fd:00 67169567                   /usr/lib64/ld-2.17.so
7fe33f229000-7fe33f22a000 rw-p 00000000 00:00 0 
7fff8629e000-7fff862c0000 rw-p 00000000 00:00 0                          [stack]
7fff863de000-7fff863e0000 r-xp 00000000 00:00 0                          [vdso]
ffffffffff600000-ffffffffff601000 r-xp 00000000 00:00 0                  [vsyscall]

VM Arguments:
jvm_args: -Xmx12G -XX:+UseCompressedOops -XX:MaxPermSize=2g -Xms1g 
java_command: org.apache.spark.deploy.SparkSubmit --master spark://master:8088 --conf spark.driver.memory=12G --conf spark.yarn.driver.memoryOverhead=1g --conf spark.driver.maxResultSize=5g --conf spark.network.timeout=480s --conf spark.yarn.executor.memoryOverhead=1g --conf spark.sql.shuffle.partitions=4096 --conf spark.driver.extraJavaOptions=-XX:+UseCompressedOops -XX:MaxPermSize=2g -d64 -Xms1g --class demo.SentinelRgbIngestMain --name  Ingest --driver-cores 1 --executor-memory 9g --executor-cores 2 ingest/target/scala-2.11/ingest-assembly-0.1.0.jar
java_class_path (initial): /home/kkaralas/Apache/spark-2.1.0-bin-hadoop2.7/conf/:/home/kkaralas/Apache/spark-2.1.0-bin-hadoop2.7/jars/bonecp-0.8.0.RELEASE.jar:/home/kkaralas/Apache/spark-2.1.0-bin-hadoop2.7/jars/commons-net-2.2.jar:/home/kkaralas/Apache/spark-2.1.0-bin-hadoop2.7/jars/javax.servlet-api-3.1.0.jar:/home/kkaralas/Apache/spark-2.1.0-bin-hadoop2.7/jars/hadoop-annotations-2.7.3.jar:/home/kkaralas/Apache/spark-2.1.0-bin-hadoop2.7/jars/hadoop-hdfs-2.7.3.jar:/home/kkaralas/Apache/spark-2.1.0-bin-hadoop2.7/jars/oro-2.0.8.jar:/home/kkaralas/Apache/spark-2.1.0-bin-hadoop2.7/jars/xercesImpl-2.9.1.jar:/home/kkaralas/Apache/spark-2.1.0-bin-hadoop2.7/jars/antlr-runtime-3.4.jar:/home/kkaralas/Apache/spark-2.1.0-bin-hadoop2.7/jars/parquet-jackson-1.8.1.jar:/home/kkaralas/Apache/spark-2.1.0-bin-hadoop2.7/jars/spark-unsafe_2.11-2.1.0.jar:/home/kkaralas/Apache/spark-2.1.0-bin-hadoop2.7/jars/breeze_2.11-0.12.jar:/home/kkaralas/Apache/spark-2.1.0-bin-hadoop2.7/jars/spark-mllib-local_2.11-2.1.0.jar:/home/kkaralas/Apache/spark-2.1.0-bin-hadoop2.7/jars/stream-2.7.0.jar:/home/kkaralas/Apache/spark-2.1.0-bin-hadoop2.7/jars/kryo-shaded-3.0.3.jar:/home/kkaralas/Apache/spark-2.1.0-bin-hadoop2.7/jars/metrics-jvm-3.1.2.jar:/home/kkaralas/Apache/spark-2.1.0-bin-hadoop2.7/jars/hadoop-mapreduce-client-common-2.7.3.jar:/home/kkaralas/Apache/spark-2.1.0-bin-hadoop2.7/jars/RoaringBitmap-0.5.11.jar:/home/kkaralas/Apache/spark-2.1.0-bin-hadoop2.7/jars/hadoop-auth-2.7.3.jar:/home/kkaralas/Apache/spark-2.1.0-bin-hadoop2.7/jars/breeze-macros_2.11-0.12.jar:/home/kkaralas/Apache/spark-2.1.0-bin-hadoop2.7/jars/hadoop-common-2.7.3.jar:/home/kkaralas/Apache/spark-2.1.0-bin-hadoop2.7/jars/activation-1.1.1.jar:/home/kkaralas/Apache/spark-2.1.0-bin-hadoop2.7/jars/jta-1.1.jar:/home/kkaralas/Apache/spark-2.1.0-bin-hadoop2.7/jars/datanucleus-core-3.2.10.jar:/home/kkaralas/Apache/spark-2.1.0-bin-hadoop2.7/jars/jersey-container-servlet-2.22.2.jar:/home/kkaralas/Apache/spark-2.1.0-bin-hadoop2.7/jars/jerse
Launcher Type: SUN_STANDARD

Environment Variables:
JAVA_HOME=/opt/jdk1.8.0_121/
PATH=/opt/jdk1.8.0_121//bin:/opt/jdk1.8.0_121//bin:/usr/lib64/qt-3.3/bin:/usr/local/bin:/usr/local/sbin:/usr/bin:/usr/sbin:/bin:/sbin:/opt/dbeaver:/opt/idea-IC-163.12024.16/bin:/home/kkaralas/Apache/spark-2.1.0-bin-hadoop2.7/bin:/home/kkaralas/.local/bin:/home/kkaralas/bin:/opt/dbeaver:/opt/idea-IC-163.12024.16/bin:/home/kkaralas/Apache/spark-2.1.0-bin-hadoop2.7/bin
USERNAME=kkaralas
SHELL=/bin/bash
DISPLAY=:0

Signal Handlers:
SIGSEGV: [libjvm.so+0xac78c0], sa_mask[0]=11111111011111111101111111111110, sa_flags=SA_RESTART|SA_SIGINFO
SIGBUS: [libjvm.so+0xac78c0], sa_mask[0]=11111111011111111101111111111110, sa_flags=SA_RESTART|SA_SIGINFO
SIGFPE: [libjvm.so+0x920ac0], sa_mask[0]=11111111011111111101111111111110, sa_flags=SA_RESTART|SA_SIGINFO
SIGPIPE: [libjvm.so+0x920ac0], sa_mask[0]=11111111011111111101111111111110, sa_flags=SA_RESTART|SA_SIGINFO
SIGXFSZ: [libjvm.so+0x920ac0], sa_mask[0]=11111111011111111101111111111110, sa_flags=SA_RESTART|SA_SIGINFO
SIGILL: [libjvm.so+0x920ac0], sa_mask[0]=11111111011111111101111111111110, sa_flags=SA_RESTART|SA_SIGINFO
SIGUSR1: SIG_DFL, sa_mask[0]=00000000000000000000000000000000, sa_flags=none
SIGUSR2: [libjvm.so+0x922300], sa_mask[0]=00000000000000000000000000000000, sa_flags=SA_RESTART|SA_SIGINFO
SIGHUP: [libjvm.so+0x923700], sa_mask[0]=11111111011111111101111111111110, sa_flags=SA_RESTART|SA_SIGINFO
SIGINT: [libjvm.so+0x923700], sa_mask[0]=11111111011111111101111111111110, sa_flags=SA_RESTART|SA_SIGINFO
SIGTERM: [libjvm.so+0x923700], sa_mask[0]=11111111011111111101111111111110, sa_flags=SA_RESTART|SA_SIGINFO
SIGQUIT: [libjvm.so+0x923700], sa_mask[0]=11111111011111111101111111111110, sa_flags=SA_RESTART|SA_SIGINFO


---------------  S Y S T E M  ---------------

OS:CentOS Linux release 7.2.1511 (Core) 

uname:Linux 3.10.0-327.el7.x86_64 #1 SMP Thu Nov 19 22:10:57 UTC 2015 x86_64
libc:glibc 2.17 NPTL 2.17 
rlimit: STACK 8192k, CORE 0k, NPROC 4096, NOFILE 4096, AS infinity
load average:2.00 0.76 0.59

/proc/meminfo:
MemTotal:       10591616 kB
MemFree:          124964 kB
MemAvailable:      92960 kB
Buffers:               0 kB
Cached:           164192 kB
SwapCached:       196864 kB
Active:          6016760 kB
Inactive:        1206388 kB
Active(anon):    6003624 kB
Inactive(anon):  1188912 kB
Active(file):      13136 kB
Inactive(file):    17476 kB
Unevictable:     2951584 kB
Mlocked:         2951584 kB
SwapTotal:       3354620 kB
SwapFree:         600052 kB
Dirty:                52 kB
Writeback:          4180 kB
AnonPages:       9856656 kB
Mapped:           146360 kB
Shmem:              9948 kB
Slab:             131196 kB
SReclaimable:      74312 kB
SUnreclaim:        56884 kB
KernelStack:       11072 kB
PageTables:        52760 kB
NFS_Unstable:          0 kB
Bounce:                0 kB
WritebackTmp:          0 kB
CommitLimit:     8650428 kB
Committed_AS:   17150076 kB
VmallocTotal:   34359738367 kB
VmallocUsed:       94084 kB
VmallocChunk:   34359636472 kB
HardwareCorrupted:     0 kB
AnonHugePages:   4339712 kB
HugePages_Total:       0
HugePages_Free:        0
HugePages_Rsvd:        0
HugePages_Surp:        0
Hugepagesize:       2048 kB
DirectMap4k:       94144 kB
DirectMap2M:    10915840 kB


CPU:total 2 (2 cores per cpu, 1 threads per core) family 6 model 60 stepping 3, cmov, cx8, fxsr, mmx, sse, sse2, sse3, ssse3, sse4.1, sse4.2, popcnt, avx, aes, clmul, lzcnt, tsc, tscinvbit

/proc/cpuinfo:
processor	: 0
vendor_id	: GenuineIntel
cpu family	: 6
model		: 60
model name	: Intel(R) Core(TM) i7-4790 CPU @ 3.60GHz
stepping	: 3
cpu MHz		: 3591.688
cache size	: 8192 KB
physical id	: 0
siblings	: 2
core id		: 0
cpu cores	: 2
apicid		: 0
initial apicid	: 0
fpu		: yes
fpu_exception	: yes
cpuid level	: 13
wp		: yes
flags		: fpu vme de pse tsc msr pae mce cx8 apic sep mtrr pge mca cmov pat pse36 clflush mmx fxsr sse sse2 ht syscall nx rdtscp lm constant_tsc rep_good nopl xtopology nonstop_tsc pni pclmulqdq ssse3 cx16 sse4_1 sse4_2 x2apic movbe popcnt aes xsave avx rdrand hypervisor lahf_lm abm
bogomips	: 7183.37
clflush size	: 64
cache_alignment	: 64
address sizes	: 39 bits physical, 48 bits virtual
power management:

processor	: 1
vendor_id	: GenuineIntel
cpu family	: 6
model		: 60
model name	: Intel(R) Core(TM) i7-4790 CPU @ 3.60GHz
stepping	: 3
cpu MHz		: 3591.688
cache size	: 8192 KB
physical id	: 0
siblings	: 2
core id		: 1
cpu cores	: 2
apicid		: 1
initial apicid	: 1
fpu		: yes
fpu_exception	: yes
cpuid level	: 13
wp		: yes
flags		: fpu vme de pse tsc msr pae mce cx8 apic sep mtrr pge mca cmov pat pse36 clflush mmx fxsr sse sse2 ht syscall nx rdtscp lm constant_tsc rep_good nopl xtopology nonstop_tsc pni pclmulqdq ssse3 cx16 sse4_1 sse4_2 x2apic movbe popcnt aes xsave avx rdrand hypervisor lahf_lm abm
bogomips	: 7183.37
clflush size	: 64
cache_alignment	: 64
address sizes	: 39 bits physical, 48 bits virtual
power management:



Memory: 4k page, physical 10591616k(124964k free), swap 3354620k(600052k free)

vm_info: Java HotSpot(TM) 64-Bit Server VM (25.121-b13) for linux-amd64 JRE (1.8.0_121-b13), built on Dec 12 2016 16:36:53 by "java_re" with gcc 4.3.0 20080428 (Red Hat 4.3.0-8)

time: Thu Apr 20 18:26:19 2017
elapsed time: 26 seconds (0d 0h 0m 26s)

