#
# There is insufficient memory for the Java Runtime Environment to continue.
# Native memory allocation (mmap) failed to map 1447034880 bytes for committing reserved memory.
# Possible reasons:
#   The system is out of physical RAM or swap space
#   In 32 bit mode, the process size limit was hit
# Possible solutions:
#   Reduce memory load on the system
#   Increase physical memory or swap space
#   Check if swap backing store is full
#   Use 64 bit Java on a 64 bit OS
#   Decrease Java heap size (-Xmx/-Xms)
#   Decrease number of Java threads
#   Decrease Java thread stack sizes (-Xss)
#   Set larger code cache with -XX:ReservedCodeCacheSize=
# This output file may be truncated or incomplete.
#
#  Out of Memory Error (os_linux.cpp:2627), pid=31179, tid=0x00007f168dfe0700
#
# JRE version: Java(TM) SE Runtime Environment (8.0_121-b13) (build 1.8.0_121-b13)
# Java VM: Java HotSpot(TM) 64-Bit Server VM (25.121-b13 mixed mode linux-amd64 compressed oops)
# Failed to write core dump. Core dumps have been disabled. To enable core dumping, try "ulimit -c unlimited" before starting Java again
#

---------------  T H R E A D  ---------------

Current thread (0x00007f169c078800):  JavaThread "Executor task launch worker-0" daemon [_thread_in_vm, id=31244, stack(0x00007f168dee0000,0x00007f168dfe1000)]

Stack: [0x00007f168dee0000,0x00007f168dfe1000],  sp=0x00007f168dfde530,  free space=1017k
Native frames: (J=compiled Java code, j=interpreted, Vv=VM code, C=native code)
V  [libjvm.so+0xac703a]  VMError::report_and_die()+0x2ba
V  [libjvm.so+0x4fc7eb]  report_vm_out_of_memory(char const*, int, unsigned long, VMErrorType, char const*)+0x8b
V  [libjvm.so+0x923c43]  os::Linux::commit_memory_impl(char*, unsigned long, bool)+0x103
V  [libjvm.so+0x924199]  os::pd_commit_memory(char*, unsigned long, unsigned long, bool)+0x29
V  [libjvm.so+0x91e4aa]  os::commit_memory(char*, unsigned long, unsigned long, bool)+0x2a
V  [libjvm.so+0x992f03]  PSVirtualSpace::expand_by(unsigned long)+0x53
V  [libjvm.so+0x9837c0]  PSOldGen::expand(unsigned long)+0x170
V  [libjvm.so+0x983a7a]  PSOldGen::expand_and_allocate(unsigned long)+0x1a
V  [libjvm.so+0x983b9b]  PSOldGen::allocate(unsigned long)+0xcb
V  [libjvm.so+0x9478ce]  ParallelScavengeHeap::mem_allocate(unsigned long, bool*)+0xfe
V  [libjvm.so+0xa8c71e]  TypeArrayKlass::allocate_common(int, bool, Thread*)+0x26e
V  [libjvm.so+0x3dd25a]  Runtime1::new_type_array(JavaThread*, Klass*, int)+0x2a
v  ~RuntimeStub::new_type_array Runtime1 stub
J 2713 C1 scala.reflect.ManifestFactory$$anon$6.newArray(I)Ljava/lang/Object; (6 bytes) @ 0x00007f16ed786f96 [0x00007f16ed786dc0+0x1d6]
j  scala.Array$.ofDim(ILscala/reflect/ClassTag;)Ljava/lang/Object;+2
j  geotrellis.spark.io.hadoop.HdfsUtils$.readBytes(Lorg/apache/hadoop/fs/Path;Lorg/apache/hadoop/conf/Configuration;)[B+102
j  geotrellis.spark.io.hadoop.formats.BinaryFileRecordReader.initialize(Lorg/apache/hadoop/mapreduce/InputSplit;Lorg/apache/hadoop/mapreduce/TaskAttemptContext;)V+22
j  org.apache.spark.rdd.NewHadoopRDD$$anon$1.liftedTree1$1()Lorg/apache/hadoop/mapreduce/RecordReader;+43
j  org.apache.spark.rdd.NewHadoopRDD$$anon$1.<init>(Lorg/apache/spark/rdd/NewHadoopRDD;Lorg/apache/spark/Partition;Lorg/apache/spark/TaskContext;)V+327
j  org.apache.spark.rdd.NewHadoopRDD.compute(Lorg/apache/spark/Partition;Lorg/apache/spark/TaskContext;)Lorg/apache/spark/InterruptibleIterator;+7
j  org.apache.spark.rdd.NewHadoopRDD.compute(Lorg/apache/spark/Partition;Lorg/apache/spark/TaskContext;)Lscala/collection/Iterator;+3
j  org.apache.spark.rdd.RDD.computeOrReadCheckpoint(Lorg/apache/spark/Partition;Lorg/apache/spark/TaskContext;)Lscala/collection/Iterator;+26
j  org.apache.spark.rdd.RDD.iterator(Lorg/apache/spark/Partition;Lorg/apache/spark/TaskContext;)Lscala/collection/Iterator;+33
j  org.apache.spark.rdd.MapPartitionsRDD.compute(Lorg/apache/spark/Partition;Lorg/apache/spark/TaskContext;)Lscala/collection/Iterator;+24
j  org.apache.spark.rdd.RDD.computeOrReadCheckpoint(Lorg/apache/spark/Partition;Lorg/apache/spark/TaskContext;)Lscala/collection/Iterator;+26
j  org.apache.spark.rdd.RDD.iterator(Lorg/apache/spark/Partition;Lorg/apache/spark/TaskContext;)Lscala/collection/Iterator;+33
j  org.apache.spark.rdd.MapPartitionsRDD.compute(Lorg/apache/spark/Partition;Lorg/apache/spark/TaskContext;)Lscala/collection/Iterator;+24
j  org.apache.spark.rdd.RDD.computeOrReadCheckpoint(Lorg/apache/spark/Partition;Lorg/apache/spark/TaskContext;)Lscala/collection/Iterator;+26
j  org.apache.spark.rdd.RDD.iterator(Lorg/apache/spark/Partition;Lorg/apache/spark/TaskContext;)Lscala/collection/Iterator;+33
j  org.apache.spark.scheduler.ShuffleMapTask.runTask(Lorg/apache/spark/TaskContext;)Lorg/apache/spark/scheduler/MapStatus;+219
j  org.apache.spark.scheduler.ShuffleMapTask.runTask(Lorg/apache/spark/TaskContext;)Ljava/lang/Object;+2
j  org.apache.spark.scheduler.Task.run(JILorg/apache/spark/metrics/MetricsSystem;)Ljava/lang/Object;+152
j  org.apache.spark.executor.Executor$TaskRunner.run()V+423
j  java.util.concurrent.ThreadPoolExecutor.runWorker(Ljava/util/concurrent/ThreadPoolExecutor$Worker;)V+95
j  java.util.concurrent.ThreadPoolExecutor$Worker.run()V+5
j  java.lang.Thread.run()V+11
v  ~StubRoutines::call_stub
V  [libjvm.so+0x690dd6]  JavaCalls::call_helper(JavaValue*, methodHandle*, JavaCallArguments*, Thread*)+0x1056
V  [libjvm.so+0x6912e1]  JavaCalls::call_virtual(JavaValue*, KlassHandle, Symbol*, Symbol*, JavaCallArguments*, Thread*)+0x321
V  [libjvm.so+0x691787]  JavaCalls::call_virtual(JavaValue*, Handle, KlassHandle, Symbol*, Symbol*, Thread*)+0x47
V  [libjvm.so+0x72cb00]  thread_entry(JavaThread*, Thread*)+0xa0
V  [libjvm.so+0xa75543]  JavaThread::thread_main_inner()+0x103
V  [libjvm.so+0xa7568c]  JavaThread::run()+0x11c
V  [libjvm.so+0x926268]  java_start(Thread*)+0x108
C  [libpthread.so.0+0x7dc5]  start_thread+0xc5

Java frames: (J=compiled Java code, j=interpreted, Vv=VM code)
v  ~RuntimeStub::new_type_array Runtime1 stub
J 2713 C1 scala.reflect.ManifestFactory$$anon$6.newArray(I)Ljava/lang/Object; (6 bytes) @ 0x00007f16ed786f96 [0x00007f16ed786dc0+0x1d6]
j  scala.Array$.ofDim(ILscala/reflect/ClassTag;)Ljava/lang/Object;+2
j  geotrellis.spark.io.hadoop.HdfsUtils$.readBytes(Lorg/apache/hadoop/fs/Path;Lorg/apache/hadoop/conf/Configuration;)[B+102
j  geotrellis.spark.io.hadoop.formats.BinaryFileRecordReader.initialize(Lorg/apache/hadoop/mapreduce/InputSplit;Lorg/apache/hadoop/mapreduce/TaskAttemptContext;)V+22
j  org.apache.spark.rdd.NewHadoopRDD$$anon$1.liftedTree1$1()Lorg/apache/hadoop/mapreduce/RecordReader;+43
j  org.apache.spark.rdd.NewHadoopRDD$$anon$1.<init>(Lorg/apache/spark/rdd/NewHadoopRDD;Lorg/apache/spark/Partition;Lorg/apache/spark/TaskContext;)V+327
j  org.apache.spark.rdd.NewHadoopRDD.compute(Lorg/apache/spark/Partition;Lorg/apache/spark/TaskContext;)Lorg/apache/spark/InterruptibleIterator;+7
j  org.apache.spark.rdd.NewHadoopRDD.compute(Lorg/apache/spark/Partition;Lorg/apache/spark/TaskContext;)Lscala/collection/Iterator;+3
j  org.apache.spark.rdd.RDD.computeOrReadCheckpoint(Lorg/apache/spark/Partition;Lorg/apache/spark/TaskContext;)Lscala/collection/Iterator;+26
j  org.apache.spark.rdd.RDD.iterator(Lorg/apache/spark/Partition;Lorg/apache/spark/TaskContext;)Lscala/collection/Iterator;+33
j  org.apache.spark.rdd.MapPartitionsRDD.compute(Lorg/apache/spark/Partition;Lorg/apache/spark/TaskContext;)Lscala/collection/Iterator;+24
j  org.apache.spark.rdd.RDD.computeOrReadCheckpoint(Lorg/apache/spark/Partition;Lorg/apache/spark/TaskContext;)Lscala/collection/Iterator;+26
j  org.apache.spark.rdd.RDD.iterator(Lorg/apache/spark/Partition;Lorg/apache/spark/TaskContext;)Lscala/collection/Iterator;+33
j  org.apache.spark.rdd.MapPartitionsRDD.compute(Lorg/apache/spark/Partition;Lorg/apache/spark/TaskContext;)Lscala/collection/Iterator;+24
j  org.apache.spark.rdd.RDD.computeOrReadCheckpoint(Lorg/apache/spark/Partition;Lorg/apache/spark/TaskContext;)Lscala/collection/Iterator;+26
j  org.apache.spark.rdd.RDD.iterator(Lorg/apache/spark/Partition;Lorg/apache/spark/TaskContext;)Lscala/collection/Iterator;+33
j  org.apache.spark.scheduler.ShuffleMapTask.runTask(Lorg/apache/spark/TaskContext;)Lorg/apache/spark/scheduler/MapStatus;+219
j  org.apache.spark.scheduler.ShuffleMapTask.runTask(Lorg/apache/spark/TaskContext;)Ljava/lang/Object;+2
j  org.apache.spark.scheduler.Task.run(JILorg/apache/spark/metrics/MetricsSystem;)Ljava/lang/Object;+152
j  org.apache.spark.executor.Executor$TaskRunner.run()V+423
j  java.util.concurrent.ThreadPoolExecutor.runWorker(Ljava/util/concurrent/ThreadPoolExecutor$Worker;)V+95
j  java.util.concurrent.ThreadPoolExecutor$Worker.run()V+5
j  java.lang.Thread.run()V+11
v  ~StubRoutines::call_stub

---------------  P R O C E S S  ---------------

Java Threads: ( => current thread )
  0x00007f169c07d000 JavaThread "task-result-getter-0" daemon [_thread_blocked, id=31259, stack(0x00007f168b693000,0x00007f168b794000)]
  0x00007f16bc01a000 JavaThread "threadDeathWatcher-7-1" daemon [_thread_blocked, id=31247, stack(0x00007f168d796000,0x00007f168d897000)]
  0x00007f1694008800 JavaThread "shuffle-server-3-2" daemon [_thread_in_native, id=31246, stack(0x00007f168d897000,0x00007f168d998000)]
  0x00007f16c001a000 JavaThread "shuffle-client-6-1" daemon [_thread_in_native, id=31245, stack(0x00007f168dddf000,0x00007f168dee0000)]
=>0x00007f169c078800 JavaThread "Executor task launch worker-0" daemon [_thread_in_vm, id=31244, stack(0x00007f168dee0000,0x00007f168dfe1000)]
  0x00007f16fd5f7800 JavaThread "org.apache.hadoop.fs.FileSystem$Statistics$StatisticsDataReferenceCleaner" daemon [_thread_blocked, id=31243, stack(0x00007f168e7ee000,0x00007f168e8ef000)]
  0x00007f16fd560800 JavaThread "SparkListenerBus" daemon [_thread_blocked, id=31242, stack(0x00007f168eaef000,0x00007f168ebf0000)]
  0x00007f16fd55c800 JavaThread "context-cleaner-periodic-gc" daemon [_thread_blocked, id=31241, stack(0x00007f168ebf0000,0x00007f168ecf1000)]
  0x00007f16fd55b000 JavaThread "Spark Context Cleaner" daemon [_thread_blocked, id=31240, stack(0x00007f168ecf1000,0x00007f168edf2000)]
  0x00007f16fd479800 JavaThread "shuffle-server-5-1" daemon [_thread_in_native, id=31239, stack(0x00007f168eff2000,0x00007f168f0f3000)]
  0x00007f16fd441800 JavaThread "driver-heartbeater" daemon [_thread_blocked, id=31238, stack(0x00007f168f0f3000,0x00007f168f1f4000)]
  0x00007f16fd42e000 JavaThread "dag-scheduler-event-loop" daemon [_thread_blocked, id=31237, stack(0x00007f168f1f4000,0x00007f168f2f5000)]
  0x00007f169400c800 JavaThread "netty-rpc-env-timeout" daemon [_thread_blocked, id=31236, stack(0x00007f168f2f5000,0x00007f168f3f6000)]
  0x00007f1690002000 JavaThread "heartbeat-receiver-event-loop-thread" daemon [_thread_blocked, id=31235, stack(0x00007f168f3f6000,0x00007f168f4f7000)]
  0x00007f16fd405000 JavaThread "Timer-0" daemon [_thread_blocked, id=31234, stack(0x00007f168f4f7000,0x00007f168f5f8000)]
  0x00007f16fd3e5000 JavaThread "SparkUI-35" daemon [_thread_blocked, id=31233, stack(0x00007f168f5f8000,0x00007f168f6f9000)]
  0x00007f16fd3e3000 JavaThread "SparkUI-34" daemon [_thread_blocked, id=31232, stack(0x00007f168f6f9000,0x00007f168f7fa000)]
  0x00007f16fd3e1800 JavaThread "SparkUI-33" daemon [_thread_blocked, id=31231, stack(0x00007f168f7fa000,0x00007f168f8fb000)]
  0x00007f16fd3df800 JavaThread "SparkUI-32" daemon [_thread_blocked, id=31230, stack(0x00007f168f8fb000,0x00007f168f9fc000)]
  0x00007f16fd3de000 JavaThread "SparkUI-31" daemon [_thread_blocked, id=31229, stack(0x00007f168f9fc000,0x00007f168fafd000)]
  0x00007f16fd3dc000 JavaThread "SparkUI-30-acceptor-0@4b8d2623-ServerConnector@454ac122{HTTP/1.1}{0.0.0.0:4040}" daemon [_thread_in_native, id=31228, stack(0x00007f168fafd000,0x00007f168fbfe000)]
  0x00007f16fd3d5800 JavaThread "SparkUI-29" daemon [_thread_blocked, id=31227, stack(0x00007f168fbfe000,0x00007f168fcff000)]
  0x00007f16fd3d7800 JavaThread "SparkUI-28-selector-ServerConnectorManager@63bcb428/0" daemon [_thread_in_native, id=31226, stack(0x00007f168feff000,0x00007f1690000000)]
  0x00007f16fd2b7000 JavaThread "map-output-dispatcher-7" daemon [_thread_blocked, id=31224, stack(0x00007f16b42a6000,0x00007f16b43a7000)]
  0x00007f16fd2b5000 JavaThread "map-output-dispatcher-6" daemon [_thread_blocked, id=31223, stack(0x00007f16b43a7000,0x00007f16b44a8000)]
  0x00007f16fd2b2800 JavaThread "map-output-dispatcher-5" daemon [_thread_blocked, id=31222, stack(0x00007f16b44a8000,0x00007f16b45a9000)]
  0x00007f16fd2b0800 JavaThread "map-output-dispatcher-4" daemon [_thread_blocked, id=31221, stack(0x00007f16b45a9000,0x00007f16b46aa000)]
  0x00007f16fd2ae800 JavaThread "map-output-dispatcher-3" daemon [_thread_blocked, id=31220, stack(0x00007f16b46aa000,0x00007f16b47ab000)]
  0x00007f16fd2ac800 JavaThread "map-output-dispatcher-2" daemon [_thread_blocked, id=31219, stack(0x00007f16b47ab000,0x00007f16b48ac000)]
  0x00007f16fd2a7000 JavaThread "map-output-dispatcher-1" daemon [_thread_blocked, id=31218, stack(0x00007f16b48ac000,0x00007f16b49ad000)]
  0x00007f16fd2a6000 JavaThread "map-output-dispatcher-0" daemon [_thread_blocked, id=31217, stack(0x00007f16b49ad000,0x00007f16b4aae000)]
  0x00007f16fd287800 JavaThread "shuffle-server-3-1" daemon [_thread_in_native, id=31216, stack(0x00007f16b4aae000,0x00007f16b4baf000)]
  0x00007f16fd163000 JavaThread "dispatcher-event-loop-1" daemon [_thread_blocked, id=31215, stack(0x00007f16b4fc0000,0x00007f16b50c1000)]
  0x00007f16fd16c000 JavaThread "dispatcher-event-loop-0" daemon [_thread_blocked, id=31214, stack(0x00007f16d00ba000,0x00007f16d01bb000)]
  0x00007f16fd047000 JavaThread "process reaper" daemon [_thread_blocked, id=31212, stack(0x00007f16d01bb000,0x00007f16d01f4000)]
  0x00007f16fc0c1800 JavaThread "Service Thread" daemon [_thread_blocked, id=31209, stack(0x00007f16d1c26000,0x00007f16d1d27000)]
  0x00007f16fc0bf000 JavaThread "C1 CompilerThread1" daemon [_thread_blocked, id=31208, stack(0x00007f16d1d27000,0x00007f16d1e28000)]
  0x00007f16fc0bc000 JavaThread "C2 CompilerThread0" daemon [_thread_blocked, id=31207, stack(0x00007f16d1e28000,0x00007f16d1f29000)]
  0x00007f16fc0ba000 JavaThread "Signal Dispatcher" daemon [_thread_blocked, id=31206, stack(0x00007f16d1f29000,0x00007f16d202a000)]
  0x00007f16fc087000 JavaThread "Finalizer" daemon [_thread_blocked, id=31205, stack(0x00007f16d202a000,0x00007f16d212b000)]
  0x00007f16fc082000 JavaThread "Reference Handler" daemon [_thread_blocked, id=31204, stack(0x00007f16d212b000,0x00007f16d222c000)]
  0x00007f16fc010800 JavaThread "main" [_thread_blocked, id=31200, stack(0x00007f1705604000,0x00007f1705705000)]

Other Threads:
  0x00007f16fc07a800 VMThread [stack: 0x00007f16d222c000,0x00007f16d232d000] [id=31203]
  0x00007f16fc0c4800 WatcherThread [stack: 0x00007f16d1b25000,0x00007f16d1c26000] [id=31210]

VM state:not at safepoint (normal execution)

VM Mutex/Monitor currently owned by a thread:  ([mutex/lock_event])
[0x00007f16fc00d8a0] ExpandHeap_lock - owner thread: 0x00007f169c078800
[0x00007f16fc00e420] Heap_lock - owner thread: 0x00007f169c078800

Heap:
 PSYoungGen      total 1289728K, used 803675K [0x00000006c0000000, 0x000000074f600000, 0x00000007c0000000)
  eden space 707584K, 72% used [0x00000006c0000000,0x00000006df5f3378,0x00000006eb300000)
  from space 582144K, 49% used [0x00000006eb300000,0x00000006fcde3a40,0x000000070eb80000)
  to   space 575488K, 0% used [0x000000072c400000,0x000000072c400000,0x000000074f600000)
 ParOldGen       total 5453312K, used 4983602K [0x00000004c0000000, 0x000000060cd80000, 0x00000006c0000000)
  object space 5453312K, 91% used [0x00000004c0000000,0x00000005f02cc990,0x000000060cd80000)
 Metaspace       used 48069K, capacity 48698K, committed 48768K, reserved 1091584K
  class space    used 6879K, capacity 7040K, committed 7040K, reserved 1048576K

Card table byte_map: [0x00007f17011e2000,0x00007f17029e3000] byte_map_base: 0x00007f16febe2000

Marking Bits: (ParMarkBitMap*) 0x00007f1704ad8c80
 Begin Bits: [0x00007f16d4eff000, 0x00007f16e0eff000)
 End Bits:   [0x00007f16e0eff000, 0x00007f16eceff000)

Polling page: 0x00007f170571c000

CodeCache: size=245760Kb used=9710Kb max_used=9777Kb free=236049Kb
 bounds [0x00007f16ed000000, 0x00007f16ed9a0000, 0x00007f16fc000000]
 total_blobs=3870 nmethods=3264 adapters=518
 compilation: enabled

Compilation events (10 events):
Event: 29.062 Thread 0x00007f16fc0bf000 3311       1       java.io.ObjectStreamClass::getName (5 bytes)
Event: 29.064 Thread 0x00007f16fc0bf000 nmethod 3311 0x00007f16ed126c90 code [0x00007f16ed126de0, 0x00007f16ed126ef0]
Event: 29.064 Thread 0x00007f16fc0bf000 3316       1       org.apache.spark.NarrowDependency::rdd (5 bytes)
Event: 29.064 Thread 0x00007f16fc0bf000 nmethod 3316 0x00007f16ed1382d0 code [0x00007f16ed138420, 0x00007f16ed138530]
Event: 29.065 Thread 0x00007f16fc0bf000 3317       3       java.lang.AbstractStringBuilder::setLength (45 bytes)
Event: 29.065 Thread 0x00007f16fc0bf000 nmethod 3317 0x00007f16ed180d50 code [0x00007f16ed180f40, 0x00007f16ed1816f8]
Event: 29.066 Thread 0x00007f16fc0bf000 3318       3       java.util.regex.Pattern$Curly::study (153 bytes)
Event: 29.066 Thread 0x00007f16fc0bf000 nmethod 3318 0x00007f16ed140910 code [0x00007f16ed140aa0, 0x00007f16ed141058]
Event: 29.066 Thread 0x00007f16fc0bf000 3319       3       sun.reflect.NativeMethodAccessorImpl::invoke (104 bytes)
Event: 29.068 Thread 0x00007f16fc0bf000 nmethod 3319 0x00007f16ed1f5890 code [0x00007f16ed1f5b00, 0x00007f16ed1f6fb8]

GC Heap History (10 events):
Event: 16.569 GC heap before
{Heap before GC invocations=7 (full 3):
 PSYoungGen      total 524800K, used 28152K [0x00000006c0000000, 0x00000006eeb80000, 0x00000007c0000000)
  eden space 496640K, 0% used [0x00000006c0000000,0x00000006c0000000,0x00000006de500000)
  from space 28160K, 99% used [0x00000006e0f80000,0x00000006e2afe2e0,0x00000006e2b00000)
  to   space 43520K, 0% used [0x00000006de500000,0x00000006de500000,0x00000006e0f80000)
 ParOldGen       total 2234880K, used 1973153K [0x00000004c0000000, 0x0000000548680000, 0x00000006c0000000)
  object space 2234880K, 88% used [0x00000004c0000000,0x00000005386e8408,0x0000000548680000)
 Metaspace       used 43924K, capacity 44302K, committed 44544K, reserved 1087488K
  class space    used 6231K, capacity 6360K, committed 6400K, reserved 1048576K
Event: 17.029 GC heap after
Heap after GC invocations=7 (full 3):
 PSYoungGen      total 524800K, used 0K [0x00000006c0000000, 0x00000006eeb80000, 0x00000007c0000000)
  eden space 496640K, 0% used [0x00000006c0000000,0x00000006c0000000,0x00000006de500000)
  from space 28160K, 0% used [0x00000006e0f80000,0x00000006e0f80000,0x00000006e2b00000)
  to   space 43520K, 0% used [0x00000006de500000,0x00000006de500000,0x00000006e0f80000)
 ParOldGen       total 3571200K, used 1977274K [0x00000004c0000000, 0x0000000599f80000, 0x00000006c0000000)
  object space 3571200K, 55% used [0x00000004c0000000,0x0000000538aeea18,0x0000000599f80000)
 Metaspace       used 43924K, capacity 44302K, committed 44544K, reserved 1087488K
  class space    used 6231K, capacity 6360K, committed 6400K, reserved 1048576K
}
Event: 17.554 GC heap before
{Heap before GC invocations=8 (full 3):
 PSYoungGen      total 524800K, used 496640K [0x00000006c0000000, 0x00000006eeb80000, 0x00000007c0000000)
  eden space 496640K, 100% used [0x00000006c0000000,0x00000006de500000,0x00000006de500000)
  from space 28160K, 0% used [0x00000006e0f80000,0x00000006e0f80000,0x00000006e2b00000)
  to   space 43520K, 0% used [0x00000006de500000,0x00000006de500000,0x00000006e0f80000)
 ParOldGen       total 3571200K, used 1977274K [0x00000004c0000000, 0x0000000599f80000, 0x00000006c0000000)
  object space 3571200K, 55% used [0x00000004c0000000,0x0000000538aeea18,0x0000000599f80000)
 Metaspace       used 43924K, capacity 44302K, committed 44544K, reserved 1087488K
  class space    used 6231K, capacity 6360K, committed 6400K, reserved 1048576K
Event: 17.719 GC heap after
Heap after GC invocations=8 (full 3):
 PSYoungGen      total 540160K, used 43399K [0x00000006c0000000, 0x0000000728980000, 0x00000007c0000000)
  eden space 496640K, 0% used [0x00000006c0000000,0x00000006c0000000,0x00000006de500000)
  from space 43520K, 99% used [0x00000006de500000,0x00000006e0f61ec0,0x00000006e0f80000)
  to   space 423936K, 0% used [0x000000070eb80000,0x000000070eb80000,0x0000000728980000)
 ParOldGen       total 3571200K, used 2428066K [0x00000004c0000000, 0x0000000599f80000, 0x00000006c0000000)
  object space 3571200K, 67% used [0x00000004c0000000,0x0000000554328b58,0x0000000599f80000)
 Metaspace       used 43924K, capacity 44302K, committed 44544K, reserved 1087488K
  class space    used 6231K, capacity 6360K, committed 6400K, reserved 1048576K
}
Event: 18.409 GC heap before
{Heap before GC invocations=9 (full 3):
 PSYoungGen      total 540160K, used 540039K [0x00000006c0000000, 0x0000000728980000, 0x00000007c0000000)
  eden space 496640K, 100% used [0x00000006c0000000,0x00000006de500000,0x00000006de500000)
  from space 43520K, 99% used [0x00000006de500000,0x00000006e0f61ec0,0x00000006e0f80000)
  to   space 423936K, 0% used [0x000000070eb80000,0x000000070eb80000,0x0000000728980000)
 ParOldGen       total 3571200K, used 2428066K [0x00000004c0000000, 0x0000000599f80000, 0x00000006c0000000)
  object space 3571200K, 67% used [0x00000004c0000000,0x0000000554328b58,0x0000000599f80000)
 Metaspace       used 45411K, capacity 45838K, committed 46080K, reserved 1089536K
  class space    used 6479K, capacity 6616K, committed 6656K, reserved 1048576K
Event: 18.732 GC heap after
Heap after GC invocations=9 (full 3):
 PSYoungGen      total 1131520K, used 423909K [0x00000006c0000000, 0x000000073e480000, 0x00000007c0000000)
  eden space 707584K, 0% used [0x00000006c0000000,0x00000006c0000000,0x00000006eb300000)
  from space 423936K, 99% used [0x000000070eb80000,0x00000007289795c0,0x0000000728980000)
  to   space 582144K, 0% used [0x00000006eb300000,0x00000006eb300000,0x000000070eb80000)
 ParOldGen       total 3571200K, used 2503943K [0x00000004c0000000, 0x0000000599f80000, 0x00000006c0000000)
  object space 3571200K, 70% used [0x00000004c0000000,0x0000000558d41d28,0x0000000599f80000)
 Metaspace       used 45411K, capacity 45838K, committed 46080K, reserved 1089536K
  class space    used 6479K, capacity 6616K, committed 6656K, reserved 1048576K
}
Event: 20.628 GC heap before
{Heap before GC invocations=10 (full 4):
 PSYoungGen      total 1131520K, used 1131493K [0x00000006c0000000, 0x000000073e480000, 0x00000007c0000000)
  eden space 707584K, 100% used [0x00000006c0000000,0x00000006eb300000,0x00000006eb300000)
  from space 423936K, 99% used [0x000000070eb80000,0x00000007289795c0,0x0000000728980000)
  to   space 582144K, 0% used [0x00000006eb300000,0x00000006eb300000,0x000000070eb80000)
 ParOldGen       total 3571200K, used 3445821K [0x00000004c0000000, 0x0000000599f80000, 0x00000006c0000000)
  object space 3571200K, 96% used [0x00000004c0000000,0x000000059250f5c8,0x0000000599f80000)
 Metaspace       used 45573K, capacity 45998K, committed 46080K, reserved 1089536K
  class space    used 6500K, capacity 6648K, committed 6656K, reserved 1048576K
Event: 21.338 GC heap after
Heap after GC invocations=10 (full 4):
 PSYoungGen      total 1131520K, used 55721K [0x00000006c0000000, 0x000000073e480000, 0x00000007c0000000)
  eden space 707584K, 0% used [0x00000006c0000000,0x00000006c0000000,0x00000006eb300000)
  from space 423936K, 13% used [0x000000070eb80000,0x00000007121ea6c0,0x0000000728980000)
  to   space 582144K, 0% used [0x00000006eb300000,0x00000006eb300000,0x000000070eb80000)
 ParOldGen       total 5453312K, used 3570785K [0x00000004c0000000, 0x000000060cd80000, 0x00000006c0000000)
  object space 5453312K, 65% used [0x00000004c0000000,0x0000000599f184a0,0x000000060cd80000)
 Metaspace       used 45573K, capacity 45998K, committed 46080K, reserved 1089536K
  class space    used 6500K, capacity 6648K, committed 6656K, reserved 1048576K
}
Event: 22.699 GC heap before
{Heap before GC invocations=11 (full 4):
 PSYoungGen      total 1131520K, used 763305K [0x00000006c0000000, 0x000000073e480000, 0x00000007c0000000)
  eden space 707584K, 100% used [0x00000006c0000000,0x00000006eb300000,0x00000006eb300000)
  from space 423936K, 13% used [0x000000070eb80000,0x00000007121ea6c0,0x0000000728980000)
  to   space 582144K, 0% used [0x00000006eb300000,0x00000006eb300000,0x000000070eb80000)
 ParOldGen       total 5453312K, used 4041724K [0x00000004c0000000, 0x000000060cd80000, 0x00000006c0000000)
  object space 5453312K, 74% used [0x00000004c0000000,0x00000005b6aff0f0,0x000000060cd80000)
 Metaspace       used 45573K, capacity 45998K, committed 46080K, reserved 1089536K
  class space    used 6500K, capacity 6648K, committed 6656K, reserved 1048576K
Event: 23.342 GC heap after
Heap after GC invocations=11 (full 4):
 PSYoungGen      total 1289728K, used 289678K [0x00000006c0000000, 0x000000074f600000, 0x00000007c0000000)
  eden space 707584K, 0% used [0x00000006c0000000,0x00000006c0000000,0x00000006eb300000)
  from space 582144K, 49% used [0x00000006eb300000,0x00000006fcde3a40,0x000000070eb80000)
  to   space 575488K, 0% used [0x000000072c400000,0x000000072c400000,0x000000074f600000)
 ParOldGen       total 5453312K, used 4041724K [0x00000004c0000000, 0x000000060cd80000, 0x00000006c0000000)
  object space 5453312K, 74% used [0x00000004c0000000,0x00000005b6aff0f0,0x000000060cd80000)
 Metaspace       used 45573K, capacity 45998K, committed 46080K, reserved 1089536K
  class space    used 6500K, capacity 6648K, committed 6656K, reserved 1048576K
}

Deoptimization events (10 events):
Event: 21.706 Thread 0x00007f169c078800 Uncommon trap: reason=unstable_if action=reinterpret pc=0x00007f16ed7e8408 method=geotrellis.raster.io.geotiff.GeoTiffMultibandTile.band(I)Lgeotrellis/raster/io/geotiff/GeoTiffTile; @ 581
Event: 21.761 Thread 0x00007f169c078800 Uncommon trap: reason=unstable_if action=reinterpret pc=0x00007f16ed7f8840 method=geotrellis.raster.io.geotiff.Int32GeoTiffTile.createSegment()Lscala/Function1; @ 4
Event: 23.372 Thread 0x00007f16fd163000 Uncommon trap: reason=class_check action=maybe_recompile pc=0x00007f16ed6f88bc method=scala.util.Try$.apply(Lscala/Function0;)Lscala/util/Try; @ 5
Event: 23.372 Thread 0x00007f1690002000 Uncommon trap: reason=class_check action=maybe_recompile pc=0x00007f16ed6f88bc method=scala.util.Try$.apply(Lscala/Function0;)Lscala/util/Try; @ 5
Event: 27.581 Thread 0x00007f169c078800 Uncommon trap: reason=unstable_if action=reinterpret pc=0x00007f16ed442ff0 method=java.util.HashMap.hash(Ljava/lang/Object;)I @ 1
Event: 27.582 Thread 0x00007f169c078800 Uncommon trap: reason=unstable_if action=reinterpret pc=0x00007f16ed28bae8 method=java.util.HashMap.hash(Ljava/lang/Object;)I @ 1
Event: 28.235 Thread 0x00007f16fd560800 Uncommon trap: reason=unstable_if action=reinterpret pc=0x00007f16ed4318b8 method=java.util.WeakHashMap.remove(Ljava/lang/Object;)Ljava/lang/Object; @ 94
Event: 28.770 Thread 0x00007f16fd42e000 Uncommon trap: reason=class_check action=maybe_recompile pc=0x00007f16ed3793b8 method=java.util.concurrent.ConcurrentHashMap.putVal(Ljava/lang/Object;Ljava/lang/Object;Z)Ljava/lang/Object; @ 192
Event: 28.910 Thread 0x00007f16fd16c000 Uncommon trap: reason=bimorphic action=maybe_recompile pc=0x00007f16ed52ea58 method=java.io.DataOutputStream.write([BII)V @ 7
Event: 28.915 Thread 0x00007f16fd16c000 Uncommon trap: reason=predicate action=maybe_recompile pc=0x00007f16ed984fec method=java.util.TimSort.binarySort([Ljava/lang/Object;IIILjava/util/Comparator;)V @ 37

Internal exceptions (10 events):
Event: 28.469 Thread 0x00007f16fc010800 Exception <a 'java/lang/NoSuchMethodError': <clinit>> (0x00000006de16bb10) thrown at [/HUDSON3/workspace/8-2-build-linux-amd64/jdk8u121/8372/hotspot/src/share/vm/prims/jni.cpp, line 1613]
Event: 28.578 Thread 0x00007f16fc010800 Exception <a 'java/lang/NoSuchMethodError': <clinit>> (0x00000006de6b03b8) thrown at [/HUDSON3/workspace/8-2-build-linux-amd64/jdk8u121/8372/hotspot/src/share/vm/prims/jni.cpp, line 1613]
Event: 28.579 Thread 0x00007f16fc010800 Exception <a 'java/lang/NoSuchMethodError': <clinit>> (0x00000006de6c7c20) thrown at [/HUDSON3/workspace/8-2-build-linux-amd64/jdk8u121/8372/hotspot/src/share/vm/prims/jni.cpp, line 1613]
Event: 28.579 Thread 0x00007f16fc010800 Exception <a 'java/lang/NoSuchMethodError': <clinit>> (0x00000006de6e12b8) thrown at [/HUDSON3/workspace/8-2-build-linux-amd64/jdk8u121/8372/hotspot/src/share/vm/prims/jni.cpp, line 1613]
Event: 28.621 Thread 0x00007f16fc010800 Exception <a 'java/lang/NoSuchMethodError': <clinit>> (0x00000006deae2de8) thrown at [/HUDSON3/workspace/8-2-build-linux-amd64/jdk8u121/8372/hotspot/src/share/vm/prims/jni.cpp, line 1613]
Event: 28.622 Thread 0x00007f16fc010800 Exception <a 'java/lang/NoSuchMethodError': <clinit>> (0x00000006deaf1fe8) thrown at [/HUDSON3/workspace/8-2-build-linux-amd64/jdk8u121/8372/hotspot/src/share/vm/prims/jni.cpp, line 1613]
Event: 28.758 Thread 0x00007f16fd42e000 Exception <a 'java/lang/NoSuchMethodError': <clinit>> (0x00000006df0375f8) thrown at [/HUDSON3/workspace/8-2-build-linux-amd64/jdk8u121/8372/hotspot/src/share/vm/prims/jni.cpp, line 1613]
Event: 28.760 Thread 0x00007f16fd42e000 Exception <a 'java/lang/NoSuchMethodError': <clinit>> (0x00000006df04ebd8) thrown at [/HUDSON3/workspace/8-2-build-linux-amd64/jdk8u121/8372/hotspot/src/share/vm/prims/jni.cpp, line 1613]
Event: 28.760 Thread 0x00007f16fd42e000 Exception <a 'java/lang/NoSuchMethodError': <clinit>> (0x00000006df0507d8) thrown at [/HUDSON3/workspace/8-2-build-linux-amd64/jdk8u121/8372/hotspot/src/share/vm/prims/jni.cpp, line 1613]
Event: 28.915 Thread 0x00007f16fd16c000 Exception <a 'java/lang/NoSuchMethodError': <clinit>> (0x00000006c0fd2590) thrown at [/HUDSON3/workspace/8-2-build-linux-amd64/jdk8u121/8372/hotspot/src/share/vm/prims/jni.cpp, line 1613]

Events (10 events):
Event: 29.042 Executing VM operation: RevokeBias
Event: 29.052 Executing VM operation: RevokeBias done
Event: 29.053 Executing VM operation: RevokeBias
Event: 29.053 Executing VM operation: RevokeBias done
Event: 29.054 Executing VM operation: RevokeBias
Event: 29.054 Executing VM operation: RevokeBias done
Event: 29.054 Executing VM operation: RevokeBias
Event: 29.054 Executing VM operation: RevokeBias done
Event: 29.056 loading class org/apache/spark/storage/ShuffleBlockId
Event: 29.056 loading class org/apache/spark/storage/ShuffleBlockId done


Dynamic libraries:
00400000-00401000 r-xp 00000000 fd:00 73173218                           /opt/jdk1.8.0_121/bin/java
00600000-00601000 rw-p 00000000 fd:00 73173218                           /opt/jdk1.8.0_121/bin/java
02507000-02528000 rw-p 00000000 00:00 0                                  [heap]
4c0000000-60cd80000 rw-p 00000000 00:00 0 
663180000-6c0000000 ---p 00000000 00:00 0 
6c0000000-74f600000 rw-p 00000000 00:00 0 
74f600000-7c0000000 ---p 00000000 00:00 0 
7c0000000-7c06e0000 rw-p 00000000 00:00 0 
7c06e0000-800000000 ---p 00000000 00:00 0 
7f168a8e6000-7f168a9a6000 rw-p 00000000 00:00 0 
7f168a9a6000-7f168aae6000 ---p 00000000 00:00 0 
7f168aae6000-7f168ace6000 rw-p 00000000 00:00 0 
7f168ace6000-7f168aee6000 rw-p 00000000 00:00 0 
7f168aee6000-7f168b693000 r--s 06d10000 fd:00 134643764                  /tmp/spark-35a4bc2b-7e38-4052-a343-a624dc0de7aa/userFiles-5be65e61-a7f8-4d91-ab94-4794308ecc0c/ingest-assembly-0.1.0.jar
7f168b693000-7f168b696000 ---p 00000000 00:00 0 
7f168b696000-7f168d796000 rw-p 00000000 00:00 0                          [stack:31259]
7f168d796000-7f168d799000 ---p 00000000 00:00 0 
7f168d799000-7f168d897000 rw-p 00000000 00:00 0                          [stack:31247]
7f168d897000-7f168d89a000 ---p 00000000 00:00 0 
7f168d89a000-7f168db98000 rw-p 00000000 00:00 0                          [stack:31246]
7f168db98000-7f168dd98000 rw-p 00000000 00:00 0 
7f168dddf000-7f168dde2000 ---p 00000000 00:00 0 
7f168dde2000-7f168dee0000 rw-p 00000000 00:00 0                          [stack:31245]
7f168dee0000-7f168dee3000 ---p 00000000 00:00 0 
7f168dee3000-7f168e1e1000 rw-p 00000000 00:00 0                          [stack:31244]
7f168e1e1000-7f168e1ee000 r-xp 00000000 fd:00 103362607                  /tmp/liblz4-java7561643102455745331.so
7f168e1ee000-7f168e3ed000 ---p 0000d000 fd:00 103362607                  /tmp/liblz4-java7561643102455745331.so
7f168e3ed000-7f168e3ee000 rw-p 0000c000 fd:00 103362607                  /tmp/liblz4-java7561643102455745331.so
7f168e3ee000-7f168e5ee000 rw-p 00000000 00:00 0 
7f168e5ee000-7f168e7ee000 rw-p 00000000 00:00 0 
7f168e7ee000-7f168e7f1000 ---p 00000000 00:00 0 
7f168e7f1000-7f168eaef000 rw-p 00000000 00:00 0                          [stack:31243]
7f168eaef000-7f168eaf2000 ---p 00000000 00:00 0 
7f168eaf2000-7f168ebf0000 rw-p 00000000 00:00 0                          [stack:31242]
7f168ebf0000-7f168ebf3000 ---p 00000000 00:00 0 
7f168ebf3000-7f168ecf1000 rw-p 00000000 00:00 0                          [stack:31241]
7f168ecf1000-7f168ecf4000 ---p 00000000 00:00 0 
7f168ecf4000-7f168eff2000 rw-p 00000000 00:00 0                          [stack:31240]
7f168eff2000-7f168eff5000 ---p 00000000 00:00 0 
7f168eff5000-7f168f0f3000 rw-p 00000000 00:00 0                          [stack:31239]
7f168f0f3000-7f168f0f6000 ---p 00000000 00:00 0 
7f168f0f6000-7f168f1f4000 rw-p 00000000 00:00 0                          [stack:31238]
7f168f1f4000-7f168f1f7000 ---p 00000000 00:00 0 
7f168f1f7000-7f168f2f5000 rw-p 00000000 00:00 0                          [stack:31237]
7f168f2f5000-7f168f2f8000 ---p 00000000 00:00 0 
7f168f2f8000-7f168f3f6000 rw-p 00000000 00:00 0                          [stack:31236]
7f168f3f6000-7f168f3f9000 ---p 00000000 00:00 0 
7f168f3f9000-7f168f4f7000 rw-p 00000000 00:00 0                          [stack:31235]
7f168f4f7000-7f168f4fa000 ---p 00000000 00:00 0 
7f168f4fa000-7f168f5f8000 rw-p 00000000 00:00 0                          [stack:31234]
7f168f5f8000-7f168f5fb000 ---p 00000000 00:00 0 
7f168f5fb000-7f168f6f9000 rw-p 00000000 00:00 0                          [stack:31233]
7f168f6f9000-7f168f6fc000 ---p 00000000 00:00 0 
7f168f6fc000-7f168f7fa000 rw-p 00000000 00:00 0                          [stack:31232]
7f168f7fa000-7f168f7fd000 ---p 00000000 00:00 0 
7f168f7fd000-7f168f8fb000 rw-p 00000000 00:00 0                          [stack:31231]
7f168f8fb000-7f168f8fe000 ---p 00000000 00:00 0 
7f168f8fe000-7f168f9fc000 rw-p 00000000 00:00 0                          [stack:31230]
7f168f9fc000-7f168f9ff000 ---p 00000000 00:00 0 
7f168f9ff000-7f168fafd000 rw-p 00000000 00:00 0                          [stack:31229]
7f168fafd000-7f168fb00000 ---p 00000000 00:00 0 
7f168fb00000-7f168fbfe000 rw-p 00000000 00:00 0                          [stack:31228]
7f168fbfe000-7f168fc01000 ---p 00000000 00:00 0 
7f168fc01000-7f168feff000 rw-p 00000000 00:00 0                          [stack:31227]
7f168feff000-7f168ff02000 ---p 00000000 00:00 0 
7f168ff02000-7f1690000000 rw-p 00000000 00:00 0                          [stack:31226]
7f1690000000-7f1690021000 rw-p 00000000 00:00 0 
7f1690021000-7f1694000000 ---p 00000000 00:00 0 
7f1694000000-7f1694021000 rw-p 00000000 00:00 0 
7f1694021000-7f1698000000 ---p 00000000 00:00 0 
7f1698000000-7f1698021000 rw-p 00000000 00:00 0 
7f1698021000-7f169c000000 ---p 00000000 00:00 0 
7f169c000000-7f169c099000 rw-p 00000000 00:00 0 
7f169c099000-7f16a0000000 ---p 00000000 00:00 0 
7f16a0000000-7f16a0021000 rw-p 00000000 00:00 0 
7f16a0021000-7f16a4000000 ---p 00000000 00:00 0 
7f16a4000000-7f16a4021000 rw-p 00000000 00:00 0 
7f16a4021000-7f16a8000000 ---p 00000000 00:00 0 
7f16a8000000-7f16a96df000 rw-p 00000000 00:00 0 
7f16a96df000-7f16ac000000 ---p 00000000 00:00 0 
7f16ac000000-7f16ac811000 rw-p 00000000 00:00 0 
7f16ac811000-7f16b0000000 ---p 00000000 00:00 0 
7f16b0000000-7f16b0021000 rw-p 00000000 00:00 0 
7f16b0021000-7f16b4000000 ---p 00000000 00:00 0 
7f16b40a6000-7f16b42a6000 rw-p 00000000 00:00 0 
7f16b42a6000-7f16b42a9000 ---p 00000000 00:00 0 
7f16b42a9000-7f16b43a7000 rw-p 00000000 00:00 0                          [stack:31224]
7f16b43a7000-7f16b43aa000 ---p 00000000 00:00 0 
7f16b43aa000-7f16b44a8000 rw-p 00000000 00:00 0                          [stack:31223]
7f16b44a8000-7f16b44ab000 ---p 00000000 00:00 0 
7f16b44ab000-7f16b45a9000 rw-p 00000000 00:00 0                          [stack:31222]
7f16b45a9000-7f16b45ac000 ---p 00000000 00:00 0 
7f16b45ac000-7f16b46aa000 rw-p 00000000 00:00 0                          [stack:31221]
7f16b46aa000-7f16b46ad000 ---p 00000000 00:00 0 
7f16b46ad000-7f16b47ab000 rw-p 00000000 00:00 0                          [stack:31220]
7f16b47ab000-7f16b47ae000 ---p 00000000 00:00 0 
7f16b47ae000-7f16b48ac000 rw-p 00000000 00:00 0                          [stack:31219]
7f16b48ac000-7f16b48af000 ---p 00000000 00:00 0 
7f16b48af000-7f16b49ad000 rw-p 00000000 00:00 0                          [stack:31218]
7f16b49ad000-7f16b49b0000 ---p 00000000 00:00 0 
7f16b49b0000-7f16b4aae000 rw-p 00000000 00:00 0                          [stack:31217]
7f16b4aae000-7f16b4ab1000 ---p 00000000 00:00 0 
7f16b4ab1000-7f16b4daf000 rw-p 00000000 00:00 0                          [stack:31216]
7f16b4daf000-7f16b4dc0000 r-xp 00000000 fd:00 105719166                  /opt/jdk1.8.0_121/jre/lib/amd64/libnio.so
7f16b4dc0000-7f16b4fbf000 ---p 00011000 fd:00 105719166                  /opt/jdk1.8.0_121/jre/lib/amd64/libnio.so
7f16b4fbf000-7f16b4fc0000 rw-p 00010000 fd:00 105719166                  /opt/jdk1.8.0_121/jre/lib/amd64/libnio.so
7f16b4fc0000-7f16b4fc3000 ---p 00000000 00:00 0 
7f16b4fc3000-7f16b52c1000 rw-p 00000000 00:00 0                          [stack:31215]
7f16b52c1000-7f16b52d7000 r-xp 00000000 fd:00 105719141                  /opt/jdk1.8.0_121/jre/lib/amd64/libnet.so
7f16b52d7000-7f16b54d7000 ---p 00016000 fd:00 105719141                  /opt/jdk1.8.0_121/jre/lib/amd64/libnet.so
7f16b54d7000-7f16b54d8000 rw-p 00016000 fd:00 105719141                  /opt/jdk1.8.0_121/jre/lib/amd64/libnet.so
7f16b54d8000-7f16b54d9000 r-xp 00000000 fd:00 105719194                  /opt/jdk1.8.0_121/jre/lib/amd64/libjaas_unix.so
7f16b54d9000-7f16b56d8000 ---p 00001000 fd:00 105719194                  /opt/jdk1.8.0_121/jre/lib/amd64/libjaas_unix.so
7f16b56d8000-7f16b56d9000 rw-p 00000000 fd:00 105719194                  /opt/jdk1.8.0_121/jre/lib/amd64/libjaas_unix.so
7f16b56d9000-7f16b58d9000 rw-p 00000000 00:00 0 
7f16b58d9000-7f16b5ad9000 rw-p 00000000 00:00 0 
7f16b5ad9000-7f16bc000000 r--p 00000000 fd:00 67169622                   /usr/lib/locale/locale-archive
7f16bc000000-7f16bc022000 rw-p 00000000 00:00 0 
7f16bc022000-7f16c0000000 ---p 00000000 00:00 0 
7f16c0000000-7f16c05d9000 rw-p 00000000 00:00 0 
7f16c05d9000-7f16c4000000 ---p 00000000 00:00 0 
7f16c4000000-7f16c4033000 rw-p 00000000 00:00 0 
7f16c4033000-7f16c8000000 ---p 00000000 00:00 0 
7f16c8000000-7f16c8037000 rw-p 00000000 00:00 0 
7f16c8037000-7f16cc000000 ---p 00000000 00:00 0 
7f16cc000000-7f16cc0a9000 rw-p 00000000 00:00 0 
7f16cc0a9000-7f16d0000000 ---p 00000000 00:00 0 
7f16d00a1000-7f16d00a3000 rw-p 00000000 00:00 0 
7f16d00a3000-7f16d00a7000 r--s 0009a000 fd:00 6428400                    /opt/jdk1.8.0_121/jre/lib/jsse.jar
7f16d00a7000-7f16d00ba000 r--s 00345000 fd:00 6428543                    /opt/jdk1.8.0_121/jre/lib/resources.jar
7f16d00ba000-7f16d00bd000 ---p 00000000 00:00 0 
7f16d00bd000-7f16d01bb000 rw-p 00000000 00:00 0                          [stack:31214]
7f16d01bb000-7f16d01be000 ---p 00000000 00:00 0 
7f16d01be000-7f16d01f4000 rw-p 00000000 00:00 0                          [stack:31212]
7f16d01f4000-7f16d01fd000 r-xp 00000000 fd:00 105719177                  /opt/jdk1.8.0_121/jre/lib/amd64/libmanagement.so
7f16d01fd000-7f16d03fc000 ---p 00009000 fd:00 105719177                  /opt/jdk1.8.0_121/jre/lib/amd64/libmanagement.so
7f16d03fc000-7f16d03fd000 rw-p 00008000 fd:00 105719177                  /opt/jdk1.8.0_121/jre/lib/amd64/libmanagement.so
7f16d03fd000-7f16d05fd000 rw-p 00000000 00:00 0 
7f16d05fd000-7f16d0daa000 r--s 06d10000 fd:00 268659776                  /home/kkaralas/Documents/geotrellis-sentinel-demo/ingest/target/scala-2.11/ingest-assembly-0.1.0.jar
7f16d0daa000-7f16d0dd3000 r--s 001ee000 fd:00 114155652                  /home/kkaralas/Apache/spark-2.1.0-bin-hadoop2.7/jars/guava-16.0.1.jar
7f16d0dd3000-7f16d0dd4000 r--s 00004000 fd:00 114155656                  /home/kkaralas/Apache/spark-2.1.0-bin-hadoop2.7/jars/osgi-resource-locator-1.0.1.jar
7f16d0dd4000-7f16d0e2d000 r--s 00522000 fd:00 114155655                  /home/kkaralas/Apache/spark-2.1.0-bin-hadoop2.7/jars/scala-library-2.11.8.jar
7f16d0e2d000-7f16d0e2f000 r--s 0000f000 fd:00 114155654                  /home/kkaralas/Apache/spark-2.1.0-bin-hadoop2.7/jars/spark-launcher_2.11-2.1.0.jar
7f16d0e2f000-7f16d0e34000 r--s 00032000 fd:00 114155653                  /home/kkaralas/Apache/spark-2.1.0-bin-hadoop2.7/jars/chill_2.11-0.8.0.jar
7f16d0e34000-7f16d0e39000 r--s 00027000 fd:00 114155651                  /home/kkaralas/Apache/spark-2.1.0-bin-hadoop2.7/jars/hk2-api-2.4.0-b34.jar
7f16d0e39000-7f16d0e56000 r--s 001d5000 fd:00 114155650                  /home/kkaralas/Apache/spark-2.1.0-bin-hadoop2.7/jars/hadoop-yarn-api-2.7.3.jar
7f16d0e56000-7f16d0f62000 r--s 00dba000 fd:00 114155649                  /home/kkaralas/Apache/spark-2.1.0-bin-hadoop2.7/jars/scala-compiler-2.11.8.jar
7f16d0f62000-7f16d0f68000 r--s 00043000 fd:00 114155648                  /home/kkaralas/Apache/spark-2.1.0-bin-hadoop2.7/jars/commons-configuration-1.6.jar
7f16d0f68000-7f16d0fb4000 r--s 00411000 fd:00 114155647                  /home/kkaralas/Apache/spark-2.1.0-bin-hadoop2.7/jars/scala-reflect-2.11.8.jar
7f16d0fb4000-7f16d0fbb000 r--s 00046000 fd:00 114155646                  /home/kkaralas/Apache/spark-2.1.0-bin-hadoop2.7/jars/libfb303-0.9.2.jar
7f16d0fbb000-7f16d0fbf000 r--s 00014000 fd:00 114155645                  /home/kkaralas/Apache/spark-2.1.0-bin-hadoop2.7/jars/xz-1.0.jar
7f16d0fbf000-7f16d0fe3000 r--s 001cd000 fd:00 114155644                  /home/kkaralas/Apache/spark-2.1.0-bin-hadoop2.7/jars/commons-math3-3.4.1.jar
7f16d0fe3000-7f16d0fe7000 r--s 0003c000 fd:00 114155643                  /home/kkaralas/Apache/spark-2.1.0-bin-hadoop2.7/jars/jackson-core-2.6.5.jar
7f16d0fe7000-7f16d0ff2000 r--s 0005d000 fd:00 114155642                  /home/kkaralas/Apache/spark-2.1.0-bin-hadoop2.7/jars/scala-parser-combinators_2.11-1.0.4.jar
7f16d0ff2000-7f16d0ff9000 r--s 00049000 fd:00 114155641                  /home/kkaralas/Apache/spark-2.1.0-bin-hadoop2.7/jars/univocity-parsers-2.2.1.jar
7f16d0ff9000-7f16d0ffd000 r--s 00036000 fd:00 114155640                  /home/kkaralas/Apache/spark-2.1.0-bin-hadoop2.7/jars/ST4-4.0.4.jar
7f16d0ffd000-7f16d1001000 r--s 00025000 fd:00 114155639                  /home/kkaralas/Apache/spark-2.1.0-bin-hadoop2.7/jars/jersey-client-2.22.2.jar
7f16d1001000-7f16d1007000 r--s 00063000 fd:00 114155638                  /home/kkaralas/Apache/spark-2.1.0-bin-hadoop2.7/jars/jodd-core-3.5.2.jar
7f16d1007000-7f16d1009000 r--s 00009000 fd:00 114155637                  /home/kkaralas/Apache/spark-2.1.0-bin-hadoop2.7/jars/objenesis-2.1.jar
7f16d1009000-7f16d1013000 r--s 0007b000 fd:00 114155636                  /home/kkaralas/Apache/spark-2.1.0-bin-hadoop2.7/jars/hadoop-mapreduce-client-app-2.7.3.jar
7f16d1013000-7f16d1042000 r--s 002e5000 fd:00 114155635                  /home/kkaralas/Apache/spark-2.1.0-bin-hadoop2.7/jars/derby-10.12.1.1.jar
7f16d1042000-7f16d1043000 r--s 00009000 fd:00 114155634                  /home/kkaralas/Apache/spark-2.1.0-bin-hadoop2.7/jars/slf4j-api-1.7.16.jar
7f16d1043000-7f16d1044000 r--s 00008000 fd:00 114155633                  /home/kkaralas/Apache/spark-2.1.0-bin-hadoop2.7/jars/commons-compiler-3.0.0.jar
7f16d1044000-7f16d1046000 r--s 00003000 fd:00 114155632                  /home/kkaralas/Apache/spark-2.1.0-bin-hadoop2.7/jars/base64-2.3.8.jar
7f16d1046000-7f16d1049000 r--s 0000d000 fd:00 114155631                  /home/kkaralas/Apache/spark-2.1.0-bin-hadoop2.7/jars/spark-network-shuffle_2.11-2.1.0.jar
7f16d1049000-7f16d104b000 r--s 00100000 fd:00 114155630                  /home/kkaralas/Apache/spark-2.1.0-bin-hadoop2.7/jars/snappy-java-1.1.2.6.jar
7f16d104b000-7f16d1050000 r--s 00028000 fd:00 114155629                  /home/kkaralas/Apache/spark-2.1.0-bin-hadoop2.7/jars/avro-mapred-1.7.7-hadoop2.jar
7f16d1050000-7f16d1052000 r--s 0000b000 fd:00 114155628                  /home/kkaralas/Apache/spark-2.1.0-bin-hadoop2.7/jars/chill-java-0.8.0.jar
7f16d1052000-7f16d1054000 r--s 00009000 fd:00 114155627                  /home/kkaralas/Apache/spark-2.1.0-bin-hadoop2.7/jars/commons-cli-1.2.jar
7f16d1054000-7f16d1055000 r--s 00001000 fd:00 114155626                  /home/kkaralas/Apache/spark-2.1.0-bin-hadoop2.7/jars/javax.inject-2.4.0-b34.jar
7f16d1055000-7f16d105e000 r--s 00097000 fd:00 114155625                  /home/kkaralas/Apache/spark-2.1.0-bin-hadoop2.7/jars/pmml-model-1.2.15.jar
7f16d105e000-7f16d1060000 r--s 00000000 fd:00 114155624                  /home/kkaralas/Apache/spark-2.1.0-bin-hadoop2.7/jars/jul-to-slf4j-1.7.16.jar
7f16d1060000-7f16d108e000 r--s 00212000 fd:00 114155623                  /home/kkaralas/Apache/spark-2.1.0-bin-hadoop2.7/jars/spark-network-common_2.11-2.1.0.jar
7f16d108e000-7f16d10a0000 r--s 00112000 fd:00 114155622                  /home/kkaralas/Apache/spark-2.1.0-bin-hadoop2.7/jars/arpack_combined_all-0.1.jar
7f16d10a0000-7f16d10a3000 r--s 0001a000 fd:00 114155621                  /home/kkaralas/Apache/spark-2.1.0-bin-hadoop2.7/jars/py4j-0.10.4.jar
7f16d10a3000-7f16d10b9000 r--s 00124000 fd:00 114155620                  /home/kkaralas/Apache/spark-2.1.0-bin-hadoop2.7/jars/ivy-2.4.0.jar
7f16d10b9000-7f16d10c6000 r--s 00071000 fd:00 114155619                  /home/kkaralas/Apache/spark-2.1.0-bin-hadoop2.7/jars/jackson-module-scala_2.11-2.6.5.jar
7f16d10c6000-7f16d10d2000 r--s 000b6000 fd:00 114155618                  /home/kkaralas/Apache/spark-2.1.0-bin-hadoop2.7/jars/zookeeper-3.4.6.jar
7f16d10d2000-7f16d115b000 r--s 00682000 fd:00 114155617                  /home/kkaralas/Apache/spark-2.1.0-bin-hadoop2.7/jars/spark-catalyst_2.11-2.1.0.jar
7f16d115b000-7f16d115c000 r--s 00009000 fd:00 114155616                  /home/kkaralas/Apache/spark-2.1.0-bin-hadoop2.7/jars/hive-cli-1.2.1.spark2.jar
7f16d115c000-7f16d116e000 r--s 000b3000 fd:00 114154943                  /home/kkaralas/Apache/spark-2.1.0-bin-hadoop2.7/jars/scalap-2.11.8.jar
7f16d116e000-7f16d1174000 r--s 0002c000 fd:00 114154942                  /home/kkaralas/Apache/spark-2.1.0-bin-hadoop2.7/jars/jdo-api-3.0.1.jar
7f16d1174000-7f16d1175000 r--s 00003000 fd:00 114154941                  /home/kkaralas/Apache/spark-2.1.0-bin-hadoop2.7/jars/metrics-json-3.1.2.jar
7f16d1175000-7f16d1177000 r--s 00003000 fd:00 114154940                  /home/kkaralas/Apache/spark-2.1.0-bin-hadoop2.7/jars/JavaEWAH-0.3.2.jar
7f16d1177000-7f16d1179000 r--s 0001f000 fd:00 114154939                  /home/kkaralas/Apache/spark-2.1.0-bin-hadoop2.7/jars/commons-crypto-1.0.0.jar
7f16d1179000-7f16d1191000 r--s 00115000 fd:00 114154938                  /home/kkaralas/Apache/spark-2.1.0-bin-hadoop2.7/jars/netty-3.8.0.Final.jar
7f16d1191000-7f16d1193000 r--s 0000e000 fd:00 114154937                  /home/kkaralas/Apache/spark-2.1.0-bin-hadoop2.7/jars/guice-servlet-3.0.jar
7f16d1193000-7f16d1196000 r--s 00022000 fd:00 114154936                  /home/kkaralas/Apache/spark-2.1.0-bin-hadoop2.7/jars/stringtemplate-3.2.1.jar
7f16d1196000-7f16d119e000 r--s 00078000 fd:00 114154935                  /home/kkaralas/Apache/spark-2.1.0-bin-hadoop2.7/jars/mail-1.4.7.jar
7f16d119e000-7f16d11b0000 r--s 00097000 fd:00 114154934                  /home/kkaralas/Apache/spark-2.1.0-bin-hadoop2.7/jars/apacheds-kerberos-codec-2.0.0-M15.jar
7f16d11b0000-7f16d11b2000 r--s 00012000 fd:00 114154933                  /home/kkaralas/Apache/spark-2.1.0-bin-hadoop2.7/jars/api-util-1.0.0-M20.jar
7f16d11b2000-7f16d11e9000 r--s 00325000 fd:00 114154932                  /home/kkaralas/Apache/spark-2.1.0-bin-hadoop2.7/jars/calcite-core-1.2.0-incubating.jar
7f16d11e9000-7f16d1292000 r--s 00a4f000 fd:00 114154931                  /home/kkaralas/Apache/spark-2.1.0-bin-hadoop2.7/jars/hive-exec-1.2.1.spark2.jar
7f16d1292000-7f16d1295000 r--s 00017000 fd:00 114154930                  /home/kkaralas/Apache/spark-2.1.0-bin-hadoop2.7/jars/jaxb-api-2.2.2.jar
7f16d1295000-7f16d12a2000 r--s 00078000 fd:00 114154929                  /home/kkaralas/Apache/spark-2.1.0-bin-hadoop2.7/jars/spark-mesos_2.11-2.1.0.jar
7f16d12a2000-7f16d1316000 r--s 00572000 fd:00 114154928                  /home/kkaralas/Apache/spark-2.1.0-bin-hadoop2.7/jars/spark-mllib_2.11-2.1.0.jar
7f16d1316000-7f16d1342000 r--s 001c9000 fd:00 114154927                  /home/kkaralas/Apache/spark-2.1.0-bin-hadoop2.7/jars/shapeless_2.11-2.0.0.jar
7f16d1342000-7f16d1346000 r--s 0002f000 fd:00 114154926                  /home/kkaralas/Apache/spark-2.1.0-bin-hadoop2.7/jars/commons-beanutils-core-1.8.0.jar
7f16d1346000-7f16d1348000 r--s 0000e000 fd:00 114154925                  /home/kkaralas/Apache/spark-2.1.0-bin-hadoop2.7/jars/commons-logging-1.1.3.jar
7f16d1348000-7f16d134f000 r--s 0005d000 fd:00 114154924                  /home/kkaralas/Apache/spark-2.1.0-bin-hadoop2.7/jars/mx4j-3.0.2.jar
7f16d134f000-7f16d1352000 r--s 00026000 fd:00 114154923                  /home/kkaralas/Apache/spark-2.1.0-bin-hadoop2.7/jars/hadoop-yarn-client-2.7.3.jar
7f16d1352000-7f16d137f000 r--s 001d4000 fd:00 114154922                  /home/kkaralas/Apache/spark-2.1.0-bin-hadoop2.7/jars/spark-streaming_2.11-2.1.0.jar
7f16d137f000-7f16d1384000 r--s 00068000 fd:00 114154921                  /home/kkaralas/Apache/spark-2.1.0-bin-hadoop2.7/jars/antlr-2.7.7.jar
7f16d1384000-7f16d1386000 r--s 00027000 fd:00 114154920                  /home/kkaralas/Apache/spark-2.1.0-bin-hadoop2.7/jars/core-1.1.2.jar
7f16d1386000-7f16d1388000 r--s 00038000 fd:00 114154919                  /home/kkaralas/Apache/spark-2.1.0-bin-hadoop2.7/jars/lz4-1.3.0.jar
7f16d1388000-7f16d1389000 r--s 00006000 fd:00 114154918                  /home/kkaralas/Apache/spark-2.1.0-bin-hadoop2.7/jars/jackson-xc-1.9.13.jar
7f16d1389000-7f16d138b000 r--s 00004000 fd:00 114154917                  /home/kkaralas/Apache/spark-2.1.0-bin-hadoop2.7/jars/metrics-graphite-3.1.2.jar
7f16d138b000-7f16d138d000 r--s 0000e000 fd:00 114154916                  /home/kkaralas/Apache/spark-2.1.0-bin-hadoop2.7/jars/hadoop-mapreduce-client-jobclient-2.7.3.jar
7f16d138d000-7f16d1391000 r--s 00019000 fd:00 114154915                  /home/kkaralas/Apache/spark-2.1.0-bin-hadoop2.7/jars/javax.ws.rs-api-2.0.1.jar
7f16d1391000-7f16d13d1000 r--s 00277000 fd:00 114154914                  /home/kkaralas/Apache/spark-2.1.0-bin-hadoop2.7/jars/bcprov-jdk15on-1.51.jar
7f16d13d1000-7f16d13db000 r--s 000a5000 fd:00 114154913                  /home/kkaralas/Apache/spark-2.1.0-bin-hadoop2.7/jars/javassist-3.18.1-GA.jar
7f16d13db000-7f16d13e3000 r--s 0006e000 fd:00 114154912                  /home/kkaralas/Apache/spark-2.1.0-bin-hadoop2.7/jars/commons-lang3-3.5.jar
7f16d13e3000-7f16d13e4000 r--s 00002000 fd:00 114154911                  /home/kkaralas/Apache/spark-2.1.0-bin-hadoop2.7/jars/jpam-1.1.jar
7f16d13e4000-7f16d13ea000 r--s 00044000 fd:00 114154910                  /home/kkaralas/Apache/spark-2.1.0-bin-hadoop2.7/jars/antlr4-runtime-4.5.3.jar
7f16d13ea000-7f16d13f4000 r--s 000aa000 fd:00 114154909                  /home/kkaralas/Apache/spark-2.1.0-bin-hadoop2.7/jars/janino-3.0.0.jar
7f16d13f4000-7f16d13f7000 r--s 00014000 fd:00 114154908                  /home/kkaralas/Apache/spark-2.1.0-bin-hadoop2.7/jars/super-csv-2.2.0.jar
7f16d13f7000-7f16d13f9000 r--s 00000000 fd:00 114154907                  /home/kkaralas/Apache/spark-2.1.0-bin-hadoop2.7/jars/aopalliance-1.0.jar
7f16d13f9000-7f16d13fb000 r--s 00009000 fd:00 114154906                  /home/kkaralas/Apache/spark-2.1.0-bin-hadoop2.7/jars/jackson-module-paranamer-2.6.5.jar
7f16d13fb000-7f16d13fd000 r--s 0000e000 fd:00 114154905                  /home/kkaralas/Apache/spark-2.1.0-bin-hadoop2.7/jars/spark-repl_2.11-2.1.0.jar
7f16d13fd000-7f16d13fe000 r--s 00006000 fd:00 114154904                  /home/kkaralas/Apache/spark-2.1.0-bin-hadoop2.7/jars/hadoop-client-2.7.3.jar
7f16d13fe000-7f16d1400000 r--s 00006000 fd:00 114154903                  /home/kkaralas/Apache/spark-2.1.0-bin-hadoop2.7/jars/spark-sketch_2.11-2.1.0.jar
7f16d1400000-7f16d140e000 r--s 000b1000 fd:00 114154902                  /home/kkaralas/Apache/spark-2.1.0-bin-hadoop2.7/jars/jackson-mapper-asl-1.9.13.jar
7f16d140e000-7f16d1425000 r--s 00183000 fd:00 114154901                  /home/kkaralas/Apache/spark-2.1.0-bin-hadoop2.7/jars/hadoop-yarn-common-2.7.3.jar
7f16d1425000-7f16d1427000 r--s 00010000 fd:00 114154900                  /home/kkaralas/Apache/spark-2.1.0-bin-hadoop2.7/jars/jersey-media-jaxb-2.22.2.jar
7f16d1427000-7f16d142a000 r--s 00009000 fd:00 114154899                  /home/kkaralas/Apache/spark-2.1.0-bin-hadoop2.7/jars/jackson-annotations-2.6.5.jar
7f16d142a000-7f16d144c000 r--s 00335000 fd:00 114154898                  /home/kkaralas/Apache/spark-2.1.0-bin-hadoop2.7/jars/mesos-1.0.0-shaded-protobuf.jar
7f16d144c000-7f16d144e000 r--s 00020000 fd:00 114154897                  /home/kkaralas/Apache/spark-2.1.0-bin-hadoop2.7/jars/hive-beeline-1.2.1.spark2.jar
7f16d144e000-7f16d1452000 r--s 0002c000 fd:00 114154896                  /home/kkaralas/Apache/spark-2.1.0-bin-hadoop2.7/jars/avro-ipc-1.7.7.jar
7f16d1452000-7f16d1456000 r--s 0002a000 fd:00 114154895                  /home/kkaralas/Apache/spark-2.1.0-bin-hadoop2.7/jars/commons-io-2.4.jar
7f16d1456000-7f16d145c000 r--s 00028000 fd:00 114154894                  /home/kkaralas/Apache/spark-2.1.0-bin-hadoop2.7/jars/curator-framework-2.6.0.jar
7f16d145c000-7f16d1461000 r--s 00031000 fd:00 114154893                  /home/kkaralas/Apache/spark-2.1.0-bin-hadoop2.7/jars/parquet-hadoop-1.8.1.jar
7f16d1461000-7f16d1463000 r--s 00005000 fd:00 114154892                  /home/kkaralas/Apache/spark-2.1.0-bin-hadoop2.7/jars/javax.annotation-api-1.2.jar
7f16d1463000-7f16d1465000 r--s 00005000 fd:00 114154891                  /home/kkaralas/Apache/spark-2.1.0-bin-hadoop2.7/jars/stax-api-1.0.1.jar
7f16d1465000-7f16d146a000 r--s 00041000 fd:00 114154890                  /home/kkaralas/Apache/spark-2.1.0-bin-hadoop2.7/jars/commons-lang-2.6.jar
7f16d146a000-7f16d1483000 r--s 00164000 fd:00 114154889                  /home/kkaralas/Apache/spark-2.1.0-bin-hadoop2.7/jars/hadoop-mapreduce-client-core-2.7.3.jar
7f16d1483000-7f16d148b000 r--s 0007b000 fd:00 114154888                  /home/kkaralas/Apache/spark-2.1.0-bin-hadoop2.7/jars/protobuf-java-2.5.0.jar
7f16d148b000-7f16d1492000 r--s 00049000 fd:00 114154887                  /home/kkaralas/Apache/spark-2.1.0-bin-hadoop2.7/jars/httpcore-4.4.4.jar
7f16d1492000-7f16d1497000 r--s 0002a000 fd:00 114154886                  /home/kkaralas/Apache/spark-2.1.0-bin-hadoop2.7/jars/gson-2.2.4.jar
7f16d1497000-7f16d14a6000 r--s 0009f000 fd:00 114154885                  /home/kkaralas/Apache/spark-2.1.0-bin-hadoop2.7/jars/guice-3.0.jar
7f16d14a6000-7f16d14a8000 r--s 00003000 fd:00 114154884                  /home/kkaralas/Apache/spark-2.1.0-bin-hadoop2.7/jars/jcl-over-slf4j-1.7.16.jar
7f16d14a8000-7f16d14b0000 r--s 00066000 fd:00 114154883                  /home/kkaralas/Apache/spark-2.1.0-bin-hadoop2.7/jars/apache-log4j-extras-1.2.17.jar
7f16d14b0000-7f16d14b2000 r--s 00012000 fd:00 114154881                  /home/kkaralas/Apache/spark-2.1.0-bin-hadoop2.7/jars/compress-lzf-1.0.3.jar
7f16d14b2000-7f16d14bd000 r--s 000b0000 fd:00 114154882                  /home/kkaralas/Apache/spark-2.1.0-bin-hadoop2.7/jars/jtransforms-2.4.0.jar
7f16d14bd000-7f16d14c8000 r--s 00062000 fd:00 114154880                  /home/kkaralas/Apache/spark-2.1.0-bin-hadoop2.7/jars/calcite-linq4j-1.2.0-incubating.jar
7f16d14c8000-7f16d14d2000 r--s 00095000 fd:00 114152223                  /home/kkaralas/Apache/spark-2.1.0-bin-hadoop2.7/jars/scala-xml_2.11-1.0.2.jar
7f16d14d2000-7f16d14d9000 r--s 00039000 fd:00 114152222                  /home/kkaralas/Apache/spark-2.1.0-bin-hadoop2.7/jars/calcite-avatica-1.2.0-incubating.jar
7f16d14d9000-7f16d1500000 r--s 0020f000 fd:00 114152221                  /home/kkaralas/Apache/spark-2.1.0-bin-hadoop2.7/jars/netty-all-4.0.42.Final.jar
7f16d1500000-7f16d1502000 r--s 0000d000 fd:00 114152220                  /home/kkaralas/Apache/spark-2.1.0-bin-hadoop2.7/jars/hadoop-yarn-server-web-proxy-2.7.3.jar
7f16d1502000-7f16d150b000 r--s 0006f000 fd:00 114152219                  /home/kkaralas/Apache/spark-2.1.0-bin-hadoop2.7/jars/log4j-1.2.17.jar
7f16d150b000-7f16d150e000 r--s 00015000 fd:00 114152218                  /home/kkaralas/Apache/spark-2.1.0-bin-hadoop2.7/jars/pyrolite-4.13.jar
7f16d150e000-7f16d1515000 r--s 0007d000 fd:00 114152217                  /home/kkaralas/Apache/spark-2.1.0-bin-hadoop2.7/jars/jetty-6.1.26.jar
7f16d1515000-7f16d1518000 r--s 00006000 fd:00 114152216                  /home/kkaralas/Apache/spark-2.1.0-bin-hadoop2.7/jars/jsr305-1.3.9.jar
7f16d1518000-7f16d151c000 r--s 00020000 fd:00 114152215                  /home/kkaralas/Apache/spark-2.1.0-bin-hadoop2.7/jars/commons-digester-1.8.jar
7f16d151c000-7f16d157f000 r--s 004de000 fd:00 114152214                  /home/kkaralas/Apache/spark-2.1.0-bin-hadoop2.7/jars/hive-metastore-1.2.1.spark2.jar
7f16d157f000-7f16d1589000 r--s 00086000 fd:00 114152213                  /home/kkaralas/Apache/spark-2.1.0-bin-hadoop2.7/jars/json4s-core_2.11-3.2.11.jar
7f16d1589000-7f16d158b000 r--s 00014000 fd:00 114152212                  /home/kkaralas/Apache/spark-2.1.0-bin-hadoop2.7/jars/spire-macros_2.11-0.7.4.jar
7f16d158b000-7f16d158c000 r--s 00004000 fd:00 114152211                  /home/kkaralas/Apache/spark-2.1.0-bin-hadoop2.7/jars/opencsv-2.3.jar
7f16d158c000-7f16d160c000 r--s 005dd000 fd:00 114152210                  /home/kkaralas/Apache/spark-2.1.0-bin-hadoop2.7/jars/spark-sql_2.11-2.1.0.jar
7f16d160c000-7f16d160e000 r--s 0000f000 fd:00 114152209                  /home/kkaralas/Apache/spark-2.1.0-bin-hadoop2.7/jars/curator-client-2.6.0.jar
7f16d160e000-7f16d161f000 r--s 0010d000 fd:00 114152208                  /home/kkaralas/Apache/spark-2.1.0-bin-hadoop2.7/jars/jackson-databind-2.6.5.jar
7f16d161f000-7f16d16f6000 r--s 00a7f000 fd:00 114152207                  /home/kkaralas/Apache/spark-2.1.0-bin-hadoop2.7/jars/spark-core_2.11-2.1.0.jar
7f16d16f6000-7f16d16f7000 r--s 00004000 fd:00 114152206                  /home/kkaralas/Apache/spark-2.1.0-bin-hadoop2.7/jars/eigenbase-properties-1.1.5.jar
7f16d16f7000-7f16d16f9000 r--s 00003000 fd:00 114152205                  /home/kkaralas/Apache/spark-2.1.0-bin-hadoop2.7/jars/spark-tags_2.11-2.1.0.jar
7f16d16f9000-7f16d16fa000 r--s 00004000 fd:00 114152204                  /home/kkaralas/Apache/spark-2.1.0-bin-hadoop2.7/jars/jackson-jaxrs-1.9.13.jar
7f16d16fa000-7f16d1700000 r--s 00040000 fd:00 114152203                  /home/kkaralas/Apache/spark-2.1.0-bin-hadoop2.7/jars/parquet-encoding-1.8.1.jar
7f16d1700000-7f16d1701000 r--s 0000b000 fd:00 114152202                  /home/kkaralas/Apache/spark-2.1.0-bin-hadoop2.7/jars/snappy-0.2.jar
7f16d1701000-7f16d170e000 r--s 000a7000 fd:00 114152201                  /home/kkaralas/Apache/spark-2.1.0-bin-hadoop2.7/jars/httpclient-4.5.2.jar
7f16d170e000-7f16d1727000 r--s 00150000 fd:00 114152200                  /home/kkaralas/Apache/spark-2.1.0-bin-hadoop2.7/jars/htrace-core-3.1.0-incubating.jar
7f16d1727000-7f16d173d000 r--s 000d3000 fd:00 114152199                  /home/kkaralas/Apache/spark-2.1.0-bin-hadoop2.7/jars/jersey-server-2.22.2.jar
7f16d173d000-7f16d1744000 r--s 00036000 fd:00 114152198                  /home/kkaralas/Apache/spark-2.1.0-bin-hadoop2.7/jars/curator-recipes-2.6.0.jar
7f16d1744000-7f16d1749000 r--s 00033000 fd:00 114152197                  /home/kkaralas/Apache/spark-2.1.0-bin-hadoop2.7/jars/libthrift-0.9.2.jar
7f16d1749000-7f16d175a000 r--s 00089000 fd:00 114152196                  /home/kkaralas/Apache/spark-2.1.0-bin-hadoop2.7/jars/joda-time-2.9.3.jar
7f16d175a000-7f16d175c000 r--s 00010000 fd:00 114152195                  /home/kkaralas/Apache/spark-2.1.0-bin-hadoop2.7/jars/hadoop-mapreduce-client-shuffle-2.7.3.jar
7f16d175c000-7f16d175d000 r--s 00001000 fd:00 114152194                  /home/kkaralas/Apache/spark-2.1.0-bin-hadoop2.7/jars/pmml-schema-1.2.15.jar
7f16d175d000-7f16d177e000 r--s 0019b000 fd:00 114152193                  /home/kkaralas/Apache/spark-2.1.0-bin-hadoop2.7/jars/spark-hive-thriftserver_2.11-2.1.0.jar
7f16d177e000-7f16d1781000 r--s 00015000 fd:00 114152192                  /home/kkaralas/Apache/spark-2.1.0-bin-hadoop2.7/jars/commons-pool-1.5.4.jar
7f16d1781000-7f16d1782000 r--s 00002000 fd:00 114152191                  /home/kkaralas/Apache/spark-2.1.0-bin-hadoop2.7/jars/slf4j-log4j12-1.7.16.jar
7f16d1782000-7f16d1785000 r--s 00025000 fd:00 114152190                  /home/kkaralas/Apache/spark-2.1.0-bin-hadoop2.7/jars/commons-dbcp-1.4.jar
7f16d1785000-7f16d1789000 r--s 0000c000 fd:00 114152189                  /home/kkaralas/Apache/spark-2.1.0-bin-hadoop2.7/jars/validation-api-1.1.0.Final.jar
7f16d1789000-7f16d178a000 r--s 0000a000 fd:00 114152188                  /home/kkaralas/Apache/spark-2.1.0-bin-hadoop2.7/jars/apacheds-i18n-2.0.0-M15.jar
7f16d178a000-7f16d178c000 r--s 00003000 fd:00 114152187                  /home/kkaralas/Apache/spark-2.1.0-bin-hadoop2.7/jars/api-asn1-api-1.0.0-M20.jar
7f16d178c000-7f16d179a000 r--s 0009d000 fd:00 114152186                  /home/kkaralas/Apache/spark-2.1.0-bin-hadoop2.7/jars/jersey-common-2.22.2.jar
7f16d179a000-7f16d17b0000 r--s 001a4000 fd:00 114152185                  /home/kkaralas/Apache/spark-2.1.0-bin-hadoop2.7/jars/datanucleus-rdbms-3.2.9.jar
7f16d17b0000-7f16d17b8000 r--s 00059000 fd:00 114152184                  /home/kkaralas/Apache/spark-2.1.0-bin-hadoop2.7/jars/javolution-5.5.1.jar
7f16d17b8000-7f16d17b9000 r--s 00001000 fd:00 114152183                  /home/kkaralas/Apache/spark-2.1.0-bin-hadoop2.7/jars/minlog-1.3.0.jar
7f16d17b9000-7f16d17c0000 r--s 00058000 fd:00 114152182                  /home/kkaralas/Apache/spark-2.1.0-bin-hadoop2.7/jars/hadoop-yarn-server-common-2.7.3.jar
7f16d17c0000-7f16d17c2000 r--s 00017000 fd:00 114152181                  /home/kkaralas/Apache/spark-2.1.0-bin-hadoop2.7/jars/hive-jdbc-1.2.1.spark2.jar
7f16d17c2000-7f16d17c4000 r--s 00002000 fd:00 114152180                  /home/kkaralas/Apache/spark-2.1.0-bin-hadoop2.7/jars/aopalliance-repackaged-2.4.0-b34.jar
7f16d17c4000-7f16d17ca000 r--s 00045000 fd:00 114152179                  /home/kkaralas/Apache/spark-2.1.0-bin-hadoop2.7/jars/commons-httpclient-3.1.jar
7f16d17ca000-7f16d17cd000 r--s 000fd000 fd:00 114152178                  /home/kkaralas/Apache/spark-2.1.0-bin-hadoop2.7/jars/leveldbjni-all-1.8.jar
7f16d17cd000-7f16d17d4000 r--s 0003f000 fd:00 114152177                  /home/kkaralas/Apache/spark-2.1.0-bin-hadoop2.7/jars/commons-codec-1.10.jar
7f16d17d4000-7f16d17d7000 r--s 00012000 fd:00 114152176                  /home/kkaralas/Apache/spark-2.1.0-bin-hadoop2.7/jars/json4s-ast_2.11-3.2.11.jar
7f16d17d7000-7f16d17e5000 r--s 0009d000 fd:00 114152175                  /home/kkaralas/Apache/spark-2.1.0-bin-hadoop2.7/jars/spark-graphx_2.11-2.1.0.jar
7f16d17e5000-7f16d17e6000 r--s 00009000 fd:00 114152174                  /home/kkaralas/Apache/spark-2.1.0-bin-hadoop2.7/jars/json4s-jackson_2.11-3.2.11.jar
7f16d17e6000-7f16d17e7000 r--s 00000000 fd:00 114152173                  /home/kkaralas/Apache/spark-2.1.0-bin-hadoop2.7/jars/javax.inject-1.jar
7f16d17e7000-7f16d17f4000 r--s 00083000 fd:00 114152172                  /home/kkaralas/Apache/spark-2.1.0-bin-hadoop2.7/jars/commons-collections-3.2.2.jar
7f16d17f4000-7f16d17f8000 r--s 00035000 fd:00 114152171                  /home/kkaralas/Apache/spark-2.1.0-bin-hadoop2.7/jars/jackson-core-asl-1.9.13.jar
7f16d17f8000-7f16d1809000 r--s 0009e000 fd:00 114152170                  /home/kkaralas/Apache/spark-2.1.0-bin-hadoop2.7/jars/spark-yarn_2.11-2.1.0.jar
7f16d1809000-7f16d180c000 r--s 00021000 fd:00 114152169                  /home/kkaralas/Apache/spark-2.1.0-bin-hadoop2.7/jars/xbean-asm5-shaded-4.4.jar
7f16d180c000-7f16d1861000 r--s 0069c000 fd:00 114152168                  /home/kkaralas/Apache/spark-2.1.0-bin-hadoop2.7/jars/spire_2.11-0.7.4.jar
7f16d1861000-7f16d1879000 r--s 0010a000 fd:00 114152167                  /home/kkaralas/Apache/spark-2.1.0-bin-hadoop2.7/jars/spark-hive_2.11-2.1.0.jar
7f16d1879000-7f16d187a000 r--s 00003000 fd:00 114152166                  /home/kkaralas/Apache/spark-2.1.0-bin-hadoop2.7/jars/xmlenc-0.52.jar
7f16d187a000-7f16d187d000 r--s 00016000 fd:00 114152165                  /home/kkaralas/Apache/spark-2.1.0-bin-hadoop2.7/jars/jsp-api-2.1.jar
7f16d187d000-7f16d18b1000 r--s 00277000 fd:00 114152164                  /home/kkaralas/Apache/spark-2.1.0-bin-hadoop2.7/jars/parquet-hadoop-bundle-1.6.0.jar
7f16d18b1000-7f16d18b5000 r--s 00029000 fd:00 114152163                  /home/kkaralas/Apache/spark-2.1.0-bin-hadoop2.7/jars/hk2-locator-2.4.0-b34.jar
7f16d18b5000-7f16d18bc000 r--s 00058000 fd:00 114152162                  /home/kkaralas/Apache/spark-2.1.0-bin-hadoop2.7/jars/parquet-format-2.3.0-incubating.jar
7f16d18bc000-7f16d18be000 r--s 00006000 fd:00 114152161                  /home/kkaralas/Apache/spark-2.1.0-bin-hadoop2.7/jars/paranamer-2.3.jar
7f16d18be000-7f16d18c0000 r--s 00004000 fd:00 114152160                  /home/kkaralas/Apache/spark-2.1.0-bin-hadoop2.7/jars/stax-api-1.0-2.jar
7f16d18c0000-7f16d18c1000 r--s 00002000 fd:00 109015322                  /home/kkaralas/Apache/spark-2.1.0-bin-hadoop2.7/jars/java-xmlbuilder-1.0.jar
7f16d18c1000-7f16d18d7000 r--s 000d1000 fd:00 108941785                  /home/kkaralas/Apache/spark-2.1.0-bin-hadoop2.7/jars/parquet-column-1.8.1.jar
7f16d18d7000-7f16d18db000 r--s 00018000 fd:00 108941776                  /home/kkaralas/Apache/spark-2.1.0-bin-hadoop2.7/jars/metrics-core-3.1.2.jar
7f16d18db000-7f16d18df000 r--s 00031000 fd:00 108879565                  /home/kkaralas/Apache/spark-2.1.0-bin-hadoop2.7/jars/jline-2.12.1.jar
7f16d18df000-7f16d18e4000 r--s 0004e000 fd:00 114057343                  /home/kkaralas/Apache/spark-2.1.0-bin-hadoop2.7/jars/datanucleus-api-jdo-3.2.6.jar
7f16d18e4000-7f16d18e6000 r--s 00008000 fd:00 114057342                  /home/kkaralas/Apache/spark-2.1.0-bin-hadoop2.7/jars/parquet-common-1.8.1.jar
7f16d18e6000-7f16d18ef000 r--s 00062000 fd:00 114057341                  /home/kkaralas/Apache/spark-2.1.0-bin-hadoop2.7/jars/avro-1.7.7.jar
7f16d18ef000-7f16d18f3000 r--s 0001a000 fd:00 114057340                  /home/kkaralas/Apache/spark-2.1.0-bin-hadoop2.7/jars/hk2-utils-2.4.0-b34.jar
7f16d18f3000-7f16d18f8000 r--s 0002a000 fd:00 114057339                  /home/kkaralas/Apache/spark-2.1.0-bin-hadoop2.7/jars/commons-beanutils-1.7.0.jar
7f16d18f8000-7f16d18fb000 r--s 0000e000 fd:00 114057338                  /home/kkaralas/Apache/spark-2.1.0-bin-hadoop2.7/jars/jersey-container-servlet-core-2.22.2.jar
7f16d18fb000-7f16d1900000 r--s 00036000 fd:00 114057337                  /home/kkaralas/Apache/spark-2.1.0-bin-hadoop2.7/jars/commons-compress-1.4.1.jar
7f16d1900000-7f16d1904000 r--s 00028000 fd:00 114057336                  /home/kkaralas/Apache/spark-2.1.0-bin-hadoop2.7/jars/jetty-util-6.1.26.jar
7f16d1904000-7f16d191f000 r--s 001d8000 fd:00 114057335                  /home/kkaralas/Apache/spark-2.1.0-bin-hadoop2.7/jars/jets3t-0.9.3.jar
7f16d191f000-7f16d1937000 r--s 000d6000 fd:00 114057334                  /home/kkaralas/Apache/spark-2.1.0-bin-hadoop2.7/jars/jersey-guava-2.22.2.jar
7f16d1937000-7f16d1939000 r--s 00003000 fd:00 114057333                  /home/kkaralas/Apache/spark-2.1.0-bin-hadoop2.7/jars/jersey-container-servlet-2.22.2.jar
7f16d1939000-7f16d1951000 r--s 001b6000 fd:00 114057332                  /home/kkaralas/Apache/spark-2.1.0-bin-hadoop2.7/jars/datanucleus-core-3.2.10.jar
7f16d1951000-7f16d1953000 r--s 0000f000 fd:00 114057330                  /home/kkaralas/Apache/spark-2.1.0-bin-hadoop2.7/jars/activation-1.1.1.jar
7f16d1953000-7f16d1989000 r--s 0031c000 fd:00 114057329                  /home/kkaralas/Apache/spark-2.1.0-bin-hadoop2.7/jars/hadoop-common-2.7.3.jar
7f16d1989000-7f16d198d000 r--s 00029000 fd:00 114057328                  /home/kkaralas/Apache/spark-2.1.0-bin-hadoop2.7/jars/breeze-macros_2.11-0.12.jar
7f16d198d000-7f16d1990000 r--s 0002f000 fd:00 114057326                  /home/kkaralas/Apache/spark-2.1.0-bin-hadoop2.7/jars/RoaringBitmap-0.5.11.jar
7f16d1990000-7f16d199d000 r--s 000b1000 fd:00 114057325                  /home/kkaralas/Apache/spark-2.1.0-bin-hadoop2.7/jars/hadoop-mapreduce-client-common-2.7.3.jar
7f16d199d000-7f16d19be000 rw-p 00000000 00:00 0 
7f16d19be000-7f16d1a8e000 r--s 00cf0000 fd:00 114057320                  /home/kkaralas/Apache/spark-2.1.0-bin-hadoop2.7/jars/breeze_2.11-0.12.jar
7f16d1a8e000-7f16d1aa2000 r--s 000ec000 fd:00 114057318                  /home/kkaralas/Apache/spark-2.1.0-bin-hadoop2.7/jars/parquet-jackson-1.8.1.jar
7f16d1aa2000-7f16d1aba000 r--s 00115000 fd:00 114057316                  /home/kkaralas/Apache/spark-2.1.0-bin-hadoop2.7/jars/xercesImpl-2.9.1.jar
7f16d1aba000-7f16d1b25000 r--s 00784000 fd:00 114057314                  /home/kkaralas/Apache/spark-2.1.0-bin-hadoop2.7/jars/hadoop-hdfs-2.7.3.jar
7f16d1b25000-7f16d1b26000 ---p 00000000 00:00 0 
7f16d1b26000-7f16d1c26000 rw-p 00000000 00:00 0                          [stack:31210]
7f16d1c26000-7f16d1c29000 ---p 00000000 00:00 0 
7f16d1c29000-7f16d1d27000 rw-p 00000000 00:00 0                          [stack:31209]
7f16d1d27000-7f16d1d2a000 ---p 00000000 00:00 0 
7f16d1d2a000-7f16d1e28000 rw-p 00000000 00:00 0                          [stack:31208]
7f16d1e28000-7f16d1e2b000 ---p 00000000 00:00 0 
7f16d1e2b000-7f16d1f29000 rw-p 00000000 00:00 0                          [stack:31207]
7f16d1f29000-7f16d1f2c000 ---p 00000000 00:00 0 
7f16d1f2c000-7f16d202a000 rw-p 00000000 00:00 0                          [stack:31206]
7f16d202a000-7f16d202d000 ---p 00000000 00:00 0 
7f16d202d000-7f16d212b000 rw-p 00000000 00:00 0                          [stack:31205]
7f16d212b000-7f16d212e000 ---p 00000000 00:00 0 
7f16d212e000-7f16d222c000 rw-p 00000000 00:00 0                          [stack:31204]
7f16d222c000-7f16d222d000 ---p 00000000 00:00 0 
7f16d222d000-7f16d2c36000 rw-p 00000000 00:00 0                          [stack:31203]
7f16d2c36000-7f16d2e0f000 r--s 03d3e000 fd:00 6428483                    /opt/jdk1.8.0_121/jre/lib/rt.jar
7f16d2e0f000-7f16eceff000 rw-p 00000000 00:00 0 
7f16eceff000-7f16ecf00000 ---p 00000000 00:00 0 
7f16ecf00000-7f16ed000000 rw-p 00000000 00:00 0                          [stack:31202]
7f16ed000000-7f16ed9a0000 rwxp 00000000 00:00 0 
7f16ed9a0000-7f16fc000000 ---p 00000000 00:00 0 
7f16fc000000-7f16fde85000 rw-p 00000000 00:00 0 
7f16fde85000-7f1700000000 ---p 00000000 00:00 0 
7f1700000000-7f1700001000 r--s 00003000 fd:00 114057331                  /home/kkaralas/Apache/spark-2.1.0-bin-hadoop2.7/jars/jta-1.1.jar
7f1700001000-7f1700008000 r--s 00051000 fd:00 114057323                  /home/kkaralas/Apache/spark-2.1.0-bin-hadoop2.7/jars/kryo-shaded-3.0.3.jar
7f1700008000-7f17000e1000 rw-p 00000000 00:00 0 
7f17000e1000-7f17000e2000 ---p 00000000 00:00 0 
7f17000e2000-7f1700c49000 rw-p 00000000 00:00 0                          [stack:31201]
7f1700c49000-7f17011e2000 ---p 00000000 00:00 0 
7f17011e2000-7f1701c49000 rw-p 00000000 00:00 0 
7f1701c49000-7f17021e2000 ---p 00000000 00:00 0 
7f17021e2000-7f170265d000 rw-p 00000000 00:00 0 
7f170265d000-7f17029e2000 ---p 00000000 00:00 0 
7f17029e2000-7f1702a0a000 rw-p 00000000 00:00 0 
7f1702a0a000-7f1702da3000 ---p 00000000 00:00 0 
7f1702da3000-7f1702dbd000 r-xp 00000000 fd:00 105719164                  /opt/jdk1.8.0_121/jre/lib/amd64/libzip.so
7f1702dbd000-7f1702fbd000 ---p 0001a000 fd:00 105719164                  /opt/jdk1.8.0_121/jre/lib/amd64/libzip.so
7f1702fbd000-7f1702fbe000 rw-p 0001a000 fd:00 105719164                  /opt/jdk1.8.0_121/jre/lib/amd64/libzip.so
7f1702fbe000-7f1702fc9000 r-xp 00000000 fd:00 67169592                   /usr/lib64/libnss_files-2.17.so
7f1702fc9000-7f17031c8000 ---p 0000b000 fd:00 67169592                   /usr/lib64/libnss_files-2.17.so
7f17031c8000-7f17031c9000 r--p 0000a000 fd:00 67169592                   /usr/lib64/libnss_files-2.17.so
7f17031c9000-7f17031ca000 rw-p 0000b000 fd:00 67169592                   /usr/lib64/libnss_files-2.17.so
7f17031ca000-7f17031d0000 rw-p 00000000 00:00 0 
7f17031d0000-7f17031fb000 r-xp 00000000 fd:00 105719189                  /opt/jdk1.8.0_121/jre/lib/amd64/libjava.so
7f17031fb000-7f17033fa000 ---p 0002b000 fd:00 105719189                  /opt/jdk1.8.0_121/jre/lib/amd64/libjava.so
7f17033fa000-7f17033fc000 rw-p 0002a000 fd:00 105719189                  /opt/jdk1.8.0_121/jre/lib/amd64/libjava.so
7f17033fc000-7f1703409000 r-xp 00000000 fd:00 105719142                  /opt/jdk1.8.0_121/jre/lib/amd64/libverify.so
7f1703409000-7f1703608000 ---p 0000d000 fd:00 105719142                  /opt/jdk1.8.0_121/jre/lib/amd64/libverify.so
7f1703608000-7f170360a000 rw-p 0000c000 fd:00 105719142                  /opt/jdk1.8.0_121/jre/lib/amd64/libverify.so
7f170360a000-7f1703611000 r-xp 00000000 fd:00 67169604                   /usr/lib64/librt-2.17.so
7f1703611000-7f1703810000 ---p 00007000 fd:00 67169604                   /usr/lib64/librt-2.17.so
7f1703810000-7f1703811000 r--p 00006000 fd:00 67169604                   /usr/lib64/librt-2.17.so
7f1703811000-7f1703812000 rw-p 00007000 fd:00 67169604                   /usr/lib64/librt-2.17.so
7f1703812000-7f1703913000 r-xp 00000000 fd:00 67169582                   /usr/lib64/libm-2.17.so
7f1703913000-7f1703b12000 ---p 00101000 fd:00 67169582                   /usr/lib64/libm-2.17.so
7f1703b12000-7f1703b13000 r--p 00100000 fd:00 67169582                   /usr/lib64/libm-2.17.so
7f1703b13000-7f1703b14000 rw-p 00101000 fd:00 67169582                   /usr/lib64/libm-2.17.so
7f1703b14000-7f17047e2000 r-xp 00000000 fd:00 36522073                   /opt/jdk1.8.0_121/jre/lib/amd64/server/libjvm.so
7f17047e2000-7f17049e2000 ---p 00cce000 fd:00 36522073                   /opt/jdk1.8.0_121/jre/lib/amd64/server/libjvm.so
7f17049e2000-7f1704abb000 rw-p 00cce000 fd:00 36522073                   /opt/jdk1.8.0_121/jre/lib/amd64/server/libjvm.so
7f1704abb000-7f1704b06000 rw-p 00000000 00:00 0 
7f1704b06000-7f1704cbc000 r-xp 00000000 fd:00 67169574                   /usr/lib64/libc-2.17.so
7f1704cbc000-7f1704ebc000 ---p 001b6000 fd:00 67169574                   /usr/lib64/libc-2.17.so
7f1704ebc000-7f1704ec0000 r--p 001b6000 fd:00 67169574                   /usr/lib64/libc-2.17.so
7f1704ec0000-7f1704ec2000 rw-p 001ba000 fd:00 67169574                   /usr/lib64/libc-2.17.so
7f1704ec2000-7f1704ec7000 rw-p 00000000 00:00 0 
7f1704ec7000-7f1704eca000 r-xp 00000000 fd:00 67169580                   /usr/lib64/libdl-2.17.so
7f1704eca000-7f17050c9000 ---p 00003000 fd:00 67169580                   /usr/lib64/libdl-2.17.so
7f17050c9000-7f17050ca000 r--p 00002000 fd:00 67169580                   /usr/lib64/libdl-2.17.so
7f17050ca000-7f17050cb000 rw-p 00003000 fd:00 67169580                   /usr/lib64/libdl-2.17.so
7f17050cb000-7f17050e0000 r-xp 00000000 fd:00 105718940                  /opt/jdk1.8.0_121/lib/amd64/jli/libjli.so
7f17050e0000-7f17052e0000 ---p 00015000 fd:00 105718940                  /opt/jdk1.8.0_121/lib/amd64/jli/libjli.so
7f17052e0000-7f17052e1000 rw-p 00015000 fd:00 105718940                  /opt/jdk1.8.0_121/lib/amd64/jli/libjli.so
7f17052e1000-7f17052f7000 r-xp 00000000 fd:00 67169600                   /usr/lib64/libpthread-2.17.so
7f17052f7000-7f17054f7000 ---p 00016000 fd:00 67169600                   /usr/lib64/libpthread-2.17.so
7f17054f7000-7f17054f8000 r--p 00016000 fd:00 67169600                   /usr/lib64/libpthread-2.17.so
7f17054f8000-7f17054f9000 rw-p 00017000 fd:00 67169600                   /usr/lib64/libpthread-2.17.so
7f17054f9000-7f17054fd000 rw-p 00000000 00:00 0 
7f17054fd000-7f170551e000 r-xp 00000000 fd:00 67169567                   /usr/lib64/ld-2.17.so
7f170551e000-7f1705520000 r--s 00015000 fd:00 114057327                  /home/kkaralas/Apache/spark-2.1.0-bin-hadoop2.7/jars/hadoop-auth-2.7.3.jar
7f1705520000-7f1705522000 r--s 00008000 fd:00 114057324                  /home/kkaralas/Apache/spark-2.1.0-bin-hadoop2.7/jars/metrics-jvm-3.1.2.jar
7f1705522000-7f1705525000 r--s 00028000 fd:00 114057322                  /home/kkaralas/Apache/spark-2.1.0-bin-hadoop2.7/jars/stream-2.7.0.jar
7f1705525000-7f1705529000 r--s 00028000 fd:00 114057321                  /home/kkaralas/Apache/spark-2.1.0-bin-hadoop2.7/jars/spark-mllib-local_2.11-2.1.0.jar
7f1705529000-7f170552b000 r--s 00009000 fd:00 114057319                  /home/kkaralas/Apache/spark-2.1.0-bin-hadoop2.7/jars/spark-unsafe_2.11-2.1.0.jar
7f170552b000-7f170552f000 r--s 00025000 fd:00 114057317                  /home/kkaralas/Apache/spark-2.1.0-bin-hadoop2.7/jars/antlr-runtime-3.4.jar
7f170552f000-7f1705531000 r--s 0000e000 fd:00 114057315                  /home/kkaralas/Apache/spark-2.1.0-bin-hadoop2.7/jars/oro-2.0.8.jar
7f1705531000-7f1705532000 r--s 00009000 fd:00 114057313                  /home/kkaralas/Apache/spark-2.1.0-bin-hadoop2.7/jars/hadoop-annotations-2.7.3.jar
7f1705532000-7f1705604000 rw-p 00000000 00:00 0 
7f1705604000-7f1705607000 ---p 00000000 00:00 0 
7f1705607000-7f1705709000 rw-p 00000000 00:00 0                          [stack:31200]
7f1705709000-7f170570c000 r--s 00015000 fd:00 114057312                  /home/kkaralas/Apache/spark-2.1.0-bin-hadoop2.7/jars/javax.servlet-api-3.1.0.jar
7f170570c000-7f1705710000 r--s 00030000 fd:00 114057311                  /home/kkaralas/Apache/spark-2.1.0-bin-hadoop2.7/jars/commons-net-2.2.jar
7f1705710000-7f1705713000 r--s 00019000 fd:00 114057310                  /home/kkaralas/Apache/spark-2.1.0-bin-hadoop2.7/jars/bonecp-0.8.0.RELEASE.jar
7f1705713000-7f170571b000 rw-s 00000000 fd:00 39959746                   /tmp/hsperfdata_kkaralas/31179
7f170571b000-7f170571c000 rw-p 00000000 00:00 0 
7f170571c000-7f170571d000 r--p 00000000 00:00 0 
7f170571d000-7f170571e000 rw-p 00000000 00:00 0 
7f170571e000-7f170571f000 r--p 00021000 fd:00 67169567                   /usr/lib64/ld-2.17.so
7f170571f000-7f1705720000 rw-p 00022000 fd:00 67169567                   /usr/lib64/ld-2.17.so
7f1705720000-7f1705721000 rw-p 00000000 00:00 0 
7fff97e9c000-7fff97ebe000 rw-p 00000000 00:00 0                          [stack]
7fff97f92000-7fff97f94000 r-xp 00000000 00:00 0                          [vdso]
ffffffffff600000-ffffffffff601000 r-xp 00000000 00:00 0                  [vsyscall]

VM Arguments:
jvm_args: -Xmx12G -XX:+UseCompressedOops -XX:MaxPermSize=2g -Xms1g 
java_command: org.apache.spark.deploy.SparkSubmit --master spark://master:8088 --conf spark.driver.memory=12G --conf spark.yarn.driver.memoryOverhead=1g --conf spark.driver.maxResultSize=5g --conf spark.network.timeout=480s --conf spark.yarn.executor.memoryOverhead=1g --conf spark.driver.extraJavaOptions=-XX:+UseCompressedOops -XX:MaxPermSize=2g -d64 -Xms1g --class demo.SentinelRgbIngestMain --name  Ingest --driver-cores 1 --executor-memory 9g --executor-cores 1 ingest/target/scala-2.11/ingest-assembly-0.1.0.jar
java_class_path (initial): /home/kkaralas/Apache/spark-2.1.0-bin-hadoop2.7/conf/:/home/kkaralas/Apache/spark-2.1.0-bin-hadoop2.7/jars/bonecp-0.8.0.RELEASE.jar:/home/kkaralas/Apache/spark-2.1.0-bin-hadoop2.7/jars/commons-net-2.2.jar:/home/kkaralas/Apache/spark-2.1.0-bin-hadoop2.7/jars/javax.servlet-api-3.1.0.jar:/home/kkaralas/Apache/spark-2.1.0-bin-hadoop2.7/jars/hadoop-annotations-2.7.3.jar:/home/kkaralas/Apache/spark-2.1.0-bin-hadoop2.7/jars/hadoop-hdfs-2.7.3.jar:/home/kkaralas/Apache/spark-2.1.0-bin-hadoop2.7/jars/oro-2.0.8.jar:/home/kkaralas/Apache/spark-2.1.0-bin-hadoop2.7/jars/xercesImpl-2.9.1.jar:/home/kkaralas/Apache/spark-2.1.0-bin-hadoop2.7/jars/antlr-runtime-3.4.jar:/home/kkaralas/Apache/spark-2.1.0-bin-hadoop2.7/jars/parquet-jackson-1.8.1.jar:/home/kkaralas/Apache/spark-2.1.0-bin-hadoop2.7/jars/spark-unsafe_2.11-2.1.0.jar:/home/kkaralas/Apache/spark-2.1.0-bin-hadoop2.7/jars/breeze_2.11-0.12.jar:/home/kkaralas/Apache/spark-2.1.0-bin-hadoop2.7/jars/spark-mllib-local_2.11-2.1.0.jar:/home/kkaralas/Apache/spark-2.1.0-bin-hadoop2.7/jars/stream-2.7.0.jar:/home/kkaralas/Apache/spark-2.1.0-bin-hadoop2.7/jars/kryo-shaded-3.0.3.jar:/home/kkaralas/Apache/spark-2.1.0-bin-hadoop2.7/jars/metrics-jvm-3.1.2.jar:/home/kkaralas/Apache/spark-2.1.0-bin-hadoop2.7/jars/hadoop-mapreduce-client-common-2.7.3.jar:/home/kkaralas/Apache/spark-2.1.0-bin-hadoop2.7/jars/RoaringBitmap-0.5.11.jar:/home/kkaralas/Apache/spark-2.1.0-bin-hadoop2.7/jars/hadoop-auth-2.7.3.jar:/home/kkaralas/Apache/spark-2.1.0-bin-hadoop2.7/jars/breeze-macros_2.11-0.12.jar:/home/kkaralas/Apache/spark-2.1.0-bin-hadoop2.7/jars/hadoop-common-2.7.3.jar:/home/kkaralas/Apache/spark-2.1.0-bin-hadoop2.7/jars/activation-1.1.1.jar:/home/kkaralas/Apache/spark-2.1.0-bin-hadoop2.7/jars/jta-1.1.jar:/home/kkaralas/Apache/spark-2.1.0-bin-hadoop2.7/jars/datanucleus-core-3.2.10.jar:/home/kkaralas/Apache/spark-2.1.0-bin-hadoop2.7/jars/jersey-container-servlet-2.22.2.jar:/home/kkaralas/Apache/spark-2.1.0-bin-hadoop2.7/jars/jerse
Launcher Type: SUN_STANDARD

Environment Variables:
JAVA_HOME=/opt/jdk1.8.0_121/
PATH=/opt/jdk1.8.0_121//bin:/opt/jdk1.8.0_121//bin:/usr/lib64/qt-3.3/bin:/usr/local/bin:/usr/local/sbin:/usr/bin:/usr/sbin:/bin:/sbin:/opt/dbeaver:/opt/idea-IC-163.12024.16/bin:/home/kkaralas/Apache/spark-2.1.0-bin-hadoop2.7/bin:/home/kkaralas/.local/bin:/home/kkaralas/bin:/opt/dbeaver:/opt/idea-IC-163.12024.16/bin:/home/kkaralas/Apache/spark-2.1.0-bin-hadoop2.7/bin
USERNAME=kkaralas
SHELL=/bin/bash
DISPLAY=:0

Signal Handlers:
SIGSEGV: [libjvm.so+0xac78c0], sa_mask[0]=11111111011111111101111111111110, sa_flags=SA_RESTART|SA_SIGINFO
SIGBUS: [libjvm.so+0xac78c0], sa_mask[0]=11111111011111111101111111111110, sa_flags=SA_RESTART|SA_SIGINFO
SIGFPE: [libjvm.so+0x920ac0], sa_mask[0]=11111111011111111101111111111110, sa_flags=SA_RESTART|SA_SIGINFO
SIGPIPE: [libjvm.so+0x920ac0], sa_mask[0]=11111111011111111101111111111110, sa_flags=SA_RESTART|SA_SIGINFO
SIGXFSZ: [libjvm.so+0x920ac0], sa_mask[0]=11111111011111111101111111111110, sa_flags=SA_RESTART|SA_SIGINFO
SIGILL: [libjvm.so+0x920ac0], sa_mask[0]=11111111011111111101111111111110, sa_flags=SA_RESTART|SA_SIGINFO
SIGUSR1: SIG_DFL, sa_mask[0]=00000000000000000000000000000000, sa_flags=none
SIGUSR2: [libjvm.so+0x922300], sa_mask[0]=00000000000000000000000000000000, sa_flags=SA_RESTART|SA_SIGINFO
SIGHUP: [libjvm.so+0x923700], sa_mask[0]=11111111011111111101111111111110, sa_flags=SA_RESTART|SA_SIGINFO
SIGINT: [libjvm.so+0x923700], sa_mask[0]=11111111011111111101111111111110, sa_flags=SA_RESTART|SA_SIGINFO
SIGTERM: [libjvm.so+0x923700], sa_mask[0]=11111111011111111101111111111110, sa_flags=SA_RESTART|SA_SIGINFO
SIGQUIT: [libjvm.so+0x923700], sa_mask[0]=11111111011111111101111111111110, sa_flags=SA_RESTART|SA_SIGINFO


---------------  S Y S T E M  ---------------

OS:CentOS Linux release 7.2.1511 (Core) 

uname:Linux 3.10.0-327.el7.x86_64 #1 SMP Thu Nov 19 22:10:57 UTC 2015 x86_64
libc:glibc 2.17 NPTL 2.17 
rlimit: STACK 8192k, CORE 0k, NPROC 4096, NOFILE 4096, AS infinity
load average:1.73 1.54 1.01

/proc/meminfo:
MemTotal:       10591616 kB
MemFree:          111500 kB
MemAvailable:      85960 kB
Buffers:               0 kB
Cached:           177896 kB
SwapCached:       229480 kB
Active:          6057596 kB
Inactive:        1142944 kB
Active(anon):    6036212 kB
Inactive(anon):  1120640 kB
Active(file):      21384 kB
Inactive(file):    22304 kB
Unevictable:     2939928 kB
Mlocked:         2939928 kB
SwapTotal:       3354620 kB
SwapFree:         792384 kB
Dirty:                12 kB
Writeback:          2016 kB
AnonPages:       9910020 kB
Mapped:           141992 kB
Shmem:             10580 kB
Slab:             130676 kB
SReclaimable:      74168 kB
SUnreclaim:        56508 kB
KernelStack:       10480 kB
PageTables:        51772 kB
NFS_Unstable:          0 kB
Bounce:                0 kB
WritebackTmp:          0 kB
CommitLimit:     8650428 kB
Committed_AS:   16835096 kB
VmallocTotal:   34359738367 kB
VmallocUsed:       98184 kB
VmallocChunk:   34359623816 kB
HardwareCorrupted:     0 kB
AnonHugePages:   4415488 kB
HugePages_Total:       0
HugePages_Free:        0
HugePages_Rsvd:        0
HugePages_Surp:        0
Hugepagesize:       2048 kB
DirectMap4k:       94144 kB
DirectMap2M:    10915840 kB


CPU:total 2 (2 cores per cpu, 1 threads per core) family 6 model 60 stepping 3, cmov, cx8, fxsr, mmx, sse, sse2, sse3, ssse3, sse4.1, sse4.2, popcnt, avx, aes, clmul, lzcnt, tsc, tscinvbit

/proc/cpuinfo:
processor	: 0
vendor_id	: GenuineIntel
cpu family	: 6
model		: 60
model name	: Intel(R) Core(TM) i7-4790 CPU @ 3.60GHz
stepping	: 3
cpu MHz		: 3591.688
cache size	: 8192 KB
physical id	: 0
siblings	: 2
core id		: 0
cpu cores	: 2
apicid		: 0
initial apicid	: 0
fpu		: yes
fpu_exception	: yes
cpuid level	: 13
wp		: yes
flags		: fpu vme de pse tsc msr pae mce cx8 apic sep mtrr pge mca cmov pat pse36 clflush mmx fxsr sse sse2 ht syscall nx rdtscp lm constant_tsc rep_good nopl xtopology nonstop_tsc pni pclmulqdq ssse3 cx16 sse4_1 sse4_2 x2apic movbe popcnt aes xsave avx rdrand hypervisor lahf_lm abm
bogomips	: 7183.37
clflush size	: 64
cache_alignment	: 64
address sizes	: 39 bits physical, 48 bits virtual
power management:

processor	: 1
vendor_id	: GenuineIntel
cpu family	: 6
model		: 60
model name	: Intel(R) Core(TM) i7-4790 CPU @ 3.60GHz
stepping	: 3
cpu MHz		: 3591.688
cache size	: 8192 KB
physical id	: 0
siblings	: 2
core id		: 1
cpu cores	: 2
apicid		: 1
initial apicid	: 1
fpu		: yes
fpu_exception	: yes
cpuid level	: 13
wp		: yes
flags		: fpu vme de pse tsc msr pae mce cx8 apic sep mtrr pge mca cmov pat pse36 clflush mmx fxsr sse sse2 ht syscall nx rdtscp lm constant_tsc rep_good nopl xtopology nonstop_tsc pni pclmulqdq ssse3 cx16 sse4_1 sse4_2 x2apic movbe popcnt aes xsave avx rdrand hypervisor lahf_lm abm
bogomips	: 7183.37
clflush size	: 64
cache_alignment	: 64
address sizes	: 39 bits physical, 48 bits virtual
power management:



Memory: 4k page, physical 10591616k(111500k free), swap 3354620k(792384k free)

vm_info: Java HotSpot(TM) 64-Bit Server VM (25.121-b13) for linux-amd64 JRE (1.8.0_121-b13), built on Dec 12 2016 16:36:53 by "java_re" with gcc 4.3.0 20080428 (Red Hat 4.3.0-8)

time: Thu Apr 20 17:50:46 2017
elapsed time: 29 seconds (0d 0h 0m 29s)

