#
# There is insufficient memory for the Java Runtime Environment to continue.
# Native memory allocation (mmap) failed to map 1058013184 bytes for committing reserved memory.
# Possible reasons:
#   The system is out of physical RAM or swap space
#   In 32 bit mode, the process size limit was hit
# Possible solutions:
#   Reduce memory load on the system
#   Increase physical memory or swap space
#   Check if swap backing store is full
#   Use 64 bit Java on a 64 bit OS
#   Decrease Java heap size (-Xmx/-Xms)
#   Decrease number of Java threads
#   Decrease Java thread stack sizes (-Xss)
#   Set larger code cache with -XX:ReservedCodeCacheSize=
# This output file may be truncated or incomplete.
#
#  Out of Memory Error (os_linux.cpp:2627), pid=3855, tid=0x00007f613ca73700
#
# JRE version: Java(TM) SE Runtime Environment (8.0_121-b13) (build 1.8.0_121-b13)
# Java VM: Java HotSpot(TM) 64-Bit Server VM (25.121-b13 mixed mode linux-amd64 compressed oops)
# Failed to write core dump. Core dumps have been disabled. To enable core dumping, try "ulimit -c unlimited" before starting Java again
#

---------------  T H R E A D  ---------------

Current thread (0x00007f615007a800):  VMThread [stack: 0x00007f613c973000,0x00007f613ca74000] [id=3922]

Stack: [0x00007f613c973000,0x00007f613ca74000],  sp=0x00007f613ca72060,  free space=1020k
Native frames: (J=compiled Java code, j=interpreted, Vv=VM code, C=native code)
V  [libjvm.so+0xac703a]  VMError::report_and_die()+0x2ba
V  [libjvm.so+0x4fc7eb]  report_vm_out_of_memory(char const*, int, unsigned long, VMErrorType, char const*)+0x8b
V  [libjvm.so+0x923c43]  os::Linux::commit_memory_impl(char*, unsigned long, bool)+0x103
V  [libjvm.so+0x924199]  os::pd_commit_memory(char*, unsigned long, unsigned long, bool)+0x29
V  [libjvm.so+0x91e4aa]  os::commit_memory(char*, unsigned long, unsigned long, bool)+0x2a
V  [libjvm.so+0x992f03]  PSVirtualSpace::expand_by(unsigned long)+0x53
V  [libjvm.so+0x994308]  PSYoungGen::resize_generation(unsigned long, unsigned long)+0xf8
V  [libjvm.so+0x993462]  PSYoungGen::resize(unsigned long, unsigned long)+0x22
V  [libjvm.so+0x99073b]  PSScavenge::invoke_no_policy()+0xf3b
V  [libjvm.so+0x990ec1]  PSScavenge::invoke()+0x41
V  [libjvm.so+0x947c10]  ParallelScavengeHeap::failed_mem_allocate(unsigned long)+0x70
V  [libjvm.so+0xac8a57]  VM_ParallelGCFailedAllocation::doit()+0x97
V  [libjvm.so+0xad0535]  VM_Operation::evaluate()+0x55
V  [libjvm.so+0xace90a]  VMThread::evaluate_operation(VM_Operation*)+0xba
V  [libjvm.so+0xacec8e]  VMThread::loop()+0x1ce
V  [libjvm.so+0xacf100]  VMThread::run()+0x70
V  [libjvm.so+0x926268]  java_start(Thread*)+0x108

VM_Operation (0x00007f60f0871540): ParallelGCFailedAllocation, mode: safepoint, requested by thread 0x00007f60e4026800


---------------  P R O C E S S  ---------------

Java Threads: ( => current thread )
  0x00007f611001a000 JavaThread "threadDeathWatcher-7-1" daemon [_thread_blocked, id=3973, stack(0x00007f60f0029000,0x00007f60f012a000)]
  0x00007f60dc00b800 JavaThread "shuffle-server-3-2" daemon [_thread_in_native, id=3972, stack(0x00007f60f012a000,0x00007f60f022b000)]
  0x00007f611401a000 JavaThread "shuffle-client-6-1" daemon [_thread_in_native, id=3971, stack(0x00007f60f0672000,0x00007f60f0773000)]
  0x00007f60e4026800 JavaThread "Executor task launch worker-0" daemon [_thread_blocked, id=3970, stack(0x00007f60f0773000,0x00007f60f0874000)]
  0x00007f6151646000 JavaThread "org.apache.hadoop.fs.FileSystem$Statistics$StatisticsDataReferenceCleaner" daemon [_thread_blocked, id=3969, stack(0x00007f60f1081000,0x00007f60f1182000)]
  0x00007f61515b4800 JavaThread "SparkListenerBus" daemon [_thread_blocked, id=3968, stack(0x00007f60f1382000,0x00007f60f1483000)]
  0x00007f61515b0800 JavaThread "context-cleaner-periodic-gc" daemon [_thread_blocked, id=3967, stack(0x00007f60f1483000,0x00007f60f1584000)]
  0x00007f61515ae800 JavaThread "Spark Context Cleaner" daemon [_thread_blocked, id=3966, stack(0x00007f60f1584000,0x00007f60f1685000)]
  0x00007f61514ce000 JavaThread "shuffle-server-5-1" daemon [_thread_blocked, id=3958, stack(0x00007f60f1885000,0x00007f60f1986000)]
  0x00007f6151493800 JavaThread "driver-heartbeater" daemon [_thread_blocked, id=3957, stack(0x00007f60f1986000,0x00007f60f1a87000)]
  0x00007f60dc014000 JavaThread "netty-rpc-env-timeout" daemon [_thread_blocked, id=3956, stack(0x00007f60f1a87000,0x00007f60f1b88000)]
  0x00007f615147b800 JavaThread "dag-scheduler-event-loop" daemon [_thread_blocked, id=3955, stack(0x00007f60f1b88000,0x00007f60f1c89000)]
  0x00007f60e8002000 JavaThread "heartbeat-receiver-event-loop-thread" daemon [_thread_blocked, id=3954, stack(0x00007f60f1c89000,0x00007f60f1d8a000)]
  0x00007f6151452800 JavaThread "Timer-0" daemon [_thread_blocked, id=3953, stack(0x00007f60f2792000,0x00007f60f2893000)]
  0x00007f6151433800 JavaThread "SparkUI-35" daemon [_thread_blocked, id=3952, stack(0x00007f60f1d8a000,0x00007f60f1e8b000)]
  0x00007f6151431800 JavaThread "SparkUI-34" daemon [_thread_blocked, id=3951, stack(0x00007f60f1e8b000,0x00007f60f1f8c000)]
  0x00007f615142f800 JavaThread "SparkUI-33" daemon [_thread_blocked, id=3950, stack(0x00007f60f1f8c000,0x00007f60f208d000)]
  0x00007f615142e000 JavaThread "SparkUI-32" daemon [_thread_blocked, id=3949, stack(0x00007f60f208d000,0x00007f60f218e000)]
  0x00007f615142c000 JavaThread "SparkUI-31" daemon [_thread_blocked, id=3948, stack(0x00007f60f218e000,0x00007f60f228f000)]
  0x00007f615142a800 JavaThread "SparkUI-30" daemon [_thread_blocked, id=3947, stack(0x00007f60f228f000,0x00007f60f2390000)]
  0x00007f6151428800 JavaThread "SparkUI-29-acceptor-0@5bb9f9ac-ServerConnector@557e0cab{HTTP/1.1}{0.0.0.0:4040}" daemon [_thread_in_native, id=3946, stack(0x00007f60f2390000,0x00007f60f2491000)]
  0x00007f6151422000 JavaThread "SparkUI-28-selector-ServerConnectorManager@7c675dbb/0" daemon [_thread_in_native, id=3945, stack(0x00007f60f2491000,0x00007f60f2592000)]
  0x00007f615131b800 JavaThread "map-output-dispatcher-7" daemon [_thread_blocked, id=3943, stack(0x00007f60f2a93000,0x00007f60f2b94000)]
  0x00007f6151319800 JavaThread "map-output-dispatcher-6" daemon [_thread_blocked, id=3942, stack(0x00007f60f2b94000,0x00007f60f2c95000)]
  0x00007f6151317800 JavaThread "map-output-dispatcher-5" daemon [_thread_blocked, id=3941, stack(0x00007f60f2c95000,0x00007f60f2d96000)]
  0x00007f6151316000 JavaThread "map-output-dispatcher-4" daemon [_thread_blocked, id=3940, stack(0x00007f60f2d96000,0x00007f60f2e97000)]
  0x00007f6151314000 JavaThread "map-output-dispatcher-3" daemon [_thread_blocked, id=3939, stack(0x00007f60f2e97000,0x00007f60f2f98000)]
  0x00007f6151312800 JavaThread "map-output-dispatcher-2" daemon [_thread_blocked, id=3938, stack(0x00007f60f2f98000,0x00007f60f3099000)]
  0x00007f6151310800 JavaThread "map-output-dispatcher-1" daemon [_thread_blocked, id=3937, stack(0x00007f60f3099000,0x00007f60f319a000)]
  0x00007f615130f800 JavaThread "map-output-dispatcher-0" daemon [_thread_blocked, id=3936, stack(0x00007f60f319a000,0x00007f60f329b000)]
  0x00007f61512f4800 JavaThread "shuffle-server-3-1" daemon [_thread_blocked, id=3935, stack(0x00007f60f329b000,0x00007f60f339c000)]
  0x00007f61511a2800 JavaThread "dispatcher-event-loop-1" daemon [_thread_blocked, id=3934, stack(0x00007f60f37ad000,0x00007f60f38ae000)]
  0x00007f61511ab800 JavaThread "dispatcher-event-loop-0" daemon [_thread_blocked, id=3933, stack(0x00007f60f3ec6000,0x00007f60f3fc7000)]
  0x00007f6151087800 JavaThread "process reaper" daemon [_thread_blocked, id=3931, stack(0x00007f60f3fc7000,0x00007f60f4000000)]
  0x00007f61500c1800 JavaThread "Service Thread" daemon [_thread_blocked, id=3928, stack(0x00007f613c36d000,0x00007f613c46e000)]
  0x00007f61500bf000 JavaThread "C1 CompilerThread1" daemon [_thread_blocked, id=3927, stack(0x00007f613c46e000,0x00007f613c56f000)]
  0x00007f61500bc000 JavaThread "C2 CompilerThread0" daemon [_thread_blocked, id=3926, stack(0x00007f613c56f000,0x00007f613c670000)]
  0x00007f61500ba000 JavaThread "Signal Dispatcher" daemon [_thread_blocked, id=3925, stack(0x00007f613c670000,0x00007f613c771000)]
  0x00007f6150087000 JavaThread "Finalizer" daemon [_thread_blocked, id=3924, stack(0x00007f613c771000,0x00007f613c872000)]
  0x00007f6150082000 JavaThread "Reference Handler" daemon [_thread_blocked, id=3923, stack(0x00007f613c872000,0x00007f613c973000)]
  0x00007f6150010800 JavaThread "main" [_thread_blocked, id=3919, stack(0x00007f6157d60000,0x00007f6157e61000)]

Other Threads:
=>0x00007f615007a800 VMThread [stack: 0x00007f613c973000,0x00007f613ca74000] [id=3922]
  0x00007f61500c5000 WatcherThread [stack: 0x00007f613c26c000,0x00007f613c36d000] [id=3929]

VM state:at safepoint (normal execution)

VM Mutex/Monitor currently owned by a thread:  ([mutex/lock_event])
[0x00007f615000df20] Threads_lock - owner thread: 0x00007f615007a800
[0x00007f615000e420] Heap_lock - owner thread: 0x00007f60e4026800

Heap:
 PSYoungGen      total 1690624K, used 709111K [0x00000006c0000000, 0x000000075a100000, 0x00000007c0000000)
  eden space 981504K, 0% used [0x00000006c0000000,0x00000006c0000000,0x00000006fbe80000)
  from space 709120K, 99% used [0x00000006fbe80000,0x00000007272fdeb0,0x0000000727300000)
  to   space 585216K, 0% used [0x0000000727300000,0x0000000727300000,0x000000074ae80000)
 ParOldGen       total 5612544K, used 4985359K [0x00000004c0000000, 0x0000000616900000, 0x00000006c0000000)
  object space 5612544K, 88% used [0x00000004c0000000,0x00000005f0483f60,0x0000000616900000)
 Metaspace       used 45611K, capacity 46002K, committed 46080K, reserved 1089536K
  class space    used 6501K, capacity 6648K, committed 6656K, reserved 1048576K

Card table byte_map: [0x00007f613f7ff000,0x00007f6141000000] byte_map_base: 0x00007f613d1ff000

Marking Bits: (ParMarkBitMap*) 0x00007f6157234c80
 Begin Bits: [0x00007f6118000000, 0x00007f6124000000)
 End Bits:   [0x00007f6124000000, 0x00007f6130000000)

Polling page: 0x00007f6157e78000

CodeCache: size=245760Kb used=8302Kb max_used=8318Kb free=237457Kb
 bounds [0x00007f6141000000, 0x00007f6141830000, 0x00007f6150000000]
 total_blobs=3452 nmethods=2864 adapters=501
 compilation: enabled

Compilation events (10 events):
Event: 23.990 Thread 0x00007f61500bf000 nmethod 2863 0x00007f614180d250 code [0x00007f614180d3e0, 0x00007f614180d7c8]
Event: 23.996 Thread 0x00007f61500bc000 nmethod 2861% 0x00007f6141809f90 code [0x00007f614180a100, 0x00007f614180a5f8]
Event: 23.996 Thread 0x00007f61500bc000 2864       4       java.nio.IntBuffer::get (54 bytes)
Event: 24.001 Thread 0x00007f61500bc000 nmethod 2864 0x00007f61418096d0 code [0x00007f6141809840, 0x00007f6141809d18]
Event: 24.327 Thread 0x00007f61500bf000 2865 %     3       geotrellis.raster.io.geotiff.GeoTiffMultibandTile::band @ 659 (917 bytes)
Event: 24.345 Thread 0x00007f61500bf000 nmethod 2865% 0x00007f6141811450 code [0x00007f6141811d00, 0x00007f6141819528]
Event: 24.345 Thread 0x00007f61500bc000 2866 %     4       geotrellis.raster.io.geotiff.GeoTiffMultibandTile::band @ 659 (917 bytes)
Event: 24.365 Thread 0x00007f61500bc000 nmethod 2866% 0x00007f614180fed0 code [0x00007f61418100a0, 0x00007f6141810978]
Event: 24.372 Thread 0x00007f61500bc000 2867       4       geotrellis.raster.io.geotiff.GeoTiffMultibandTile::band (917 bytes)
Event: 24.450 Thread 0x00007f61500bc000 nmethod 2867 0x00007f6141824f10 code [0x00007f6141825280, 0x00007f61418264d0]

GC Heap History (10 events):
Event: 17.740 GC heap after
Heap after GC invocations=9 (full 3):
 PSYoungGen      total 772608K, used 145401K [0x00000006c0000000, 0x0000000724880000, 0x00000007c0000000)
  eden space 627200K, 0% used [0x00000006c0000000,0x00000006c0000000,0x00000006e6480000)
  from space 145408K, 99% used [0x00000006fd900000,0x00000007066fe6e0,0x0000000706700000)
  to   space 381440K, 0% used [0x00000006e6480000,0x00000006e6480000,0x00000006fd900000)
 ParOldGen       total 3581440K, used 2799023K [0x00000004c0000000, 0x000000059a980000, 0x00000006c0000000)
  object space 3581440K, 78% used [0x00000004c0000000,0x000000056ad6be48,0x000000059a980000)
 Metaspace       used 45221K, capacity 45682K, committed 45824K, reserved 1089536K
  class space    used 6431K, capacity 6584K, committed 6656K, reserved 1048576K
}
Event: 17.740 GC heap before
{Heap before GC invocations=10 (full 4):
 PSYoungGen      total 772608K, used 145401K [0x00000006c0000000, 0x0000000724880000, 0x00000007c0000000)
  eden space 627200K, 0% used [0x00000006c0000000,0x00000006c0000000,0x00000006e6480000)
  from space 145408K, 99% used [0x00000006fd900000,0x00000007066fe6e0,0x0000000706700000)
  to   space 381440K, 0% used [0x00000006e6480000,0x00000006e6480000,0x00000006fd900000)
 ParOldGen       total 3581440K, used 2799023K [0x00000004c0000000, 0x000000059a980000, 0x00000006c0000000)
  object space 3581440K, 78% used [0x00000004c0000000,0x000000056ad6be48,0x000000059a980000)
 Metaspace       used 45221K, capacity 45682K, committed 45824K, reserved 1089536K
  class space    used 6431K, capacity 6584K, committed 6656K, reserved 1048576K
Event: 18.002 GC heap after
Heap after GC invocations=10 (full 4):
 PSYoungGen      total 772608K, used 0K [0x00000006c0000000, 0x0000000724880000, 0x00000007c0000000)
  eden space 627200K, 0% used [0x00000006c0000000,0x00000006c0000000,0x00000006e6480000)
  from space 145408K, 0% used [0x00000006fd900000,0x00000006fd900000,0x0000000706700000)
  to   space 381440K, 0% used [0x00000006e6480000,0x00000006e6480000,0x00000006fd900000)
 ParOldGen       total 4933120K, used 2944153K [0x00000004c0000000, 0x00000005ed180000, 0x00000006c0000000)
  object space 4933120K, 59% used [0x00000004c0000000,0x0000000573b266f8,0x00000005ed180000)
 Metaspace       used 45221K, capacity 45682K, committed 45824K, reserved 1089536K
  class space    used 6431K, capacity 6584K, committed 6656K, reserved 1048576K
}
Event: 19.883 GC heap before
{Heap before GC invocations=11 (full 4):
 PSYoungGen      total 772608K, used 627200K [0x00000006c0000000, 0x0000000724880000, 0x00000007c0000000)
  eden space 627200K, 100% used [0x00000006c0000000,0x00000006e6480000,0x00000006e6480000)
  from space 145408K, 0% used [0x00000006fd900000,0x00000006fd900000,0x0000000706700000)
  to   space 381440K, 0% used [0x00000006e6480000,0x00000006e6480000,0x00000006fd900000)
 ParOldGen       total 4933120K, used 3886031K [0x00000004c0000000, 0x00000005ed180000, 0x00000006c0000000)
  object space 4933120K, 78% used [0x00000004c0000000,0x00000005ad2f3f98,0x00000005ed180000)
 Metaspace       used 45606K, capacity 46002K, committed 46080K, reserved 1089536K
  class space    used 6501K, capacity 6648K, committed 6656K, reserved 1048576K
Event: 20.894 GC heap after
Heap after GC invocations=11 (full 4):
 PSYoungGen      total 1008640K, used 381425K [0x00000006c0000000, 0x000000074ae80000, 0x00000007c0000000)
  eden space 627200K, 0% used [0x00000006c0000000,0x00000006c0000000,0x00000006e6480000)
  from space 381440K, 99% used [0x00000006e6480000,0x00000006fd8fc6a0,0x00000006fd900000)
  to   space 585216K, 0% used [0x0000000727300000,0x0000000727300000,0x000000074ae80000)
 ParOldGen       total 4933120K, used 4109136K [0x00000004c0000000, 0x00000005ed180000, 0x00000006c0000000)
  object space 4933120K, 83% used [0x00000004c0000000,0x00000005bacd40c8,0x00000005ed180000)
 Metaspace       used 45606K, capacity 46002K, committed 46080K, reserved 1089536K
  class space    used 6501K, capacity 6648K, committed 6656K, reserved 1048576K
}
Event: 20.894 GC heap before
{Heap before GC invocations=12 (full 5):
 PSYoungGen      total 1008640K, used 381425K [0x00000006c0000000, 0x000000074ae80000, 0x00000007c0000000)
  eden space 627200K, 0% used [0x00000006c0000000,0x00000006c0000000,0x00000006e6480000)
  from space 381440K, 99% used [0x00000006e6480000,0x00000006fd8fc6a0,0x00000006fd900000)
  to   space 585216K, 0% used [0x0000000727300000,0x0000000727300000,0x000000074ae80000)
 ParOldGen       total 4933120K, used 4109136K [0x00000004c0000000, 0x00000005ed180000, 0x00000006c0000000)
  object space 4933120K, 83% used [0x00000004c0000000,0x00000005bacd40c8,0x00000005ed180000)
 Metaspace       used 45606K, capacity 46002K, committed 46080K, reserved 1089536K
  class space    used 6501K, capacity 6648K, committed 6656K, reserved 1048576K
Event: 21.133 GC heap after
Heap after GC invocations=12 (full 5):
 PSYoungGen      total 1008640K, used 0K [0x00000006c0000000, 0x000000074ae80000, 0x00000007c0000000)
  eden space 627200K, 0% used [0x00000006c0000000,0x00000006c0000000,0x00000006e6480000)
  from space 381440K, 0% used [0x00000006e6480000,0x00000006e6480000,0x00000006fd900000)
  to   space 585216K, 0% used [0x0000000727300000,0x0000000727300000,0x000000074ae80000)
 ParOldGen       total 5612544K, used 3547332K [0x00000004c0000000, 0x0000000616900000, 0x00000006c0000000)
  object space 5612544K, 63% used [0x00000004c0000000,0x00000005988312e0,0x0000000616900000)
 Metaspace       used 45606K, capacity 46002K, committed 46080K, reserved 1089536K
  class space    used 6501K, capacity 6648K, committed 6656K, reserved 1048576K
}
Event: 25.159 GC heap before
{Heap before GC invocations=13 (full 5):
 PSYoungGen      total 1008640K, used 627200K [0x00000006c0000000, 0x000000074ae80000, 0x00000007c0000000)
  eden space 627200K, 100% used [0x00000006c0000000,0x00000006e6480000,0x00000006e6480000)
  from space 381440K, 0% used [0x00000006e6480000,0x00000006e6480000,0x00000006fd900000)
  to   space 585216K, 0% used [0x0000000727300000,0x0000000727300000,0x000000074ae80000)
 ParOldGen       total 5612544K, used 4489210K [0x00000004c0000000, 0x0000000616900000, 0x00000006c0000000)
  object space 5612544K, 79% used [0x00000004c0000000,0x00000005d1ffeb80,0x0000000616900000)
 Metaspace       used 45611K, capacity 46002K, committed 46080K, reserved 1089536K
  class space    used 6501K, capacity 6648K, committed 6656K, reserved 1048576K
Event: 26.518 GC heap after
Heap after GC invocations=13 (full 5):
 PSYoungGen      total 1566720K, used 585176K [0x00000006c0000000, 0x000000075a100000, 0x00000007c0000000)
  eden space 981504K, 0% used [0x00000006c0000000,0x00000006c0000000,0x00000006fbe80000)
  from space 585216K, 99% used [0x0000000727300000,0x000000074ae76220,0x000000074ae80000)
  to   space 709120K, 0% used [0x00000006fbe80000,0x00000006fbe80000,0x0000000727300000)
 ParOldGen       total 5612544K, used 4524058K [0x00000004c0000000, 0x0000000616900000, 0x00000006c0000000)
  object space 5612544K, 80% used [0x00000004c0000000,0x00000005d4206b00,0x0000000616900000)
 Metaspace       used 45611K, capacity 46002K, committed 46080K, reserved 1089536K
  class space    used 6501K, capacity 6648K, committed 6656K, reserved 1048576K
}
Event: 26.988 GC heap before
{Heap before GC invocations=14 (full 5):
 PSYoungGen      total 1566720K, used 1186763K [0x00000006c0000000, 0x000000075a100000, 0x00000007c0000000)
  eden space 981504K, 61% used [0x00000006c0000000,0x00000006e4b7cca8,0x00000006fbe80000)
  from space 585216K, 99% used [0x0000000727300000,0x000000074ae76220,0x000000074ae80000)
  to   space 709120K, 0% used [0x00000006fbe80000,0x00000006fbe80000,0x0000000727300000)
 ParOldGen       total 5612544K, used 4524058K [0x00000004c0000000, 0x0000000616900000, 0x00000006c0000000)
  object space 5612544K, 80% used [0x00000004c0000000,0x00000005d4206b00,0x0000000616900000)
 Metaspace       used 45611K, capacity 46002K, committed 46080K, reserved 1089536K
  class space    used 6501K, capacity 6648K, committed 6656K, reserved 1048576K

Deoptimization events (10 events):
Event: 17.214 Thread 0x00007f60e4026800 Uncommon trap: reason=class_check action=maybe_recompile pc=0x00007f6141781554 method=scala.Array$.ofDim(ILscala/reflect/ClassTag;)Ljava/lang/Object; @ 2
Event: 18.858 Thread 0x00007f60e4026800 Uncommon trap: reason=unloaded action=reinterpret pc=0x00007f61417e79b4 method=geotrellis.raster.io.geotiff.GeoTiffMultibandTile.band(I)Lgeotrellis/raster/io/geotiff/GeoTiffTile; @ 733
Event: 19.012 Thread 0x00007f60e4026800 Uncommon trap: reason=class_check action=maybe_recompile pc=0x00007f61417fabbc method=geotrellis.raster.io.geotiff.GeoTiffSegmentCollection$class.getSegment(Lgeotrellis/raster/io/geotiff/GeoTiffSegmentCollection;I)Lgeotrellis/raster/io/geotiff/GeoTiffSegm
Event: 19.012 Thread 0x00007f60e4026800 Uncommon trap: reason=class_check action=maybe_recompile pc=0x00007f61417fabbc method=geotrellis.raster.io.geotiff.GeoTiffSegmentCollection$class.getSegment(Lgeotrellis/raster/io/geotiff/GeoTiffSegmentCollection;I)Lgeotrellis/raster/io/geotiff/GeoTiffSegm
Event: 19.012 Thread 0x00007f60e4026800 Uncommon trap: reason=class_check action=maybe_recompile pc=0x00007f61417fabbc method=geotrellis.raster.io.geotiff.GeoTiffSegmentCollection$class.getSegment(Lgeotrellis/raster/io/geotiff/GeoTiffSegmentCollection;I)Lgeotrellis/raster/io/geotiff/GeoTiffSegm
Event: 19.012 Thread 0x00007f60e4026800 Uncommon trap: reason=class_check action=maybe_recompile pc=0x00007f61417fabbc method=geotrellis.raster.io.geotiff.GeoTiffSegmentCollection$class.getSegment(Lgeotrellis/raster/io/geotiff/GeoTiffSegmentCollection;I)Lgeotrellis/raster/io/geotiff/GeoTiffSegm
Event: 19.597 Thread 0x00007f60e4026800 Uncommon trap: reason=unstable_if action=reinterpret pc=0x00007f6141807be0 method=java.nio.IntBuffer.get([III)Ljava/nio/IntBuffer; @ 35
Event: 21.542 Thread 0x00007f60e4026800 Uncommon trap: reason=unloaded action=reinterpret pc=0x00007f61417eb924 method=geotrellis.raster.io.geotiff.GeoTiffMultibandTile.band(I)Lgeotrellis/raster/io/geotiff/GeoTiffTile; @ 733
Event: 21.604 Thread 0x00007f60e4026800 Uncommon trap: reason=unstable_if action=reinterpret pc=0x00007f614180521c method=geotrellis.raster.io.geotiff.Int32GeoTiffTile.createSegment()Lscala/Function1; @ 4
Event: 26.831 Thread 0x00007f60e4026800 Uncommon trap: reason=unstable_if action=reinterpret pc=0x00007f6141810848 method=geotrellis.raster.io.geotiff.GeoTiffMultibandTile.band(I)Lgeotrellis/raster/io/geotiff/GeoTiffTile; @ 581

Internal exceptions (10 events):
Event: 3.194 Thread 0x00007f61511ab800 Exception <a 'java/lang/NoSuchMethodError': <clinit>> (0x00000006c5cbecf0) thrown at [/HUDSON3/workspace/8-2-build-linux-amd64/jdk8u121/8372/hotspot/src/share/vm/prims/jni.cpp, line 1613]
Event: 3.194 Thread 0x00007f61511ab800 Exception <a 'java/lang/NoSuchMethodError': <clinit>> (0x00000006c5cce578) thrown at [/HUDSON3/workspace/8-2-build-linux-amd64/jdk8u121/8372/hotspot/src/share/vm/prims/jni.cpp, line 1613]
Event: 3.196 Thread 0x00007f61511ab800 Exception <a 'java/lang/NoSuchMethodError': <clinit>> (0x00000006c5cf7350) thrown at [/HUDSON3/workspace/8-2-build-linux-amd64/jdk8u121/8372/hotspot/src/share/vm/prims/jni.cpp, line 1613]
Event: 3.197 Thread 0x00007f61511ab800 Exception <a 'java/lang/NoSuchMethodError': <clinit>> (0x00000006c5d021a8) thrown at [/HUDSON3/workspace/8-2-build-linux-amd64/jdk8u121/8372/hotspot/src/share/vm/prims/jni.cpp, line 1613]
Event: 3.197 Thread 0x00007f61511ab800 Exception <a 'java/lang/NoSuchMethodError': <clinit>> (0x00000006c5d114b8) thrown at [/HUDSON3/workspace/8-2-build-linux-amd64/jdk8u121/8372/hotspot/src/share/vm/prims/jni.cpp, line 1613]
Event: 3.198 Thread 0x00007f61511ab800 Exception <a 'java/lang/NoSuchMethodError': <clinit>> (0x00000006c5d25528) thrown at [/HUDSON3/workspace/8-2-build-linux-amd64/jdk8u121/8372/hotspot/src/share/vm/prims/jni.cpp, line 1613]
Event: 3.199 Thread 0x00007f61511ab800 Exception <a 'java/lang/NoSuchMethodError': <clinit>> (0x00000006c5d30a48) thrown at [/HUDSON3/workspace/8-2-build-linux-amd64/jdk8u121/8372/hotspot/src/share/vm/prims/jni.cpp, line 1613]
Event: 3.199 Thread 0x00007f61511ab800 Exception <a 'java/lang/NoSuchMethodError': <clinit>> (0x00000006c5d389b8) thrown at [/HUDSON3/workspace/8-2-build-linux-amd64/jdk8u121/8372/hotspot/src/share/vm/prims/jni.cpp, line 1613]
Event: 3.202 Thread 0x00007f61511ab800 Exception <a 'java/lang/NoSuchMethodError': <clinit>> (0x00000006c5d7f778) thrown at [/HUDSON3/workspace/8-2-build-linux-amd64/jdk8u121/8372/hotspot/src/share/vm/prims/jni.cpp, line 1613]
Event: 3.584 Thread 0x00007f60e4026800 Exception <a 'sun/nio/fs/UnixException'> (0x00000006c6f87e80) thrown at [/HUDSON3/workspace/8-2-build-linux-amd64/jdk8u121/8372/hotspot/src/share/vm/prims/jni.cpp, line 709]

Events (10 events):
Event: 23.996 Thread 0x00007f60e4026800 DEOPT PACKING pc=0x00007f61418086bb sp=0x00007f60f0871560
Event: 23.996 Thread 0x00007f60e4026800 DEOPT UNPACKING pc=0x00007f6141047633 sp=0x00007f60f08712f0 mode 0
Event: 24.372 Thread 0x00007f60e4026800 DEOPT PACKING pc=0x00007f61417cd42c sp=0x00007f60f08715f0
Event: 24.372 Thread 0x00007f60e4026800 DEOPT UNPACKING pc=0x00007f6141047633 sp=0x00007f60f0871480 mode 0
Event: 25.158 Executing VM operation: ParallelGCFailedAllocation
Event: 26.519 Executing VM operation: ParallelGCFailedAllocation done
Event: 26.831 Thread 0x00007f60e4026800 Uncommon trap: trap_request=0xffffff65 fr.pc=0x00007f6141810848
Event: 26.831 Thread 0x00007f60e4026800 DEOPT PACKING pc=0x00007f6141810848 sp=0x00007f60f0871810
Event: 26.831 Thread 0x00007f60e4026800 DEOPT UNPACKING pc=0x00007f6141005229 sp=0x00007f60f0871700 mode 2
Event: 26.988 Executing VM operation: ParallelGCFailedAllocation


Dynamic libraries:
00400000-00401000 r-xp 00000000 fd:00 73173218                           /opt/jdk1.8.0_121/bin/java
00600000-00601000 rw-p 00000000 fd:00 73173218                           /opt/jdk1.8.0_121/bin/java
00e57000-00e78000 rw-p 00000000 00:00 0                                  [heap]
4c0000000-616900000 rw-p 00000000 00:00 0 
616900000-6c0000000 ---p 00000000 00:00 0 
6c0000000-75a100000 rw-p 00000000 00:00 0 
799200000-7c0000000 ---p 00000000 00:00 0 
7c0000000-7c0680000 rw-p 00000000 00:00 0 
7c0680000-800000000 ---p 00000000 00:00 0 
7f60dc000000-7f60dc021000 rw-p 00000000 00:00 0 
7f60dc021000-7f60e0000000 ---p 00000000 00:00 0 
7f60e1350000-7f60e13d0000 rw-p 00000000 00:00 0 
7f60e13d0000-7f60e1550000 ---p 00000000 00:00 0 
7f60e1550000-7f60e1750000 rw-p 00000000 00:00 0 
7f60e1750000-7f60e1efd000 r--s 06d10000 fd:00 167773820                  /tmp/spark-7b4423e6-4ed4-49b9-899a-dfa36c377d0b/userFiles-ba8c7dc2-f31e-4650-862b-a5c6963c4290/ingest-assembly-0.1.0.jar
7f60e1efd000-7f60e1f00000 ---p 00000000 00:00 0 
7f60e1f00000-7f60e4000000 rw-p 00000000 00:00 0 
7f60e4000000-7f60e402d000 rw-p 00000000 00:00 0 
7f60e402d000-7f60e8000000 ---p 00000000 00:00 0 
7f60e8000000-7f60e805a000 rw-p 00000000 00:00 0 
7f60e805a000-7f60ec000000 ---p 00000000 00:00 0 
7f60ec000000-7f60ec021000 rw-p 00000000 00:00 0 
7f60ec021000-7f60f0000000 ---p 00000000 00:00 0 
7f60f0029000-7f60f002c000 ---p 00000000 00:00 0 
7f60f002c000-7f60f012a000 rw-p 00000000 00:00 0                          [stack:3973]
7f60f012a000-7f60f012d000 ---p 00000000 00:00 0 
7f60f012d000-7f60f042b000 rw-p 00000000 00:00 0                          [stack:3972]
7f60f042b000-7f60f062b000 rw-p 00000000 00:00 0 
7f60f0672000-7f60f0675000 ---p 00000000 00:00 0 
7f60f0675000-7f60f0773000 rw-p 00000000 00:00 0                          [stack:3971]
7f60f0773000-7f60f0776000 ---p 00000000 00:00 0 
7f60f0776000-7f60f0a74000 rw-p 00000000 00:00 0                          [stack:3970]
7f60f0a74000-7f60f0a81000 r-xp 00000000 fd:00 103362608                  /tmp/liblz4-java4499831606865962490.so
7f60f0a81000-7f60f0c80000 ---p 0000d000 fd:00 103362608                  /tmp/liblz4-java4499831606865962490.so
7f60f0c80000-7f60f0c81000 rw-p 0000c000 fd:00 103362608                  /tmp/liblz4-java4499831606865962490.so
7f60f0c81000-7f60f0e81000 rw-p 00000000 00:00 0 
7f60f0e81000-7f60f1081000 rw-p 00000000 00:00 0 
7f60f1081000-7f60f1084000 ---p 00000000 00:00 0 
7f60f1084000-7f60f1382000 rw-p 00000000 00:00 0                          [stack:3969]
7f60f1382000-7f60f1385000 ---p 00000000 00:00 0 
7f60f1385000-7f60f1483000 rw-p 00000000 00:00 0                          [stack:3968]
7f60f1483000-7f60f1486000 ---p 00000000 00:00 0 
7f60f1486000-7f60f1584000 rw-p 00000000 00:00 0                          [stack:3967]
7f60f1584000-7f60f1587000 ---p 00000000 00:00 0 
7f60f1587000-7f60f1885000 rw-p 00000000 00:00 0                          [stack:3966]
7f60f1885000-7f60f1888000 ---p 00000000 00:00 0 
7f60f1888000-7f60f1986000 rw-p 00000000 00:00 0                          [stack:3958]
7f60f1986000-7f60f1989000 ---p 00000000 00:00 0 
7f60f1989000-7f60f1a87000 rw-p 00000000 00:00 0                          [stack:3957]
7f60f1a87000-7f60f1a8a000 ---p 00000000 00:00 0 
7f60f1a8a000-7f60f1b88000 rw-p 00000000 00:00 0                          [stack:3956]
7f60f1b88000-7f60f1b8b000 ---p 00000000 00:00 0 
7f60f1b8b000-7f60f1c89000 rw-p 00000000 00:00 0                          [stack:3955]
7f60f1c89000-7f60f1c8c000 ---p 00000000 00:00 0 
7f60f1c8c000-7f60f1d8a000 rw-p 00000000 00:00 0                          [stack:3954]
7f60f1d8a000-7f60f1d8d000 ---p 00000000 00:00 0 
7f60f1d8d000-7f60f1e8b000 rw-p 00000000 00:00 0                          [stack:3952]
7f60f1e8b000-7f60f1e8e000 ---p 00000000 00:00 0 
7f60f1e8e000-7f60f1f8c000 rw-p 00000000 00:00 0                          [stack:3951]
7f60f1f8c000-7f60f1f8f000 ---p 00000000 00:00 0 
7f60f1f8f000-7f60f208d000 rw-p 00000000 00:00 0                          [stack:3950]
7f60f208d000-7f60f2090000 ---p 00000000 00:00 0 
7f60f2090000-7f60f218e000 rw-p 00000000 00:00 0                          [stack:3949]
7f60f218e000-7f60f2191000 ---p 00000000 00:00 0 
7f60f2191000-7f60f228f000 rw-p 00000000 00:00 0                          [stack:3948]
7f60f228f000-7f60f2292000 ---p 00000000 00:00 0 
7f60f2292000-7f60f2390000 rw-p 00000000 00:00 0                          [stack:3947]
7f60f2390000-7f60f2393000 ---p 00000000 00:00 0 
7f60f2393000-7f60f2491000 rw-p 00000000 00:00 0                          [stack:3946]
7f60f2491000-7f60f2494000 ---p 00000000 00:00 0 
7f60f2494000-7f60f2792000 rw-p 00000000 00:00 0                          [stack:3945]
7f60f2792000-7f60f2795000 ---p 00000000 00:00 0 
7f60f2795000-7f60f2a93000 rw-p 00000000 00:00 0                          [stack:3953]
7f60f2a93000-7f60f2a96000 ---p 00000000 00:00 0 
7f60f2a96000-7f60f2b94000 rw-p 00000000 00:00 0                          [stack:3943]
7f60f2b94000-7f60f2b97000 ---p 00000000 00:00 0 
7f60f2b97000-7f60f2c95000 rw-p 00000000 00:00 0                          [stack:3942]
7f60f2c95000-7f60f2c98000 ---p 00000000 00:00 0 
7f60f2c98000-7f60f2d96000 rw-p 00000000 00:00 0                          [stack:3941]
7f60f2d96000-7f60f2d99000 ---p 00000000 00:00 0 
7f60f2d99000-7f60f2e97000 rw-p 00000000 00:00 0                          [stack:3940]
7f60f2e97000-7f60f2e9a000 ---p 00000000 00:00 0 
7f60f2e9a000-7f60f2f98000 rw-p 00000000 00:00 0                          [stack:3939]
7f60f2f98000-7f60f2f9b000 ---p 00000000 00:00 0 
7f60f2f9b000-7f60f3099000 rw-p 00000000 00:00 0                          [stack:3938]
7f60f3099000-7f60f309c000 ---p 00000000 00:00 0 
7f60f309c000-7f60f319a000 rw-p 00000000 00:00 0                          [stack:3937]
7f60f319a000-7f60f319d000 ---p 00000000 00:00 0 
7f60f319d000-7f60f329b000 rw-p 00000000 00:00 0                          [stack:3936]
7f60f329b000-7f60f329e000 ---p 00000000 00:00 0 
7f60f329e000-7f60f359c000 rw-p 00000000 00:00 0                          [stack:3935]
7f60f359c000-7f60f35ad000 r-xp 00000000 fd:00 105719166                  /opt/jdk1.8.0_121/jre/lib/amd64/libnio.so
7f60f35ad000-7f60f37ac000 ---p 00011000 fd:00 105719166                  /opt/jdk1.8.0_121/jre/lib/amd64/libnio.so
7f60f37ac000-7f60f37ad000 rw-p 00010000 fd:00 105719166                  /opt/jdk1.8.0_121/jre/lib/amd64/libnio.so
7f60f37ad000-7f60f37b0000 ---p 00000000 00:00 0 
7f60f37b0000-7f60f3aae000 rw-p 00000000 00:00 0                          [stack:3934]
7f60f3aae000-7f60f3ac4000 r-xp 00000000 fd:00 105719141                  /opt/jdk1.8.0_121/jre/lib/amd64/libnet.so
7f60f3ac4000-7f60f3cc4000 ---p 00016000 fd:00 105719141                  /opt/jdk1.8.0_121/jre/lib/amd64/libnet.so
7f60f3cc4000-7f60f3cc5000 rw-p 00016000 fd:00 105719141                  /opt/jdk1.8.0_121/jre/lib/amd64/libnet.so
7f60f3cc5000-7f60f3cc6000 r-xp 00000000 fd:00 105719194                  /opt/jdk1.8.0_121/jre/lib/amd64/libjaas_unix.so
7f60f3cc6000-7f60f3ec5000 ---p 00001000 fd:00 105719194                  /opt/jdk1.8.0_121/jre/lib/amd64/libjaas_unix.so
7f60f3ec5000-7f60f3ec6000 rw-p 00000000 fd:00 105719194                  /opt/jdk1.8.0_121/jre/lib/amd64/libjaas_unix.so
7f60f3ec6000-7f60f3ec9000 ---p 00000000 00:00 0 
7f60f3ec9000-7f60f3fc7000 rw-p 00000000 00:00 0                          [stack:3933]
7f60f3fc7000-7f60f3fca000 ---p 00000000 00:00 0 
7f60f3fca000-7f60f4000000 rw-p 00000000 00:00 0                          [stack:3931]
7f60f4000000-7f60f4021000 rw-p 00000000 00:00 0 
7f60f4021000-7f60f8000000 ---p 00000000 00:00 0 
7f60f8000000-7f60f8021000 rw-p 00000000 00:00 0 
7f60f8021000-7f60fc000000 ---p 00000000 00:00 0 
7f60fc000000-7f60fd650000 rw-p 00000000 00:00 0 
7f60fd650000-7f6100000000 ---p 00000000 00:00 0 
7f6100000000-7f61008f5000 rw-p 00000000 00:00 0 
7f61008f5000-7f6104000000 ---p 00000000 00:00 0 
7f6104000000-7f6104021000 rw-p 00000000 00:00 0 
7f6104021000-7f6108000000 ---p 00000000 00:00 0 
7f6108011000-7f6108012000 rw-p 00000000 00:00 0 
7f6108012000-7f6108016000 r--s 0009a000 fd:00 6428400                    /opt/jdk1.8.0_121/jre/lib/jsse.jar
7f6108016000-7f6108029000 r--s 00345000 fd:00 6428543                    /opt/jdk1.8.0_121/jre/lib/resources.jar
7f6108029000-7f6108229000 rw-p 00000000 00:00 0 
7f6108229000-7f6108429000 rw-p 00000000 00:00 0 
7f6108429000-7f6108432000 r-xp 00000000 fd:00 105719177                  /opt/jdk1.8.0_121/jre/lib/amd64/libmanagement.so
7f6108432000-7f6108631000 ---p 00009000 fd:00 105719177                  /opt/jdk1.8.0_121/jre/lib/amd64/libmanagement.so
7f6108631000-7f6108632000 rw-p 00008000 fd:00 105719177                  /opt/jdk1.8.0_121/jre/lib/amd64/libmanagement.so
7f6108632000-7f6108832000 rw-p 00000000 00:00 0 
7f6108832000-7f6108fdf000 r--s 06d10000 fd:00 268659776                  /home/kkaralas/Documents/geotrellis-sentinel-demo/ingest/target/scala-2.11/ingest-assembly-0.1.0.jar
7f6108fdf000-7f6109008000 r--s 001ee000 fd:00 114155652                  /home/kkaralas/Apache/spark-2.1.0-bin-hadoop2.7/jars/guava-16.0.1.jar
7f6109008000-7f6109009000 r--s 00004000 fd:00 114155656                  /home/kkaralas/Apache/spark-2.1.0-bin-hadoop2.7/jars/osgi-resource-locator-1.0.1.jar
7f6109009000-7f6109062000 r--s 00522000 fd:00 114155655                  /home/kkaralas/Apache/spark-2.1.0-bin-hadoop2.7/jars/scala-library-2.11.8.jar
7f6109062000-7f6109064000 r--s 0000f000 fd:00 114155654                  /home/kkaralas/Apache/spark-2.1.0-bin-hadoop2.7/jars/spark-launcher_2.11-2.1.0.jar
7f6109064000-7f6109069000 r--s 00032000 fd:00 114155653                  /home/kkaralas/Apache/spark-2.1.0-bin-hadoop2.7/jars/chill_2.11-0.8.0.jar
7f6109069000-7f610906e000 r--s 00027000 fd:00 114155651                  /home/kkaralas/Apache/spark-2.1.0-bin-hadoop2.7/jars/hk2-api-2.4.0-b34.jar
7f610906e000-7f610908b000 r--s 001d5000 fd:00 114155650                  /home/kkaralas/Apache/spark-2.1.0-bin-hadoop2.7/jars/hadoop-yarn-api-2.7.3.jar
7f610908b000-7f6109197000 r--s 00dba000 fd:00 114155649                  /home/kkaralas/Apache/spark-2.1.0-bin-hadoop2.7/jars/scala-compiler-2.11.8.jar
7f6109197000-7f610919d000 r--s 00043000 fd:00 114155648                  /home/kkaralas/Apache/spark-2.1.0-bin-hadoop2.7/jars/commons-configuration-1.6.jar
7f610919d000-7f61091e9000 r--s 00411000 fd:00 114155647                  /home/kkaralas/Apache/spark-2.1.0-bin-hadoop2.7/jars/scala-reflect-2.11.8.jar
7f61091e9000-7f61091f0000 r--s 00046000 fd:00 114155646                  /home/kkaralas/Apache/spark-2.1.0-bin-hadoop2.7/jars/libfb303-0.9.2.jar
7f61091f0000-7f61091f4000 r--s 00014000 fd:00 114155645                  /home/kkaralas/Apache/spark-2.1.0-bin-hadoop2.7/jars/xz-1.0.jar
7f61091f4000-7f6109218000 r--s 001cd000 fd:00 114155644                  /home/kkaralas/Apache/spark-2.1.0-bin-hadoop2.7/jars/commons-math3-3.4.1.jar
7f6109218000-7f610921c000 r--s 0003c000 fd:00 114155643                  /home/kkaralas/Apache/spark-2.1.0-bin-hadoop2.7/jars/jackson-core-2.6.5.jar
7f610921c000-7f6109227000 r--s 0005d000 fd:00 114155642                  /home/kkaralas/Apache/spark-2.1.0-bin-hadoop2.7/jars/scala-parser-combinators_2.11-1.0.4.jar
7f6109227000-7f610922e000 r--s 00049000 fd:00 114155641                  /home/kkaralas/Apache/spark-2.1.0-bin-hadoop2.7/jars/univocity-parsers-2.2.1.jar
7f610922e000-7f6109232000 r--s 00036000 fd:00 114155640                  /home/kkaralas/Apache/spark-2.1.0-bin-hadoop2.7/jars/ST4-4.0.4.jar
7f6109232000-7f6109236000 r--s 00025000 fd:00 114155639                  /home/kkaralas/Apache/spark-2.1.0-bin-hadoop2.7/jars/jersey-client-2.22.2.jar
7f6109236000-7f610923c000 r--s 00063000 fd:00 114155638                  /home/kkaralas/Apache/spark-2.1.0-bin-hadoop2.7/jars/jodd-core-3.5.2.jar
7f610923c000-7f610923e000 r--s 00009000 fd:00 114155637                  /home/kkaralas/Apache/spark-2.1.0-bin-hadoop2.7/jars/objenesis-2.1.jar
7f610923e000-7f6109248000 r--s 0007b000 fd:00 114155636                  /home/kkaralas/Apache/spark-2.1.0-bin-hadoop2.7/jars/hadoop-mapreduce-client-app-2.7.3.jar
7f6109248000-7f6109277000 r--s 002e5000 fd:00 114155635                  /home/kkaralas/Apache/spark-2.1.0-bin-hadoop2.7/jars/derby-10.12.1.1.jar
7f6109277000-7f6109278000 r--s 00009000 fd:00 114155634                  /home/kkaralas/Apache/spark-2.1.0-bin-hadoop2.7/jars/slf4j-api-1.7.16.jar
7f6109278000-7f6109279000 r--s 00008000 fd:00 114155633                  /home/kkaralas/Apache/spark-2.1.0-bin-hadoop2.7/jars/commons-compiler-3.0.0.jar
7f6109279000-7f610927b000 r--s 00003000 fd:00 114155632                  /home/kkaralas/Apache/spark-2.1.0-bin-hadoop2.7/jars/base64-2.3.8.jar
7f610927b000-7f610927e000 r--s 0000d000 fd:00 114155631                  /home/kkaralas/Apache/spark-2.1.0-bin-hadoop2.7/jars/spark-network-shuffle_2.11-2.1.0.jar
7f610927e000-7f6109280000 r--s 00100000 fd:00 114155630                  /home/kkaralas/Apache/spark-2.1.0-bin-hadoop2.7/jars/snappy-java-1.1.2.6.jar
7f6109280000-7f6109285000 r--s 00028000 fd:00 114155629                  /home/kkaralas/Apache/spark-2.1.0-bin-hadoop2.7/jars/avro-mapred-1.7.7-hadoop2.jar
7f6109285000-7f6109287000 r--s 0000b000 fd:00 114155628                  /home/kkaralas/Apache/spark-2.1.0-bin-hadoop2.7/jars/chill-java-0.8.0.jar
7f6109287000-7f6109289000 r--s 00009000 fd:00 114155627                  /home/kkaralas/Apache/spark-2.1.0-bin-hadoop2.7/jars/commons-cli-1.2.jar
7f6109289000-7f610928a000 r--s 00001000 fd:00 114155626                  /home/kkaralas/Apache/spark-2.1.0-bin-hadoop2.7/jars/javax.inject-2.4.0-b34.jar
7f610928a000-7f6109293000 r--s 00097000 fd:00 114155625                  /home/kkaralas/Apache/spark-2.1.0-bin-hadoop2.7/jars/pmml-model-1.2.15.jar
7f6109293000-7f6109295000 r--s 00000000 fd:00 114155624                  /home/kkaralas/Apache/spark-2.1.0-bin-hadoop2.7/jars/jul-to-slf4j-1.7.16.jar
7f6109295000-7f61092c3000 r--s 00212000 fd:00 114155623                  /home/kkaralas/Apache/spark-2.1.0-bin-hadoop2.7/jars/spark-network-common_2.11-2.1.0.jar
7f61092c3000-7f61092d5000 r--s 00112000 fd:00 114155622                  /home/kkaralas/Apache/spark-2.1.0-bin-hadoop2.7/jars/arpack_combined_all-0.1.jar
7f61092d5000-7f61092d8000 r--s 0001a000 fd:00 114155621                  /home/kkaralas/Apache/spark-2.1.0-bin-hadoop2.7/jars/py4j-0.10.4.jar
7f61092d8000-7f61092ee000 r--s 00124000 fd:00 114155620                  /home/kkaralas/Apache/spark-2.1.0-bin-hadoop2.7/jars/ivy-2.4.0.jar
7f61092ee000-7f61092fb000 r--s 00071000 fd:00 114155619                  /home/kkaralas/Apache/spark-2.1.0-bin-hadoop2.7/jars/jackson-module-scala_2.11-2.6.5.jar
7f61092fb000-7f6109307000 r--s 000b6000 fd:00 114155618                  /home/kkaralas/Apache/spark-2.1.0-bin-hadoop2.7/jars/zookeeper-3.4.6.jar
7f6109307000-7f6109390000 r--s 00682000 fd:00 114155617                  /home/kkaralas/Apache/spark-2.1.0-bin-hadoop2.7/jars/spark-catalyst_2.11-2.1.0.jar
7f6109390000-7f6109391000 r--s 00009000 fd:00 114155616                  /home/kkaralas/Apache/spark-2.1.0-bin-hadoop2.7/jars/hive-cli-1.2.1.spark2.jar
7f6109391000-7f61093a3000 r--s 000b3000 fd:00 114154943                  /home/kkaralas/Apache/spark-2.1.0-bin-hadoop2.7/jars/scalap-2.11.8.jar
7f61093a3000-7f61093a9000 r--s 0002c000 fd:00 114154942                  /home/kkaralas/Apache/spark-2.1.0-bin-hadoop2.7/jars/jdo-api-3.0.1.jar
7f61093a9000-7f61093aa000 r--s 00003000 fd:00 114154941                  /home/kkaralas/Apache/spark-2.1.0-bin-hadoop2.7/jars/metrics-json-3.1.2.jar
7f61093aa000-7f61093ac000 r--s 00003000 fd:00 114154940                  /home/kkaralas/Apache/spark-2.1.0-bin-hadoop2.7/jars/JavaEWAH-0.3.2.jar
7f61093ac000-7f61093ae000 r--s 0001f000 fd:00 114154939                  /home/kkaralas/Apache/spark-2.1.0-bin-hadoop2.7/jars/commons-crypto-1.0.0.jar
7f61093ae000-7f61093c6000 r--s 00115000 fd:00 114154938                  /home/kkaralas/Apache/spark-2.1.0-bin-hadoop2.7/jars/netty-3.8.0.Final.jar
7f61093c6000-7f61093c8000 r--s 0000e000 fd:00 114154937                  /home/kkaralas/Apache/spark-2.1.0-bin-hadoop2.7/jars/guice-servlet-3.0.jar
7f61093c8000-7f61093cb000 r--s 00022000 fd:00 114154936                  /home/kkaralas/Apache/spark-2.1.0-bin-hadoop2.7/jars/stringtemplate-3.2.1.jar
7f61093cb000-7f61093d3000 r--s 00078000 fd:00 114154935                  /home/kkaralas/Apache/spark-2.1.0-bin-hadoop2.7/jars/mail-1.4.7.jar
7f61093d3000-7f61093e5000 r--s 00097000 fd:00 114154934                  /home/kkaralas/Apache/spark-2.1.0-bin-hadoop2.7/jars/apacheds-kerberos-codec-2.0.0-M15.jar
7f61093e5000-7f61093e7000 r--s 00012000 fd:00 114154933                  /home/kkaralas/Apache/spark-2.1.0-bin-hadoop2.7/jars/api-util-1.0.0-M20.jar
7f61093e7000-7f610941e000 r--s 00325000 fd:00 114154932                  /home/kkaralas/Apache/spark-2.1.0-bin-hadoop2.7/jars/calcite-core-1.2.0-incubating.jar
7f610941e000-7f61094c7000 r--s 00a4f000 fd:00 114154931                  /home/kkaralas/Apache/spark-2.1.0-bin-hadoop2.7/jars/hive-exec-1.2.1.spark2.jar
7f61094c7000-7f61094ca000 r--s 00017000 fd:00 114154930                  /home/kkaralas/Apache/spark-2.1.0-bin-hadoop2.7/jars/jaxb-api-2.2.2.jar
7f61094ca000-7f61094d7000 r--s 00078000 fd:00 114154929                  /home/kkaralas/Apache/spark-2.1.0-bin-hadoop2.7/jars/spark-mesos_2.11-2.1.0.jar
7f61094d7000-7f610954b000 r--s 00572000 fd:00 114154928                  /home/kkaralas/Apache/spark-2.1.0-bin-hadoop2.7/jars/spark-mllib_2.11-2.1.0.jar
7f610954b000-7f6109577000 r--s 001c9000 fd:00 114154927                  /home/kkaralas/Apache/spark-2.1.0-bin-hadoop2.7/jars/shapeless_2.11-2.0.0.jar
7f6109577000-7f610957b000 r--s 0002f000 fd:00 114154926                  /home/kkaralas/Apache/spark-2.1.0-bin-hadoop2.7/jars/commons-beanutils-core-1.8.0.jar
7f610957b000-7f610957d000 r--s 0000e000 fd:00 114154925                  /home/kkaralas/Apache/spark-2.1.0-bin-hadoop2.7/jars/commons-logging-1.1.3.jar
7f610957d000-7f6109584000 r--s 0005d000 fd:00 114154924                  /home/kkaralas/Apache/spark-2.1.0-bin-hadoop2.7/jars/mx4j-3.0.2.jar
7f6109584000-7f6109587000 r--s 00026000 fd:00 114154923                  /home/kkaralas/Apache/spark-2.1.0-bin-hadoop2.7/jars/hadoop-yarn-client-2.7.3.jar
7f6109587000-7f61095b4000 r--s 001d4000 fd:00 114154922                  /home/kkaralas/Apache/spark-2.1.0-bin-hadoop2.7/jars/spark-streaming_2.11-2.1.0.jar
7f61095b4000-7f61095b9000 r--s 00068000 fd:00 114154921                  /home/kkaralas/Apache/spark-2.1.0-bin-hadoop2.7/jars/antlr-2.7.7.jar
7f61095b9000-7f61095bb000 r--s 00027000 fd:00 114154920                  /home/kkaralas/Apache/spark-2.1.0-bin-hadoop2.7/jars/core-1.1.2.jar
7f61095bb000-7f61095bd000 r--s 00038000 fd:00 114154919                  /home/kkaralas/Apache/spark-2.1.0-bin-hadoop2.7/jars/lz4-1.3.0.jar
7f61095bd000-7f61095be000 r--s 00006000 fd:00 114154918                  /home/kkaralas/Apache/spark-2.1.0-bin-hadoop2.7/jars/jackson-xc-1.9.13.jar
7f61095be000-7f61095c0000 r--s 00004000 fd:00 114154917                  /home/kkaralas/Apache/spark-2.1.0-bin-hadoop2.7/jars/metrics-graphite-3.1.2.jar
7f61095c0000-7f61095c2000 r--s 0000e000 fd:00 114154916                  /home/kkaralas/Apache/spark-2.1.0-bin-hadoop2.7/jars/hadoop-mapreduce-client-jobclient-2.7.3.jar
7f61095c2000-7f61095c6000 r--s 00019000 fd:00 114154915                  /home/kkaralas/Apache/spark-2.1.0-bin-hadoop2.7/jars/javax.ws.rs-api-2.0.1.jar
7f61095c6000-7f6109606000 r--s 00277000 fd:00 114154914                  /home/kkaralas/Apache/spark-2.1.0-bin-hadoop2.7/jars/bcprov-jdk15on-1.51.jar
7f6109606000-7f6109610000 r--s 000a5000 fd:00 114154913                  /home/kkaralas/Apache/spark-2.1.0-bin-hadoop2.7/jars/javassist-3.18.1-GA.jar
7f6109610000-7f6109618000 r--s 0006e000 fd:00 114154912                  /home/kkaralas/Apache/spark-2.1.0-bin-hadoop2.7/jars/commons-lang3-3.5.jar
7f6109618000-7f6109619000 r--s 00002000 fd:00 114154911                  /home/kkaralas/Apache/spark-2.1.0-bin-hadoop2.7/jars/jpam-1.1.jar
7f6109619000-7f610961f000 r--s 00044000 fd:00 114154910                  /home/kkaralas/Apache/spark-2.1.0-bin-hadoop2.7/jars/antlr4-runtime-4.5.3.jar
7f610961f000-7f6109629000 r--s 000aa000 fd:00 114154909                  /home/kkaralas/Apache/spark-2.1.0-bin-hadoop2.7/jars/janino-3.0.0.jar
7f6109629000-7f610962c000 r--s 00014000 fd:00 114154908                  /home/kkaralas/Apache/spark-2.1.0-bin-hadoop2.7/jars/super-csv-2.2.0.jar
7f610962c000-7f610962e000 r--s 00000000 fd:00 114154907                  /home/kkaralas/Apache/spark-2.1.0-bin-hadoop2.7/jars/aopalliance-1.0.jar
7f610962e000-7f6109630000 r--s 00009000 fd:00 114154906                  /home/kkaralas/Apache/spark-2.1.0-bin-hadoop2.7/jars/jackson-module-paranamer-2.6.5.jar
7f6109630000-7f6109632000 r--s 0000e000 fd:00 114154905                  /home/kkaralas/Apache/spark-2.1.0-bin-hadoop2.7/jars/spark-repl_2.11-2.1.0.jar
7f6109632000-7f6109633000 r--s 00006000 fd:00 114154904                  /home/kkaralas/Apache/spark-2.1.0-bin-hadoop2.7/jars/hadoop-client-2.7.3.jar
7f6109633000-7f6109635000 r--s 00006000 fd:00 114154903                  /home/kkaralas/Apache/spark-2.1.0-bin-hadoop2.7/jars/spark-sketch_2.11-2.1.0.jar
7f6109635000-7f6109643000 r--s 000b1000 fd:00 114154902                  /home/kkaralas/Apache/spark-2.1.0-bin-hadoop2.7/jars/jackson-mapper-asl-1.9.13.jar
7f6109643000-7f610965a000 r--s 00183000 fd:00 114154901                  /home/kkaralas/Apache/spark-2.1.0-bin-hadoop2.7/jars/hadoop-yarn-common-2.7.3.jar
7f610965a000-7f610965c000 r--s 00010000 fd:00 114154900                  /home/kkaralas/Apache/spark-2.1.0-bin-hadoop2.7/jars/jersey-media-jaxb-2.22.2.jar
7f610965c000-7f610965f000 r--s 00009000 fd:00 114154899                  /home/kkaralas/Apache/spark-2.1.0-bin-hadoop2.7/jars/jackson-annotations-2.6.5.jar
7f610965f000-7f6109681000 r--s 00335000 fd:00 114154898                  /home/kkaralas/Apache/spark-2.1.0-bin-hadoop2.7/jars/mesos-1.0.0-shaded-protobuf.jar
7f6109681000-7f6109683000 r--s 00020000 fd:00 114154897                  /home/kkaralas/Apache/spark-2.1.0-bin-hadoop2.7/jars/hive-beeline-1.2.1.spark2.jar
7f6109683000-7f6109687000 r--s 0002c000 fd:00 114154896                  /home/kkaralas/Apache/spark-2.1.0-bin-hadoop2.7/jars/avro-ipc-1.7.7.jar
7f6109687000-7f610968b000 r--s 0002a000 fd:00 114154895                  /home/kkaralas/Apache/spark-2.1.0-bin-hadoop2.7/jars/commons-io-2.4.jar
7f610968b000-7f6109691000 r--s 00028000 fd:00 114154894                  /home/kkaralas/Apache/spark-2.1.0-bin-hadoop2.7/jars/curator-framework-2.6.0.jar
7f6109691000-7f6109696000 r--s 00031000 fd:00 114154893                  /home/kkaralas/Apache/spark-2.1.0-bin-hadoop2.7/jars/parquet-hadoop-1.8.1.jar
7f6109696000-7f6109698000 r--s 00005000 fd:00 114154892                  /home/kkaralas/Apache/spark-2.1.0-bin-hadoop2.7/jars/javax.annotation-api-1.2.jar
7f6109698000-7f610969a000 r--s 00005000 fd:00 114154891                  /home/kkaralas/Apache/spark-2.1.0-bin-hadoop2.7/jars/stax-api-1.0.1.jar
7f610969a000-7f610969f000 r--s 00041000 fd:00 114154890                  /home/kkaralas/Apache/spark-2.1.0-bin-hadoop2.7/jars/commons-lang-2.6.jar
7f610969f000-7f61096b8000 r--s 00164000 fd:00 114154889                  /home/kkaralas/Apache/spark-2.1.0-bin-hadoop2.7/jars/hadoop-mapreduce-client-core-2.7.3.jar
7f61096b8000-7f61096c0000 r--s 0007b000 fd:00 114154888                  /home/kkaralas/Apache/spark-2.1.0-bin-hadoop2.7/jars/protobuf-java-2.5.0.jar
7f61096c0000-7f61096c7000 r--s 00049000 fd:00 114154887                  /home/kkaralas/Apache/spark-2.1.0-bin-hadoop2.7/jars/httpcore-4.4.4.jar
7f61096c7000-7f61096cc000 r--s 0002a000 fd:00 114154886                  /home/kkaralas/Apache/spark-2.1.0-bin-hadoop2.7/jars/gson-2.2.4.jar
7f61096cc000-7f61096db000 r--s 0009f000 fd:00 114154885                  /home/kkaralas/Apache/spark-2.1.0-bin-hadoop2.7/jars/guice-3.0.jar
7f61096db000-7f61096dd000 r--s 00003000 fd:00 114154884                  /home/kkaralas/Apache/spark-2.1.0-bin-hadoop2.7/jars/jcl-over-slf4j-1.7.16.jar
7f61096dd000-7f61096e5000 r--s 00066000 fd:00 114154883                  /home/kkaralas/Apache/spark-2.1.0-bin-hadoop2.7/jars/apache-log4j-extras-1.2.17.jar
7f61096e5000-7f61096e7000 r--s 00012000 fd:00 114154881                  /home/kkaralas/Apache/spark-2.1.0-bin-hadoop2.7/jars/compress-lzf-1.0.3.jar
7f61096e7000-7f61096f2000 r--s 000b0000 fd:00 114154882                  /home/kkaralas/Apache/spark-2.1.0-bin-hadoop2.7/jars/jtransforms-2.4.0.jar
7f61096f2000-7f61096fd000 r--s 00062000 fd:00 114154880                  /home/kkaralas/Apache/spark-2.1.0-bin-hadoop2.7/jars/calcite-linq4j-1.2.0-incubating.jar
7f61096fd000-7f6109707000 r--s 00095000 fd:00 114152223                  /home/kkaralas/Apache/spark-2.1.0-bin-hadoop2.7/jars/scala-xml_2.11-1.0.2.jar
7f6109707000-7f610970e000 r--s 00039000 fd:00 114152222                  /home/kkaralas/Apache/spark-2.1.0-bin-hadoop2.7/jars/calcite-avatica-1.2.0-incubating.jar
7f610970e000-7f6109735000 r--s 0020f000 fd:00 114152221                  /home/kkaralas/Apache/spark-2.1.0-bin-hadoop2.7/jars/netty-all-4.0.42.Final.jar
7f6109735000-7f6109737000 r--s 0000d000 fd:00 114152220                  /home/kkaralas/Apache/spark-2.1.0-bin-hadoop2.7/jars/hadoop-yarn-server-web-proxy-2.7.3.jar
7f6109737000-7f6109740000 r--s 0006f000 fd:00 114152219                  /home/kkaralas/Apache/spark-2.1.0-bin-hadoop2.7/jars/log4j-1.2.17.jar
7f6109740000-7f6109743000 r--s 00015000 fd:00 114152218                  /home/kkaralas/Apache/spark-2.1.0-bin-hadoop2.7/jars/pyrolite-4.13.jar
7f6109743000-7f610974a000 r--s 0007d000 fd:00 114152217                  /home/kkaralas/Apache/spark-2.1.0-bin-hadoop2.7/jars/jetty-6.1.26.jar
7f610974a000-7f610974d000 r--s 00006000 fd:00 114152216                  /home/kkaralas/Apache/spark-2.1.0-bin-hadoop2.7/jars/jsr305-1.3.9.jar
7f610974d000-7f6109751000 r--s 00020000 fd:00 114152215                  /home/kkaralas/Apache/spark-2.1.0-bin-hadoop2.7/jars/commons-digester-1.8.jar
7f6109751000-7f61097b4000 r--s 004de000 fd:00 114152214                  /home/kkaralas/Apache/spark-2.1.0-bin-hadoop2.7/jars/hive-metastore-1.2.1.spark2.jar
7f61097b4000-7f61097be000 r--s 00086000 fd:00 114152213                  /home/kkaralas/Apache/spark-2.1.0-bin-hadoop2.7/jars/json4s-core_2.11-3.2.11.jar
7f61097be000-7f61097c0000 r--s 00014000 fd:00 114152212                  /home/kkaralas/Apache/spark-2.1.0-bin-hadoop2.7/jars/spire-macros_2.11-0.7.4.jar
7f61097c0000-7f61097c1000 r--s 00004000 fd:00 114152211                  /home/kkaralas/Apache/spark-2.1.0-bin-hadoop2.7/jars/opencsv-2.3.jar
7f61097c1000-7f6109841000 r--s 005dd000 fd:00 114152210                  /home/kkaralas/Apache/spark-2.1.0-bin-hadoop2.7/jars/spark-sql_2.11-2.1.0.jar
7f6109841000-7f6109843000 r--s 0000f000 fd:00 114152209                  /home/kkaralas/Apache/spark-2.1.0-bin-hadoop2.7/jars/curator-client-2.6.0.jar
7f6109843000-7f6109854000 r--s 0010d000 fd:00 114152208                  /home/kkaralas/Apache/spark-2.1.0-bin-hadoop2.7/jars/jackson-databind-2.6.5.jar
7f6109854000-7f610992b000 r--s 00a7f000 fd:00 114152207                  /home/kkaralas/Apache/spark-2.1.0-bin-hadoop2.7/jars/spark-core_2.11-2.1.0.jar
7f610992b000-7f610992c000 r--s 00004000 fd:00 114152206                  /home/kkaralas/Apache/spark-2.1.0-bin-hadoop2.7/jars/eigenbase-properties-1.1.5.jar
7f610992c000-7f610992e000 r--s 00003000 fd:00 114152205                  /home/kkaralas/Apache/spark-2.1.0-bin-hadoop2.7/jars/spark-tags_2.11-2.1.0.jar
7f610992e000-7f610992f000 r--s 00004000 fd:00 114152204                  /home/kkaralas/Apache/spark-2.1.0-bin-hadoop2.7/jars/jackson-jaxrs-1.9.13.jar
7f610992f000-7f6109935000 r--s 00040000 fd:00 114152203                  /home/kkaralas/Apache/spark-2.1.0-bin-hadoop2.7/jars/parquet-encoding-1.8.1.jar
7f6109935000-7f6109936000 r--s 0000b000 fd:00 114152202                  /home/kkaralas/Apache/spark-2.1.0-bin-hadoop2.7/jars/snappy-0.2.jar
7f6109936000-7f6109943000 r--s 000a7000 fd:00 114152201                  /home/kkaralas/Apache/spark-2.1.0-bin-hadoop2.7/jars/httpclient-4.5.2.jar
7f6109943000-7f610995c000 r--s 00150000 fd:00 114152200                  /home/kkaralas/Apache/spark-2.1.0-bin-hadoop2.7/jars/htrace-core-3.1.0-incubating.jar
7f610995c000-7f6109972000 r--s 000d3000 fd:00 114152199                  /home/kkaralas/Apache/spark-2.1.0-bin-hadoop2.7/jars/jersey-server-2.22.2.jar
7f6109972000-7f6109979000 r--s 00036000 fd:00 114152198                  /home/kkaralas/Apache/spark-2.1.0-bin-hadoop2.7/jars/curator-recipes-2.6.0.jar
7f6109979000-7f610997e000 r--s 00033000 fd:00 114152197                  /home/kkaralas/Apache/spark-2.1.0-bin-hadoop2.7/jars/libthrift-0.9.2.jar
7f610997e000-7f610998f000 r--s 00089000 fd:00 114152196                  /home/kkaralas/Apache/spark-2.1.0-bin-hadoop2.7/jars/joda-time-2.9.3.jar
7f610998f000-7f6109991000 r--s 00010000 fd:00 114152195                  /home/kkaralas/Apache/spark-2.1.0-bin-hadoop2.7/jars/hadoop-mapreduce-client-shuffle-2.7.3.jar
7f6109991000-7f6109992000 r--s 00001000 fd:00 114152194                  /home/kkaralas/Apache/spark-2.1.0-bin-hadoop2.7/jars/pmml-schema-1.2.15.jar
7f6109992000-7f61099b3000 r--s 0019b000 fd:00 114152193                  /home/kkaralas/Apache/spark-2.1.0-bin-hadoop2.7/jars/spark-hive-thriftserver_2.11-2.1.0.jar
7f61099b3000-7f61099b6000 r--s 00015000 fd:00 114152192                  /home/kkaralas/Apache/spark-2.1.0-bin-hadoop2.7/jars/commons-pool-1.5.4.jar
7f61099b6000-7f61099b7000 r--s 00002000 fd:00 114152191                  /home/kkaralas/Apache/spark-2.1.0-bin-hadoop2.7/jars/slf4j-log4j12-1.7.16.jar
7f61099b7000-7f61099ba000 r--s 00025000 fd:00 114152190                  /home/kkaralas/Apache/spark-2.1.0-bin-hadoop2.7/jars/commons-dbcp-1.4.jar
7f61099ba000-7f61099be000 r--s 0000c000 fd:00 114152189                  /home/kkaralas/Apache/spark-2.1.0-bin-hadoop2.7/jars/validation-api-1.1.0.Final.jar
7f61099be000-7f61099bf000 r--s 0000a000 fd:00 114152188                  /home/kkaralas/Apache/spark-2.1.0-bin-hadoop2.7/jars/apacheds-i18n-2.0.0-M15.jar
7f61099bf000-7f61099c1000 r--s 00003000 fd:00 114152187                  /home/kkaralas/Apache/spark-2.1.0-bin-hadoop2.7/jars/api-asn1-api-1.0.0-M20.jar
7f61099c1000-7f61099cf000 r--s 0009d000 fd:00 114152186                  /home/kkaralas/Apache/spark-2.1.0-bin-hadoop2.7/jars/jersey-common-2.22.2.jar
7f61099cf000-7f61099e5000 r--s 001a4000 fd:00 114152185                  /home/kkaralas/Apache/spark-2.1.0-bin-hadoop2.7/jars/datanucleus-rdbms-3.2.9.jar
7f61099e5000-7f61099ed000 r--s 00059000 fd:00 114152184                  /home/kkaralas/Apache/spark-2.1.0-bin-hadoop2.7/jars/javolution-5.5.1.jar
7f61099ed000-7f61099ee000 r--s 00001000 fd:00 114152183                  /home/kkaralas/Apache/spark-2.1.0-bin-hadoop2.7/jars/minlog-1.3.0.jar
7f61099ee000-7f61099f5000 r--s 00058000 fd:00 114152182                  /home/kkaralas/Apache/spark-2.1.0-bin-hadoop2.7/jars/hadoop-yarn-server-common-2.7.3.jar
7f61099f5000-7f61099f7000 r--s 00017000 fd:00 114152181                  /home/kkaralas/Apache/spark-2.1.0-bin-hadoop2.7/jars/hive-jdbc-1.2.1.spark2.jar
7f61099f7000-7f61099f9000 r--s 00002000 fd:00 114152180                  /home/kkaralas/Apache/spark-2.1.0-bin-hadoop2.7/jars/aopalliance-repackaged-2.4.0-b34.jar
7f61099f9000-7f61099ff000 r--s 00045000 fd:00 114152179                  /home/kkaralas/Apache/spark-2.1.0-bin-hadoop2.7/jars/commons-httpclient-3.1.jar
7f61099ff000-7f6109a02000 r--s 000fd000 fd:00 114152178                  /home/kkaralas/Apache/spark-2.1.0-bin-hadoop2.7/jars/leveldbjni-all-1.8.jar
7f6109a02000-7f6109a09000 r--s 0003f000 fd:00 114152177                  /home/kkaralas/Apache/spark-2.1.0-bin-hadoop2.7/jars/commons-codec-1.10.jar
7f6109a09000-7f6109a0c000 r--s 00012000 fd:00 114152176                  /home/kkaralas/Apache/spark-2.1.0-bin-hadoop2.7/jars/json4s-ast_2.11-3.2.11.jar
7f6109a0c000-7f6109a1a000 r--s 0009d000 fd:00 114152175                  /home/kkaralas/Apache/spark-2.1.0-bin-hadoop2.7/jars/spark-graphx_2.11-2.1.0.jar
7f6109a1a000-7f6109a27000 r--s 00083000 fd:00 114152172                  /home/kkaralas/Apache/spark-2.1.0-bin-hadoop2.7/jars/commons-collections-3.2.2.jar
7f6109a27000-7f6109a38000 r--s 0009e000 fd:00 114152170                  /home/kkaralas/Apache/spark-2.1.0-bin-hadoop2.7/jars/spark-yarn_2.11-2.1.0.jar
7f6109a38000-7f6109a8d000 r--s 0069c000 fd:00 114152168                  /home/kkaralas/Apache/spark-2.1.0-bin-hadoop2.7/jars/spire_2.11-0.7.4.jar
7f6109a8d000-7f6109aa5000 r--s 0010a000 fd:00 114152167                  /home/kkaralas/Apache/spark-2.1.0-bin-hadoop2.7/jars/spark-hive_2.11-2.1.0.jar
7f6109aa5000-7f6109ad9000 r--s 00277000 fd:00 114152164                  /home/kkaralas/Apache/spark-2.1.0-bin-hadoop2.7/jars/parquet-hadoop-bundle-1.6.0.jar
7f6109ad9000-7f6110000000 r--p 00000000 fd:00 67169622                   /usr/lib/locale/locale-archive
7f6110000000-7f6110022000 rw-p 00000000 00:00 0 
7f6110022000-7f6114000000 ---p 00000000 00:00 0 
7f6114000000-7f6114401000 rw-p 00000000 00:00 0 
7f6114401000-7f6118000000 ---p 00000000 00:00 0 
7f6118000000-7f6130000000 rw-p 00000000 00:00 0 
7f6130000000-7f6130021000 rw-p 00000000 00:00 0 
7f6130021000-7f6134000000 ---p 00000000 00:00 0 
7f6134000000-7f613429d000 rw-p 00000000 00:00 0 
7f613429d000-7f6138000000 ---p 00000000 00:00 0 
7f6138000000-7f6138033000 rw-p 00000000 00:00 0 
7f6138033000-7f613c000000 ---p 00000000 00:00 0 
7f613c000000-7f613c001000 r--s 00009000 fd:00 114152174                  /home/kkaralas/Apache/spark-2.1.0-bin-hadoop2.7/jars/json4s-jackson_2.11-3.2.11.jar
7f613c001000-7f613c002000 r--s 00000000 fd:00 114152173                  /home/kkaralas/Apache/spark-2.1.0-bin-hadoop2.7/jars/javax.inject-1.jar
7f613c002000-7f613c006000 r--s 00035000 fd:00 114152171                  /home/kkaralas/Apache/spark-2.1.0-bin-hadoop2.7/jars/jackson-core-asl-1.9.13.jar
7f613c006000-7f613c009000 r--s 00021000 fd:00 114152169                  /home/kkaralas/Apache/spark-2.1.0-bin-hadoop2.7/jars/xbean-asm5-shaded-4.4.jar
7f613c009000-7f613c00a000 r--s 00003000 fd:00 114152166                  /home/kkaralas/Apache/spark-2.1.0-bin-hadoop2.7/jars/xmlenc-0.52.jar
7f613c00a000-7f613c00d000 r--s 00016000 fd:00 114152165                  /home/kkaralas/Apache/spark-2.1.0-bin-hadoop2.7/jars/jsp-api-2.1.jar
7f613c00d000-7f613c011000 r--s 00029000 fd:00 114152163                  /home/kkaralas/Apache/spark-2.1.0-bin-hadoop2.7/jars/hk2-locator-2.4.0-b34.jar
7f613c011000-7f613c018000 r--s 00058000 fd:00 114152162                  /home/kkaralas/Apache/spark-2.1.0-bin-hadoop2.7/jars/parquet-format-2.3.0-incubating.jar
7f613c018000-7f613c01a000 r--s 00006000 fd:00 114152161                  /home/kkaralas/Apache/spark-2.1.0-bin-hadoop2.7/jars/paranamer-2.3.jar
7f613c01a000-7f613c01c000 r--s 00004000 fd:00 114152160                  /home/kkaralas/Apache/spark-2.1.0-bin-hadoop2.7/jars/stax-api-1.0-2.jar
7f613c01c000-7f613c01d000 r--s 00002000 fd:00 109015322                  /home/kkaralas/Apache/spark-2.1.0-bin-hadoop2.7/jars/java-xmlbuilder-1.0.jar
7f613c01d000-7f613c033000 r--s 000d1000 fd:00 108941785                  /home/kkaralas/Apache/spark-2.1.0-bin-hadoop2.7/jars/parquet-column-1.8.1.jar
7f613c033000-7f613c037000 r--s 00018000 fd:00 108941776                  /home/kkaralas/Apache/spark-2.1.0-bin-hadoop2.7/jars/metrics-core-3.1.2.jar
7f613c037000-7f613c03b000 r--s 00031000 fd:00 108879565                  /home/kkaralas/Apache/spark-2.1.0-bin-hadoop2.7/jars/jline-2.12.1.jar
7f613c03b000-7f613c040000 r--s 0004e000 fd:00 114057343                  /home/kkaralas/Apache/spark-2.1.0-bin-hadoop2.7/jars/datanucleus-api-jdo-3.2.6.jar
7f613c040000-7f613c042000 r--s 00008000 fd:00 114057342                  /home/kkaralas/Apache/spark-2.1.0-bin-hadoop2.7/jars/parquet-common-1.8.1.jar
7f613c042000-7f613c04b000 r--s 00062000 fd:00 114057341                  /home/kkaralas/Apache/spark-2.1.0-bin-hadoop2.7/jars/avro-1.7.7.jar
7f613c04b000-7f613c04f000 r--s 0001a000 fd:00 114057340                  /home/kkaralas/Apache/spark-2.1.0-bin-hadoop2.7/jars/hk2-utils-2.4.0-b34.jar
7f613c04f000-7f613c054000 r--s 0002a000 fd:00 114057339                  /home/kkaralas/Apache/spark-2.1.0-bin-hadoop2.7/jars/commons-beanutils-1.7.0.jar
7f613c054000-7f613c057000 r--s 0000e000 fd:00 114057338                  /home/kkaralas/Apache/spark-2.1.0-bin-hadoop2.7/jars/jersey-container-servlet-core-2.22.2.jar
7f613c057000-7f613c05c000 r--s 00036000 fd:00 114057337                  /home/kkaralas/Apache/spark-2.1.0-bin-hadoop2.7/jars/commons-compress-1.4.1.jar
7f613c05c000-7f613c060000 r--s 00028000 fd:00 114057336                  /home/kkaralas/Apache/spark-2.1.0-bin-hadoop2.7/jars/jetty-util-6.1.26.jar
7f613c060000-7f613c07b000 r--s 001d8000 fd:00 114057335                  /home/kkaralas/Apache/spark-2.1.0-bin-hadoop2.7/jars/jets3t-0.9.3.jar
7f613c07b000-7f613c093000 r--s 000d6000 fd:00 114057334                  /home/kkaralas/Apache/spark-2.1.0-bin-hadoop2.7/jars/jersey-guava-2.22.2.jar
7f613c093000-7f613c095000 r--s 00003000 fd:00 114057333                  /home/kkaralas/Apache/spark-2.1.0-bin-hadoop2.7/jars/jersey-container-servlet-2.22.2.jar
7f613c095000-7f613c0ad000 r--s 001b6000 fd:00 114057332                  /home/kkaralas/Apache/spark-2.1.0-bin-hadoop2.7/jars/datanucleus-core-3.2.10.jar
7f613c0ad000-7f613c0ae000 r--s 00003000 fd:00 114057331                  /home/kkaralas/Apache/spark-2.1.0-bin-hadoop2.7/jars/jta-1.1.jar
7f613c0ae000-7f613c0e4000 r--s 0031c000 fd:00 114057329                  /home/kkaralas/Apache/spark-2.1.0-bin-hadoop2.7/jars/hadoop-common-2.7.3.jar
7f613c0e4000-7f613c0e8000 r--s 00029000 fd:00 114057328                  /home/kkaralas/Apache/spark-2.1.0-bin-hadoop2.7/jars/breeze-macros_2.11-0.12.jar
7f613c0e8000-7f613c0f5000 r--s 000b1000 fd:00 114057325                  /home/kkaralas/Apache/spark-2.1.0-bin-hadoop2.7/jars/hadoop-mapreduce-client-common-2.7.3.jar
7f613c0f5000-7f613c0fc000 r--s 00051000 fd:00 114057323                  /home/kkaralas/Apache/spark-2.1.0-bin-hadoop2.7/jars/kryo-shaded-3.0.3.jar
7f613c0fc000-7f613c11d000 rw-p 00000000 00:00 0 
7f613c11d000-7f613c1ed000 r--s 00cf0000 fd:00 114057320                  /home/kkaralas/Apache/spark-2.1.0-bin-hadoop2.7/jars/breeze_2.11-0.12.jar
7f613c1ed000-7f613c201000 r--s 000ec000 fd:00 114057318                  /home/kkaralas/Apache/spark-2.1.0-bin-hadoop2.7/jars/parquet-jackson-1.8.1.jar
7f613c201000-7f613c26c000 r--s 00784000 fd:00 114057314                  /home/kkaralas/Apache/spark-2.1.0-bin-hadoop2.7/jars/hadoop-hdfs-2.7.3.jar
7f613c26c000-7f613c26d000 ---p 00000000 00:00 0 
7f613c26d000-7f613c36d000 rw-p 00000000 00:00 0                          [stack:3929]
7f613c36d000-7f613c370000 ---p 00000000 00:00 0 
7f613c370000-7f613c46e000 rw-p 00000000 00:00 0                          [stack:3928]
7f613c46e000-7f613c471000 ---p 00000000 00:00 0 
7f613c471000-7f613c56f000 rw-p 00000000 00:00 0                          [stack:3927]
7f613c56f000-7f613c572000 ---p 00000000 00:00 0 
7f613c572000-7f613c670000 rw-p 00000000 00:00 0                          [stack:3926]
7f613c670000-7f613c673000 ---p 00000000 00:00 0 
7f613c673000-7f613c771000 rw-p 00000000 00:00 0                          [stack:3925]
7f613c771000-7f613c774000 ---p 00000000 00:00 0 
7f613c774000-7f613c872000 rw-p 00000000 00:00 0                          [stack:3924]
7f613c872000-7f613c875000 ---p 00000000 00:00 0 
7f613c875000-7f613c973000 rw-p 00000000 00:00 0                          [stack:3923]
7f613c973000-7f613c974000 ---p 00000000 00:00 0 
7f613c974000-7f613d3bf000 rw-p 00000000 00:00 0                          [stack:3922]
7f613d3bf000-7f613d598000 r--s 03d3e000 fd:00 6428483                    /opt/jdk1.8.0_121/jre/lib/rt.jar
7f613d598000-7f613f6fe000 rw-p 00000000 00:00 0 
7f613f6fe000-7f613f6ff000 ---p 00000000 00:00 0 
7f613f6ff000-7f61402b4000 rw-p 00000000 00:00 0                          [stack:3921]
7f61402b4000-7f61407ff000 ---p 00000000 00:00 0 
7f61407ff000-7f6140cd0000 rw-p 00000000 00:00 0 
7f6140cd0000-7f6140fff000 ---p 00000000 00:00 0 
7f6140fff000-7f6141000000 rw-p 00000000 00:00 0 
7f6141000000-7f6141830000 rwxp 00000000 00:00 0 
7f6141830000-7f6150000000 ---p 00000000 00:00 0 
7f6150000000-7f6151e35000 rw-p 00000000 00:00 0 
7f6151e35000-7f6154000000 ---p 00000000 00:00 0 
7f6154000000-7f6154002000 r--s 0000f000 fd:00 114057330                  /home/kkaralas/Apache/spark-2.1.0-bin-hadoop2.7/jars/activation-1.1.1.jar
7f6154002000-7f6154005000 r--s 0002f000 fd:00 114057326                  /home/kkaralas/Apache/spark-2.1.0-bin-hadoop2.7/jars/RoaringBitmap-0.5.11.jar
7f6154005000-7f615401d000 r--s 00115000 fd:00 114057316                  /home/kkaralas/Apache/spark-2.1.0-bin-hadoop2.7/jars/xercesImpl-2.9.1.jar
7f615401d000-7f615403e000 rw-p 00000000 00:00 0 
7f615403e000-7f615403f000 ---p 00000000 00:00 0 
7f615403f000-7f6154bf4000 rw-p 00000000 00:00 0                          [stack:3920]
7f6154bf4000-7f615513f000 ---p 00000000 00:00 0 
7f615513f000-7f6155160000 rw-p 00000000 00:00 0 
7f6155160000-7f61554ff000 ---p 00000000 00:00 0 
7f61554ff000-7f6155519000 r-xp 00000000 fd:00 105719164                  /opt/jdk1.8.0_121/jre/lib/amd64/libzip.so
7f6155519000-7f6155719000 ---p 0001a000 fd:00 105719164                  /opt/jdk1.8.0_121/jre/lib/amd64/libzip.so
7f6155719000-7f615571a000 rw-p 0001a000 fd:00 105719164                  /opt/jdk1.8.0_121/jre/lib/amd64/libzip.so
7f615571a000-7f6155725000 r-xp 00000000 fd:00 67169592                   /usr/lib64/libnss_files-2.17.so
7f6155725000-7f6155924000 ---p 0000b000 fd:00 67169592                   /usr/lib64/libnss_files-2.17.so
7f6155924000-7f6155925000 r--p 0000a000 fd:00 67169592                   /usr/lib64/libnss_files-2.17.so
7f6155925000-7f6155926000 rw-p 0000b000 fd:00 67169592                   /usr/lib64/libnss_files-2.17.so
7f6155926000-7f615592c000 rw-p 00000000 00:00 0 
7f615592c000-7f6155957000 r-xp 00000000 fd:00 105719189                  /opt/jdk1.8.0_121/jre/lib/amd64/libjava.so
7f6155957000-7f6155b56000 ---p 0002b000 fd:00 105719189                  /opt/jdk1.8.0_121/jre/lib/amd64/libjava.so
7f6155b56000-7f6155b58000 rw-p 0002a000 fd:00 105719189                  /opt/jdk1.8.0_121/jre/lib/amd64/libjava.so
7f6155b58000-7f6155b65000 r-xp 00000000 fd:00 105719142                  /opt/jdk1.8.0_121/jre/lib/amd64/libverify.so
7f6155b65000-7f6155d64000 ---p 0000d000 fd:00 105719142                  /opt/jdk1.8.0_121/jre/lib/amd64/libverify.so
7f6155d64000-7f6155d66000 rw-p 0000c000 fd:00 105719142                  /opt/jdk1.8.0_121/jre/lib/amd64/libverify.so
7f6155d66000-7f6155d6d000 r-xp 00000000 fd:00 67169604                   /usr/lib64/librt-2.17.so
7f6155d6d000-7f6155f6c000 ---p 00007000 fd:00 67169604                   /usr/lib64/librt-2.17.so
7f6155f6c000-7f6155f6d000 r--p 00006000 fd:00 67169604                   /usr/lib64/librt-2.17.so
7f6155f6d000-7f6155f6e000 rw-p 00007000 fd:00 67169604                   /usr/lib64/librt-2.17.so
7f6155f6e000-7f615606f000 r-xp 00000000 fd:00 67169582                   /usr/lib64/libm-2.17.so
7f615606f000-7f615626e000 ---p 00101000 fd:00 67169582                   /usr/lib64/libm-2.17.so
7f615626e000-7f615626f000 r--p 00100000 fd:00 67169582                   /usr/lib64/libm-2.17.so
7f615626f000-7f6156270000 rw-p 00101000 fd:00 67169582                   /usr/lib64/libm-2.17.so
7f6156270000-7f6156f3e000 r-xp 00000000 fd:00 36522073                   /opt/jdk1.8.0_121/jre/lib/amd64/server/libjvm.so
7f6156f3e000-7f615713e000 ---p 00cce000 fd:00 36522073                   /opt/jdk1.8.0_121/jre/lib/amd64/server/libjvm.so
7f615713e000-7f6157217000 rw-p 00cce000 fd:00 36522073                   /opt/jdk1.8.0_121/jre/lib/amd64/server/libjvm.so
7f6157217000-7f6157262000 rw-p 00000000 00:00 0 
7f6157262000-7f6157418000 r-xp 00000000 fd:00 67169574                   /usr/lib64/libc-2.17.so
7f6157418000-7f6157618000 ---p 001b6000 fd:00 67169574                   /usr/lib64/libc-2.17.so
7f6157618000-7f615761c000 r--p 001b6000 fd:00 67169574                   /usr/lib64/libc-2.17.so
7f615761c000-7f615761e000 rw-p 001ba000 fd:00 67169574                   /usr/lib64/libc-2.17.so
7f615761e000-7f6157623000 rw-p 00000000 00:00 0 
7f6157623000-7f6157626000 r-xp 00000000 fd:00 67169580                   /usr/lib64/libdl-2.17.so
7f6157626000-7f6157825000 ---p 00003000 fd:00 67169580                   /usr/lib64/libdl-2.17.so
7f6157825000-7f6157826000 r--p 00002000 fd:00 67169580                   /usr/lib64/libdl-2.17.so
7f6157826000-7f6157827000 rw-p 00003000 fd:00 67169580                   /usr/lib64/libdl-2.17.so
7f6157827000-7f615783c000 r-xp 00000000 fd:00 105718940                  /opt/jdk1.8.0_121/lib/amd64/jli/libjli.so
7f615783c000-7f6157a3c000 ---p 00015000 fd:00 105718940                  /opt/jdk1.8.0_121/lib/amd64/jli/libjli.so
7f6157a3c000-7f6157a3d000 rw-p 00015000 fd:00 105718940                  /opt/jdk1.8.0_121/lib/amd64/jli/libjli.so
7f6157a3d000-7f6157a53000 r-xp 00000000 fd:00 67169600                   /usr/lib64/libpthread-2.17.so
7f6157a53000-7f6157c53000 ---p 00016000 fd:00 67169600                   /usr/lib64/libpthread-2.17.so
7f6157c53000-7f6157c54000 r--p 00016000 fd:00 67169600                   /usr/lib64/libpthread-2.17.so
7f6157c54000-7f6157c55000 rw-p 00017000 fd:00 67169600                   /usr/lib64/libpthread-2.17.so
7f6157c55000-7f6157c59000 rw-p 00000000 00:00 0 
7f6157c59000-7f6157c7a000 r-xp 00000000 fd:00 67169567                   /usr/lib64/ld-2.17.so
7f6157c7a000-7f6157c7c000 r--s 00015000 fd:00 114057327                  /home/kkaralas/Apache/spark-2.1.0-bin-hadoop2.7/jars/hadoop-auth-2.7.3.jar
7f6157c7c000-7f6157c7e000 r--s 00008000 fd:00 114057324                  /home/kkaralas/Apache/spark-2.1.0-bin-hadoop2.7/jars/metrics-jvm-3.1.2.jar
7f6157c7e000-7f6157c81000 r--s 00028000 fd:00 114057322                  /home/kkaralas/Apache/spark-2.1.0-bin-hadoop2.7/jars/stream-2.7.0.jar
7f6157c81000-7f6157c85000 r--s 00028000 fd:00 114057321                  /home/kkaralas/Apache/spark-2.1.0-bin-hadoop2.7/jars/spark-mllib-local_2.11-2.1.0.jar
7f6157c85000-7f6157c87000 r--s 00009000 fd:00 114057319                  /home/kkaralas/Apache/spark-2.1.0-bin-hadoop2.7/jars/spark-unsafe_2.11-2.1.0.jar
7f6157c87000-7f6157c8b000 r--s 00025000 fd:00 114057317                  /home/kkaralas/Apache/spark-2.1.0-bin-hadoop2.7/jars/antlr-runtime-3.4.jar
7f6157c8b000-7f6157c8d000 r--s 0000e000 fd:00 114057315                  /home/kkaralas/Apache/spark-2.1.0-bin-hadoop2.7/jars/oro-2.0.8.jar
7f6157c8d000-7f6157c8e000 r--s 00009000 fd:00 114057313                  /home/kkaralas/Apache/spark-2.1.0-bin-hadoop2.7/jars/hadoop-annotations-2.7.3.jar
7f6157c8e000-7f6157d60000 rw-p 00000000 00:00 0 
7f6157d60000-7f6157d63000 ---p 00000000 00:00 0 
7f6157d63000-7f6157e65000 rw-p 00000000 00:00 0                          [stack:3919]
7f6157e65000-7f6157e68000 r--s 00015000 fd:00 114057312                  /home/kkaralas/Apache/spark-2.1.0-bin-hadoop2.7/jars/javax.servlet-api-3.1.0.jar
7f6157e68000-7f6157e6c000 r--s 00030000 fd:00 114057311                  /home/kkaralas/Apache/spark-2.1.0-bin-hadoop2.7/jars/commons-net-2.2.jar
7f6157e6c000-7f6157e6f000 r--s 00019000 fd:00 114057310                  /home/kkaralas/Apache/spark-2.1.0-bin-hadoop2.7/jars/bonecp-0.8.0.RELEASE.jar
7f6157e6f000-7f6157e77000 rw-s 00000000 fd:00 36200761                   /tmp/hsperfdata_kkaralas/3855
7f6157e77000-7f6157e78000 rw-p 00000000 00:00 0 
7f6157e78000-7f6157e79000 ---p 00000000 00:00 0 
7f6157e79000-7f6157e7a000 rw-p 00000000 00:00 0 
7f6157e7a000-7f6157e7b000 r--p 00021000 fd:00 67169567                   /usr/lib64/ld-2.17.so
7f6157e7b000-7f6157e7c000 rw-p 00022000 fd:00 67169567                   /usr/lib64/ld-2.17.so
7f6157e7c000-7f6157e7d000 rw-p 00000000 00:00 0 
7ffd0292a000-7ffd0294c000 rw-p 00000000 00:00 0                          [stack]
7ffd029e7000-7ffd029e9000 r-xp 00000000 00:00 0                          [vdso]
ffffffffff600000-ffffffffff601000 r-xp 00000000 00:00 0                  [vsyscall]

VM Arguments:
jvm_args: -Xmx12G -XX:+UseCompressedOops -XX:MaxPermSize=2g -Xms1g 
java_command: org.apache.spark.deploy.SparkSubmit --master spark://master:8088 --conf spark.driver.memory=12G --conf spark.yarn.driver.memoryOverhead=1g --conf spark.driver.maxResultSize=5g --conf spark.network.timeout=480s --conf spark.yarn.executor.memoryOverhead=1g --conf spark.driver.extraJavaOptions=-XX:+UseCompressedOops -XX:MaxPermSize=2g -d64 -Xms1g --class demo.SentinelRgbIngestMain --name  Ingest --driver-cores 2 --executor-memory 9g --executor-cores 2 ingest/target/scala-2.11/ingest-assembly-0.1.0.jar
java_class_path (initial): /home/kkaralas/Apache/spark-2.1.0-bin-hadoop2.7/conf/:/home/kkaralas/Apache/spark-2.1.0-bin-hadoop2.7/jars/bonecp-0.8.0.RELEASE.jar:/home/kkaralas/Apache/spark-2.1.0-bin-hadoop2.7/jars/commons-net-2.2.jar:/home/kkaralas/Apache/spark-2.1.0-bin-hadoop2.7/jars/javax.servlet-api-3.1.0.jar:/home/kkaralas/Apache/spark-2.1.0-bin-hadoop2.7/jars/hadoop-annotations-2.7.3.jar:/home/kkaralas/Apache/spark-2.1.0-bin-hadoop2.7/jars/hadoop-hdfs-2.7.3.jar:/home/kkaralas/Apache/spark-2.1.0-bin-hadoop2.7/jars/oro-2.0.8.jar:/home/kkaralas/Apache/spark-2.1.0-bin-hadoop2.7/jars/xercesImpl-2.9.1.jar:/home/kkaralas/Apache/spark-2.1.0-bin-hadoop2.7/jars/antlr-runtime-3.4.jar:/home/kkaralas/Apache/spark-2.1.0-bin-hadoop2.7/jars/parquet-jackson-1.8.1.jar:/home/kkaralas/Apache/spark-2.1.0-bin-hadoop2.7/jars/spark-unsafe_2.11-2.1.0.jar:/home/kkaralas/Apache/spark-2.1.0-bin-hadoop2.7/jars/breeze_2.11-0.12.jar:/home/kkaralas/Apache/spark-2.1.0-bin-hadoop2.7/jars/spark-mllib-local_2.11-2.1.0.jar:/home/kkaralas/Apache/spark-2.1.0-bin-hadoop2.7/jars/stream-2.7.0.jar:/home/kkaralas/Apache/spark-2.1.0-bin-hadoop2.7/jars/kryo-shaded-3.0.3.jar:/home/kkaralas/Apache/spark-2.1.0-bin-hadoop2.7/jars/metrics-jvm-3.1.2.jar:/home/kkaralas/Apache/spark-2.1.0-bin-hadoop2.7/jars/hadoop-mapreduce-client-common-2.7.3.jar:/home/kkaralas/Apache/spark-2.1.0-bin-hadoop2.7/jars/RoaringBitmap-0.5.11.jar:/home/kkaralas/Apache/spark-2.1.0-bin-hadoop2.7/jars/hadoop-auth-2.7.3.jar:/home/kkaralas/Apache/spark-2.1.0-bin-hadoop2.7/jars/breeze-macros_2.11-0.12.jar:/home/kkaralas/Apache/spark-2.1.0-bin-hadoop2.7/jars/hadoop-common-2.7.3.jar:/home/kkaralas/Apache/spark-2.1.0-bin-hadoop2.7/jars/activation-1.1.1.jar:/home/kkaralas/Apache/spark-2.1.0-bin-hadoop2.7/jars/jta-1.1.jar:/home/kkaralas/Apache/spark-2.1.0-bin-hadoop2.7/jars/datanucleus-core-3.2.10.jar:/home/kkaralas/Apache/spark-2.1.0-bin-hadoop2.7/jars/jersey-container-servlet-2.22.2.jar:/home/kkaralas/Apache/spark-2.1.0-bin-hadoop2.7/jars/jerse
Launcher Type: SUN_STANDARD

Environment Variables:
JAVA_HOME=/opt/jdk1.8.0_121/
PATH=/opt/jdk1.8.0_121//bin:/opt/jdk1.8.0_121//bin:/usr/lib64/qt-3.3/bin:/usr/local/bin:/usr/local/sbin:/usr/bin:/usr/sbin:/bin:/sbin:/opt/dbeaver:/opt/idea-IC-163.12024.16/bin:/home/kkaralas/Apache/spark-2.1.0-bin-hadoop2.7/bin:/home/kkaralas/.local/bin:/home/kkaralas/bin:/opt/dbeaver:/opt/idea-IC-163.12024.16/bin:/home/kkaralas/Apache/spark-2.1.0-bin-hadoop2.7/bin
USERNAME=kkaralas
SHELL=/bin/bash
DISPLAY=:0

Signal Handlers:
SIGSEGV: [libjvm.so+0xac78c0], sa_mask[0]=11111111011111111101111111111110, sa_flags=SA_RESTART|SA_SIGINFO
SIGBUS: [libjvm.so+0xac78c0], sa_mask[0]=11111111011111111101111111111110, sa_flags=SA_RESTART|SA_SIGINFO
SIGFPE: [libjvm.so+0x920ac0], sa_mask[0]=11111111011111111101111111111110, sa_flags=SA_RESTART|SA_SIGINFO
SIGPIPE: [libjvm.so+0x920ac0], sa_mask[0]=11111111011111111101111111111110, sa_flags=SA_RESTART|SA_SIGINFO
SIGXFSZ: [libjvm.so+0x920ac0], sa_mask[0]=11111111011111111101111111111110, sa_flags=SA_RESTART|SA_SIGINFO
SIGILL: [libjvm.so+0x920ac0], sa_mask[0]=11111111011111111101111111111110, sa_flags=SA_RESTART|SA_SIGINFO
SIGUSR1: SIG_DFL, sa_mask[0]=00000000000000000000000000000000, sa_flags=none
SIGUSR2: [libjvm.so+0x922300], sa_mask[0]=00000000000000000000000000000000, sa_flags=SA_RESTART|SA_SIGINFO
SIGHUP: [libjvm.so+0x923700], sa_mask[0]=11111111011111111101111111111110, sa_flags=SA_RESTART|SA_SIGINFO
SIGINT: [libjvm.so+0x923700], sa_mask[0]=11111111011111111101111111111110, sa_flags=SA_RESTART|SA_SIGINFO
SIGTERM: [libjvm.so+0x923700], sa_mask[0]=11111111011111111101111111111110, sa_flags=SA_RESTART|SA_SIGINFO
SIGQUIT: [libjvm.so+0x923700], sa_mask[0]=11111111011111111101111111111110, sa_flags=SA_RESTART|SA_SIGINFO


---------------  S Y S T E M  ---------------

OS:CentOS Linux release 7.2.1511 (Core) 

uname:Linux 3.10.0-327.el7.x86_64 #1 SMP Thu Nov 19 22:10:57 UTC 2015 x86_64
libc:glibc 2.17 NPTL 2.17 
rlimit: STACK 8192k, CORE 0k, NPROC 4096, NOFILE 4096, AS infinity
load average:2.87 1.09 0.83

/proc/meminfo:
MemTotal:       10591616 kB
MemFree:          111432 kB
MemAvailable:      93164 kB
Buffers:               0 kB
Cached:           158128 kB
SwapCached:        85176 kB
Active:          6021852 kB
Inactive:        1171180 kB
Active(anon):    6010428 kB
Inactive(anon):  1155164 kB
Active(file):      11424 kB
Inactive(file):    16016 kB
Unevictable:     2951584 kB
Mlocked:         2951584 kB
SwapTotal:       3354620 kB
SwapFree:         226884 kB
Dirty:                 8 kB
Writeback:         10980 kB
AnonPages:       9947132 kB
Mapped:           138748 kB
Shmem:              6876 kB
Slab:             167580 kB
SReclaimable:     104956 kB
SUnreclaim:        62624 kB
KernelStack:        9680 kB
PageTables:        52228 kB
NFS_Unstable:          0 kB
Bounce:                0 kB
WritebackTmp:          0 kB
CommitLimit:     8650428 kB
Committed_AS:   16781000 kB
VmallocTotal:   34359738367 kB
VmallocUsed:       94084 kB
VmallocChunk:   34359636472 kB
HardwareCorrupted:     0 kB
AnonHugePages:   4112384 kB
HugePages_Total:       0
HugePages_Free:        0
HugePages_Rsvd:        0
HugePages_Surp:        0
Hugepagesize:       2048 kB
DirectMap4k:       94144 kB
DirectMap2M:    10915840 kB


CPU:total 2 (2 cores per cpu, 1 threads per core) family 6 model 60 stepping 3, cmov, cx8, fxsr, mmx, sse, sse2, sse3, ssse3, sse4.1, sse4.2, popcnt, avx, aes, clmul, lzcnt, tsc, tscinvbit

/proc/cpuinfo:
processor	: 0
vendor_id	: GenuineIntel
cpu family	: 6
model		: 60
model name	: Intel(R) Core(TM) i7-4790 CPU @ 3.60GHz
stepping	: 3
cpu MHz		: 3591.688
cache size	: 8192 KB
physical id	: 0
siblings	: 2
core id		: 0
cpu cores	: 2
apicid		: 0
initial apicid	: 0
fpu		: yes
fpu_exception	: yes
cpuid level	: 13
wp		: yes
flags		: fpu vme de pse tsc msr pae mce cx8 apic sep mtrr pge mca cmov pat pse36 clflush mmx fxsr sse sse2 ht syscall nx rdtscp lm constant_tsc rep_good nopl xtopology nonstop_tsc pni pclmulqdq ssse3 cx16 sse4_1 sse4_2 x2apic movbe popcnt aes xsave avx rdrand hypervisor lahf_lm abm
bogomips	: 7183.37
clflush size	: 64
cache_alignment	: 64
address sizes	: 39 bits physical, 48 bits virtual
power management:

processor	: 1
vendor_id	: GenuineIntel
cpu family	: 6
model		: 60
model name	: Intel(R) Core(TM) i7-4790 CPU @ 3.60GHz
stepping	: 3
cpu MHz		: 3591.688
cache size	: 8192 KB
physical id	: 0
siblings	: 2
core id		: 1
cpu cores	: 2
apicid		: 1
initial apicid	: 1
fpu		: yes
fpu_exception	: yes
cpuid level	: 13
wp		: yes
flags		: fpu vme de pse tsc msr pae mce cx8 apic sep mtrr pge mca cmov pat pse36 clflush mmx fxsr sse sse2 ht syscall nx rdtscp lm constant_tsc rep_good nopl xtopology nonstop_tsc pni pclmulqdq ssse3 cx16 sse4_1 sse4_2 x2apic movbe popcnt aes xsave avx rdrand hypervisor lahf_lm abm
bogomips	: 7183.37
clflush size	: 64
cache_alignment	: 64
address sizes	: 39 bits physical, 48 bits virtual
power management:



Memory: 4k page, physical 10591616k(111432k free), swap 3354620k(226884k free)

vm_info: Java HotSpot(TM) 64-Bit Server VM (25.121-b13) for linux-amd64 JRE (1.8.0_121-b13), built on Dec 12 2016 16:36:53 by "java_re" with gcc 4.3.0 20080428 (Red Hat 4.3.0-8)

time: Thu Apr 20 19:01:16 2017
elapsed time: 30 seconds (0d 0h 0m 30s)

