#
# There is insufficient memory for the Java Runtime Environment to continue.
# Native memory allocation (mmap) failed to map 1447034880 bytes for committing reserved memory.
# Possible reasons:
#   The system is out of physical RAM or swap space
#   In 32 bit mode, the process size limit was hit
# Possible solutions:
#   Reduce memory load on the system
#   Increase physical memory or swap space
#   Check if swap backing store is full
#   Use 64 bit Java on a 64 bit OS
#   Decrease Java heap size (-Xmx/-Xms)
#   Decrease number of Java threads
#   Decrease Java thread stack sizes (-Xss)
#   Set larger code cache with -XX:ReservedCodeCacheSize=
# This output file may be truncated or incomplete.
#
#  Out of Memory Error (os_linux.cpp:2627), pid=2887, tid=0x00007f5df4eee700
#
# JRE version: Java(TM) SE Runtime Environment (8.0_121-b13) (build 1.8.0_121-b13)
# Java VM: Java HotSpot(TM) 64-Bit Server VM (25.121-b13 mixed mode linux-amd64 compressed oops)
# Failed to write core dump. Core dumps have been disabled. To enable core dumping, try "ulimit -c unlimited" before starting Java again
#

---------------  T H R E A D  ---------------

Current thread (0x00007f5dc807b000):  JavaThread "Executor task launch worker-0" daemon [_thread_in_vm, id=2966, stack(0x00007f5df4dee000,0x00007f5df4eef000)]

Stack: [0x00007f5df4dee000,0x00007f5df4eef000],  sp=0x00007f5df4eec560,  free space=1017k
Native frames: (J=compiled Java code, j=interpreted, Vv=VM code, C=native code)
V  [libjvm.so+0xac703a]  VMError::report_and_die()+0x2ba
V  [libjvm.so+0x4fc7eb]  report_vm_out_of_memory(char const*, int, unsigned long, VMErrorType, char const*)+0x8b
V  [libjvm.so+0x923c43]  os::Linux::commit_memory_impl(char*, unsigned long, bool)+0x103
V  [libjvm.so+0x924199]  os::pd_commit_memory(char*, unsigned long, unsigned long, bool)+0x29
V  [libjvm.so+0x91e4aa]  os::commit_memory(char*, unsigned long, unsigned long, bool)+0x2a
V  [libjvm.so+0x992f03]  PSVirtualSpace::expand_by(unsigned long)+0x53
V  [libjvm.so+0x9837c0]  PSOldGen::expand(unsigned long)+0x170
V  [libjvm.so+0x983a7a]  PSOldGen::expand_and_allocate(unsigned long)+0x1a
V  [libjvm.so+0x983b9b]  PSOldGen::allocate(unsigned long)+0xcb
V  [libjvm.so+0x9478ce]  ParallelScavengeHeap::mem_allocate(unsigned long, bool*)+0xfe
V  [libjvm.so+0xa8c71e]  TypeArrayKlass::allocate_common(int, bool, Thread*)+0x26e
V  [libjvm.so+0x9ba875]  OptoRuntime::new_array_C(Klass*, int, JavaThread*)+0x45
v  ~RuntimeStub::_new_array_Java
J 2800 C2 scala.Array$.ofDim(ILscala/reflect/ClassTag;)Ljava/lang/Object; (8 bytes) @ 0x00007f5e1d7ea3ac [0x00007f5e1d7ea2c0+0xec]
j  geotrellis.spark.io.hadoop.HdfsUtils$.readBytes(Lorg/apache/hadoop/fs/Path;Lorg/apache/hadoop/conf/Configuration;)[B+102
j  geotrellis.spark.io.hadoop.formats.BinaryFileRecordReader.initialize(Lorg/apache/hadoop/mapreduce/InputSplit;Lorg/apache/hadoop/mapreduce/TaskAttemptContext;)V+22
j  org.apache.spark.rdd.NewHadoopRDD$$anon$1.liftedTree1$1()Lorg/apache/hadoop/mapreduce/RecordReader;+43
j  org.apache.spark.rdd.NewHadoopRDD$$anon$1.<init>(Lorg/apache/spark/rdd/NewHadoopRDD;Lorg/apache/spark/Partition;Lorg/apache/spark/TaskContext;)V+327
j  org.apache.spark.rdd.NewHadoopRDD.compute(Lorg/apache/spark/Partition;Lorg/apache/spark/TaskContext;)Lorg/apache/spark/InterruptibleIterator;+7
j  org.apache.spark.rdd.NewHadoopRDD.compute(Lorg/apache/spark/Partition;Lorg/apache/spark/TaskContext;)Lscala/collection/Iterator;+3
j  org.apache.spark.rdd.RDD.computeOrReadCheckpoint(Lorg/apache/spark/Partition;Lorg/apache/spark/TaskContext;)Lscala/collection/Iterator;+26
j  org.apache.spark.rdd.RDD.iterator(Lorg/apache/spark/Partition;Lorg/apache/spark/TaskContext;)Lscala/collection/Iterator;+33
j  org.apache.spark.rdd.MapPartitionsRDD.compute(Lorg/apache/spark/Partition;Lorg/apache/spark/TaskContext;)Lscala/collection/Iterator;+24
j  org.apache.spark.rdd.RDD.computeOrReadCheckpoint(Lorg/apache/spark/Partition;Lorg/apache/spark/TaskContext;)Lscala/collection/Iterator;+26
j  org.apache.spark.rdd.RDD.iterator(Lorg/apache/spark/Partition;Lorg/apache/spark/TaskContext;)Lscala/collection/Iterator;+33
j  org.apache.spark.rdd.MapPartitionsRDD.compute(Lorg/apache/spark/Partition;Lorg/apache/spark/TaskContext;)Lscala/collection/Iterator;+24
j  org.apache.spark.rdd.RDD.computeOrReadCheckpoint(Lorg/apache/spark/Partition;Lorg/apache/spark/TaskContext;)Lscala/collection/Iterator;+26
j  org.apache.spark.rdd.RDD.iterator(Lorg/apache/spark/Partition;Lorg/apache/spark/TaskContext;)Lscala/collection/Iterator;+33
j  org.apache.spark.scheduler.ShuffleMapTask.runTask(Lorg/apache/spark/TaskContext;)Lorg/apache/spark/scheduler/MapStatus;+219
j  org.apache.spark.scheduler.ShuffleMapTask.runTask(Lorg/apache/spark/TaskContext;)Ljava/lang/Object;+2
j  org.apache.spark.scheduler.Task.run(JILorg/apache/spark/metrics/MetricsSystem;)Ljava/lang/Object;+152
j  org.apache.spark.executor.Executor$TaskRunner.run()V+423
j  java.util.concurrent.ThreadPoolExecutor.runWorker(Ljava/util/concurrent/ThreadPoolExecutor$Worker;)V+95
j  java.util.concurrent.ThreadPoolExecutor$Worker.run()V+5
j  java.lang.Thread.run()V+11
v  ~StubRoutines::call_stub
V  [libjvm.so+0x690dd6]  JavaCalls::call_helper(JavaValue*, methodHandle*, JavaCallArguments*, Thread*)+0x1056
V  [libjvm.so+0x6912e1]  JavaCalls::call_virtual(JavaValue*, KlassHandle, Symbol*, Symbol*, JavaCallArguments*, Thread*)+0x321
V  [libjvm.so+0x691787]  JavaCalls::call_virtual(JavaValue*, Handle, KlassHandle, Symbol*, Symbol*, Thread*)+0x47
V  [libjvm.so+0x72cb00]  thread_entry(JavaThread*, Thread*)+0xa0
V  [libjvm.so+0xa75543]  JavaThread::thread_main_inner()+0x103
V  [libjvm.so+0xa7568c]  JavaThread::run()+0x11c
V  [libjvm.so+0x926268]  java_start(Thread*)+0x108
C  [libpthread.so.0+0x7dc5]  start_thread+0xc5

Java frames: (J=compiled Java code, j=interpreted, Vv=VM code)
v  ~RuntimeStub::_new_array_Java
J 2800 C2 scala.Array$.ofDim(ILscala/reflect/ClassTag;)Ljava/lang/Object; (8 bytes) @ 0x00007f5e1d7ea3ac [0x00007f5e1d7ea2c0+0xec]
j  geotrellis.spark.io.hadoop.HdfsUtils$.readBytes(Lorg/apache/hadoop/fs/Path;Lorg/apache/hadoop/conf/Configuration;)[B+102
j  geotrellis.spark.io.hadoop.formats.BinaryFileRecordReader.initialize(Lorg/apache/hadoop/mapreduce/InputSplit;Lorg/apache/hadoop/mapreduce/TaskAttemptContext;)V+22
j  org.apache.spark.rdd.NewHadoopRDD$$anon$1.liftedTree1$1()Lorg/apache/hadoop/mapreduce/RecordReader;+43
j  org.apache.spark.rdd.NewHadoopRDD$$anon$1.<init>(Lorg/apache/spark/rdd/NewHadoopRDD;Lorg/apache/spark/Partition;Lorg/apache/spark/TaskContext;)V+327
j  org.apache.spark.rdd.NewHadoopRDD.compute(Lorg/apache/spark/Partition;Lorg/apache/spark/TaskContext;)Lorg/apache/spark/InterruptibleIterator;+7
j  org.apache.spark.rdd.NewHadoopRDD.compute(Lorg/apache/spark/Partition;Lorg/apache/spark/TaskContext;)Lscala/collection/Iterator;+3
j  org.apache.spark.rdd.RDD.computeOrReadCheckpoint(Lorg/apache/spark/Partition;Lorg/apache/spark/TaskContext;)Lscala/collection/Iterator;+26
j  org.apache.spark.rdd.RDD.iterator(Lorg/apache/spark/Partition;Lorg/apache/spark/TaskContext;)Lscala/collection/Iterator;+33
j  org.apache.spark.rdd.MapPartitionsRDD.compute(Lorg/apache/spark/Partition;Lorg/apache/spark/TaskContext;)Lscala/collection/Iterator;+24
j  org.apache.spark.rdd.RDD.computeOrReadCheckpoint(Lorg/apache/spark/Partition;Lorg/apache/spark/TaskContext;)Lscala/collection/Iterator;+26
j  org.apache.spark.rdd.RDD.iterator(Lorg/apache/spark/Partition;Lorg/apache/spark/TaskContext;)Lscala/collection/Iterator;+33
j  org.apache.spark.rdd.MapPartitionsRDD.compute(Lorg/apache/spark/Partition;Lorg/apache/spark/TaskContext;)Lscala/collection/Iterator;+24
j  org.apache.spark.rdd.RDD.computeOrReadCheckpoint(Lorg/apache/spark/Partition;Lorg/apache/spark/TaskContext;)Lscala/collection/Iterator;+26
j  org.apache.spark.rdd.RDD.iterator(Lorg/apache/spark/Partition;Lorg/apache/spark/TaskContext;)Lscala/collection/Iterator;+33
j  org.apache.spark.scheduler.ShuffleMapTask.runTask(Lorg/apache/spark/TaskContext;)Lorg/apache/spark/scheduler/MapStatus;+219
j  org.apache.spark.scheduler.ShuffleMapTask.runTask(Lorg/apache/spark/TaskContext;)Ljava/lang/Object;+2
j  org.apache.spark.scheduler.Task.run(JILorg/apache/spark/metrics/MetricsSystem;)Ljava/lang/Object;+152
j  org.apache.spark.executor.Executor$TaskRunner.run()V+423
j  java.util.concurrent.ThreadPoolExecutor.runWorker(Ljava/util/concurrent/ThreadPoolExecutor$Worker;)V+95
j  java.util.concurrent.ThreadPoolExecutor$Worker.run()V+5
j  java.lang.Thread.run()V+11
v  ~StubRoutines::call_stub

---------------  P R O C E S S  ---------------

Java Threads: ( => current thread )
  0x00007f5dc807f800 JavaThread "task-result-getter-0" daemon [_thread_blocked, id=2973, stack(0x00007f5df40a3000,0x00007f5df41a4000)]
  0x00007f5de801a000 JavaThread "threadDeathWatcher-7-1" daemon [_thread_blocked, id=2969, stack(0x00007f5df41a4000,0x00007f5df42a5000)]
  0x00007f5dc001a000 JavaThread "shuffle-server-3-2" daemon [_thread_in_native, id=2968, stack(0x00007f5df42a5000,0x00007f5df43a6000)]
  0x00007f5dec01a000 JavaThread "shuffle-client-6-1" daemon [_thread_in_native, id=2967, stack(0x00007f5df45a6000,0x00007f5df46a7000)]
=>0x00007f5dc807b000 JavaThread "Executor task launch worker-0" daemon [_thread_in_vm, id=2966, stack(0x00007f5df4dee000,0x00007f5df4eef000)]
  0x00007f5e2d6bc000 JavaThread "org.apache.hadoop.fs.FileSystem$Statistics$StatisticsDataReferenceCleaner" daemon [_thread_blocked, id=2965, stack(0x00007f5df52ef000,0x00007f5df53f0000)]
  0x00007f5e2d62b800 JavaThread "SparkListenerBus" daemon [_thread_blocked, id=2958, stack(0x00007f5df55f0000,0x00007f5df56f1000)]
  0x00007f5e2d628000 JavaThread "context-cleaner-periodic-gc" daemon [_thread_blocked, id=2957, stack(0x00007f5df56f1000,0x00007f5df57f2000)]
  0x00007f5e2d625800 JavaThread "Spark Context Cleaner" daemon [_thread_blocked, id=2956, stack(0x00007f5df57f2000,0x00007f5df58f3000)]
  0x00007f5e2d544800 JavaThread "shuffle-server-5-1" daemon [_thread_in_native, id=2955, stack(0x00007f5df5af3000,0x00007f5df5bf4000)]
  0x00007f5e2d50c000 JavaThread "driver-heartbeater" daemon [_thread_blocked, id=2954, stack(0x00007f5df5bf4000,0x00007f5df5cf5000)]
  0x00007f5e2d4f8800 JavaThread "dag-scheduler-event-loop" daemon [_thread_blocked, id=2953, stack(0x00007f5df5cf5000,0x00007f5df5df6000)]
  0x00007f5dc000c800 JavaThread "netty-rpc-env-timeout" daemon [_thread_blocked, id=2952, stack(0x00007f5df5df6000,0x00007f5df5ef7000)]
  0x00007f5dbc002000 JavaThread "heartbeat-receiver-event-loop-thread" daemon [_thread_blocked, id=2951, stack(0x00007f5df5ef7000,0x00007f5df5ff8000)]
  0x00007f5e2d4cf800 JavaThread "Timer-0" daemon [_thread_blocked, id=2949, stack(0x00007f5df5ff8000,0x00007f5df60f9000)]
  0x00007f5e2d4af800 JavaThread "SparkUI-35" daemon [_thread_blocked, id=2947, stack(0x00007f5df60f9000,0x00007f5df61fa000)]
  0x00007f5e2d4ad800 JavaThread "SparkUI-34" daemon [_thread_blocked, id=2946, stack(0x00007f5df61fa000,0x00007f5df62fb000)]
  0x00007f5e2d4ac000 JavaThread "SparkUI-33" daemon [_thread_blocked, id=2945, stack(0x00007f5df62fb000,0x00007f5df63fc000)]
  0x00007f5e2d4aa000 JavaThread "SparkUI-32" daemon [_thread_blocked, id=2944, stack(0x00007f5df63fc000,0x00007f5df64fd000)]
  0x00007f5e2d4a8000 JavaThread "SparkUI-31" daemon [_thread_blocked, id=2942, stack(0x00007f5df64fd000,0x00007f5df65fe000)]
  0x00007f5e2d4a6800 JavaThread "SparkUI-30" daemon [_thread_blocked, id=2941, stack(0x00007f5df65fe000,0x00007f5df66ff000)]
  0x00007f5e2d4a5000 JavaThread "SparkUI-29-acceptor-0@387ff236-ServerConnector@36b81b49{HTTP/1.1}{0.0.0.0:4040}" daemon [_thread_in_native, id=2940, stack(0x00007f5df66ff000,0x00007f5df6800000)]
  0x00007f5e2d49f800 JavaThread "SparkUI-28-selector-ServerConnectorManager@63bcb428/0" daemon [_thread_in_native, id=2939, stack(0x00007f5dfc236000,0x00007f5dfc337000)]
  0x00007f5e2d309000 JavaThread "map-output-dispatcher-7" daemon [_thread_blocked, id=2937, stack(0x00007f5dfc53b000,0x00007f5dfc63c000)]
  0x00007f5e2d307000 JavaThread "map-output-dispatcher-6" daemon [_thread_blocked, id=2936, stack(0x00007f5dfc63c000,0x00007f5dfc73d000)]
  0x00007f5e2d305000 JavaThread "map-output-dispatcher-5" daemon [_thread_blocked, id=2934, stack(0x00007f5dfc73d000,0x00007f5dfc83e000)]
  0x00007f5e2d303800 JavaThread "map-output-dispatcher-4" daemon [_thread_blocked, id=2933, stack(0x00007f5dfc83e000,0x00007f5dfc93f000)]
  0x00007f5e2d301800 JavaThread "map-output-dispatcher-3" daemon [_thread_blocked, id=2932, stack(0x00007f5dfc93f000,0x00007f5dfca40000)]
  0x00007f5e2d300000 JavaThread "map-output-dispatcher-2" daemon [_thread_blocked, id=2931, stack(0x00007f5dfca40000,0x00007f5dfcb41000)]
  0x00007f5e2d2fe000 JavaThread "map-output-dispatcher-1" daemon [_thread_blocked, id=2930, stack(0x00007f5dfcb41000,0x00007f5dfcc42000)]
  0x00007f5e2d2fc800 JavaThread "map-output-dispatcher-0" daemon [_thread_blocked, id=2929, stack(0x00007f5dfcc42000,0x00007f5dfcd43000)]
  0x00007f5e2d2e2000 JavaThread "shuffle-server-3-1" daemon [_thread_in_native, id=2928, stack(0x00007f5dfcd43000,0x00007f5dfce44000)]
  0x00007f5e2d1b8000 JavaThread "dispatcher-event-loop-1" daemon [_thread_blocked, id=2926, stack(0x00007f5dfd268000,0x00007f5dfd369000)]
  0x00007f5e2d1c1000 JavaThread "dispatcher-event-loop-0" daemon [_thread_blocked, id=2925, stack(0x00007f5dfd981000,0x00007f5dfda82000)]
  0x00007f5e2d017000 JavaThread "process reaper" daemon [_thread_blocked, id=2923, stack(0x00007f5dfda82000,0x00007f5dfdabb000)]
  0x00007f5e2c0c1800 JavaThread "Service Thread" daemon [_thread_blocked, id=2920, stack(0x00007f5dff7f8000,0x00007f5dff8f9000)]
  0x00007f5e2c0bf000 JavaThread "C1 CompilerThread1" daemon [_thread_blocked, id=2919, stack(0x00007f5dff8f9000,0x00007f5dff9fa000)]
  0x00007f5e2c0bc000 JavaThread "C2 CompilerThread0" daemon [_thread_blocked, id=2918, stack(0x00007f5dff9fa000,0x00007f5dffafb000)]
  0x00007f5e2c0ba000 JavaThread "Signal Dispatcher" daemon [_thread_blocked, id=2917, stack(0x00007f5dffafb000,0x00007f5dffbfc000)]
  0x00007f5e2c087000 JavaThread "Finalizer" daemon [_thread_blocked, id=2916, stack(0x00007f5dffbfc000,0x00007f5dffcfd000)]
  0x00007f5e2c082000 JavaThread "Reference Handler" daemon [_thread_blocked, id=2915, stack(0x00007f5dffcfd000,0x00007f5dffdfe000)]
  0x00007f5e2c010800 JavaThread "main" [_thread_blocked, id=2911, stack(0x00007f5e35acb000,0x00007f5e35bcc000)]

Other Threads:
  0x00007f5e2c07a800 VMThread [stack: 0x00007f5dffdfe000,0x00007f5dffeff000] [id=2914]
  0x00007f5e2c0c5000 WatcherThread [stack: 0x00007f5dff6f7000,0x00007f5dff7f8000] [id=2921]

VM state:not at safepoint (normal execution)

VM Mutex/Monitor currently owned by a thread:  ([mutex/lock_event])
[0x00007f5e2c00d900] ExpandHeap_lock - owner thread: 0x00007f5dc807b000
[0x00007f5e2c00e480] Heap_lock - owner thread: 0x00007f5dc807b000

Heap:
 PSYoungGen      total 1353216K, used 714055K [0x00000006c0000000, 0x0000000756880000, 0x00000007c0000000)
  eden space 722432K, 54% used [0x00000006c0000000,0x00000006d7f2c1a0,0x00000006ec180000)
  from space 630784K, 50% used [0x00000006ec180000,0x00000006ffba5e20,0x0000000712980000)
  to   space 627712K, 0% used [0x0000000730380000,0x0000000730380000,0x0000000756880000)
 ParOldGen       total 5502976K, used 5056659K [0x00000004c0000000, 0x000000060fe00000, 0x00000006c0000000)
  object space 5502976K, 91% used [0x00000004c0000000,0x00000005f4a24dd8,0x000000060fe00000)
 Metaspace       used 48086K, capacity 48702K, committed 48768K, reserved 1091584K
  class space    used 6879K, capacity 7040K, committed 7040K, reserved 1048576K

Card table byte_map: [0x00007f5e316a9000,0x00007f5e32eaa000] byte_map_base: 0x00007f5e2f0a9000

Marking Bits: (ParMarkBitMap*) 0x00007f5e34f9fc80
 Begin Bits: [0x00007f5e05000000, 0x00007f5e11000000)
 End Bits:   [0x00007f5e11000000, 0x00007f5e1d000000)

Polling page: 0x00007f5e35be3000

CodeCache: size=245760Kb used=9699Kb max_used=9763Kb free=236061Kb
 bounds [0x00007f5e1d000000, 0x00007f5e1d9a0000, 0x00007f5e2c000000]
 total_blobs=3851 nmethods=3245 adapters=518
 compilation: enabled

Compilation events (10 events):
Event: 25.106 Thread 0x00007f5e2c0bf000 nmethod 3281 0x00007f5e1d173690 code [0x00007f5e1d1737e0, 0x00007f5e1d1738f0]
Event: 25.110 Thread 0x00007f5e2c0bc000 nmethod 3280 0x00007f5e1d101610 code [0x00007f5e1d101800, 0x00007f5e1d102620]
Event: 25.111 Thread 0x00007f5e2c0bf000 3282       3       java.util.regex.Pattern$Curly::study (153 bytes)
Event: 25.111 Thread 0x00007f5e2c0bf000 nmethod 3282 0x00007f5e1d10bd50 code [0x00007f5e1d10bee0, 0x00007f5e1d10c498]
Event: 25.116 Thread 0x00007f5e2c0bf000 3283       3       java.lang.reflect.Method::invoke (62 bytes)
Event: 25.117 Thread 0x00007f5e2c0bf000 nmethod 3283 0x00007f5e1d11a990 code [0x00007f5e1d11ab60, 0x00007f5e1d11b0e8]
Event: 25.117 Thread 0x00007f5e2c0bf000 3284       3       sun.reflect.NativeMethodAccessorImpl::invoke (104 bytes)
Event: 25.118 Thread 0x00007f5e2c0bf000 nmethod 3284 0x00007f5e1d186f90 code [0x00007f5e1d187200, 0x00007f5e1d1886b8]
Event: 25.122 Thread 0x00007f5e2c0bf000 3285       3       java.net.URI$Parser::scan (73 bytes)
Event: 25.123 Thread 0x00007f5e2c0bf000 nmethod 3285 0x00007f5e1d15d310 code [0x00007f5e1d15d4e0, 0x00007f5e1d15dc28]

GC Heap History (10 events):
Event: 8.940 GC heap before
{Heap before GC invocations=7 (full 3):
 PSYoungGen      total 524800K, used 27629K [0x00000006c0000000, 0x00000006f8180000, 0x00000007c0000000)
  eden space 497152K, 0% used [0x00000006c0000000,0x00000006c0000000,0x00000006de580000)
  from space 27648K, 99% used [0x00000006e1000000,0x00000006e2afb6b0,0x00000006e2b00000)
  to   space 43520K, 0% used [0x00000006de580000,0x00000006de580000,0x00000006e1000000)
 ParOldGen       total 2154496K, used 2070566K [0x00000004c0000000, 0x0000000543800000, 0x00000006c0000000)
  object space 2154496K, 96% used [0x00000004c0000000,0x000000053e6099c8,0x0000000543800000)
 Metaspace       used 43696K, capacity 44050K, committed 44288K, reserved 1087488K
  class space    used 6182K, capacity 6296K, committed 6400K, reserved 1048576K
Event: 9.324 GC heap after
Heap after GC invocations=7 (full 3):
 PSYoungGen      total 524800K, used 0K [0x00000006c0000000, 0x00000006f8180000, 0x00000007c0000000)
  eden space 497152K, 0% used [0x00000006c0000000,0x00000006c0000000,0x00000006de580000)
  from space 27648K, 0% used [0x00000006e1000000,0x00000006e1000000,0x00000006e2b00000)
  to   space 43520K, 0% used [0x00000006de580000,0x00000006de580000,0x00000006e1000000)
 ParOldGen       total 3643904K, used 2074155K [0x00000004c0000000, 0x000000059e680000, 0x00000006c0000000)
  object space 3643904K, 56% used [0x00000004c0000000,0x000000053e98adc0,0x000000059e680000)
 Metaspace       used 43696K, capacity 44050K, committed 44288K, reserved 1087488K
  class space    used 6182K, capacity 6296K, committed 6400K, reserved 1048576K
}
Event: 9.847 GC heap before
{Heap before GC invocations=8 (full 3):
 PSYoungGen      total 524800K, used 497152K [0x00000006c0000000, 0x00000006f8180000, 0x00000007c0000000)
  eden space 497152K, 100% used [0x00000006c0000000,0x00000006de580000,0x00000006de580000)
  from space 27648K, 0% used [0x00000006e1000000,0x00000006e1000000,0x00000006e2b00000)
  to   space 43520K, 0% used [0x00000006de580000,0x00000006de580000,0x00000006e1000000)
 ParOldGen       total 3643904K, used 2074155K [0x00000004c0000000, 0x000000059e680000, 0x00000006c0000000)
  object space 3643904K, 56% used [0x00000004c0000000,0x000000053e98adc0,0x000000059e680000)
 Metaspace       used 43696K, capacity 44050K, committed 44288K, reserved 1087488K
  class space    used 6182K, capacity 6296K, committed 6400K, reserved 1048576K
Event: 9.989 GC heap after
Heap after GC invocations=8 (full 3):
 PSYoungGen      total 540672K, used 43399K [0x00000006c0000000, 0x0000000730b00000, 0x00000007c0000000)
  eden space 497152K, 0% used [0x00000006c0000000,0x00000006c0000000,0x00000006de580000)
  from space 43520K, 99% used [0x00000006de580000,0x00000006e0fe1ec0,0x00000006e1000000)
  to   space 493056K, 0% used [0x0000000712980000,0x0000000712980000,0x0000000730b00000)
 ParOldGen       total 3643904K, used 2524947K [0x00000004c0000000, 0x000000059e680000, 0x00000006c0000000)
  object space 3643904K, 69% used [0x00000004c0000000,0x000000055a1c4f00,0x000000059e680000)
 Metaspace       used 43696K, capacity 44050K, committed 44288K, reserved 1087488K
  class space    used 6182K, capacity 6296K, committed 6400K, reserved 1048576K
}
Event: 10.710 GC heap before
{Heap before GC invocations=9 (full 3):
 PSYoungGen      total 540672K, used 540551K [0x00000006c0000000, 0x0000000730b00000, 0x00000007c0000000)
  eden space 497152K, 100% used [0x00000006c0000000,0x00000006de580000,0x00000006de580000)
  from space 43520K, 99% used [0x00000006de580000,0x00000006e0fe1ec0,0x00000006e1000000)
  to   space 493056K, 0% used [0x0000000712980000,0x0000000712980000,0x0000000730b00000)
 ParOldGen       total 3643904K, used 2524947K [0x00000004c0000000, 0x000000059e680000, 0x00000006c0000000)
  object space 3643904K, 69% used [0x00000004c0000000,0x000000055a1c4f00,0x000000059e680000)
 Metaspace       used 45181K, capacity 45586K, committed 45824K, reserved 1089536K
  class space    used 6430K, capacity 6552K, committed 6656K, reserved 1048576K
Event: 10.910 GC heap after
Heap after GC invocations=9 (full 3):
 PSYoungGen      total 1215488K, used 493026K [0x00000006c0000000, 0x0000000742d80000, 0x00000007c0000000)
  eden space 722432K, 0% used [0x00000006c0000000,0x00000006c0000000,0x00000006ec180000)
  from space 493056K, 99% used [0x0000000712980000,0x0000000730af8a60,0x0000000730b00000)
  to   space 630784K, 0% used [0x00000006ec180000,0x00000006ec180000,0x0000000712980000)
 ParOldGen       total 3643904K, used 2528979K [0x00000004c0000000, 0x000000059e680000, 0x00000006c0000000)
  object space 3643904K, 69% used [0x00000004c0000000,0x000000055a5b4dc0,0x000000059e680000)
 Metaspace       used 45181K, capacity 45586K, committed 45824K, reserved 1089536K
  class space    used 6430K, capacity 6552K, committed 6656K, reserved 1048576K
}
Event: 12.771 GC heap before
{Heap before GC invocations=10 (full 4):
 PSYoungGen      total 1215488K, used 1215458K [0x00000006c0000000, 0x0000000742d80000, 0x00000007c0000000)
  eden space 722432K, 100% used [0x00000006c0000000,0x00000006ec180000,0x00000006ec180000)
  from space 493056K, 99% used [0x0000000712980000,0x0000000730af8a60,0x0000000730b00000)
  to   space 630784K, 0% used [0x00000006ec180000,0x00000006ec180000,0x0000000712980000)
 ParOldGen       total 3643904K, used 3470857K [0x00000004c0000000, 0x000000059e680000, 0x00000006c0000000)
  object space 3643904K, 95% used [0x00000004c0000000,0x0000000593d82660,0x000000059e680000)
 Metaspace       used 45342K, capacity 45746K, committed 45824K, reserved 1089536K
  class space    used 6452K, capacity 6584K, committed 6656K, reserved 1048576K
Event: 13.522 GC heap after
Heap after GC invocations=10 (full 4):
 PSYoungGen      total 1215488K, used 90982K [0x00000006c0000000, 0x0000000742d80000, 0x00000007c0000000)
  eden space 722432K, 0% used [0x00000006c0000000,0x00000006c0000000,0x00000006ec180000)
  from space 493056K, 18% used [0x0000000712980000,0x0000000718259840,0x0000000730b00000)
  to   space 630784K, 0% used [0x00000006ec180000,0x00000006ec180000,0x0000000712980000)
 ParOldGen       total 5502976K, used 3643842K [0x00000004c0000000, 0x000000060fe00000, 0x00000006c0000000)
  object space 5502976K, 66% used [0x00000004c0000000,0x000000059e6708e8,0x000000060fe00000)
 Metaspace       used 45342K, capacity 45746K, committed 45824K, reserved 1089536K
  class space    used 6452K, capacity 6584K, committed 6656K, reserved 1048576K
}
Event: 17.004 GC heap before
{Heap before GC invocations=11 (full 4):
 PSYoungGen      total 1215488K, used 813414K [0x00000006c0000000, 0x0000000742d80000, 0x00000007c0000000)
  eden space 722432K, 100% used [0x00000006c0000000,0x00000006ec180000,0x00000006ec180000)
  from space 493056K, 18% used [0x0000000712980000,0x0000000718259840,0x0000000730b00000)
  to   space 630784K, 0% used [0x00000006ec180000,0x00000006ec180000,0x0000000712980000)
 ParOldGen       total 5502976K, used 4114781K [0x00000004c0000000, 0x000000060fe00000, 0x00000006c0000000)
  object space 5502976K, 74% used [0x00000004c0000000,0x00000005bb257538,0x000000060fe00000)
 Metaspace       used 45567K, capacity 46002K, committed 46080K, reserved 1089536K
  class space    used 6500K, capacity 6648K, committed 6656K, reserved 1048576K
Event: 18.658 GC heap after
Heap after GC invocations=11 (full 4):
 PSYoungGen      total 1353216K, used 321687K [0x00000006c0000000, 0x0000000756880000, 0x00000007c0000000)
  eden space 722432K, 0% used [0x00000006c0000000,0x00000006c0000000,0x00000006ec180000)
  from space 630784K, 50% used [0x00000006ec180000,0x00000006ffba5e20,0x0000000712980000)
  to   space 627712K, 0% used [0x0000000730380000,0x0000000730380000,0x0000000756880000)
 ParOldGen       total 5502976K, used 4114781K [0x00000004c0000000, 0x000000060fe00000, 0x00000006c0000000)
  object space 5502976K, 74% used [0x00000004c0000000,0x00000005bb257538,0x000000060fe00000)
 Metaspace       used 45567K, capacity 46002K, committed 46080K, reserved 1089536K
  class space    used 6500K, capacity 6648K, committed 6656K, reserved 1048576K
}

Deoptimization events (10 events):
Event: 24.784 Thread 0x00007f5e2c010800 Uncommon trap: reason=array_check action=maybe_recompile pc=0x00007f5e1d8ddf0c method=java.util.TimSort.binarySort([Ljava/lang/Object;IIILjava/util/Comparator;)V @ 193
Event: 24.786 Thread 0x00007f5e2c010800 Uncommon trap: reason=array_check action=maybe_recompile pc=0x00007f5e1d8dde24 method=java.util.TimSort.binarySort([Ljava/lang/Object;IIILjava/util/Comparator;)V @ 215
Event: 24.787 Thread 0x00007f5e2c010800 Uncommon trap: reason=array_check action=maybe_recompile pc=0x00007f5e1d8ddff8 method=java.util.TimSort.binarySort([Ljava/lang/Object;IIILjava/util/Comparator;)V @ 183
Event: 24.790 Thread 0x00007f5e2c010800 Uncommon trap: reason=array_check action=maybe_recompile pc=0x00007f5e1d8dde24 method=java.util.TimSort.binarySort([Ljava/lang/Object;IIILjava/util/Comparator;)V @ 215
Event: 25.000 Thread 0x00007f5e2d4f8800 Uncommon trap: reason=bimorphic action=maybe_recompile pc=0x00007f5e1d92efec method=java.util.regex.Pattern$CharProperty.match(Ljava/util/regex/Matcher;ILjava/lang/CharSequence;)Z @ 18
Event: 25.000 Thread 0x00007f5e2d4f8800 Uncommon trap: reason=bimorphic action=maybe_recompile pc=0x00007f5e1d92efec method=java.util.regex.Pattern$CharProperty.match(Ljava/util/regex/Matcher;ILjava/lang/CharSequence;)Z @ 18
Event: 25.000 Thread 0x00007f5e2d4f8800 Uncommon trap: reason=bimorphic action=maybe_recompile pc=0x00007f5e1d92efec method=java.util.regex.Pattern$CharProperty.match(Ljava/util/regex/Matcher;ILjava/lang/CharSequence;)Z @ 18
Event: 25.002 Thread 0x00007f5e2d4f8800 Uncommon trap: reason=bimorphic action=maybe_recompile pc=0x00007f5e1d92efec method=java.util.regex.Pattern$CharProperty.match(Ljava/util/regex/Matcher;ILjava/lang/CharSequence;)Z @ 18
Event: 25.020 Thread 0x00007f5e2d4f8800 Uncommon trap: reason=class_check action=maybe_recompile pc=0x00007f5e1d379478 method=java.util.concurrent.ConcurrentHashMap.putVal(Ljava/lang/Object;Ljava/lang/Object;Z)Ljava/lang/Object; @ 192
Event: 25.070 Thread 0x00007f5e2d1c1000 Uncommon trap: reason=bimorphic action=maybe_recompile pc=0x00007f5e1d592384 method=java.io.DataOutputStream.write([BII)V @ 7

Internal exceptions (10 events):
Event: 24.442 Thread 0x00007f5e2c010800 Exception <a 'java/lang/NoSuchMethodError': <clinit>> (0x00000006d66de6e8) thrown at [/HUDSON3/workspace/8-2-build-linux-amd64/jdk8u121/8372/hotspot/src/share/vm/prims/jni.cpp, line 1613]
Event: 24.784 Thread 0x00007f5e2c010800 Exception <a 'java/lang/NoSuchMethodError': <clinit>> (0x00000006d6c14030) thrown at [/HUDSON3/workspace/8-2-build-linux-amd64/jdk8u121/8372/hotspot/src/share/vm/prims/jni.cpp, line 1613]
Event: 24.787 Thread 0x00007f5e2c010800 Exception <a 'java/lang/NoSuchMethodError': <clinit>> (0x00000006d6c2b898) thrown at [/HUDSON3/workspace/8-2-build-linux-amd64/jdk8u121/8372/hotspot/src/share/vm/prims/jni.cpp, line 1613]
Event: 24.790 Thread 0x00007f5e2c010800 Exception <a 'java/lang/NoSuchMethodError': <clinit>> (0x00000006d6c44f30) thrown at [/HUDSON3/workspace/8-2-build-linux-amd64/jdk8u121/8372/hotspot/src/share/vm/prims/jni.cpp, line 1613]
Event: 24.898 Thread 0x00007f5e2c010800 Exception <a 'java/lang/NoSuchMethodError': <clinit>> (0x00000006d703d1e8) thrown at [/HUDSON3/workspace/8-2-build-linux-amd64/jdk8u121/8372/hotspot/src/share/vm/prims/jni.cpp, line 1613]
Event: 24.898 Thread 0x00007f5e2c010800 Exception <a 'java/lang/NoSuchMethodError': <clinit>> (0x00000006d704c3e8) thrown at [/HUDSON3/workspace/8-2-build-linux-amd64/jdk8u121/8372/hotspot/src/share/vm/prims/jni.cpp, line 1613]
Event: 25.009 Thread 0x00007f5e2d4f8800 Exception <a 'java/lang/NoSuchMethodError': <clinit>> (0x00000006d7657820) thrown at [/HUDSON3/workspace/8-2-build-linux-amd64/jdk8u121/8372/hotspot/src/share/vm/prims/jni.cpp, line 1613]
Event: 25.016 Thread 0x00007f5e2d4f8800 Exception <a 'java/lang/NoSuchMethodError': <clinit>> (0x00000006d766ee00) thrown at [/HUDSON3/workspace/8-2-build-linux-amd64/jdk8u121/8372/hotspot/src/share/vm/prims/jni.cpp, line 1613]
Event: 25.016 Thread 0x00007f5e2d4f8800 Exception <a 'java/lang/NoSuchMethodError': <clinit>> (0x00000006d7670a00) thrown at [/HUDSON3/workspace/8-2-build-linux-amd64/jdk8u121/8372/hotspot/src/share/vm/prims/jni.cpp, line 1613]
Event: 25.078 Thread 0x00007f5e2d1c1000 Exception <a 'java/lang/NoSuchMethodError': <clinit>> (0x00000006d448cba0) thrown at [/HUDSON3/workspace/8-2-build-linux-amd64/jdk8u121/8372/hotspot/src/share/vm/prims/jni.cpp, line 1613]

Events (10 events):
Event: 25.089 Executing VM operation: RevokeBias
Event: 25.089 Executing VM operation: RevokeBias done
Event: 25.089 Executing VM operation: RevokeBias
Event: 25.090 Executing VM operation: RevokeBias done
Event: 25.090 Executing VM operation: RevokeBias
Event: 25.090 Executing VM operation: RevokeBias done
Event: 25.090 Executing VM operation: RevokeBias
Event: 25.090 Executing VM operation: RevokeBias done
Event: 25.095 loading class org/apache/spark/storage/ShuffleBlockId
Event: 25.095 loading class org/apache/spark/storage/ShuffleBlockId done


Dynamic libraries:
00400000-00401000 r-xp 00000000 fd:00 73173218                           /opt/jdk1.8.0_121/bin/java
00600000-00601000 rw-p 00000000 fd:00 73173218                           /opt/jdk1.8.0_121/bin/java
008bd000-008de000 rw-p 00000000 00:00 0                                  [heap]
4c0000000-60fe00000 rw-p 00000000 00:00 0 
666200000-6c0000000 ---p 00000000 00:00 0 
6c0000000-756880000 rw-p 00000000 00:00 0 
756880000-7c0000000 ---p 00000000 00:00 0 
7c0000000-7c06e0000 rw-p 00000000 00:00 0 
7c06e0000-800000000 ---p 00000000 00:00 0 
7f5dbabff000-7f5dbacbf000 rw-p 00000000 00:00 0 
7f5dbacbf000-7f5dbadff000 ---p 00000000 00:00 0 
7f5dbadff000-7f5dbafff000 rw-p 00000000 00:00 0 
7f5dbafff000-7f5dbc000000 rw-p 00000000 00:00 0 
7f5dbc000000-7f5dbc021000 rw-p 00000000 00:00 0 
7f5dbc021000-7f5dc0000000 ---p 00000000 00:00 0 
7f5dc0000000-7f5dc0021000 rw-p 00000000 00:00 0 
7f5dc0021000-7f5dc4000000 ---p 00000000 00:00 0 
7f5dc4000000-7f5dc4021000 rw-p 00000000 00:00 0 
7f5dc4021000-7f5dc8000000 ---p 00000000 00:00 0 
7f5dc8000000-7f5dc808e000 rw-p 00000000 00:00 0 
7f5dc808e000-7f5dcc000000 ---p 00000000 00:00 0 
7f5dcc000000-7f5dcc021000 rw-p 00000000 00:00 0 
7f5dcc021000-7f5dd0000000 ---p 00000000 00:00 0 
7f5dd0000000-7f5dd0021000 rw-p 00000000 00:00 0 
7f5dd0021000-7f5dd4000000 ---p 00000000 00:00 0 
7f5dd4000000-7f5dd5105000 rw-p 00000000 00:00 0 
7f5dd5105000-7f5dd8000000 ---p 00000000 00:00 0 
7f5dd8000000-7f5dd88ff000 rw-p 00000000 00:00 0 
7f5dd88ff000-7f5ddc000000 ---p 00000000 00:00 0 
7f5ddc000000-7f5ddc021000 rw-p 00000000 00:00 0 
7f5ddc021000-7f5de0000000 ---p 00000000 00:00 0 
7f5de012b000-7f5de032b000 rw-p 00000000 00:00 0 
7f5de032b000-7f5de0ad8000 r--s 06d10000 fd:00 235180669                  /tmp/spark-a63d7824-9f01-4f69-bb67-3e601a22488e/userFiles-a7c0cbce-d571-4b46-bdf4-8636adff13ac/ingest-assembly-0.1.0.jar
7f5de0ad8000-7f5de1ad9000 rw-p 00000000 00:00 0 
7f5de1ad9000-7f5de8000000 r--p 00000000 fd:00 67169622                   /usr/lib/locale/locale-archive
7f5de8000000-7f5de8022000 rw-p 00000000 00:00 0 
7f5de8022000-7f5dec000000 ---p 00000000 00:00 0 
7f5dec000000-7f5dec5e9000 rw-p 00000000 00:00 0 
7f5dec5e9000-7f5df0000000 ---p 00000000 00:00 0 
7f5df0000000-7f5df0021000 rw-p 00000000 00:00 0 
7f5df0021000-7f5df4000000 ---p 00000000 00:00 0 
7f5df40a3000-7f5df40a6000 ---p 00000000 00:00 0 
7f5df40a6000-7f5df41a4000 rw-p 00000000 00:00 0                          [stack:2973]
7f5df41a4000-7f5df41a7000 ---p 00000000 00:00 0 
7f5df41a7000-7f5df42a5000 rw-p 00000000 00:00 0                          [stack:2969]
7f5df42a5000-7f5df42a8000 ---p 00000000 00:00 0 
7f5df42a8000-7f5df45a6000 rw-p 00000000 00:00 0                          [stack:2968]
7f5df45a6000-7f5df45a9000 ---p 00000000 00:00 0 
7f5df45a9000-7f5df48a7000 rw-p 00000000 00:00 0                          [stack:2967]
7f5df48f0000-7f5df4af0000 rw-p 00000000 00:00 0 
7f5df4af0000-7f5df4afd000 r-xp 00000000 fd:00 103188535                  /tmp/liblz4-java22881126118352963.so
7f5df4afd000-7f5df4cfc000 ---p 0000d000 fd:00 103188535                  /tmp/liblz4-java22881126118352963.so
7f5df4cfc000-7f5df4cfd000 rw-p 0000c000 fd:00 103188535                  /tmp/liblz4-java22881126118352963.so
7f5df4dee000-7f5df4df1000 ---p 00000000 00:00 0 
7f5df4df1000-7f5df50ef000 rw-p 00000000 00:00 0                          [stack:2966]
7f5df50ef000-7f5df52ef000 rw-p 00000000 00:00 0 
7f5df52ef000-7f5df52f2000 ---p 00000000 00:00 0 
7f5df52f2000-7f5df55f0000 rw-p 00000000 00:00 0                          [stack:2965]
7f5df55f0000-7f5df55f3000 ---p 00000000 00:00 0 
7f5df55f3000-7f5df56f1000 rw-p 00000000 00:00 0                          [stack:2958]
7f5df56f1000-7f5df56f4000 ---p 00000000 00:00 0 
7f5df56f4000-7f5df57f2000 rw-p 00000000 00:00 0                          [stack:2957]
7f5df57f2000-7f5df57f5000 ---p 00000000 00:00 0 
7f5df57f5000-7f5df5af3000 rw-p 00000000 00:00 0                          [stack:2956]
7f5df5af3000-7f5df5af6000 ---p 00000000 00:00 0 
7f5df5af6000-7f5df5bf4000 rw-p 00000000 00:00 0                          [stack:2955]
7f5df5bf4000-7f5df5bf7000 ---p 00000000 00:00 0 
7f5df5bf7000-7f5df5cf5000 rw-p 00000000 00:00 0                          [stack:2954]
7f5df5cf5000-7f5df5cf8000 ---p 00000000 00:00 0 
7f5df5cf8000-7f5df5df6000 rw-p 00000000 00:00 0                          [stack:2953]
7f5df5df6000-7f5df5df9000 ---p 00000000 00:00 0 
7f5df5df9000-7f5df5ef7000 rw-p 00000000 00:00 0                          [stack:2952]
7f5df5ef7000-7f5df5efa000 ---p 00000000 00:00 0 
7f5df5efa000-7f5df5ff8000 rw-p 00000000 00:00 0                          [stack:2951]
7f5df5ff8000-7f5df5ffb000 ---p 00000000 00:00 0 
7f5df5ffb000-7f5df60f9000 rw-p 00000000 00:00 0                          [stack:2949]
7f5df60f9000-7f5df60fc000 ---p 00000000 00:00 0 
7f5df60fc000-7f5df61fa000 rw-p 00000000 00:00 0                          [stack:2947]
7f5df61fa000-7f5df61fd000 ---p 00000000 00:00 0 
7f5df61fd000-7f5df62fb000 rw-p 00000000 00:00 0                          [stack:2946]
7f5df62fb000-7f5df62fe000 ---p 00000000 00:00 0 
7f5df62fe000-7f5df63fc000 rw-p 00000000 00:00 0                          [stack:2945]
7f5df63fc000-7f5df63ff000 ---p 00000000 00:00 0 
7f5df63ff000-7f5df64fd000 rw-p 00000000 00:00 0                          [stack:2944]
7f5df64fd000-7f5df6500000 ---p 00000000 00:00 0 
7f5df6500000-7f5df65fe000 rw-p 00000000 00:00 0                          [stack:2942]
7f5df65fe000-7f5df6601000 ---p 00000000 00:00 0 
7f5df6601000-7f5df66ff000 rw-p 00000000 00:00 0                          [stack:2941]
7f5df66ff000-7f5df6702000 ---p 00000000 00:00 0 
7f5df6702000-7f5df8000000 rw-p 00000000 00:00 0                          [stack:2940]
7f5df8000000-7f5df8021000 rw-p 00000000 00:00 0 
7f5df8021000-7f5dfc000000 ---p 00000000 00:00 0 
7f5dfc034000-7f5dfc236000 rw-p 00000000 00:00 0 
7f5dfc236000-7f5dfc239000 ---p 00000000 00:00 0 
7f5dfc239000-7f5dfc537000 rw-p 00000000 00:00 0                          [stack:2939]
7f5dfc537000-7f5dfc53b000 r--s 0009a000 fd:00 6428400                    /opt/jdk1.8.0_121/jre/lib/jsse.jar
7f5dfc53b000-7f5dfc53e000 ---p 00000000 00:00 0 
7f5dfc53e000-7f5dfc63c000 rw-p 00000000 00:00 0                          [stack:2937]
7f5dfc63c000-7f5dfc63f000 ---p 00000000 00:00 0 
7f5dfc63f000-7f5dfc73d000 rw-p 00000000 00:00 0                          [stack:2936]
7f5dfc73d000-7f5dfc740000 ---p 00000000 00:00 0 
7f5dfc740000-7f5dfc83e000 rw-p 00000000 00:00 0                          [stack:2934]
7f5dfc83e000-7f5dfc841000 ---p 00000000 00:00 0 
7f5dfc841000-7f5dfc93f000 rw-p 00000000 00:00 0                          [stack:2933]
7f5dfc93f000-7f5dfc942000 ---p 00000000 00:00 0 
7f5dfc942000-7f5dfca40000 rw-p 00000000 00:00 0                          [stack:2932]
7f5dfca40000-7f5dfca43000 ---p 00000000 00:00 0 
7f5dfca43000-7f5dfcb41000 rw-p 00000000 00:00 0                          [stack:2931]
7f5dfcb41000-7f5dfcb44000 ---p 00000000 00:00 0 
7f5dfcb44000-7f5dfcc42000 rw-p 00000000 00:00 0                          [stack:2930]
7f5dfcc42000-7f5dfcc45000 ---p 00000000 00:00 0 
7f5dfcc45000-7f5dfcd43000 rw-p 00000000 00:00 0                          [stack:2929]
7f5dfcd43000-7f5dfcd46000 ---p 00000000 00:00 0 
7f5dfcd46000-7f5dfd044000 rw-p 00000000 00:00 0                          [stack:2928]
7f5dfd044000-7f5dfd055000 r-xp 00000000 fd:00 105719166                  /opt/jdk1.8.0_121/jre/lib/amd64/libnio.so
7f5dfd055000-7f5dfd254000 ---p 00011000 fd:00 105719166                  /opt/jdk1.8.0_121/jre/lib/amd64/libnio.so
7f5dfd254000-7f5dfd255000 rw-p 00010000 fd:00 105719166                  /opt/jdk1.8.0_121/jre/lib/amd64/libnio.so
7f5dfd255000-7f5dfd268000 r--s 00345000 fd:00 6428543                    /opt/jdk1.8.0_121/jre/lib/resources.jar
7f5dfd268000-7f5dfd26b000 ---p 00000000 00:00 0 
7f5dfd26b000-7f5dfd569000 rw-p 00000000 00:00 0                          [stack:2926]
7f5dfd569000-7f5dfd57f000 r-xp 00000000 fd:00 105719141                  /opt/jdk1.8.0_121/jre/lib/amd64/libnet.so
7f5dfd57f000-7f5dfd77f000 ---p 00016000 fd:00 105719141                  /opt/jdk1.8.0_121/jre/lib/amd64/libnet.so
7f5dfd77f000-7f5dfd780000 rw-p 00016000 fd:00 105719141                  /opt/jdk1.8.0_121/jre/lib/amd64/libnet.so
7f5dfd780000-7f5dfd781000 r-xp 00000000 fd:00 105719194                  /opt/jdk1.8.0_121/jre/lib/amd64/libjaas_unix.so
7f5dfd781000-7f5dfd980000 ---p 00001000 fd:00 105719194                  /opt/jdk1.8.0_121/jre/lib/amd64/libjaas_unix.so
7f5dfd980000-7f5dfd981000 rw-p 00000000 fd:00 105719194                  /opt/jdk1.8.0_121/jre/lib/amd64/libjaas_unix.so
7f5dfd981000-7f5dfd984000 ---p 00000000 00:00 0 
7f5dfd984000-7f5dfda82000 rw-p 00000000 00:00 0                          [stack:2925]
7f5dfda82000-7f5dfda85000 ---p 00000000 00:00 0 
7f5dfda85000-7f5dfdcbb000 rw-p 00000000 00:00 0                          [stack:2923]
7f5dfdcbb000-7f5dfdebb000 rw-p 00000000 00:00 0 
7f5dfdebb000-7f5dfdec4000 r-xp 00000000 fd:00 105719177                  /opt/jdk1.8.0_121/jre/lib/amd64/libmanagement.so
7f5dfdec4000-7f5dfe0c3000 ---p 00009000 fd:00 105719177                  /opt/jdk1.8.0_121/jre/lib/amd64/libmanagement.so
7f5dfe0c3000-7f5dfe0c4000 rw-p 00008000 fd:00 105719177                  /opt/jdk1.8.0_121/jre/lib/amd64/libmanagement.so
7f5dfe0c4000-7f5dfe2c4000 rw-p 00000000 00:00 0 
7f5dfe2c4000-7f5dfea71000 r--s 06d10000 fd:00 268659776                  /home/kkaralas/Documents/geotrellis-sentinel-demo/ingest/target/scala-2.11/ingest-assembly-0.1.0.jar
7f5dfea71000-7f5dfea9a000 r--s 001ee000 fd:00 114155652                  /home/kkaralas/Apache/spark-2.1.0-bin-hadoop2.7/jars/guava-16.0.1.jar
7f5dfea9a000-7f5dfea9b000 r--s 00004000 fd:00 114155656                  /home/kkaralas/Apache/spark-2.1.0-bin-hadoop2.7/jars/osgi-resource-locator-1.0.1.jar
7f5dfea9b000-7f5dfeaf4000 r--s 00522000 fd:00 114155655                  /home/kkaralas/Apache/spark-2.1.0-bin-hadoop2.7/jars/scala-library-2.11.8.jar
7f5dfeaf4000-7f5dfeaf6000 r--s 0000f000 fd:00 114155654                  /home/kkaralas/Apache/spark-2.1.0-bin-hadoop2.7/jars/spark-launcher_2.11-2.1.0.jar
7f5dfeaf6000-7f5dfeafb000 r--s 00032000 fd:00 114155653                  /home/kkaralas/Apache/spark-2.1.0-bin-hadoop2.7/jars/chill_2.11-0.8.0.jar
7f5dfeafb000-7f5dfeb00000 r--s 00027000 fd:00 114155651                  /home/kkaralas/Apache/spark-2.1.0-bin-hadoop2.7/jars/hk2-api-2.4.0-b34.jar
7f5dfeb00000-7f5dfeb1d000 r--s 001d5000 fd:00 114155650                  /home/kkaralas/Apache/spark-2.1.0-bin-hadoop2.7/jars/hadoop-yarn-api-2.7.3.jar
7f5dfeb1d000-7f5dfec29000 r--s 00dba000 fd:00 114155649                  /home/kkaralas/Apache/spark-2.1.0-bin-hadoop2.7/jars/scala-compiler-2.11.8.jar
7f5dfec29000-7f5dfec2f000 r--s 00043000 fd:00 114155648                  /home/kkaralas/Apache/spark-2.1.0-bin-hadoop2.7/jars/commons-configuration-1.6.jar
7f5dfec2f000-7f5dfec7b000 r--s 00411000 fd:00 114155647                  /home/kkaralas/Apache/spark-2.1.0-bin-hadoop2.7/jars/scala-reflect-2.11.8.jar
7f5dfec7b000-7f5dfec82000 r--s 00046000 fd:00 114155646                  /home/kkaralas/Apache/spark-2.1.0-bin-hadoop2.7/jars/libfb303-0.9.2.jar
7f5dfec82000-7f5dfec86000 r--s 00014000 fd:00 114155645                  /home/kkaralas/Apache/spark-2.1.0-bin-hadoop2.7/jars/xz-1.0.jar
7f5dfec86000-7f5dfecaa000 r--s 001cd000 fd:00 114155644                  /home/kkaralas/Apache/spark-2.1.0-bin-hadoop2.7/jars/commons-math3-3.4.1.jar
7f5dfecaa000-7f5dfecae000 r--s 0003c000 fd:00 114155643                  /home/kkaralas/Apache/spark-2.1.0-bin-hadoop2.7/jars/jackson-core-2.6.5.jar
7f5dfecae000-7f5dfecb9000 r--s 0005d000 fd:00 114155642                  /home/kkaralas/Apache/spark-2.1.0-bin-hadoop2.7/jars/scala-parser-combinators_2.11-1.0.4.jar
7f5dfecb9000-7f5dfecc0000 r--s 00049000 fd:00 114155641                  /home/kkaralas/Apache/spark-2.1.0-bin-hadoop2.7/jars/univocity-parsers-2.2.1.jar
7f5dfecc0000-7f5dfecc4000 r--s 00036000 fd:00 114155640                  /home/kkaralas/Apache/spark-2.1.0-bin-hadoop2.7/jars/ST4-4.0.4.jar
7f5dfecc4000-7f5dfecc8000 r--s 00025000 fd:00 114155639                  /home/kkaralas/Apache/spark-2.1.0-bin-hadoop2.7/jars/jersey-client-2.22.2.jar
7f5dfecc8000-7f5dfecce000 r--s 00063000 fd:00 114155638                  /home/kkaralas/Apache/spark-2.1.0-bin-hadoop2.7/jars/jodd-core-3.5.2.jar
7f5dfecce000-7f5dfecd0000 r--s 00009000 fd:00 114155637                  /home/kkaralas/Apache/spark-2.1.0-bin-hadoop2.7/jars/objenesis-2.1.jar
7f5dfecd0000-7f5dfecda000 r--s 0007b000 fd:00 114155636                  /home/kkaralas/Apache/spark-2.1.0-bin-hadoop2.7/jars/hadoop-mapreduce-client-app-2.7.3.jar
7f5dfecda000-7f5dfed09000 r--s 002e5000 fd:00 114155635                  /home/kkaralas/Apache/spark-2.1.0-bin-hadoop2.7/jars/derby-10.12.1.1.jar
7f5dfed09000-7f5dfed0a000 r--s 00009000 fd:00 114155634                  /home/kkaralas/Apache/spark-2.1.0-bin-hadoop2.7/jars/slf4j-api-1.7.16.jar
7f5dfed0a000-7f5dfed0b000 r--s 00008000 fd:00 114155633                  /home/kkaralas/Apache/spark-2.1.0-bin-hadoop2.7/jars/commons-compiler-3.0.0.jar
7f5dfed0b000-7f5dfed0d000 r--s 00003000 fd:00 114155632                  /home/kkaralas/Apache/spark-2.1.0-bin-hadoop2.7/jars/base64-2.3.8.jar
7f5dfed0d000-7f5dfed10000 r--s 0000d000 fd:00 114155631                  /home/kkaralas/Apache/spark-2.1.0-bin-hadoop2.7/jars/spark-network-shuffle_2.11-2.1.0.jar
7f5dfed10000-7f5dfed12000 r--s 00100000 fd:00 114155630                  /home/kkaralas/Apache/spark-2.1.0-bin-hadoop2.7/jars/snappy-java-1.1.2.6.jar
7f5dfed12000-7f5dfed17000 r--s 00028000 fd:00 114155629                  /home/kkaralas/Apache/spark-2.1.0-bin-hadoop2.7/jars/avro-mapred-1.7.7-hadoop2.jar
7f5dfed17000-7f5dfed19000 r--s 0000b000 fd:00 114155628                  /home/kkaralas/Apache/spark-2.1.0-bin-hadoop2.7/jars/chill-java-0.8.0.jar
7f5dfed19000-7f5dfed1b000 r--s 00009000 fd:00 114155627                  /home/kkaralas/Apache/spark-2.1.0-bin-hadoop2.7/jars/commons-cli-1.2.jar
7f5dfed1b000-7f5dfed1c000 r--s 00001000 fd:00 114155626                  /home/kkaralas/Apache/spark-2.1.0-bin-hadoop2.7/jars/javax.inject-2.4.0-b34.jar
7f5dfed1c000-7f5dfed25000 r--s 00097000 fd:00 114155625                  /home/kkaralas/Apache/spark-2.1.0-bin-hadoop2.7/jars/pmml-model-1.2.15.jar
7f5dfed25000-7f5dfed27000 r--s 00000000 fd:00 114155624                  /home/kkaralas/Apache/spark-2.1.0-bin-hadoop2.7/jars/jul-to-slf4j-1.7.16.jar
7f5dfed27000-7f5dfed55000 r--s 00212000 fd:00 114155623                  /home/kkaralas/Apache/spark-2.1.0-bin-hadoop2.7/jars/spark-network-common_2.11-2.1.0.jar
7f5dfed55000-7f5dfed67000 r--s 00112000 fd:00 114155622                  /home/kkaralas/Apache/spark-2.1.0-bin-hadoop2.7/jars/arpack_combined_all-0.1.jar
7f5dfed67000-7f5dfed6a000 r--s 0001a000 fd:00 114155621                  /home/kkaralas/Apache/spark-2.1.0-bin-hadoop2.7/jars/py4j-0.10.4.jar
7f5dfed6a000-7f5dfed80000 r--s 00124000 fd:00 114155620                  /home/kkaralas/Apache/spark-2.1.0-bin-hadoop2.7/jars/ivy-2.4.0.jar
7f5dfed80000-7f5dfed8d000 r--s 00071000 fd:00 114155619                  /home/kkaralas/Apache/spark-2.1.0-bin-hadoop2.7/jars/jackson-module-scala_2.11-2.6.5.jar
7f5dfed8d000-7f5dfed99000 r--s 000b6000 fd:00 114155618                  /home/kkaralas/Apache/spark-2.1.0-bin-hadoop2.7/jars/zookeeper-3.4.6.jar
7f5dfed99000-7f5dfee22000 r--s 00682000 fd:00 114155617                  /home/kkaralas/Apache/spark-2.1.0-bin-hadoop2.7/jars/spark-catalyst_2.11-2.1.0.jar
7f5dfee22000-7f5dfee23000 r--s 00009000 fd:00 114155616                  /home/kkaralas/Apache/spark-2.1.0-bin-hadoop2.7/jars/hive-cli-1.2.1.spark2.jar
7f5dfee23000-7f5dfee35000 r--s 000b3000 fd:00 114154943                  /home/kkaralas/Apache/spark-2.1.0-bin-hadoop2.7/jars/scalap-2.11.8.jar
7f5dfee35000-7f5dfee3b000 r--s 0002c000 fd:00 114154942                  /home/kkaralas/Apache/spark-2.1.0-bin-hadoop2.7/jars/jdo-api-3.0.1.jar
7f5dfee3b000-7f5dfee3c000 r--s 00003000 fd:00 114154941                  /home/kkaralas/Apache/spark-2.1.0-bin-hadoop2.7/jars/metrics-json-3.1.2.jar
7f5dfee3c000-7f5dfee3e000 r--s 00003000 fd:00 114154940                  /home/kkaralas/Apache/spark-2.1.0-bin-hadoop2.7/jars/JavaEWAH-0.3.2.jar
7f5dfee3e000-7f5dfee40000 r--s 0001f000 fd:00 114154939                  /home/kkaralas/Apache/spark-2.1.0-bin-hadoop2.7/jars/commons-crypto-1.0.0.jar
7f5dfee40000-7f5dfee58000 r--s 00115000 fd:00 114154938                  /home/kkaralas/Apache/spark-2.1.0-bin-hadoop2.7/jars/netty-3.8.0.Final.jar
7f5dfee58000-7f5dfee5a000 r--s 0000e000 fd:00 114154937                  /home/kkaralas/Apache/spark-2.1.0-bin-hadoop2.7/jars/guice-servlet-3.0.jar
7f5dfee5a000-7f5dfee5d000 r--s 00022000 fd:00 114154936                  /home/kkaralas/Apache/spark-2.1.0-bin-hadoop2.7/jars/stringtemplate-3.2.1.jar
7f5dfee5d000-7f5dfee65000 r--s 00078000 fd:00 114154935                  /home/kkaralas/Apache/spark-2.1.0-bin-hadoop2.7/jars/mail-1.4.7.jar
7f5dfee65000-7f5dfee77000 r--s 00097000 fd:00 114154934                  /home/kkaralas/Apache/spark-2.1.0-bin-hadoop2.7/jars/apacheds-kerberos-codec-2.0.0-M15.jar
7f5dfee77000-7f5dfee79000 r--s 00012000 fd:00 114154933                  /home/kkaralas/Apache/spark-2.1.0-bin-hadoop2.7/jars/api-util-1.0.0-M20.jar
7f5dfee79000-7f5dfeeb0000 r--s 00325000 fd:00 114154932                  /home/kkaralas/Apache/spark-2.1.0-bin-hadoop2.7/jars/calcite-core-1.2.0-incubating.jar
7f5dfeeb0000-7f5dfef59000 r--s 00a4f000 fd:00 114154931                  /home/kkaralas/Apache/spark-2.1.0-bin-hadoop2.7/jars/hive-exec-1.2.1.spark2.jar
7f5dfef59000-7f5dfef5c000 r--s 00017000 fd:00 114154930                  /home/kkaralas/Apache/spark-2.1.0-bin-hadoop2.7/jars/jaxb-api-2.2.2.jar
7f5dfef5c000-7f5dfef69000 r--s 00078000 fd:00 114154929                  /home/kkaralas/Apache/spark-2.1.0-bin-hadoop2.7/jars/spark-mesos_2.11-2.1.0.jar
7f5dfef69000-7f5dfefdd000 r--s 00572000 fd:00 114154928                  /home/kkaralas/Apache/spark-2.1.0-bin-hadoop2.7/jars/spark-mllib_2.11-2.1.0.jar
7f5dfefdd000-7f5dff009000 r--s 001c9000 fd:00 114154927                  /home/kkaralas/Apache/spark-2.1.0-bin-hadoop2.7/jars/shapeless_2.11-2.0.0.jar
7f5dff009000-7f5dff00d000 r--s 0002f000 fd:00 114154926                  /home/kkaralas/Apache/spark-2.1.0-bin-hadoop2.7/jars/commons-beanutils-core-1.8.0.jar
7f5dff00d000-7f5dff00f000 r--s 0000e000 fd:00 114154925                  /home/kkaralas/Apache/spark-2.1.0-bin-hadoop2.7/jars/commons-logging-1.1.3.jar
7f5dff00f000-7f5dff016000 r--s 0005d000 fd:00 114154924                  /home/kkaralas/Apache/spark-2.1.0-bin-hadoop2.7/jars/mx4j-3.0.2.jar
7f5dff016000-7f5dff019000 r--s 00026000 fd:00 114154923                  /home/kkaralas/Apache/spark-2.1.0-bin-hadoop2.7/jars/hadoop-yarn-client-2.7.3.jar
7f5dff019000-7f5dff046000 r--s 001d4000 fd:00 114154922                  /home/kkaralas/Apache/spark-2.1.0-bin-hadoop2.7/jars/spark-streaming_2.11-2.1.0.jar
7f5dff046000-7f5dff04b000 r--s 00068000 fd:00 114154921                  /home/kkaralas/Apache/spark-2.1.0-bin-hadoop2.7/jars/antlr-2.7.7.jar
7f5dff04b000-7f5dff04d000 r--s 00027000 fd:00 114154920                  /home/kkaralas/Apache/spark-2.1.0-bin-hadoop2.7/jars/core-1.1.2.jar
7f5dff04d000-7f5dff04f000 r--s 00038000 fd:00 114154919                  /home/kkaralas/Apache/spark-2.1.0-bin-hadoop2.7/jars/lz4-1.3.0.jar
7f5dff04f000-7f5dff050000 r--s 00006000 fd:00 114154918                  /home/kkaralas/Apache/spark-2.1.0-bin-hadoop2.7/jars/jackson-xc-1.9.13.jar
7f5dff050000-7f5dff052000 r--s 00004000 fd:00 114154917                  /home/kkaralas/Apache/spark-2.1.0-bin-hadoop2.7/jars/metrics-graphite-3.1.2.jar
7f5dff052000-7f5dff054000 r--s 0000e000 fd:00 114154916                  /home/kkaralas/Apache/spark-2.1.0-bin-hadoop2.7/jars/hadoop-mapreduce-client-jobclient-2.7.3.jar
7f5dff054000-7f5dff058000 r--s 00019000 fd:00 114154915                  /home/kkaralas/Apache/spark-2.1.0-bin-hadoop2.7/jars/javax.ws.rs-api-2.0.1.jar
7f5dff058000-7f5dff098000 r--s 00277000 fd:00 114154914                  /home/kkaralas/Apache/spark-2.1.0-bin-hadoop2.7/jars/bcprov-jdk15on-1.51.jar
7f5dff098000-7f5dff0a2000 r--s 000a5000 fd:00 114154913                  /home/kkaralas/Apache/spark-2.1.0-bin-hadoop2.7/jars/javassist-3.18.1-GA.jar
7f5dff0a2000-7f5dff0aa000 r--s 0006e000 fd:00 114154912                  /home/kkaralas/Apache/spark-2.1.0-bin-hadoop2.7/jars/commons-lang3-3.5.jar
7f5dff0aa000-7f5dff0ab000 r--s 00002000 fd:00 114154911                  /home/kkaralas/Apache/spark-2.1.0-bin-hadoop2.7/jars/jpam-1.1.jar
7f5dff0ab000-7f5dff0b1000 r--s 00044000 fd:00 114154910                  /home/kkaralas/Apache/spark-2.1.0-bin-hadoop2.7/jars/antlr4-runtime-4.5.3.jar
7f5dff0b1000-7f5dff0bb000 r--s 000aa000 fd:00 114154909                  /home/kkaralas/Apache/spark-2.1.0-bin-hadoop2.7/jars/janino-3.0.0.jar
7f5dff0bb000-7f5dff0be000 r--s 00014000 fd:00 114154908                  /home/kkaralas/Apache/spark-2.1.0-bin-hadoop2.7/jars/super-csv-2.2.0.jar
7f5dff0be000-7f5dff0c0000 r--s 00000000 fd:00 114154907                  /home/kkaralas/Apache/spark-2.1.0-bin-hadoop2.7/jars/aopalliance-1.0.jar
7f5dff0c0000-7f5dff0c2000 r--s 00009000 fd:00 114154906                  /home/kkaralas/Apache/spark-2.1.0-bin-hadoop2.7/jars/jackson-module-paranamer-2.6.5.jar
7f5dff0c2000-7f5dff0c4000 r--s 0000e000 fd:00 114154905                  /home/kkaralas/Apache/spark-2.1.0-bin-hadoop2.7/jars/spark-repl_2.11-2.1.0.jar
7f5dff0c4000-7f5dff0c5000 r--s 00006000 fd:00 114154904                  /home/kkaralas/Apache/spark-2.1.0-bin-hadoop2.7/jars/hadoop-client-2.7.3.jar
7f5dff0c5000-7f5dff0c7000 r--s 00006000 fd:00 114154903                  /home/kkaralas/Apache/spark-2.1.0-bin-hadoop2.7/jars/spark-sketch_2.11-2.1.0.jar
7f5dff0c7000-7f5dff0d5000 r--s 000b1000 fd:00 114154902                  /home/kkaralas/Apache/spark-2.1.0-bin-hadoop2.7/jars/jackson-mapper-asl-1.9.13.jar
7f5dff0d5000-7f5dff0ec000 r--s 00183000 fd:00 114154901                  /home/kkaralas/Apache/spark-2.1.0-bin-hadoop2.7/jars/hadoop-yarn-common-2.7.3.jar
7f5dff0ec000-7f5dff0ee000 r--s 00010000 fd:00 114154900                  /home/kkaralas/Apache/spark-2.1.0-bin-hadoop2.7/jars/jersey-media-jaxb-2.22.2.jar
7f5dff0ee000-7f5dff0f1000 r--s 00009000 fd:00 114154899                  /home/kkaralas/Apache/spark-2.1.0-bin-hadoop2.7/jars/jackson-annotations-2.6.5.jar
7f5dff0f1000-7f5dff113000 r--s 00335000 fd:00 114154898                  /home/kkaralas/Apache/spark-2.1.0-bin-hadoop2.7/jars/mesos-1.0.0-shaded-protobuf.jar
7f5dff113000-7f5dff115000 r--s 00020000 fd:00 114154897                  /home/kkaralas/Apache/spark-2.1.0-bin-hadoop2.7/jars/hive-beeline-1.2.1.spark2.jar
7f5dff115000-7f5dff119000 r--s 0002c000 fd:00 114154896                  /home/kkaralas/Apache/spark-2.1.0-bin-hadoop2.7/jars/avro-ipc-1.7.7.jar
7f5dff119000-7f5dff11d000 r--s 0002a000 fd:00 114154895                  /home/kkaralas/Apache/spark-2.1.0-bin-hadoop2.7/jars/commons-io-2.4.jar
7f5dff11d000-7f5dff123000 r--s 00028000 fd:00 114154894                  /home/kkaralas/Apache/spark-2.1.0-bin-hadoop2.7/jars/curator-framework-2.6.0.jar
7f5dff123000-7f5dff128000 r--s 00031000 fd:00 114154893                  /home/kkaralas/Apache/spark-2.1.0-bin-hadoop2.7/jars/parquet-hadoop-1.8.1.jar
7f5dff128000-7f5dff12a000 r--s 00005000 fd:00 114154892                  /home/kkaralas/Apache/spark-2.1.0-bin-hadoop2.7/jars/javax.annotation-api-1.2.jar
7f5dff12a000-7f5dff12c000 r--s 00005000 fd:00 114154891                  /home/kkaralas/Apache/spark-2.1.0-bin-hadoop2.7/jars/stax-api-1.0.1.jar
7f5dff12c000-7f5dff131000 r--s 00041000 fd:00 114154890                  /home/kkaralas/Apache/spark-2.1.0-bin-hadoop2.7/jars/commons-lang-2.6.jar
7f5dff131000-7f5dff14a000 r--s 00164000 fd:00 114154889                  /home/kkaralas/Apache/spark-2.1.0-bin-hadoop2.7/jars/hadoop-mapreduce-client-core-2.7.3.jar
7f5dff14a000-7f5dff152000 r--s 0007b000 fd:00 114154888                  /home/kkaralas/Apache/spark-2.1.0-bin-hadoop2.7/jars/protobuf-java-2.5.0.jar
7f5dff152000-7f5dff159000 r--s 00049000 fd:00 114154887                  /home/kkaralas/Apache/spark-2.1.0-bin-hadoop2.7/jars/httpcore-4.4.4.jar
7f5dff159000-7f5dff15e000 r--s 0002a000 fd:00 114154886                  /home/kkaralas/Apache/spark-2.1.0-bin-hadoop2.7/jars/gson-2.2.4.jar
7f5dff15e000-7f5dff16d000 r--s 0009f000 fd:00 114154885                  /home/kkaralas/Apache/spark-2.1.0-bin-hadoop2.7/jars/guice-3.0.jar
7f5dff16d000-7f5dff16f000 r--s 00003000 fd:00 114154884                  /home/kkaralas/Apache/spark-2.1.0-bin-hadoop2.7/jars/jcl-over-slf4j-1.7.16.jar
7f5dff16f000-7f5dff177000 r--s 00066000 fd:00 114154883                  /home/kkaralas/Apache/spark-2.1.0-bin-hadoop2.7/jars/apache-log4j-extras-1.2.17.jar
7f5dff177000-7f5dff179000 r--s 00012000 fd:00 114154881                  /home/kkaralas/Apache/spark-2.1.0-bin-hadoop2.7/jars/compress-lzf-1.0.3.jar
7f5dff179000-7f5dff184000 r--s 000b0000 fd:00 114154882                  /home/kkaralas/Apache/spark-2.1.0-bin-hadoop2.7/jars/jtransforms-2.4.0.jar
7f5dff184000-7f5dff18f000 r--s 00062000 fd:00 114154880                  /home/kkaralas/Apache/spark-2.1.0-bin-hadoop2.7/jars/calcite-linq4j-1.2.0-incubating.jar
7f5dff18f000-7f5dff199000 r--s 00095000 fd:00 114152223                  /home/kkaralas/Apache/spark-2.1.0-bin-hadoop2.7/jars/scala-xml_2.11-1.0.2.jar
7f5dff199000-7f5dff1a0000 r--s 00039000 fd:00 114152222                  /home/kkaralas/Apache/spark-2.1.0-bin-hadoop2.7/jars/calcite-avatica-1.2.0-incubating.jar
7f5dff1a0000-7f5dff1c7000 r--s 0020f000 fd:00 114152221                  /home/kkaralas/Apache/spark-2.1.0-bin-hadoop2.7/jars/netty-all-4.0.42.Final.jar
7f5dff1c7000-7f5dff1c9000 r--s 0000d000 fd:00 114152220                  /home/kkaralas/Apache/spark-2.1.0-bin-hadoop2.7/jars/hadoop-yarn-server-web-proxy-2.7.3.jar
7f5dff1c9000-7f5dff1d2000 r--s 0006f000 fd:00 114152219                  /home/kkaralas/Apache/spark-2.1.0-bin-hadoop2.7/jars/log4j-1.2.17.jar
7f5dff1d2000-7f5dff1d5000 r--s 00015000 fd:00 114152218                  /home/kkaralas/Apache/spark-2.1.0-bin-hadoop2.7/jars/pyrolite-4.13.jar
7f5dff1d5000-7f5dff1dc000 r--s 0007d000 fd:00 114152217                  /home/kkaralas/Apache/spark-2.1.0-bin-hadoop2.7/jars/jetty-6.1.26.jar
7f5dff1dc000-7f5dff1df000 r--s 00006000 fd:00 114152216                  /home/kkaralas/Apache/spark-2.1.0-bin-hadoop2.7/jars/jsr305-1.3.9.jar
7f5dff1df000-7f5dff1e3000 r--s 00020000 fd:00 114152215                  /home/kkaralas/Apache/spark-2.1.0-bin-hadoop2.7/jars/commons-digester-1.8.jar
7f5dff1e3000-7f5dff246000 r--s 004de000 fd:00 114152214                  /home/kkaralas/Apache/spark-2.1.0-bin-hadoop2.7/jars/hive-metastore-1.2.1.spark2.jar
7f5dff246000-7f5dff250000 r--s 00086000 fd:00 114152213                  /home/kkaralas/Apache/spark-2.1.0-bin-hadoop2.7/jars/json4s-core_2.11-3.2.11.jar
7f5dff250000-7f5dff252000 r--s 00014000 fd:00 114152212                  /home/kkaralas/Apache/spark-2.1.0-bin-hadoop2.7/jars/spire-macros_2.11-0.7.4.jar
7f5dff252000-7f5dff253000 r--s 00004000 fd:00 114152211                  /home/kkaralas/Apache/spark-2.1.0-bin-hadoop2.7/jars/opencsv-2.3.jar
7f5dff253000-7f5dff2d3000 r--s 005dd000 fd:00 114152210                  /home/kkaralas/Apache/spark-2.1.0-bin-hadoop2.7/jars/spark-sql_2.11-2.1.0.jar
7f5dff2d3000-7f5dff2d5000 r--s 0000f000 fd:00 114152209                  /home/kkaralas/Apache/spark-2.1.0-bin-hadoop2.7/jars/curator-client-2.6.0.jar
7f5dff2d5000-7f5dff2e6000 r--s 0010d000 fd:00 114152208                  /home/kkaralas/Apache/spark-2.1.0-bin-hadoop2.7/jars/jackson-databind-2.6.5.jar
7f5dff2e6000-7f5dff3bd000 r--s 00a7f000 fd:00 114152207                  /home/kkaralas/Apache/spark-2.1.0-bin-hadoop2.7/jars/spark-core_2.11-2.1.0.jar
7f5dff3bd000-7f5dff3be000 r--s 00004000 fd:00 114152206                  /home/kkaralas/Apache/spark-2.1.0-bin-hadoop2.7/jars/eigenbase-properties-1.1.5.jar
7f5dff3be000-7f5dff3c0000 r--s 00003000 fd:00 114152205                  /home/kkaralas/Apache/spark-2.1.0-bin-hadoop2.7/jars/spark-tags_2.11-2.1.0.jar
7f5dff3c0000-7f5dff3c1000 r--s 00004000 fd:00 114152204                  /home/kkaralas/Apache/spark-2.1.0-bin-hadoop2.7/jars/jackson-jaxrs-1.9.13.jar
7f5dff3c1000-7f5dff3c7000 r--s 00040000 fd:00 114152203                  /home/kkaralas/Apache/spark-2.1.0-bin-hadoop2.7/jars/parquet-encoding-1.8.1.jar
7f5dff3c7000-7f5dff3c8000 r--s 0000b000 fd:00 114152202                  /home/kkaralas/Apache/spark-2.1.0-bin-hadoop2.7/jars/snappy-0.2.jar
7f5dff3c8000-7f5dff3d5000 r--s 000a7000 fd:00 114152201                  /home/kkaralas/Apache/spark-2.1.0-bin-hadoop2.7/jars/httpclient-4.5.2.jar
7f5dff3d5000-7f5dff3ee000 r--s 00150000 fd:00 114152200                  /home/kkaralas/Apache/spark-2.1.0-bin-hadoop2.7/jars/htrace-core-3.1.0-incubating.jar
7f5dff3ee000-7f5dff404000 r--s 000d3000 fd:00 114152199                  /home/kkaralas/Apache/spark-2.1.0-bin-hadoop2.7/jars/jersey-server-2.22.2.jar
7f5dff404000-7f5dff40b000 r--s 00036000 fd:00 114152198                  /home/kkaralas/Apache/spark-2.1.0-bin-hadoop2.7/jars/curator-recipes-2.6.0.jar
7f5dff40b000-7f5dff410000 r--s 00033000 fd:00 114152197                  /home/kkaralas/Apache/spark-2.1.0-bin-hadoop2.7/jars/libthrift-0.9.2.jar
7f5dff410000-7f5dff421000 r--s 00089000 fd:00 114152196                  /home/kkaralas/Apache/spark-2.1.0-bin-hadoop2.7/jars/joda-time-2.9.3.jar
7f5dff421000-7f5dff423000 r--s 00010000 fd:00 114152195                  /home/kkaralas/Apache/spark-2.1.0-bin-hadoop2.7/jars/hadoop-mapreduce-client-shuffle-2.7.3.jar
7f5dff423000-7f5dff424000 r--s 00001000 fd:00 114152194                  /home/kkaralas/Apache/spark-2.1.0-bin-hadoop2.7/jars/pmml-schema-1.2.15.jar
7f5dff424000-7f5dff445000 r--s 0019b000 fd:00 114152193                  /home/kkaralas/Apache/spark-2.1.0-bin-hadoop2.7/jars/spark-hive-thriftserver_2.11-2.1.0.jar
7f5dff445000-7f5dff448000 r--s 00015000 fd:00 114152192                  /home/kkaralas/Apache/spark-2.1.0-bin-hadoop2.7/jars/commons-pool-1.5.4.jar
7f5dff448000-7f5dff449000 r--s 00002000 fd:00 114152191                  /home/kkaralas/Apache/spark-2.1.0-bin-hadoop2.7/jars/slf4j-log4j12-1.7.16.jar
7f5dff449000-7f5dff44c000 r--s 00025000 fd:00 114152190                  /home/kkaralas/Apache/spark-2.1.0-bin-hadoop2.7/jars/commons-dbcp-1.4.jar
7f5dff44c000-7f5dff450000 r--s 0000c000 fd:00 114152189                  /home/kkaralas/Apache/spark-2.1.0-bin-hadoop2.7/jars/validation-api-1.1.0.Final.jar
7f5dff450000-7f5dff451000 r--s 0000a000 fd:00 114152188                  /home/kkaralas/Apache/spark-2.1.0-bin-hadoop2.7/jars/apacheds-i18n-2.0.0-M15.jar
7f5dff451000-7f5dff453000 r--s 00003000 fd:00 114152187                  /home/kkaralas/Apache/spark-2.1.0-bin-hadoop2.7/jars/api-asn1-api-1.0.0-M20.jar
7f5dff453000-7f5dff461000 r--s 0009d000 fd:00 114152186                  /home/kkaralas/Apache/spark-2.1.0-bin-hadoop2.7/jars/jersey-common-2.22.2.jar
7f5dff461000-7f5dff477000 r--s 001a4000 fd:00 114152185                  /home/kkaralas/Apache/spark-2.1.0-bin-hadoop2.7/jars/datanucleus-rdbms-3.2.9.jar
7f5dff477000-7f5dff47f000 r--s 00059000 fd:00 114152184                  /home/kkaralas/Apache/spark-2.1.0-bin-hadoop2.7/jars/javolution-5.5.1.jar
7f5dff47f000-7f5dff480000 r--s 00001000 fd:00 114152183                  /home/kkaralas/Apache/spark-2.1.0-bin-hadoop2.7/jars/minlog-1.3.0.jar
7f5dff480000-7f5dff487000 r--s 00058000 fd:00 114152182                  /home/kkaralas/Apache/spark-2.1.0-bin-hadoop2.7/jars/hadoop-yarn-server-common-2.7.3.jar
7f5dff487000-7f5dff489000 r--s 00017000 fd:00 114152181                  /home/kkaralas/Apache/spark-2.1.0-bin-hadoop2.7/jars/hive-jdbc-1.2.1.spark2.jar
7f5dff489000-7f5dff48b000 r--s 00002000 fd:00 114152180                  /home/kkaralas/Apache/spark-2.1.0-bin-hadoop2.7/jars/aopalliance-repackaged-2.4.0-b34.jar
7f5dff48b000-7f5dff491000 r--s 00045000 fd:00 114152179                  /home/kkaralas/Apache/spark-2.1.0-bin-hadoop2.7/jars/commons-httpclient-3.1.jar
7f5dff491000-7f5dff494000 r--s 000fd000 fd:00 114152178                  /home/kkaralas/Apache/spark-2.1.0-bin-hadoop2.7/jars/leveldbjni-all-1.8.jar
7f5dff494000-7f5dff49b000 r--s 0003f000 fd:00 114152177                  /home/kkaralas/Apache/spark-2.1.0-bin-hadoop2.7/jars/commons-codec-1.10.jar
7f5dff49b000-7f5dff49e000 r--s 00012000 fd:00 114152176                  /home/kkaralas/Apache/spark-2.1.0-bin-hadoop2.7/jars/json4s-ast_2.11-3.2.11.jar
7f5dff49e000-7f5dff4ac000 r--s 0009d000 fd:00 114152175                  /home/kkaralas/Apache/spark-2.1.0-bin-hadoop2.7/jars/spark-graphx_2.11-2.1.0.jar
7f5dff4ac000-7f5dff4ad000 r--s 00009000 fd:00 114152174                  /home/kkaralas/Apache/spark-2.1.0-bin-hadoop2.7/jars/json4s-jackson_2.11-3.2.11.jar
7f5dff4ad000-7f5dff4ae000 r--s 00000000 fd:00 114152173                  /home/kkaralas/Apache/spark-2.1.0-bin-hadoop2.7/jars/javax.inject-1.jar
7f5dff4ae000-7f5dff4bb000 r--s 00083000 fd:00 114152172                  /home/kkaralas/Apache/spark-2.1.0-bin-hadoop2.7/jars/commons-collections-3.2.2.jar
7f5dff4bb000-7f5dff4bf000 r--s 00035000 fd:00 114152171                  /home/kkaralas/Apache/spark-2.1.0-bin-hadoop2.7/jars/jackson-core-asl-1.9.13.jar
7f5dff4bf000-7f5dff4d0000 r--s 0009e000 fd:00 114152170                  /home/kkaralas/Apache/spark-2.1.0-bin-hadoop2.7/jars/spark-yarn_2.11-2.1.0.jar
7f5dff4d0000-7f5dff4d3000 r--s 00021000 fd:00 114152169                  /home/kkaralas/Apache/spark-2.1.0-bin-hadoop2.7/jars/xbean-asm5-shaded-4.4.jar
7f5dff4d3000-7f5dff528000 r--s 0069c000 fd:00 114152168                  /home/kkaralas/Apache/spark-2.1.0-bin-hadoop2.7/jars/spire_2.11-0.7.4.jar
7f5dff528000-7f5dff540000 r--s 0010a000 fd:00 114152167                  /home/kkaralas/Apache/spark-2.1.0-bin-hadoop2.7/jars/spark-hive_2.11-2.1.0.jar
7f5dff540000-7f5dff541000 r--s 00003000 fd:00 114152166                  /home/kkaralas/Apache/spark-2.1.0-bin-hadoop2.7/jars/xmlenc-0.52.jar
7f5dff541000-7f5dff544000 r--s 00016000 fd:00 114152165                  /home/kkaralas/Apache/spark-2.1.0-bin-hadoop2.7/jars/jsp-api-2.1.jar
7f5dff544000-7f5dff578000 r--s 00277000 fd:00 114152164                  /home/kkaralas/Apache/spark-2.1.0-bin-hadoop2.7/jars/parquet-hadoop-bundle-1.6.0.jar
7f5dff578000-7f5dff57c000 r--s 00029000 fd:00 114152163                  /home/kkaralas/Apache/spark-2.1.0-bin-hadoop2.7/jars/hk2-locator-2.4.0-b34.jar
7f5dff57c000-7f5dff583000 r--s 00058000 fd:00 114152162                  /home/kkaralas/Apache/spark-2.1.0-bin-hadoop2.7/jars/parquet-format-2.3.0-incubating.jar
7f5dff583000-7f5dff585000 r--s 00006000 fd:00 114152161                  /home/kkaralas/Apache/spark-2.1.0-bin-hadoop2.7/jars/paranamer-2.3.jar
7f5dff585000-7f5dff587000 r--s 00004000 fd:00 114152160                  /home/kkaralas/Apache/spark-2.1.0-bin-hadoop2.7/jars/stax-api-1.0-2.jar
7f5dff587000-7f5dff59d000 r--s 000d1000 fd:00 108941785                  /home/kkaralas/Apache/spark-2.1.0-bin-hadoop2.7/jars/parquet-column-1.8.1.jar
7f5dff59d000-7f5dff5a1000 r--s 00018000 fd:00 108941776                  /home/kkaralas/Apache/spark-2.1.0-bin-hadoop2.7/jars/metrics-core-3.1.2.jar
7f5dff5a1000-7f5dff5a5000 r--s 00031000 fd:00 108879565                  /home/kkaralas/Apache/spark-2.1.0-bin-hadoop2.7/jars/jline-2.12.1.jar
7f5dff5a5000-7f5dff5aa000 r--s 0004e000 fd:00 114057343                  /home/kkaralas/Apache/spark-2.1.0-bin-hadoop2.7/jars/datanucleus-api-jdo-3.2.6.jar
7f5dff5aa000-7f5dff5ac000 r--s 00008000 fd:00 114057342                  /home/kkaralas/Apache/spark-2.1.0-bin-hadoop2.7/jars/parquet-common-1.8.1.jar
7f5dff5ac000-7f5dff5b5000 r--s 00062000 fd:00 114057341                  /home/kkaralas/Apache/spark-2.1.0-bin-hadoop2.7/jars/avro-1.7.7.jar
7f5dff5b5000-7f5dff5b9000 r--s 0001a000 fd:00 114057340                  /home/kkaralas/Apache/spark-2.1.0-bin-hadoop2.7/jars/hk2-utils-2.4.0-b34.jar
7f5dff5b9000-7f5dff5be000 r--s 0002a000 fd:00 114057339                  /home/kkaralas/Apache/spark-2.1.0-bin-hadoop2.7/jars/commons-beanutils-1.7.0.jar
7f5dff5be000-7f5dff5d9000 r--s 001d8000 fd:00 114057335                  /home/kkaralas/Apache/spark-2.1.0-bin-hadoop2.7/jars/jets3t-0.9.3.jar
7f5dff5d9000-7f5dff5f1000 r--s 000d6000 fd:00 114057334                  /home/kkaralas/Apache/spark-2.1.0-bin-hadoop2.7/jars/jersey-guava-2.22.2.jar
7f5dff5f1000-7f5dff627000 r--s 0031c000 fd:00 114057329                  /home/kkaralas/Apache/spark-2.1.0-bin-hadoop2.7/jars/hadoop-common-2.7.3.jar
7f5dff627000-7f5dff6f7000 r--s 00cf0000 fd:00 114057320                  /home/kkaralas/Apache/spark-2.1.0-bin-hadoop2.7/jars/breeze_2.11-0.12.jar
7f5dff6f7000-7f5dff6f8000 ---p 00000000 00:00 0 
7f5dff6f8000-7f5dff7f8000 rw-p 00000000 00:00 0                          [stack:2921]
7f5dff7f8000-7f5dff7fb000 ---p 00000000 00:00 0 
7f5dff7fb000-7f5dff8f9000 rw-p 00000000 00:00 0                          [stack:2920]
7f5dff8f9000-7f5dff8fc000 ---p 00000000 00:00 0 
7f5dff8fc000-7f5dff9fa000 rw-p 00000000 00:00 0                          [stack:2919]
7f5dff9fa000-7f5dff9fd000 ---p 00000000 00:00 0 
7f5dff9fd000-7f5dffafb000 rw-p 00000000 00:00 0                          [stack:2918]
7f5dffafb000-7f5dffafe000 ---p 00000000 00:00 0 
7f5dffafe000-7f5dffbfc000 rw-p 00000000 00:00 0                          [stack:2917]
7f5dffbfc000-7f5dffbff000 ---p 00000000 00:00 0 
7f5dffbff000-7f5dffcfd000 rw-p 00000000 00:00 0                          [stack:2916]
7f5dffcfd000-7f5dffd00000 ---p 00000000 00:00 0 
7f5dffd00000-7f5dffdfe000 rw-p 00000000 00:00 0                          [stack:2915]
7f5dffdfe000-7f5dffdff000 ---p 00000000 00:00 0 
7f5dffdff000-7f5e00000000 rw-p 00000000 00:00 0                          [stack:2914]
7f5e00000000-7f5e000bd000 rw-p 00000000 00:00 0 
7f5e000bd000-7f5e04000000 ---p 00000000 00:00 0 
7f5e04000000-7f5e04001000 r--s 00002000 fd:00 109015322                  /home/kkaralas/Apache/spark-2.1.0-bin-hadoop2.7/jars/java-xmlbuilder-1.0.jar
7f5e04001000-7f5e04004000 r--s 0000e000 fd:00 114057338                  /home/kkaralas/Apache/spark-2.1.0-bin-hadoop2.7/jars/jersey-container-servlet-core-2.22.2.jar
7f5e04004000-7f5e04009000 r--s 00036000 fd:00 114057337                  /home/kkaralas/Apache/spark-2.1.0-bin-hadoop2.7/jars/commons-compress-1.4.1.jar
7f5e04009000-7f5e0400d000 r--s 00028000 fd:00 114057336                  /home/kkaralas/Apache/spark-2.1.0-bin-hadoop2.7/jars/jetty-util-6.1.26.jar
7f5e0400d000-7f5e0400f000 r--s 00003000 fd:00 114057333                  /home/kkaralas/Apache/spark-2.1.0-bin-hadoop2.7/jars/jersey-container-servlet-2.22.2.jar
7f5e0400f000-7f5e04027000 r--s 001b6000 fd:00 114057332                  /home/kkaralas/Apache/spark-2.1.0-bin-hadoop2.7/jars/datanucleus-core-3.2.10.jar
7f5e04027000-7f5e04029000 r--s 0000f000 fd:00 114057330                  /home/kkaralas/Apache/spark-2.1.0-bin-hadoop2.7/jars/activation-1.1.1.jar
7f5e04029000-7f5e0402d000 r--s 00029000 fd:00 114057328                  /home/kkaralas/Apache/spark-2.1.0-bin-hadoop2.7/jars/breeze-macros_2.11-0.12.jar
7f5e0402d000-7f5e0403a000 r--s 000b1000 fd:00 114057325                  /home/kkaralas/Apache/spark-2.1.0-bin-hadoop2.7/jars/hadoop-mapreduce-client-common-2.7.3.jar
7f5e0403a000-7f5e04041000 r--s 00051000 fd:00 114057323                  /home/kkaralas/Apache/spark-2.1.0-bin-hadoop2.7/jars/kryo-shaded-3.0.3.jar
7f5e04041000-7f5e04062000 rw-p 00000000 00:00 0 
7f5e04062000-7f5e04076000 r--s 000ec000 fd:00 114057318                  /home/kkaralas/Apache/spark-2.1.0-bin-hadoop2.7/jars/parquet-jackson-1.8.1.jar
7f5e04076000-7f5e0408e000 r--s 00115000 fd:00 114057316                  /home/kkaralas/Apache/spark-2.1.0-bin-hadoop2.7/jars/xercesImpl-2.9.1.jar
7f5e0408e000-7f5e040f9000 r--s 00784000 fd:00 114057314                  /home/kkaralas/Apache/spark-2.1.0-bin-hadoop2.7/jars/hadoop-hdfs-2.7.3.jar
7f5e040f9000-7f5e1d000000 rw-p 00000000 00:00 0 
7f5e1d000000-7f5e1d9a0000 rwxp 00000000 00:00 0 
7f5e1d9a0000-7f5e2c000000 ---p 00000000 00:00 0 
7f5e2c000000-7f5e2dff8000 rw-p 00000000 00:00 0 
7f5e2dff8000-7f5e30000000 ---p 00000000 00:00 0 
7f5e30000000-7f5e30001000 r--s 00003000 fd:00 114057331                  /home/kkaralas/Apache/spark-2.1.0-bin-hadoop2.7/jars/jta-1.1.jar
7f5e30001000-7f5e30004000 r--s 0002f000 fd:00 114057326                  /home/kkaralas/Apache/spark-2.1.0-bin-hadoop2.7/jars/RoaringBitmap-0.5.11.jar
7f5e30004000-7f5e30168000 rw-p 00000000 00:00 0 
7f5e30168000-7f5e30341000 r--s 03d3e000 fd:00 6428483                    /opt/jdk1.8.0_121/jre/lib/rt.jar
7f5e30341000-7f5e304a7000 rw-p 00000000 00:00 0 
7f5e304a7000-7f5e304a8000 ---p 00000000 00:00 0 
7f5e304a8000-7f5e305a8000 rw-p 00000000 00:00 0                          [stack:2913]
7f5e305a8000-7f5e305a9000 ---p 00000000 00:00 0 
7f5e305a9000-7f5e31128000 rw-p 00000000 00:00 0                          [stack:2912]
7f5e31128000-7f5e316a9000 ---p 00000000 00:00 0 
7f5e316a9000-7f5e32128000 rw-p 00000000 00:00 0 
7f5e32128000-7f5e326a9000 ---p 00000000 00:00 0 
7f5e326a9000-7f5e32b5e000 rw-p 00000000 00:00 0 
7f5e32b5e000-7f5e32ea9000 ---p 00000000 00:00 0 
7f5e32ea9000-7f5e32ed1000 rw-p 00000000 00:00 0 
7f5e32ed1000-7f5e3326a000 ---p 00000000 00:00 0 
7f5e3326a000-7f5e33284000 r-xp 00000000 fd:00 105719164                  /opt/jdk1.8.0_121/jre/lib/amd64/libzip.so
7f5e33284000-7f5e33484000 ---p 0001a000 fd:00 105719164                  /opt/jdk1.8.0_121/jre/lib/amd64/libzip.so
7f5e33484000-7f5e33485000 rw-p 0001a000 fd:00 105719164                  /opt/jdk1.8.0_121/jre/lib/amd64/libzip.so
7f5e33485000-7f5e33490000 r-xp 00000000 fd:00 67169592                   /usr/lib64/libnss_files-2.17.so
7f5e33490000-7f5e3368f000 ---p 0000b000 fd:00 67169592                   /usr/lib64/libnss_files-2.17.so
7f5e3368f000-7f5e33690000 r--p 0000a000 fd:00 67169592                   /usr/lib64/libnss_files-2.17.so
7f5e33690000-7f5e33691000 rw-p 0000b000 fd:00 67169592                   /usr/lib64/libnss_files-2.17.so
7f5e33691000-7f5e33697000 rw-p 00000000 00:00 0 
7f5e33697000-7f5e336c2000 r-xp 00000000 fd:00 105719189                  /opt/jdk1.8.0_121/jre/lib/amd64/libjava.so
7f5e336c2000-7f5e338c1000 ---p 0002b000 fd:00 105719189                  /opt/jdk1.8.0_121/jre/lib/amd64/libjava.so
7f5e338c1000-7f5e338c3000 rw-p 0002a000 fd:00 105719189                  /opt/jdk1.8.0_121/jre/lib/amd64/libjava.so
7f5e338c3000-7f5e338d0000 r-xp 00000000 fd:00 105719142                  /opt/jdk1.8.0_121/jre/lib/amd64/libverify.so
7f5e338d0000-7f5e33acf000 ---p 0000d000 fd:00 105719142                  /opt/jdk1.8.0_121/jre/lib/amd64/libverify.so
7f5e33acf000-7f5e33ad1000 rw-p 0000c000 fd:00 105719142                  /opt/jdk1.8.0_121/jre/lib/amd64/libverify.so
7f5e33ad1000-7f5e33ad8000 r-xp 00000000 fd:00 67169604                   /usr/lib64/librt-2.17.so
7f5e33ad8000-7f5e33cd7000 ---p 00007000 fd:00 67169604                   /usr/lib64/librt-2.17.so
7f5e33cd7000-7f5e33cd8000 r--p 00006000 fd:00 67169604                   /usr/lib64/librt-2.17.so
7f5e33cd8000-7f5e33cd9000 rw-p 00007000 fd:00 67169604                   /usr/lib64/librt-2.17.so
7f5e33cd9000-7f5e33dda000 r-xp 00000000 fd:00 67169582                   /usr/lib64/libm-2.17.so
7f5e33dda000-7f5e33fd9000 ---p 00101000 fd:00 67169582                   /usr/lib64/libm-2.17.so
7f5e33fd9000-7f5e33fda000 r--p 00100000 fd:00 67169582                   /usr/lib64/libm-2.17.so
7f5e33fda000-7f5e33fdb000 rw-p 00101000 fd:00 67169582                   /usr/lib64/libm-2.17.so
7f5e33fdb000-7f5e34ca9000 r-xp 00000000 fd:00 36522073                   /opt/jdk1.8.0_121/jre/lib/amd64/server/libjvm.so
7f5e34ca9000-7f5e34ea9000 ---p 00cce000 fd:00 36522073                   /opt/jdk1.8.0_121/jre/lib/amd64/server/libjvm.so
7f5e34ea9000-7f5e34f82000 rw-p 00cce000 fd:00 36522073                   /opt/jdk1.8.0_121/jre/lib/amd64/server/libjvm.so
7f5e34f82000-7f5e34fcd000 rw-p 00000000 00:00 0 
7f5e34fcd000-7f5e35183000 r-xp 00000000 fd:00 67169574                   /usr/lib64/libc-2.17.so
7f5e35183000-7f5e35383000 ---p 001b6000 fd:00 67169574                   /usr/lib64/libc-2.17.so
7f5e35383000-7f5e35387000 r--p 001b6000 fd:00 67169574                   /usr/lib64/libc-2.17.so
7f5e35387000-7f5e35389000 rw-p 001ba000 fd:00 67169574                   /usr/lib64/libc-2.17.so
7f5e35389000-7f5e3538e000 rw-p 00000000 00:00 0 
7f5e3538e000-7f5e35391000 r-xp 00000000 fd:00 67169580                   /usr/lib64/libdl-2.17.so
7f5e35391000-7f5e35590000 ---p 00003000 fd:00 67169580                   /usr/lib64/libdl-2.17.so
7f5e35590000-7f5e35591000 r--p 00002000 fd:00 67169580                   /usr/lib64/libdl-2.17.so
7f5e35591000-7f5e35592000 rw-p 00003000 fd:00 67169580                   /usr/lib64/libdl-2.17.so
7f5e35592000-7f5e355a7000 r-xp 00000000 fd:00 105718940                  /opt/jdk1.8.0_121/lib/amd64/jli/libjli.so
7f5e355a7000-7f5e357a7000 ---p 00015000 fd:00 105718940                  /opt/jdk1.8.0_121/lib/amd64/jli/libjli.so
7f5e357a7000-7f5e357a8000 rw-p 00015000 fd:00 105718940                  /opt/jdk1.8.0_121/lib/amd64/jli/libjli.so
7f5e357a8000-7f5e357be000 r-xp 00000000 fd:00 67169600                   /usr/lib64/libpthread-2.17.so
7f5e357be000-7f5e359be000 ---p 00016000 fd:00 67169600                   /usr/lib64/libpthread-2.17.so
7f5e359be000-7f5e359bf000 r--p 00016000 fd:00 67169600                   /usr/lib64/libpthread-2.17.so
7f5e359bf000-7f5e359c0000 rw-p 00017000 fd:00 67169600                   /usr/lib64/libpthread-2.17.so
7f5e359c0000-7f5e359c4000 rw-p 00000000 00:00 0 
7f5e359c4000-7f5e359e5000 r-xp 00000000 fd:00 67169567                   /usr/lib64/ld-2.17.so
7f5e359e5000-7f5e359e7000 r--s 00015000 fd:00 114057327                  /home/kkaralas/Apache/spark-2.1.0-bin-hadoop2.7/jars/hadoop-auth-2.7.3.jar
7f5e359e7000-7f5e359e9000 r--s 00008000 fd:00 114057324                  /home/kkaralas/Apache/spark-2.1.0-bin-hadoop2.7/jars/metrics-jvm-3.1.2.jar
7f5e359e9000-7f5e359ec000 r--s 00028000 fd:00 114057322                  /home/kkaralas/Apache/spark-2.1.0-bin-hadoop2.7/jars/stream-2.7.0.jar
7f5e359ec000-7f5e359f0000 r--s 00028000 fd:00 114057321                  /home/kkaralas/Apache/spark-2.1.0-bin-hadoop2.7/jars/spark-mllib-local_2.11-2.1.0.jar
7f5e359f0000-7f5e359f2000 r--s 00009000 fd:00 114057319                  /home/kkaralas/Apache/spark-2.1.0-bin-hadoop2.7/jars/spark-unsafe_2.11-2.1.0.jar
7f5e359f2000-7f5e359f6000 r--s 00025000 fd:00 114057317                  /home/kkaralas/Apache/spark-2.1.0-bin-hadoop2.7/jars/antlr-runtime-3.4.jar
7f5e359f6000-7f5e359f8000 r--s 0000e000 fd:00 114057315                  /home/kkaralas/Apache/spark-2.1.0-bin-hadoop2.7/jars/oro-2.0.8.jar
7f5e359f8000-7f5e359f9000 r--s 00009000 fd:00 114057313                  /home/kkaralas/Apache/spark-2.1.0-bin-hadoop2.7/jars/hadoop-annotations-2.7.3.jar
7f5e359f9000-7f5e35acb000 rw-p 00000000 00:00 0 
7f5e35acb000-7f5e35ace000 ---p 00000000 00:00 0 
7f5e35ace000-7f5e35bd0000 rw-p 00000000 00:00 0                          [stack:2911]
7f5e35bd0000-7f5e35bd3000 r--s 00015000 fd:00 114057312                  /home/kkaralas/Apache/spark-2.1.0-bin-hadoop2.7/jars/javax.servlet-api-3.1.0.jar
7f5e35bd3000-7f5e35bd7000 r--s 00030000 fd:00 114057311                  /home/kkaralas/Apache/spark-2.1.0-bin-hadoop2.7/jars/commons-net-2.2.jar
7f5e35bd7000-7f5e35bda000 r--s 00019000 fd:00 114057310                  /home/kkaralas/Apache/spark-2.1.0-bin-hadoop2.7/jars/bonecp-0.8.0.RELEASE.jar
7f5e35bda000-7f5e35be2000 rw-s 00000000 fd:00 36200774                   /tmp/hsperfdata_kkaralas/2887
7f5e35be2000-7f5e35be3000 rw-p 00000000 00:00 0 
7f5e35be3000-7f5e35be4000 r--p 00000000 00:00 0 
7f5e35be4000-7f5e35be5000 rw-p 00000000 00:00 0 
7f5e35be5000-7f5e35be6000 r--p 00021000 fd:00 67169567                   /usr/lib64/ld-2.17.so
7f5e35be6000-7f5e35be7000 rw-p 00022000 fd:00 67169567                   /usr/lib64/ld-2.17.so
7f5e35be7000-7f5e35be8000 rw-p 00000000 00:00 0 
7fffdb2a7000-7fffdb2c9000 rw-p 00000000 00:00 0                          [stack]
7fffdb3c8000-7fffdb3ca000 r-xp 00000000 00:00 0                          [vdso]
ffffffffff600000-ffffffffff601000 r-xp 00000000 00:00 0                  [vsyscall]

VM Arguments:
jvm_args: -Xmx12G -XX:+UseCompressedOops -XX:MaxPermSize=2g -Xms1g 
java_command: org.apache.spark.deploy.SparkSubmit --master spark://master:8088 --conf spark.driver.memory=12G --conf spark.yarn.driver.memoryOverhead=1g --conf spark.driver.maxResultSize=5g --conf spark.network.timeout=480s --conf spark.yarn.executor.memoryOverhead=1g --conf spark.sql.shuffle.partitions=4096 --conf spark.driver.extraJavaOptions=-XX:+UseCompressedOops -XX:MaxPermSize=2g -d64 -Xms1g --class demo.SentinelRgbIngestMain --name  Ingest --driver-cores 2 --executor-memory 9g --executor-cores 2 ingest/target/scala-2.11/ingest-assembly-0.1.0.jar
java_class_path (initial): /home/kkaralas/Apache/spark-2.1.0-bin-hadoop2.7/conf/:/home/kkaralas/Apache/spark-2.1.0-bin-hadoop2.7/jars/bonecp-0.8.0.RELEASE.jar:/home/kkaralas/Apache/spark-2.1.0-bin-hadoop2.7/jars/commons-net-2.2.jar:/home/kkaralas/Apache/spark-2.1.0-bin-hadoop2.7/jars/javax.servlet-api-3.1.0.jar:/home/kkaralas/Apache/spark-2.1.0-bin-hadoop2.7/jars/hadoop-annotations-2.7.3.jar:/home/kkaralas/Apache/spark-2.1.0-bin-hadoop2.7/jars/hadoop-hdfs-2.7.3.jar:/home/kkaralas/Apache/spark-2.1.0-bin-hadoop2.7/jars/oro-2.0.8.jar:/home/kkaralas/Apache/spark-2.1.0-bin-hadoop2.7/jars/xercesImpl-2.9.1.jar:/home/kkaralas/Apache/spark-2.1.0-bin-hadoop2.7/jars/antlr-runtime-3.4.jar:/home/kkaralas/Apache/spark-2.1.0-bin-hadoop2.7/jars/parquet-jackson-1.8.1.jar:/home/kkaralas/Apache/spark-2.1.0-bin-hadoop2.7/jars/spark-unsafe_2.11-2.1.0.jar:/home/kkaralas/Apache/spark-2.1.0-bin-hadoop2.7/jars/breeze_2.11-0.12.jar:/home/kkaralas/Apache/spark-2.1.0-bin-hadoop2.7/jars/spark-mllib-local_2.11-2.1.0.jar:/home/kkaralas/Apache/spark-2.1.0-bin-hadoop2.7/jars/stream-2.7.0.jar:/home/kkaralas/Apache/spark-2.1.0-bin-hadoop2.7/jars/kryo-shaded-3.0.3.jar:/home/kkaralas/Apache/spark-2.1.0-bin-hadoop2.7/jars/metrics-jvm-3.1.2.jar:/home/kkaralas/Apache/spark-2.1.0-bin-hadoop2.7/jars/hadoop-mapreduce-client-common-2.7.3.jar:/home/kkaralas/Apache/spark-2.1.0-bin-hadoop2.7/jars/RoaringBitmap-0.5.11.jar:/home/kkaralas/Apache/spark-2.1.0-bin-hadoop2.7/jars/hadoop-auth-2.7.3.jar:/home/kkaralas/Apache/spark-2.1.0-bin-hadoop2.7/jars/breeze-macros_2.11-0.12.jar:/home/kkaralas/Apache/spark-2.1.0-bin-hadoop2.7/jars/hadoop-common-2.7.3.jar:/home/kkaralas/Apache/spark-2.1.0-bin-hadoop2.7/jars/activation-1.1.1.jar:/home/kkaralas/Apache/spark-2.1.0-bin-hadoop2.7/jars/jta-1.1.jar:/home/kkaralas/Apache/spark-2.1.0-bin-hadoop2.7/jars/datanucleus-core-3.2.10.jar:/home/kkaralas/Apache/spark-2.1.0-bin-hadoop2.7/jars/jersey-container-servlet-2.22.2.jar:/home/kkaralas/Apache/spark-2.1.0-bin-hadoop2.7/jars/jerse
Launcher Type: SUN_STANDARD

Environment Variables:
JAVA_HOME=/opt/jdk1.8.0_121/
PATH=/opt/jdk1.8.0_121//bin:/opt/jdk1.8.0_121//bin:/usr/lib64/qt-3.3/bin:/usr/local/bin:/usr/local/sbin:/usr/bin:/usr/sbin:/bin:/sbin:/opt/dbeaver:/opt/idea-IC-163.12024.16/bin:/home/kkaralas/Apache/spark-2.1.0-bin-hadoop2.7/bin:/home/kkaralas/.local/bin:/home/kkaralas/bin:/opt/dbeaver:/opt/idea-IC-163.12024.16/bin:/home/kkaralas/Apache/spark-2.1.0-bin-hadoop2.7/bin
USERNAME=kkaralas
SHELL=/bin/bash
DISPLAY=:0

Signal Handlers:
SIGSEGV: [libjvm.so+0xac78c0], sa_mask[0]=11111111011111111101111111111110, sa_flags=SA_RESTART|SA_SIGINFO
SIGBUS: [libjvm.so+0xac78c0], sa_mask[0]=11111111011111111101111111111110, sa_flags=SA_RESTART|SA_SIGINFO
SIGFPE: [libjvm.so+0x920ac0], sa_mask[0]=11111111011111111101111111111110, sa_flags=SA_RESTART|SA_SIGINFO
SIGPIPE: [libjvm.so+0x920ac0], sa_mask[0]=11111111011111111101111111111110, sa_flags=SA_RESTART|SA_SIGINFO
SIGXFSZ: [libjvm.so+0x920ac0], sa_mask[0]=11111111011111111101111111111110, sa_flags=SA_RESTART|SA_SIGINFO
SIGILL: [libjvm.so+0x920ac0], sa_mask[0]=11111111011111111101111111111110, sa_flags=SA_RESTART|SA_SIGINFO
SIGUSR1: SIG_DFL, sa_mask[0]=00000000000000000000000000000000, sa_flags=none
SIGUSR2: [libjvm.so+0x922300], sa_mask[0]=00000000000000000000000000000000, sa_flags=SA_RESTART|SA_SIGINFO
SIGHUP: [libjvm.so+0x923700], sa_mask[0]=11111111011111111101111111111110, sa_flags=SA_RESTART|SA_SIGINFO
SIGINT: [libjvm.so+0x923700], sa_mask[0]=11111111011111111101111111111110, sa_flags=SA_RESTART|SA_SIGINFO
SIGTERM: [libjvm.so+0x923700], sa_mask[0]=11111111011111111101111111111110, sa_flags=SA_RESTART|SA_SIGINFO
SIGQUIT: [libjvm.so+0x923700], sa_mask[0]=11111111011111111101111111111110, sa_flags=SA_RESTART|SA_SIGINFO


---------------  S Y S T E M  ---------------

OS:CentOS Linux release 7.2.1511 (Core) 

uname:Linux 3.10.0-327.el7.x86_64 #1 SMP Thu Nov 19 22:10:57 UTC 2015 x86_64
libc:glibc 2.17 NPTL 2.17 
rlimit: STACK 8192k, CORE 0k, NPROC 4096, NOFILE 4096, AS infinity
load average:3.44 1.44 0.83

/proc/meminfo:
MemTotal:       10591616 kB
MemFree:          124232 kB
MemAvailable:     104492 kB
Buffers:               0 kB
Cached:           159688 kB
SwapCached:       180428 kB
Active:          5994744 kB
Inactive:        1194980 kB
Active(anon):    5983144 kB
Inactive(anon):  1182028 kB
Active(file):      11600 kB
Inactive(file):    12952 kB
Unevictable:     2951584 kB
Mlocked:         2951584 kB
SwapTotal:       3354620 kB
SwapFree:         574244 kB
Dirty:                36 kB
Writeback:          2228 kB
AnonPages:       9862972 kB
Mapped:           141192 kB
Shmem:             11168 kB
Slab:             169376 kB
SReclaimable:     104904 kB
SUnreclaim:        64472 kB
KernelStack:       10432 kB
PageTables:        52904 kB
NFS_Unstable:          0 kB
Bounce:                0 kB
WritebackTmp:          0 kB
CommitLimit:     8650428 kB
Committed_AS:   17316716 kB
VmallocTotal:   34359738367 kB
VmallocUsed:       94084 kB
VmallocChunk:   34359636472 kB
HardwareCorrupted:     0 kB
AnonHugePages:   3733504 kB
HugePages_Total:       0
HugePages_Free:        0
HugePages_Rsvd:        0
HugePages_Surp:        0
Hugepagesize:       2048 kB
DirectMap4k:       94144 kB
DirectMap2M:    10915840 kB


CPU:total 2 (2 cores per cpu, 1 threads per core) family 6 model 60 stepping 3, cmov, cx8, fxsr, mmx, sse, sse2, sse3, ssse3, sse4.1, sse4.2, popcnt, avx, aes, clmul, lzcnt, tsc, tscinvbit

/proc/cpuinfo:
processor	: 0
vendor_id	: GenuineIntel
cpu family	: 6
model		: 60
model name	: Intel(R) Core(TM) i7-4790 CPU @ 3.60GHz
stepping	: 3
cpu MHz		: 3591.688
cache size	: 8192 KB
physical id	: 0
siblings	: 2
core id		: 0
cpu cores	: 2
apicid		: 0
initial apicid	: 0
fpu		: yes
fpu_exception	: yes
cpuid level	: 13
wp		: yes
flags		: fpu vme de pse tsc msr pae mce cx8 apic sep mtrr pge mca cmov pat pse36 clflush mmx fxsr sse sse2 ht syscall nx rdtscp lm constant_tsc rep_good nopl xtopology nonstop_tsc pni pclmulqdq ssse3 cx16 sse4_1 sse4_2 x2apic movbe popcnt aes xsave avx rdrand hypervisor lahf_lm abm
bogomips	: 7183.37
clflush size	: 64
cache_alignment	: 64
address sizes	: 39 bits physical, 48 bits virtual
power management:

processor	: 1
vendor_id	: GenuineIntel
cpu family	: 6
model		: 60
model name	: Intel(R) Core(TM) i7-4790 CPU @ 3.60GHz
stepping	: 3
cpu MHz		: 3591.688
cache size	: 8192 KB
physical id	: 0
siblings	: 2
core id		: 1
cpu cores	: 2
apicid		: 1
initial apicid	: 1
fpu		: yes
fpu_exception	: yes
cpuid level	: 13
wp		: yes
flags		: fpu vme de pse tsc msr pae mce cx8 apic sep mtrr pge mca cmov pat pse36 clflush mmx fxsr sse sse2 ht syscall nx rdtscp lm constant_tsc rep_good nopl xtopology nonstop_tsc pni pclmulqdq ssse3 cx16 sse4_1 sse4_2 x2apic movbe popcnt aes xsave avx rdrand hypervisor lahf_lm abm
bogomips	: 7183.37
clflush size	: 64
cache_alignment	: 64
address sizes	: 39 bits physical, 48 bits virtual
power management:



Memory: 4k page, physical 10591616k(124232k free), swap 3354620k(574244k free)

vm_info: Java HotSpot(TM) 64-Bit Server VM (25.121-b13) for linux-amd64 JRE (1.8.0_121-b13), built on Dec 12 2016 16:36:53 by "java_re" with gcc 4.3.0 20080428 (Red Hat 4.3.0-8)

time: Thu Apr 20 18:44:19 2017
elapsed time: 25 seconds (0d 0h 0m 25s)

