#
# There is insufficient memory for the Java Runtime Environment to continue.
# Native memory allocation (mmap) failed to map 1447034880 bytes for committing reserved memory.
# Possible reasons:
#   The system is out of physical RAM or swap space
#   In 32 bit mode, the process size limit was hit
# Possible solutions:
#   Reduce memory load on the system
#   Increase physical memory or swap space
#   Check if swap backing store is full
#   Use 64 bit Java on a 64 bit OS
#   Decrease Java heap size (-Xmx/-Xms)
#   Decrease number of Java threads
#   Decrease Java thread stack sizes (-Xss)
#   Set larger code cache with -XX:ReservedCodeCacheSize=
# This output file may be truncated or incomplete.
#
#  Out of Memory Error (os_linux.cpp:2627), pid=3011, tid=0x00007f8dc8b9a700
#
# JRE version: Java(TM) SE Runtime Environment (8.0_121-b13) (build 1.8.0_121-b13)
# Java VM: Java HotSpot(TM) 64-Bit Server VM (25.121-b13 mixed mode linux-amd64 compressed oops)
# Failed to write core dump. Core dumps have been disabled. To enable core dumping, try "ulimit -c unlimited" before starting Java again
#

---------------  T H R E A D  ---------------

Current thread (0x00007f8d90027000):  JavaThread "Executor task launch worker-0" daemon [_thread_in_vm, id=3076, stack(0x00007f8dc8a9a000,0x00007f8dc8b9b000)]

Stack: [0x00007f8dc8a9a000,0x00007f8dc8b9b000],  sp=0x00007f8dc8b98710,  free space=1017k
Native frames: (J=compiled Java code, j=interpreted, Vv=VM code, C=native code)
V  [libjvm.so+0xac703a]  VMError::report_and_die()+0x2ba
V  [libjvm.so+0x4fc7eb]  report_vm_out_of_memory(char const*, int, unsigned long, VMErrorType, char const*)+0x8b
V  [libjvm.so+0x923c43]  os::Linux::commit_memory_impl(char*, unsigned long, bool)+0x103
V  [libjvm.so+0x924199]  os::pd_commit_memory(char*, unsigned long, unsigned long, bool)+0x29
V  [libjvm.so+0x91e4aa]  os::commit_memory(char*, unsigned long, unsigned long, bool)+0x2a
V  [libjvm.so+0x992f03]  PSVirtualSpace::expand_by(unsigned long)+0x53
V  [libjvm.so+0x9837c0]  PSOldGen::expand(unsigned long)+0x170
V  [libjvm.so+0x983a7a]  PSOldGen::expand_and_allocate(unsigned long)+0x1a
V  [libjvm.so+0x983b9b]  PSOldGen::allocate(unsigned long)+0xcb
V  [libjvm.so+0x9478ce]  ParallelScavengeHeap::mem_allocate(unsigned long, bool*)+0xfe
V  [libjvm.so+0xa8c71e]  TypeArrayKlass::allocate_common(int, bool, Thread*)+0x26e
V  [libjvm.so+0x9ba875]  OptoRuntime::new_array_C(Klass*, int, JavaThread*)+0x45
v  ~RuntimeStub::_new_array_Java
J 2776 C2 scala.reflect.ManifestFactory$$anon$6.newArray(I)Ljava/lang/Object; (6 bytes) @ 0x00007f8ded7c8920 [0x00007f8ded7c8860+0xc0]
j  scala.Array$.ofDim(ILscala/reflect/ClassTag;)Ljava/lang/Object;+2
j  geotrellis.spark.io.hadoop.HdfsUtils$.readBytes(Lorg/apache/hadoop/fs/Path;Lorg/apache/hadoop/conf/Configuration;)[B+102
j  geotrellis.spark.io.hadoop.formats.BinaryFileRecordReader.initialize(Lorg/apache/hadoop/mapreduce/InputSplit;Lorg/apache/hadoop/mapreduce/TaskAttemptContext;)V+22
j  org.apache.spark.rdd.NewHadoopRDD$$anon$1.liftedTree1$1()Lorg/apache/hadoop/mapreduce/RecordReader;+43
j  org.apache.spark.rdd.NewHadoopRDD$$anon$1.<init>(Lorg/apache/spark/rdd/NewHadoopRDD;Lorg/apache/spark/Partition;Lorg/apache/spark/TaskContext;)V+327
j  org.apache.spark.rdd.NewHadoopRDD.compute(Lorg/apache/spark/Partition;Lorg/apache/spark/TaskContext;)Lorg/apache/spark/InterruptibleIterator;+7
j  org.apache.spark.rdd.NewHadoopRDD.compute(Lorg/apache/spark/Partition;Lorg/apache/spark/TaskContext;)Lscala/collection/Iterator;+3
j  org.apache.spark.rdd.RDD.computeOrReadCheckpoint(Lorg/apache/spark/Partition;Lorg/apache/spark/TaskContext;)Lscala/collection/Iterator;+26
j  org.apache.spark.rdd.RDD.iterator(Lorg/apache/spark/Partition;Lorg/apache/spark/TaskContext;)Lscala/collection/Iterator;+33
j  org.apache.spark.rdd.MapPartitionsRDD.compute(Lorg/apache/spark/Partition;Lorg/apache/spark/TaskContext;)Lscala/collection/Iterator;+24
j  org.apache.spark.rdd.RDD.computeOrReadCheckpoint(Lorg/apache/spark/Partition;Lorg/apache/spark/TaskContext;)Lscala/collection/Iterator;+26
j  org.apache.spark.rdd.RDD.iterator(Lorg/apache/spark/Partition;Lorg/apache/spark/TaskContext;)Lscala/collection/Iterator;+33
j  org.apache.spark.rdd.MapPartitionsRDD.compute(Lorg/apache/spark/Partition;Lorg/apache/spark/TaskContext;)Lscala/collection/Iterator;+24
j  org.apache.spark.rdd.RDD.computeOrReadCheckpoint(Lorg/apache/spark/Partition;Lorg/apache/spark/TaskContext;)Lscala/collection/Iterator;+26
j  org.apache.spark.rdd.RDD.iterator(Lorg/apache/spark/Partition;Lorg/apache/spark/TaskContext;)Lscala/collection/Iterator;+33
j  org.apache.spark.scheduler.ShuffleMapTask.runTask(Lorg/apache/spark/TaskContext;)Lorg/apache/spark/scheduler/MapStatus;+219
j  org.apache.spark.scheduler.ShuffleMapTask.runTask(Lorg/apache/spark/TaskContext;)Ljava/lang/Object;+2
j  org.apache.spark.scheduler.Task.run(JILorg/apache/spark/metrics/MetricsSystem;)Ljava/lang/Object;+152
j  org.apache.spark.executor.Executor$TaskRunner.run()V+423
j  java.util.concurrent.ThreadPoolExecutor.runWorker(Ljava/util/concurrent/ThreadPoolExecutor$Worker;)V+95
j  java.util.concurrent.ThreadPoolExecutor$Worker.run()V+5
j  java.lang.Thread.run()V+11
v  ~StubRoutines::call_stub
V  [libjvm.so+0x690dd6]  JavaCalls::call_helper(JavaValue*, methodHandle*, JavaCallArguments*, Thread*)+0x1056
V  [libjvm.so+0x6912e1]  JavaCalls::call_virtual(JavaValue*, KlassHandle, Symbol*, Symbol*, JavaCallArguments*, Thread*)+0x321
V  [libjvm.so+0x691787]  JavaCalls::call_virtual(JavaValue*, Handle, KlassHandle, Symbol*, Symbol*, Thread*)+0x47
V  [libjvm.so+0x72cb00]  thread_entry(JavaThread*, Thread*)+0xa0
V  [libjvm.so+0xa75543]  JavaThread::thread_main_inner()+0x103
V  [libjvm.so+0xa7568c]  JavaThread::run()+0x11c
V  [libjvm.so+0x926268]  java_start(Thread*)+0x108
C  [libpthread.so.0+0x7dc5]  start_thread+0xc5

Java frames: (J=compiled Java code, j=interpreted, Vv=VM code)
v  ~RuntimeStub::_new_array_Java
J 2776 C2 scala.reflect.ManifestFactory$$anon$6.newArray(I)Ljava/lang/Object; (6 bytes) @ 0x00007f8ded7c8920 [0x00007f8ded7c8860+0xc0]
j  scala.Array$.ofDim(ILscala/reflect/ClassTag;)Ljava/lang/Object;+2
j  geotrellis.spark.io.hadoop.HdfsUtils$.readBytes(Lorg/apache/hadoop/fs/Path;Lorg/apache/hadoop/conf/Configuration;)[B+102
j  geotrellis.spark.io.hadoop.formats.BinaryFileRecordReader.initialize(Lorg/apache/hadoop/mapreduce/InputSplit;Lorg/apache/hadoop/mapreduce/TaskAttemptContext;)V+22
j  org.apache.spark.rdd.NewHadoopRDD$$anon$1.liftedTree1$1()Lorg/apache/hadoop/mapreduce/RecordReader;+43
j  org.apache.spark.rdd.NewHadoopRDD$$anon$1.<init>(Lorg/apache/spark/rdd/NewHadoopRDD;Lorg/apache/spark/Partition;Lorg/apache/spark/TaskContext;)V+327
j  org.apache.spark.rdd.NewHadoopRDD.compute(Lorg/apache/spark/Partition;Lorg/apache/spark/TaskContext;)Lorg/apache/spark/InterruptibleIterator;+7
j  org.apache.spark.rdd.NewHadoopRDD.compute(Lorg/apache/spark/Partition;Lorg/apache/spark/TaskContext;)Lscala/collection/Iterator;+3
j  org.apache.spark.rdd.RDD.computeOrReadCheckpoint(Lorg/apache/spark/Partition;Lorg/apache/spark/TaskContext;)Lscala/collection/Iterator;+26
j  org.apache.spark.rdd.RDD.iterator(Lorg/apache/spark/Partition;Lorg/apache/spark/TaskContext;)Lscala/collection/Iterator;+33
j  org.apache.spark.rdd.MapPartitionsRDD.compute(Lorg/apache/spark/Partition;Lorg/apache/spark/TaskContext;)Lscala/collection/Iterator;+24
j  org.apache.spark.rdd.RDD.computeOrReadCheckpoint(Lorg/apache/spark/Partition;Lorg/apache/spark/TaskContext;)Lscala/collection/Iterator;+26
j  org.apache.spark.rdd.RDD.iterator(Lorg/apache/spark/Partition;Lorg/apache/spark/TaskContext;)Lscala/collection/Iterator;+33
j  org.apache.spark.rdd.MapPartitionsRDD.compute(Lorg/apache/spark/Partition;Lorg/apache/spark/TaskContext;)Lscala/collection/Iterator;+24
j  org.apache.spark.rdd.RDD.computeOrReadCheckpoint(Lorg/apache/spark/Partition;Lorg/apache/spark/TaskContext;)Lscala/collection/Iterator;+26
j  org.apache.spark.rdd.RDD.iterator(Lorg/apache/spark/Partition;Lorg/apache/spark/TaskContext;)Lscala/collection/Iterator;+33
j  org.apache.spark.scheduler.ShuffleMapTask.runTask(Lorg/apache/spark/TaskContext;)Lorg/apache/spark/scheduler/MapStatus;+219
j  org.apache.spark.scheduler.ShuffleMapTask.runTask(Lorg/apache/spark/TaskContext;)Ljava/lang/Object;+2
j  org.apache.spark.scheduler.Task.run(JILorg/apache/spark/metrics/MetricsSystem;)Ljava/lang/Object;+152
j  org.apache.spark.executor.Executor$TaskRunner.run()V+423
j  java.util.concurrent.ThreadPoolExecutor.runWorker(Ljava/util/concurrent/ThreadPoolExecutor$Worker;)V+95
j  java.util.concurrent.ThreadPoolExecutor$Worker.run()V+5
j  java.lang.Thread.run()V+11
v  ~StubRoutines::call_stub

---------------  P R O C E S S  ---------------

Java Threads: ( => current thread )
  0x00007f8d90029800 JavaThread "task-result-getter-0" daemon [_thread_blocked, id=3096, stack(0x00007f8dc8496000,0x00007f8dc8597000)]
  0x00007f8dc001a800 JavaThread "threadDeathWatcher-7-1" daemon [_thread_blocked, id=3079, stack(0x00007f8dc8597000,0x00007f8dc8698000)]
  0x00007f8d88014000 JavaThread "shuffle-server-3-2" daemon [_thread_in_native, id=3078, stack(0x00007f8dc8698000,0x00007f8dc8799000)]
  0x00007f8db001a000 JavaThread "shuffle-client-6-1" daemon [_thread_in_native, id=3077, stack(0x00007f8dc8999000,0x00007f8dc8a9a000)]
=>0x00007f8d90027000 JavaThread "Executor task launch worker-0" daemon [_thread_in_vm, id=3076, stack(0x00007f8dc8a9a000,0x00007f8dc8b9b000)]
  0x00007f8dfd68c800 JavaThread "org.apache.hadoop.fs.FileSystem$Statistics$StatisticsDataReferenceCleaner" daemon [_thread_blocked, id=3075, stack(0x00007f8dc95e6000,0x00007f8dc96e7000)]
  0x00007f8dfd5e6800 JavaThread "SparkListenerBus" daemon [_thread_blocked, id=3074, stack(0x00007f8dc98e7000,0x00007f8dc99e8000)]
  0x00007f8dfd5e2800 JavaThread "context-cleaner-periodic-gc" daemon [_thread_blocked, id=3073, stack(0x00007f8dc99e8000,0x00007f8dc9ae9000)]
  0x00007f8dfd5e1000 JavaThread "Spark Context Cleaner" daemon [_thread_blocked, id=3072, stack(0x00007f8dc9ae9000,0x00007f8dc9bea000)]
  0x00007f8dfd504800 JavaThread "shuffle-server-5-1" daemon [_thread_in_native, id=3071, stack(0x00007f8dc9dea000,0x00007f8dc9eeb000)]
  0x00007f8dfd4c7800 JavaThread "driver-heartbeater" daemon [_thread_blocked, id=3070, stack(0x00007f8dc9eeb000,0x00007f8dc9fec000)]
  0x00007f8dfd4b1800 JavaThread "dag-scheduler-event-loop" daemon [_thread_blocked, id=3069, stack(0x00007f8dc9fec000,0x00007f8dca0ed000)]
  0x00007f8d88007800 JavaThread "netty-rpc-env-timeout" daemon [_thread_blocked, id=3068, stack(0x00007f8dca0ed000,0x00007f8dca1ee000)]
  0x00007f8d94004000 JavaThread "heartbeat-receiver-event-loop-thread" daemon [_thread_blocked, id=3067, stack(0x00007f8dca1ee000,0x00007f8dca2ef000)]
  0x00007f8dfd48b000 JavaThread "Timer-0" daemon [_thread_blocked, id=3066, stack(0x00007f8dca2ef000,0x00007f8dca3f0000)]
  0x00007f8dfd46b000 JavaThread "SparkUI-35" daemon [_thread_blocked, id=3065, stack(0x00007f8dca3f0000,0x00007f8dca4f1000)]
  0x00007f8dfd469000 JavaThread "SparkUI-34" daemon [_thread_blocked, id=3064, stack(0x00007f8dca4f1000,0x00007f8dca5f2000)]
  0x00007f8dfd467800 JavaThread "SparkUI-33" daemon [_thread_blocked, id=3063, stack(0x00007f8dca5f2000,0x00007f8dca6f3000)]
  0x00007f8dfd465800 JavaThread "SparkUI-32" daemon [_thread_blocked, id=3062, stack(0x00007f8dca6f3000,0x00007f8dca7f4000)]
  0x00007f8dfd464000 JavaThread "SparkUI-31" daemon [_thread_blocked, id=3061, stack(0x00007f8dca7f4000,0x00007f8dca8f5000)]
  0x00007f8dfd462000 JavaThread "SparkUI-30" daemon [_thread_blocked, id=3060, stack(0x00007f8dca8f5000,0x00007f8dca9f6000)]
  0x00007f8dfd45b800 JavaThread "SparkUI-29-acceptor-0@33d181c-ServerConnector@dfaf60b{HTTP/1.1}{0.0.0.0:4040}" daemon [_thread_in_native, id=3059, stack(0x00007f8dca9f6000,0x00007f8dcaaf7000)]
  0x00007f8dfd45d800 JavaThread "SparkUI-28-selector-ServerConnectorManager@7a35e647/0" daemon [_thread_in_native, id=3058, stack(0x00007f8dcacf7000,0x00007f8dcadf8000)]
  0x00007f8dfd2f5000 JavaThread "map-output-dispatcher-7" daemon [_thread_blocked, id=3056, stack(0x00007f8dcaff8000,0x00007f8dcb0f9000)]
  0x00007f8dfd2f3000 JavaThread "map-output-dispatcher-6" daemon [_thread_blocked, id=3055, stack(0x00007f8dcb0f9000,0x00007f8dcb1fa000)]
  0x00007f8dfd2f1000 JavaThread "map-output-dispatcher-5" daemon [_thread_blocked, id=3054, stack(0x00007f8dcb1fa000,0x00007f8dcb2fb000)]
  0x00007f8dfd2ee800 JavaThread "map-output-dispatcher-4" daemon [_thread_blocked, id=3053, stack(0x00007f8dcb2fb000,0x00007f8dcb3fc000)]
  0x00007f8dfd2ec800 JavaThread "map-output-dispatcher-3" daemon [_thread_blocked, id=3052, stack(0x00007f8dcb3fc000,0x00007f8dcb4fd000)]
  0x00007f8dfd2ea800 JavaThread "map-output-dispatcher-2" daemon [_thread_blocked, id=3051, stack(0x00007f8dcb4fd000,0x00007f8dcb5fe000)]
  0x00007f8dfd2e8800 JavaThread "map-output-dispatcher-1" daemon [_thread_blocked, id=3050, stack(0x00007f8dcb5fe000,0x00007f8dcb6ff000)]
  0x00007f8dfd2e7800 JavaThread "map-output-dispatcher-0" daemon [_thread_blocked, id=3049, stack(0x00007f8dcb6ff000,0x00007f8dcb800000)]
  0x00007f8dfd2cc800 JavaThread "shuffle-server-3-1" daemon [_thread_in_native, id=3048, stack(0x00007f8dcd054000,0x00007f8dcd155000)]
  0x00007f8dfd1a2800 JavaThread "dispatcher-event-loop-1" daemon [_thread_blocked, id=3047, stack(0x00007f8dcd579000,0x00007f8dcd67a000)]
  0x00007f8dfd1ab800 JavaThread "dispatcher-event-loop-0" daemon [_thread_blocked, id=3046, stack(0x00007f8dcdc92000,0x00007f8dcdd93000)]
  0x00007f8dfcff7800 JavaThread "process reaper" daemon [_thread_blocked, id=3044, stack(0x00007f8dcdd93000,0x00007f8dcddcc000)]
  0x00007f8dfc0c1800 JavaThread "Service Thread" daemon [_thread_blocked, id=3041, stack(0x00007f8dcfafb000,0x00007f8dcfbfc000)]
  0x00007f8dfc0bf000 JavaThread "C1 CompilerThread1" daemon [_thread_blocked, id=3040, stack(0x00007f8dcfbfc000,0x00007f8dcfcfd000)]
  0x00007f8dfc0bc000 JavaThread "C2 CompilerThread0" daemon [_thread_blocked, id=3039, stack(0x00007f8dcfcfd000,0x00007f8dcfdfe000)]
  0x00007f8dfc0ba000 JavaThread "Signal Dispatcher" daemon [_thread_blocked, id=3038, stack(0x00007f8dcfdfe000,0x00007f8dcfeff000)]
  0x00007f8dfc087000 JavaThread "Finalizer" daemon [_thread_blocked, id=3037, stack(0x00007f8dcfeff000,0x00007f8dd0000000)]
  0x00007f8dfc082000 JavaThread "Reference Handler" daemon [_thread_blocked, id=3036, stack(0x00007f8dd40f9000,0x00007f8dd41fa000)]
  0x00007f8dfc010800 JavaThread "main" [_thread_blocked, id=3032, stack(0x00007f8e05ddc000,0x00007f8e05edd000)]

Other Threads:
  0x00007f8dfc07a800 VMThread [stack: 0x00007f8dd41fa000,0x00007f8dd42fb000] [id=3035]
  0x00007f8dfc0c5000 WatcherThread [stack: 0x00007f8dcf9fa000,0x00007f8dcfafb000] [id=3042]

VM state:not at safepoint (normal execution)

VM Mutex/Monitor currently owned by a thread:  ([mutex/lock_event])
[0x00007f8dfc00d8a0] ExpandHeap_lock - owner thread: 0x00007f8d90027000
[0x00007f8dfc00e420] Heap_lock - owner thread: 0x00007f8d90027000

Heap:
 PSYoungGen      total 1331200K, used 716159K [0x00000006c0000000, 0x000000075db00000, 0x00000007c0000000)
  eden space 726016K, 53% used [0x00000006c0000000,0x00000006d7d6bd30,0x00000006ec500000)
  from space 605184K, 53% used [0x00000006ec500000,0x00000007002f4180,0x0000000711400000)
  to   space 608256K, 0% used [0x0000000738900000,0x0000000738900000,0x000000075db00000)
 ParOldGen       total 5369856K, used 5056074K [0x00000004c0000000, 0x0000000607c00000, 0x00000006c0000000)
  object space 5369856K, 94% used [0x00000004c0000000,0x00000005f4992bd0,0x0000000607c00000)
 Metaspace       used 48025K, capacity 48574K, committed 48768K, reserved 1091584K
  class space    used 6880K, capacity 7040K, committed 7040K, reserved 1048576K

Card table byte_map: [0x00007f8e019ba000,0x00007f8e031bb000] byte_map_base: 0x00007f8dff3ba000

Marking Bits: (ParMarkBitMap*) 0x00007f8e052b0c80
 Begin Bits: [0x00007f8dd5000000, 0x00007f8de1000000)
 End Bits:   [0x00007f8de1000000, 0x00007f8ded000000)

Polling page: 0x00007f8e05ef4000

CodeCache: size=245760Kb used=9366Kb max_used=9366Kb free=236393Kb
 bounds [0x00007f8ded000000, 0x00007f8ded930000, 0x00007f8dfc000000]
 total_blobs=3754 nmethods=3149 adapters=518
 compilation: enabled

Compilation events (10 events):
Event: 31.595 Thread 0x00007f8dfc0bf000 3200       3       java.io.ObjectInputStream::checkResolve (86 bytes)
Event: 31.595 Thread 0x00007f8dfc0bf000 nmethod 3200 0x00007f8ded929050 code [0x00007f8ded9291e0, 0x00007f8ded9296f0]
Event: 31.595 Thread 0x00007f8dfc0bf000 3203       1       org.apache.spark.NarrowDependency::rdd (5 bytes)
Event: 31.595 Thread 0x00007f8dfc0bf000 nmethod 3203 0x00007f8ded929950 code [0x00007f8ded929aa0, 0x00007f8ded929bb0]
Event: 31.595 Thread 0x00007f8dfc0bf000 3204       3       java.lang.reflect.Method::invoke (62 bytes)
Event: 31.596 Thread 0x00007f8dfc0bf000 nmethod 3204 0x00007f8ded929fd0 code [0x00007f8ded92a1a0, 0x00007f8ded92a728]
Event: 31.596 Thread 0x00007f8dfc0bf000 3205       3       sun.reflect.NativeMethodAccessorImpl::invoke (104 bytes)
Event: 31.597 Thread 0x00007f8dfc0bf000 nmethod 3205 0x00007f8ded92a910 code [0x00007f8ded92ab80, 0x00007f8ded92c038]
Event: 31.720 Thread 0x00007f8dfc0bf000 3207       3       java.net.URI$Parser::scan (73 bytes)
Event: 31.729 Thread 0x00007f8dfc0bf000 nmethod 3207 0x00007f8ded92c8d0 code [0x00007f8ded92caa0, 0x00007f8ded92d1e8]

GC Heap History (10 events):
Event: 9.364 GC heap before
{Heap before GC invocations=7 (full 3):
 PSYoungGen      total 524800K, used 27628K [0x00000006c0000000, 0x00000006f8d80000, 0x00000007c0000000)
  eden space 497152K, 0% used [0x00000006c0000000,0x00000006c0000000,0x00000006de580000)
  from space 27648K, 99% used [0x00000006e1000000,0x00000006e2afb3f0,0x00000006e2b00000)
  to   space 43520K, 0% used [0x00000006de580000,0x00000006de580000,0x00000006e1000000)
 ParOldGen       total 2157568K, used 2074809K [0x00000004c0000000, 0x0000000543b00000, 0x00000006c0000000)
  object space 2157568K, 96% used [0x00000004c0000000,0x000000053ea2e5b0,0x0000000543b00000)
 Metaspace       used 43697K, capacity 44114K, committed 44288K, reserved 1087488K
  class space    used 6182K, capacity 6296K, committed 6400K, reserved 1048576K
Event: 9.782 GC heap after
Heap after GC invocations=7 (full 3):
 PSYoungGen      total 524800K, used 0K [0x00000006c0000000, 0x00000006f8d80000, 0x00000007c0000000)
  eden space 497152K, 0% used [0x00000006c0000000,0x00000006c0000000,0x00000006de580000)
  from space 27648K, 0% used [0x00000006e1000000,0x00000006e1000000,0x00000006e2b00000)
  to   space 43520K, 0% used [0x00000006de580000,0x00000006de580000,0x00000006e1000000)
 ParOldGen       total 3643392K, used 2078398K [0x00000004c0000000, 0x000000059e600000, 0x00000006c0000000)
  object space 3643392K, 57% used [0x00000004c0000000,0x000000053edafa28,0x000000059e600000)
 Metaspace       used 43697K, capacity 44114K, committed 44288K, reserved 1087488K
  class space    used 6182K, capacity 6296K, committed 6400K, reserved 1048576K
}
Event: 10.403 GC heap before
{Heap before GC invocations=8 (full 3):
 PSYoungGen      total 524800K, used 497152K [0x00000006c0000000, 0x00000006f8d80000, 0x00000007c0000000)
  eden space 497152K, 100% used [0x00000006c0000000,0x00000006de580000,0x00000006de580000)
  from space 27648K, 0% used [0x00000006e1000000,0x00000006e1000000,0x00000006e2b00000)
  to   space 43520K, 0% used [0x00000006de580000,0x00000006de580000,0x00000006e1000000)
 ParOldGen       total 3643392K, used 2078398K [0x00000004c0000000, 0x000000059e600000, 0x00000006c0000000)
  object space 3643392K, 57% used [0x00000004c0000000,0x000000053edafa28,0x000000059e600000)
 Metaspace       used 43697K, capacity 44114K, committed 44288K, reserved 1087488K
  class space    used 6182K, capacity 6296K, committed 6400K, reserved 1048576K
Event: 10.598 GC heap after
Heap after GC invocations=8 (full 3):
 PSYoungGen      total 540672K, used 43496K [0x00000006c0000000, 0x000000072d300000, 0x00000007c0000000)
  eden space 497152K, 0% used [0x00000006c0000000,0x00000006c0000000,0x00000006de580000)
  from space 43520K, 99% used [0x00000006de580000,0x00000006e0ffa180,0x00000006e1000000)
  to   space 457728K, 0% used [0x0000000711400000,0x0000000711400000,0x000000072d300000)
 ParOldGen       total 3643392K, used 2530485K [0x00000004c0000000, 0x000000059e600000, 0x00000006c0000000)
  object space 3643392K, 69% used [0x00000004c0000000,0x000000055a72d6e8,0x000000059e600000)
 Metaspace       used 43697K, capacity 44114K, committed 44288K, reserved 1087488K
  class space    used 6182K, capacity 6296K, committed 6400K, reserved 1048576K
}
Event: 11.556 GC heap before
{Heap before GC invocations=9 (full 3):
 PSYoungGen      total 540672K, used 540648K [0x00000006c0000000, 0x000000072d300000, 0x00000007c0000000)
  eden space 497152K, 100% used [0x00000006c0000000,0x00000006de580000,0x00000006de580000)
  from space 43520K, 99% used [0x00000006de580000,0x00000006e0ffa180,0x00000006e1000000)
  to   space 457728K, 0% used [0x0000000711400000,0x0000000711400000,0x000000072d300000)
 ParOldGen       total 3643392K, used 2530485K [0x00000004c0000000, 0x000000059e600000, 0x00000006c0000000)
  object space 3643392K, 69% used [0x00000004c0000000,0x000000055a72d6e8,0x000000059e600000)
 Metaspace       used 45181K, capacity 45618K, committed 45824K, reserved 1089536K
  class space    used 6431K, capacity 6584K, committed 6656K, reserved 1048576K
Event: 19.907 GC heap after
Heap after GC invocations=9 (full 3):
 PSYoungGen      total 1183744K, used 457720K [0x00000006c0000000, 0x0000000743580000, 0x00000007c0000000)
  eden space 726016K, 0% used [0x00000006c0000000,0x00000006c0000000,0x00000006ec500000)
  from space 457728K, 99% used [0x0000000711400000,0x000000072d2fe210,0x000000072d300000)
  to   space 605184K, 0% used [0x00000006ec500000,0x00000006ec500000,0x0000000711400000)
 ParOldGen       total 3643392K, used 2573262K [0x00000004c0000000, 0x000000059e600000, 0x00000006c0000000)
  object space 3643392K, 70% used [0x00000004c0000000,0x000000055d0f39e8,0x000000059e600000)
 Metaspace       used 45181K, capacity 45618K, committed 45824K, reserved 1089536K
  class space    used 6431K, capacity 6584K, committed 6656K, reserved 1048576K
}
Event: 22.126 GC heap before
{Heap before GC invocations=10 (full 4):
 PSYoungGen      total 1183744K, used 1183736K [0x00000006c0000000, 0x0000000743580000, 0x00000007c0000000)
  eden space 726016K, 100% used [0x00000006c0000000,0x00000006ec500000,0x00000006ec500000)
  from space 457728K, 99% used [0x0000000711400000,0x000000072d2fe210,0x000000072d300000)
  to   space 605184K, 0% used [0x00000006ec500000,0x00000006ec500000,0x0000000711400000)
 ParOldGen       total 3643392K, used 3515140K [0x00000004c0000000, 0x000000059e600000, 0x00000006c0000000)
  object space 3643392K, 96% used [0x00000004c0000000,0x00000005968c1288,0x000000059e600000)
 Metaspace       used 45565K, capacity 46002K, committed 46080K, reserved 1089536K
  class space    used 6502K, capacity 6648K, committed 6656K, reserved 1048576K
Event: 22.965 GC heap after
Heap after GC invocations=10 (full 4):
 PSYoungGen      total 1183744K, used 83408K [0x00000006c0000000, 0x0000000743580000, 0x00000007c0000000)
  eden space 726016K, 0% used [0x00000006c0000000,0x00000006c0000000,0x00000006ec500000)
  from space 457728K, 18% used [0x0000000711400000,0x0000000716574250,0x000000072d300000)
  to   space 605184K, 0% used [0x00000006ec500000,0x00000006ec500000,0x0000000711400000)
 ParOldGen       total 5369856K, used 3643257K [0x00000004c0000000, 0x0000000607c00000, 0x00000006c0000000)
  object space 5369856K, 67% used [0x00000004c0000000,0x000000059e5de6e0,0x0000000607c00000)
 Metaspace       used 45565K, capacity 46002K, committed 46080K, reserved 1089536K
  class space    used 6502K, capacity 6648K, committed 6656K, reserved 1048576K
}
Event: 24.597 GC heap before
{Heap before GC invocations=11 (full 4):
 PSYoungGen      total 1183744K, used 809424K [0x00000006c0000000, 0x0000000743580000, 0x00000007c0000000)
  eden space 726016K, 100% used [0x00000006c0000000,0x00000006ec500000,0x00000006ec500000)
  from space 457728K, 18% used [0x0000000711400000,0x0000000716574250,0x000000072d300000)
  to   space 605184K, 0% used [0x00000006ec500000,0x00000006ec500000,0x0000000711400000)
 ParOldGen       total 5369856K, used 4114196K [0x00000004c0000000, 0x0000000607c00000, 0x00000006c0000000)
  object space 5369856K, 76% used [0x00000004c0000000,0x00000005bb1c5330,0x0000000607c00000)
 Metaspace       used 45570K, capacity 46002K, committed 46080K, reserved 1089536K
  class space    used 6502K, capacity 6648K, committed 6656K, reserved 1048576K
Event: 27.528 GC heap after
Heap after GC invocations=11 (full 4):
 PSYoungGen      total 1331200K, used 325584K [0x00000006c0000000, 0x000000075db00000, 0x00000007c0000000)
  eden space 726016K, 0% used [0x00000006c0000000,0x00000006c0000000,0x00000006ec500000)
  from space 605184K, 53% used [0x00000006ec500000,0x00000007002f4180,0x0000000711400000)
  to   space 608256K, 0% used [0x0000000738900000,0x0000000738900000,0x000000075db00000)
 ParOldGen       total 5369856K, used 4114196K [0x00000004c0000000, 0x0000000607c00000, 0x00000006c0000000)
  object space 5369856K, 76% used [0x00000004c0000000,0x00000005bb1c5330,0x0000000607c00000)
 Metaspace       used 45570K, capacity 46002K, committed 46080K, reserved 1089536K
  class space    used 6502K, capacity 6648K, committed 6656K, reserved 1048576K
}

Deoptimization events (10 events):
Event: 23.095 Thread 0x00007f8d90027000 Uncommon trap: reason=unstable_if action=reinterpret pc=0x00007f8ded7a9130 method=geotrellis.raster.io.geotiff.GeoTiffMultibandTile.band(I)Lgeotrellis/raster/io/geotiff/GeoTiffTile; @ 581
Event: 23.163 Thread 0x00007f8d90027000 Uncommon trap: reason=unstable_if action=reinterpret pc=0x00007f8ded7bdbec method=geotrellis.raster.io.geotiff.Int32GeoTiffTile.createSegment()Lscala/Function1; @ 4
Event: 30.581 Thread 0x00007f8d90027000 Uncommon trap: reason=unstable_if action=reinterpret pc=0x00007f8ded481570 method=java.util.HashMap.hash(Ljava/lang/Object;)I @ 1
Event: 30.582 Thread 0x00007f8d90027000 Uncommon trap: reason=unstable_if action=reinterpret pc=0x00007f8ded2e7568 method=java.util.HashMap.hash(Ljava/lang/Object;)I @ 1
Event: 31.008 Thread 0x00007f8d90029800 Uncommon trap: reason=class_check action=maybe_recompile pc=0x00007f8ded71d2a0 method=java.lang.Throwable.<init>(Ljava/lang/String;Ljava/lang/Throwable;)V @ 24
Event: 31.016 Thread 0x00007f8d90029800 Uncommon trap: reason=class_check action=maybe_recompile pc=0x00007f8ded71d2a0 method=java.lang.Throwable.<init>(Ljava/lang/String;Ljava/lang/Throwable;)V @ 24
Event: 31.017 Thread 0x00007f8d90029800 Uncommon trap: reason=class_check action=maybe_recompile pc=0x00007f8ded71d2a0 method=java.lang.Throwable.<init>(Ljava/lang/String;Ljava/lang/Throwable;)V @ 24
Event: 31.017 Thread 0x00007f8d90029800 Uncommon trap: reason=class_check action=maybe_recompile pc=0x00007f8ded71d2a0 method=java.lang.Throwable.<init>(Ljava/lang/String;Ljava/lang/Throwable;)V @ 24
Event: 31.545 Thread 0x00007f8dfd4b1800 Uncommon trap: reason=class_check action=maybe_recompile pc=0x00007f8ded379a38 method=java.util.concurrent.ConcurrentHashMap.putVal(Ljava/lang/Object;Ljava/lang/Object;Z)Ljava/lang/Object; @ 192
Event: 31.554 Thread 0x00007f8dfd4b1800 Uncommon trap: reason=null_check action=make_not_entrant pc=0x00007f8ded1ad2c8 method=com.esotericsoftware.kryo.Kryo.isFinal(Ljava/lang/Class;)Z @ 33

Internal exceptions (10 events):
Event: 31.370 Thread 0x00007f8dfc010800 Exception <a 'java/lang/NoSuchMethodError': <clinit>> (0x00000006d6612140) thrown at [/HUDSON3/workspace/8-2-build-linux-amd64/jdk8u121/8372/hotspot/src/share/vm/prims/jni.cpp, line 1613]
Event: 31.407 Thread 0x00007f8dfc010800 Exception <a 'java/lang/NoSuchMethodError': <clinit>> (0x00000006d6b51e10) thrown at [/HUDSON3/workspace/8-2-build-linux-amd64/jdk8u121/8372/hotspot/src/share/vm/prims/jni.cpp, line 1613]
Event: 31.407 Thread 0x00007f8dfc010800 Exception <a 'java/lang/NoSuchMethodError': <clinit>> (0x00000006d6b69678) thrown at [/HUDSON3/workspace/8-2-build-linux-amd64/jdk8u121/8372/hotspot/src/share/vm/prims/jni.cpp, line 1613]
Event: 31.408 Thread 0x00007f8dfc010800 Exception <a 'java/lang/NoSuchMethodError': <clinit>> (0x00000006d6b82d10) thrown at [/HUDSON3/workspace/8-2-build-linux-amd64/jdk8u121/8372/hotspot/src/share/vm/prims/jni.cpp, line 1613]
Event: 31.448 Thread 0x00007f8dfc010800 Exception <a 'java/lang/NoSuchMethodError': <clinit>> (0x00000006d6f80a68) thrown at [/HUDSON3/workspace/8-2-build-linux-amd64/jdk8u121/8372/hotspot/src/share/vm/prims/jni.cpp, line 1613]
Event: 31.449 Thread 0x00007f8dfc010800 Exception <a 'java/lang/NoSuchMethodError': <clinit>> (0x00000006d6f8fc68) thrown at [/HUDSON3/workspace/8-2-build-linux-amd64/jdk8u121/8372/hotspot/src/share/vm/prims/jni.cpp, line 1613]
Event: 31.523 Thread 0x00007f8dfd4b1800 Exception <a 'java/lang/NoSuchMethodError': <clinit>> (0x00000006d759f650) thrown at [/HUDSON3/workspace/8-2-build-linux-amd64/jdk8u121/8372/hotspot/src/share/vm/prims/jni.cpp, line 1613]
Event: 31.525 Thread 0x00007f8dfd4b1800 Exception <a 'java/lang/NoSuchMethodError': <clinit>> (0x00000006d75b6c30) thrown at [/HUDSON3/workspace/8-2-build-linux-amd64/jdk8u121/8372/hotspot/src/share/vm/prims/jni.cpp, line 1613]
Event: 31.525 Thread 0x00007f8dfd4b1800 Exception <a 'java/lang/NoSuchMethodError': <clinit>> (0x00000006d75b8830) thrown at [/HUDSON3/workspace/8-2-build-linux-amd64/jdk8u121/8372/hotspot/src/share/vm/prims/jni.cpp, line 1613]
Event: 31.583 Thread 0x00007f8dfd1ab800 Exception <a 'java/lang/NoSuchMethodError': <clinit>> (0x00000006d45c04e8) thrown at [/HUDSON3/workspace/8-2-build-linux-amd64/jdk8u121/8372/hotspot/src/share/vm/prims/jni.cpp, line 1613]

Events (10 events):
Event: 31.592 Executing VM operation: RevokeBias
Event: 31.592 Executing VM operation: RevokeBias done
Event: 31.593 Executing VM operation: RevokeBias
Event: 31.593 Executing VM operation: RevokeBias done
Event: 31.593 Executing VM operation: RevokeBias
Event: 31.593 Executing VM operation: RevokeBias done
Event: 31.593 Executing VM operation: RevokeBias
Event: 31.593 Executing VM operation: RevokeBias done
Event: 31.593 loading class org/apache/spark/storage/ShuffleBlockId
Event: 31.593 loading class org/apache/spark/storage/ShuffleBlockId done


Dynamic libraries:
00400000-00401000 r-xp 00000000 fd:00 73173218                           /opt/jdk1.8.0_121/bin/java
00600000-00601000 rw-p 00000000 fd:00 73173218                           /opt/jdk1.8.0_121/bin/java
02457000-02478000 rw-p 00000000 00:00 0                                  [heap]
4c0000000-607c00000 rw-p 00000000 00:00 0 
65e000000-6c0000000 ---p 00000000 00:00 0 
6c0000000-75db00000 rw-p 00000000 00:00 0 
75db00000-7c0000000 ---p 00000000 00:00 0 
7c0000000-7c06e0000 rw-p 00000000 00:00 0 
7c06e0000-800000000 ---p 00000000 00:00 0 
7f8d88000000-7f8d88021000 rw-p 00000000 00:00 0 
7f8d88021000-7f8d8c000000 ---p 00000000 00:00 0 
7f8d8efff000-7f8d90000000 rw-p 00000000 00:00 0 
7f8d90000000-7f8d9002f000 rw-p 00000000 00:00 0 
7f8d9002f000-7f8d94000000 ---p 00000000 00:00 0 
7f8d94000000-7f8d94083000 rw-p 00000000 00:00 0 
7f8d94083000-7f8d98000000 ---p 00000000 00:00 0 
7f8d98000000-7f8d98021000 rw-p 00000000 00:00 0 
7f8d98021000-7f8d9c000000 ---p 00000000 00:00 0 
7f8d9c000000-7f8d9c021000 rw-p 00000000 00:00 0 
7f8d9c021000-7f8da0000000 ---p 00000000 00:00 0 
7f8da0000000-7f8da072f000 rw-p 00000000 00:00 0 
7f8da072f000-7f8da4000000 ---p 00000000 00:00 0 
7f8da4000000-7f8da4021000 rw-p 00000000 00:00 0 
7f8da4021000-7f8da8000000 ---p 00000000 00:00 0 
7f8da8000000-7f8da8021000 rw-p 00000000 00:00 0 
7f8da8021000-7f8dac000000 ---p 00000000 00:00 0 
7f8dac000000-7f8dad797000 rw-p 00000000 00:00 0 
7f8dad797000-7f8db0000000 ---p 00000000 00:00 0 
7f8db0000000-7f8db063f000 rw-p 00000000 00:00 0 
7f8db063f000-7f8db4000000 ---p 00000000 00:00 0 
7f8db412b000-7f8db41eb000 rw-p 00000000 00:00 0 
7f8db41eb000-7f8db432b000 ---p 00000000 00:00 0 
7f8db432b000-7f8db4ad8000 r--s 06d10000 fd:00 201392954                  /tmp/spark-b61d3065-eacc-4a3a-8438-fcd936c0982b/userFiles-9198bdd5-2601-4db0-8b04-b248e583b2e6/ingest-assembly-0.1.0.jar
7f8db4ad8000-7f8db5ad9000 rw-p 00000000 00:00 0 
7f8db5ad9000-7f8dbc000000 r--p 00000000 fd:00 67169622                   /usr/lib/locale/locale-archive
7f8dbc000000-7f8dbc021000 rw-p 00000000 00:00 0 
7f8dbc021000-7f8dc0000000 ---p 00000000 00:00 0 
7f8dc0000000-7f8dc0028000 rw-p 00000000 00:00 0 
7f8dc0028000-7f8dc4000000 ---p 00000000 00:00 0 
7f8dc4000000-7f8dc402b000 rw-p 00000000 00:00 0 
7f8dc402b000-7f8dc8000000 ---p 00000000 00:00 0 
7f8dc8096000-7f8dc8296000 rw-p 00000000 00:00 0 
7f8dc8296000-7f8dc8496000 rw-p 00000000 00:00 0 
7f8dc8496000-7f8dc8499000 ---p 00000000 00:00 0 
7f8dc8499000-7f8dc8597000 rw-p 00000000 00:00 0                          [stack:3096]
7f8dc8597000-7f8dc859a000 ---p 00000000 00:00 0 
7f8dc859a000-7f8dc8698000 rw-p 00000000 00:00 0                          [stack:3079]
7f8dc8698000-7f8dc869b000 ---p 00000000 00:00 0 
7f8dc869b000-7f8dc8999000 rw-p 00000000 00:00 0                          [stack:3078]
7f8dc8999000-7f8dc899c000 ---p 00000000 00:00 0 
7f8dc899c000-7f8dc8a9a000 rw-p 00000000 00:00 0                          [stack:3077]
7f8dc8a9a000-7f8dc8a9d000 ---p 00000000 00:00 0 
7f8dc8a9d000-7f8dc8d9b000 rw-p 00000000 00:00 0                          [stack:3076]
7f8dc8d9b000-7f8dc8da8000 r-xp 00000000 fd:00 103362628                  /tmp/liblz4-java2092442382807965028.so
7f8dc8da8000-7f8dc8fa7000 ---p 0000d000 fd:00 103362628                  /tmp/liblz4-java2092442382807965028.so
7f8dc8fa7000-7f8dc8fa8000 rw-p 0000c000 fd:00 103362628                  /tmp/liblz4-java2092442382807965028.so
7f8dc8fe6000-7f8dc91e6000 rw-p 00000000 00:00 0 
7f8dc91e6000-7f8dc93e6000 rw-p 00000000 00:00 0 
7f8dc93e6000-7f8dc95e6000 rw-p 00000000 00:00 0 
7f8dc95e6000-7f8dc95e9000 ---p 00000000 00:00 0 
7f8dc95e9000-7f8dc98e7000 rw-p 00000000 00:00 0                          [stack:3075]
7f8dc98e7000-7f8dc98ea000 ---p 00000000 00:00 0 
7f8dc98ea000-7f8dc99e8000 rw-p 00000000 00:00 0                          [stack:3074]
7f8dc99e8000-7f8dc99eb000 ---p 00000000 00:00 0 
7f8dc99eb000-7f8dc9ae9000 rw-p 00000000 00:00 0                          [stack:3073]
7f8dc9ae9000-7f8dc9aec000 ---p 00000000 00:00 0 
7f8dc9aec000-7f8dc9dea000 rw-p 00000000 00:00 0                          [stack:3072]
7f8dc9dea000-7f8dc9ded000 ---p 00000000 00:00 0 
7f8dc9ded000-7f8dc9eeb000 rw-p 00000000 00:00 0                          [stack:3071]
7f8dc9eeb000-7f8dc9eee000 ---p 00000000 00:00 0 
7f8dc9eee000-7f8dc9fec000 rw-p 00000000 00:00 0                          [stack:3070]
7f8dc9fec000-7f8dc9fef000 ---p 00000000 00:00 0 
7f8dc9fef000-7f8dca0ed000 rw-p 00000000 00:00 0                          [stack:3069]
7f8dca0ed000-7f8dca0f0000 ---p 00000000 00:00 0 
7f8dca0f0000-7f8dca1ee000 rw-p 00000000 00:00 0                          [stack:3068]
7f8dca1ee000-7f8dca1f1000 ---p 00000000 00:00 0 
7f8dca1f1000-7f8dca2ef000 rw-p 00000000 00:00 0                          [stack:3067]
7f8dca2ef000-7f8dca2f2000 ---p 00000000 00:00 0 
7f8dca2f2000-7f8dca3f0000 rw-p 00000000 00:00 0                          [stack:3066]
7f8dca3f0000-7f8dca3f3000 ---p 00000000 00:00 0 
7f8dca3f3000-7f8dca4f1000 rw-p 00000000 00:00 0                          [stack:3065]
7f8dca4f1000-7f8dca4f4000 ---p 00000000 00:00 0 
7f8dca4f4000-7f8dca5f2000 rw-p 00000000 00:00 0                          [stack:3064]
7f8dca5f2000-7f8dca5f5000 ---p 00000000 00:00 0 
7f8dca5f5000-7f8dca6f3000 rw-p 00000000 00:00 0                          [stack:3063]
7f8dca6f3000-7f8dca6f6000 ---p 00000000 00:00 0 
7f8dca6f6000-7f8dca7f4000 rw-p 00000000 00:00 0                          [stack:3062]
7f8dca7f4000-7f8dca7f7000 ---p 00000000 00:00 0 
7f8dca7f7000-7f8dca8f5000 rw-p 00000000 00:00 0                          [stack:3061]
7f8dca8f5000-7f8dca8f8000 ---p 00000000 00:00 0 
7f8dca8f8000-7f8dca9f6000 rw-p 00000000 00:00 0                          [stack:3060]
7f8dca9f6000-7f8dca9f9000 ---p 00000000 00:00 0 
7f8dca9f9000-7f8dcacf7000 rw-p 00000000 00:00 0                          [stack:3059]
7f8dcacf7000-7f8dcacfa000 ---p 00000000 00:00 0 
7f8dcacfa000-7f8dcaff8000 rw-p 00000000 00:00 0                          [stack:3058]
7f8dcaff8000-7f8dcaffb000 ---p 00000000 00:00 0 
7f8dcaffb000-7f8dcb0f9000 rw-p 00000000 00:00 0                          [stack:3056]
7f8dcb0f9000-7f8dcb0fc000 ---p 00000000 00:00 0 
7f8dcb0fc000-7f8dcb1fa000 rw-p 00000000 00:00 0                          [stack:3055]
7f8dcb1fa000-7f8dcb1fd000 ---p 00000000 00:00 0 
7f8dcb1fd000-7f8dcb2fb000 rw-p 00000000 00:00 0                          [stack:3054]
7f8dcb2fb000-7f8dcb2fe000 ---p 00000000 00:00 0 
7f8dcb2fe000-7f8dcb3fc000 rw-p 00000000 00:00 0                          [stack:3053]
7f8dcb3fc000-7f8dcb3ff000 ---p 00000000 00:00 0 
7f8dcb3ff000-7f8dcb4fd000 rw-p 00000000 00:00 0                          [stack:3052]
7f8dcb4fd000-7f8dcb500000 ---p 00000000 00:00 0 
7f8dcb500000-7f8dcb5fe000 rw-p 00000000 00:00 0                          [stack:3051]
7f8dcb5fe000-7f8dcb601000 ---p 00000000 00:00 0 
7f8dcb601000-7f8dcb6ff000 rw-p 00000000 00:00 0                          [stack:3050]
7f8dcb6ff000-7f8dcb702000 ---p 00000000 00:00 0 
7f8dcb702000-7f8dcd000000 rw-p 00000000 00:00 0                          [stack:3049]
7f8dcd04e000-7f8dcd050000 rw-p 00000000 00:00 0 
7f8dcd050000-7f8dcd054000 r--s 0009a000 fd:00 6428400                    /opt/jdk1.8.0_121/jre/lib/jsse.jar
7f8dcd054000-7f8dcd057000 ---p 00000000 00:00 0 
7f8dcd057000-7f8dcd355000 rw-p 00000000 00:00 0                          [stack:3048]
7f8dcd355000-7f8dcd366000 r-xp 00000000 fd:00 105719166                  /opt/jdk1.8.0_121/jre/lib/amd64/libnio.so
7f8dcd366000-7f8dcd565000 ---p 00011000 fd:00 105719166                  /opt/jdk1.8.0_121/jre/lib/amd64/libnio.so
7f8dcd565000-7f8dcd566000 rw-p 00010000 fd:00 105719166                  /opt/jdk1.8.0_121/jre/lib/amd64/libnio.so
7f8dcd566000-7f8dcd579000 r--s 00345000 fd:00 6428543                    /opt/jdk1.8.0_121/jre/lib/resources.jar
7f8dcd579000-7f8dcd57c000 ---p 00000000 00:00 0 
7f8dcd57c000-7f8dcd87a000 rw-p 00000000 00:00 0                          [stack:3047]
7f8dcd87a000-7f8dcd890000 r-xp 00000000 fd:00 105719141                  /opt/jdk1.8.0_121/jre/lib/amd64/libnet.so
7f8dcd890000-7f8dcda90000 ---p 00016000 fd:00 105719141                  /opt/jdk1.8.0_121/jre/lib/amd64/libnet.so
7f8dcda90000-7f8dcda91000 rw-p 00016000 fd:00 105719141                  /opt/jdk1.8.0_121/jre/lib/amd64/libnet.so
7f8dcda91000-7f8dcda92000 r-xp 00000000 fd:00 105719194                  /opt/jdk1.8.0_121/jre/lib/amd64/libjaas_unix.so
7f8dcda92000-7f8dcdc91000 ---p 00001000 fd:00 105719194                  /opt/jdk1.8.0_121/jre/lib/amd64/libjaas_unix.so
7f8dcdc91000-7f8dcdc92000 rw-p 00000000 fd:00 105719194                  /opt/jdk1.8.0_121/jre/lib/amd64/libjaas_unix.so
7f8dcdc92000-7f8dcdc95000 ---p 00000000 00:00 0 
7f8dcdc95000-7f8dcdd93000 rw-p 00000000 00:00 0                          [stack:3046]
7f8dcdd93000-7f8dcdd96000 ---p 00000000 00:00 0 
7f8dcdd96000-7f8dcdfcc000 rw-p 00000000 00:00 0                          [stack:3044]
7f8dcdfcc000-7f8dce1cc000 rw-p 00000000 00:00 0 
7f8dce1cc000-7f8dce1d5000 r-xp 00000000 fd:00 105719177                  /opt/jdk1.8.0_121/jre/lib/amd64/libmanagement.so
7f8dce1d5000-7f8dce3d4000 ---p 00009000 fd:00 105719177                  /opt/jdk1.8.0_121/jre/lib/amd64/libmanagement.so
7f8dce3d4000-7f8dce3d5000 rw-p 00008000 fd:00 105719177                  /opt/jdk1.8.0_121/jre/lib/amd64/libmanagement.so
7f8dce3d5000-7f8dce5d5000 rw-p 00000000 00:00 0 
7f8dce5d5000-7f8dced82000 r--s 06d10000 fd:00 268659776                  /home/kkaralas/Documents/geotrellis-sentinel-demo/ingest/target/scala-2.11/ingest-assembly-0.1.0.jar
7f8dced82000-7f8dcedab000 r--s 001ee000 fd:00 114155652                  /home/kkaralas/Apache/spark-2.1.0-bin-hadoop2.7/jars/guava-16.0.1.jar
7f8dcedab000-7f8dcedac000 r--s 00004000 fd:00 114155656                  /home/kkaralas/Apache/spark-2.1.0-bin-hadoop2.7/jars/osgi-resource-locator-1.0.1.jar
7f8dcedac000-7f8dcee05000 r--s 00522000 fd:00 114155655                  /home/kkaralas/Apache/spark-2.1.0-bin-hadoop2.7/jars/scala-library-2.11.8.jar
7f8dcee05000-7f8dcee07000 r--s 0000f000 fd:00 114155654                  /home/kkaralas/Apache/spark-2.1.0-bin-hadoop2.7/jars/spark-launcher_2.11-2.1.0.jar
7f8dcee07000-7f8dcee0c000 r--s 00032000 fd:00 114155653                  /home/kkaralas/Apache/spark-2.1.0-bin-hadoop2.7/jars/chill_2.11-0.8.0.jar
7f8dcee0c000-7f8dcee11000 r--s 00027000 fd:00 114155651                  /home/kkaralas/Apache/spark-2.1.0-bin-hadoop2.7/jars/hk2-api-2.4.0-b34.jar
7f8dcee11000-7f8dcee2e000 r--s 001d5000 fd:00 114155650                  /home/kkaralas/Apache/spark-2.1.0-bin-hadoop2.7/jars/hadoop-yarn-api-2.7.3.jar
7f8dcee2e000-7f8dcef3a000 r--s 00dba000 fd:00 114155649                  /home/kkaralas/Apache/spark-2.1.0-bin-hadoop2.7/jars/scala-compiler-2.11.8.jar
7f8dcef3a000-7f8dcef40000 r--s 00043000 fd:00 114155648                  /home/kkaralas/Apache/spark-2.1.0-bin-hadoop2.7/jars/commons-configuration-1.6.jar
7f8dcef40000-7f8dcef8c000 r--s 00411000 fd:00 114155647                  /home/kkaralas/Apache/spark-2.1.0-bin-hadoop2.7/jars/scala-reflect-2.11.8.jar
7f8dcef8c000-7f8dcef93000 r--s 00046000 fd:00 114155646                  /home/kkaralas/Apache/spark-2.1.0-bin-hadoop2.7/jars/libfb303-0.9.2.jar
7f8dcef93000-7f8dcef97000 r--s 00014000 fd:00 114155645                  /home/kkaralas/Apache/spark-2.1.0-bin-hadoop2.7/jars/xz-1.0.jar
7f8dcef97000-7f8dcefbb000 r--s 001cd000 fd:00 114155644                  /home/kkaralas/Apache/spark-2.1.0-bin-hadoop2.7/jars/commons-math3-3.4.1.jar
7f8dcefbb000-7f8dcefbf000 r--s 0003c000 fd:00 114155643                  /home/kkaralas/Apache/spark-2.1.0-bin-hadoop2.7/jars/jackson-core-2.6.5.jar
7f8dcefbf000-7f8dcefca000 r--s 0005d000 fd:00 114155642                  /home/kkaralas/Apache/spark-2.1.0-bin-hadoop2.7/jars/scala-parser-combinators_2.11-1.0.4.jar
7f8dcefca000-7f8dcefd1000 r--s 00049000 fd:00 114155641                  /home/kkaralas/Apache/spark-2.1.0-bin-hadoop2.7/jars/univocity-parsers-2.2.1.jar
7f8dcefd1000-7f8dcefd5000 r--s 00036000 fd:00 114155640                  /home/kkaralas/Apache/spark-2.1.0-bin-hadoop2.7/jars/ST4-4.0.4.jar
7f8dcefd5000-7f8dcefd9000 r--s 00025000 fd:00 114155639                  /home/kkaralas/Apache/spark-2.1.0-bin-hadoop2.7/jars/jersey-client-2.22.2.jar
7f8dcefd9000-7f8dcefdf000 r--s 00063000 fd:00 114155638                  /home/kkaralas/Apache/spark-2.1.0-bin-hadoop2.7/jars/jodd-core-3.5.2.jar
7f8dcefdf000-7f8dcefe1000 r--s 00009000 fd:00 114155637                  /home/kkaralas/Apache/spark-2.1.0-bin-hadoop2.7/jars/objenesis-2.1.jar
7f8dcefe1000-7f8dcefeb000 r--s 0007b000 fd:00 114155636                  /home/kkaralas/Apache/spark-2.1.0-bin-hadoop2.7/jars/hadoop-mapreduce-client-app-2.7.3.jar
7f8dcefeb000-7f8dcf01a000 r--s 002e5000 fd:00 114155635                  /home/kkaralas/Apache/spark-2.1.0-bin-hadoop2.7/jars/derby-10.12.1.1.jar
7f8dcf01a000-7f8dcf01b000 r--s 00009000 fd:00 114155634                  /home/kkaralas/Apache/spark-2.1.0-bin-hadoop2.7/jars/slf4j-api-1.7.16.jar
7f8dcf01b000-7f8dcf01c000 r--s 00008000 fd:00 114155633                  /home/kkaralas/Apache/spark-2.1.0-bin-hadoop2.7/jars/commons-compiler-3.0.0.jar
7f8dcf01c000-7f8dcf01e000 r--s 00003000 fd:00 114155632                  /home/kkaralas/Apache/spark-2.1.0-bin-hadoop2.7/jars/base64-2.3.8.jar
7f8dcf01e000-7f8dcf021000 r--s 0000d000 fd:00 114155631                  /home/kkaralas/Apache/spark-2.1.0-bin-hadoop2.7/jars/spark-network-shuffle_2.11-2.1.0.jar
7f8dcf021000-7f8dcf023000 r--s 00100000 fd:00 114155630                  /home/kkaralas/Apache/spark-2.1.0-bin-hadoop2.7/jars/snappy-java-1.1.2.6.jar
7f8dcf023000-7f8dcf028000 r--s 00028000 fd:00 114155629                  /home/kkaralas/Apache/spark-2.1.0-bin-hadoop2.7/jars/avro-mapred-1.7.7-hadoop2.jar
7f8dcf028000-7f8dcf02a000 r--s 0000b000 fd:00 114155628                  /home/kkaralas/Apache/spark-2.1.0-bin-hadoop2.7/jars/chill-java-0.8.0.jar
7f8dcf02a000-7f8dcf02c000 r--s 00009000 fd:00 114155627                  /home/kkaralas/Apache/spark-2.1.0-bin-hadoop2.7/jars/commons-cli-1.2.jar
7f8dcf02c000-7f8dcf02d000 r--s 00001000 fd:00 114155626                  /home/kkaralas/Apache/spark-2.1.0-bin-hadoop2.7/jars/javax.inject-2.4.0-b34.jar
7f8dcf02d000-7f8dcf036000 r--s 00097000 fd:00 114155625                  /home/kkaralas/Apache/spark-2.1.0-bin-hadoop2.7/jars/pmml-model-1.2.15.jar
7f8dcf036000-7f8dcf038000 r--s 00000000 fd:00 114155624                  /home/kkaralas/Apache/spark-2.1.0-bin-hadoop2.7/jars/jul-to-slf4j-1.7.16.jar
7f8dcf038000-7f8dcf066000 r--s 00212000 fd:00 114155623                  /home/kkaralas/Apache/spark-2.1.0-bin-hadoop2.7/jars/spark-network-common_2.11-2.1.0.jar
7f8dcf066000-7f8dcf078000 r--s 00112000 fd:00 114155622                  /home/kkaralas/Apache/spark-2.1.0-bin-hadoop2.7/jars/arpack_combined_all-0.1.jar
7f8dcf078000-7f8dcf07b000 r--s 0001a000 fd:00 114155621                  /home/kkaralas/Apache/spark-2.1.0-bin-hadoop2.7/jars/py4j-0.10.4.jar
7f8dcf07b000-7f8dcf091000 r--s 00124000 fd:00 114155620                  /home/kkaralas/Apache/spark-2.1.0-bin-hadoop2.7/jars/ivy-2.4.0.jar
7f8dcf091000-7f8dcf09e000 r--s 00071000 fd:00 114155619                  /home/kkaralas/Apache/spark-2.1.0-bin-hadoop2.7/jars/jackson-module-scala_2.11-2.6.5.jar
7f8dcf09e000-7f8dcf0aa000 r--s 000b6000 fd:00 114155618                  /home/kkaralas/Apache/spark-2.1.0-bin-hadoop2.7/jars/zookeeper-3.4.6.jar
7f8dcf0aa000-7f8dcf133000 r--s 00682000 fd:00 114155617                  /home/kkaralas/Apache/spark-2.1.0-bin-hadoop2.7/jars/spark-catalyst_2.11-2.1.0.jar
7f8dcf133000-7f8dcf134000 r--s 00009000 fd:00 114155616                  /home/kkaralas/Apache/spark-2.1.0-bin-hadoop2.7/jars/hive-cli-1.2.1.spark2.jar
7f8dcf134000-7f8dcf146000 r--s 000b3000 fd:00 114154943                  /home/kkaralas/Apache/spark-2.1.0-bin-hadoop2.7/jars/scalap-2.11.8.jar
7f8dcf146000-7f8dcf14c000 r--s 0002c000 fd:00 114154942                  /home/kkaralas/Apache/spark-2.1.0-bin-hadoop2.7/jars/jdo-api-3.0.1.jar
7f8dcf14c000-7f8dcf14d000 r--s 00003000 fd:00 114154941                  /home/kkaralas/Apache/spark-2.1.0-bin-hadoop2.7/jars/metrics-json-3.1.2.jar
7f8dcf14d000-7f8dcf14f000 r--s 00003000 fd:00 114154940                  /home/kkaralas/Apache/spark-2.1.0-bin-hadoop2.7/jars/JavaEWAH-0.3.2.jar
7f8dcf14f000-7f8dcf151000 r--s 0001f000 fd:00 114154939                  /home/kkaralas/Apache/spark-2.1.0-bin-hadoop2.7/jars/commons-crypto-1.0.0.jar
7f8dcf151000-7f8dcf169000 r--s 00115000 fd:00 114154938                  /home/kkaralas/Apache/spark-2.1.0-bin-hadoop2.7/jars/netty-3.8.0.Final.jar
7f8dcf169000-7f8dcf16b000 r--s 0000e000 fd:00 114154937                  /home/kkaralas/Apache/spark-2.1.0-bin-hadoop2.7/jars/guice-servlet-3.0.jar
7f8dcf16b000-7f8dcf16e000 r--s 00022000 fd:00 114154936                  /home/kkaralas/Apache/spark-2.1.0-bin-hadoop2.7/jars/stringtemplate-3.2.1.jar
7f8dcf16e000-7f8dcf176000 r--s 00078000 fd:00 114154935                  /home/kkaralas/Apache/spark-2.1.0-bin-hadoop2.7/jars/mail-1.4.7.jar
7f8dcf176000-7f8dcf188000 r--s 00097000 fd:00 114154934                  /home/kkaralas/Apache/spark-2.1.0-bin-hadoop2.7/jars/apacheds-kerberos-codec-2.0.0-M15.jar
7f8dcf188000-7f8dcf18a000 r--s 00012000 fd:00 114154933                  /home/kkaralas/Apache/spark-2.1.0-bin-hadoop2.7/jars/api-util-1.0.0-M20.jar
7f8dcf18a000-7f8dcf1c1000 r--s 00325000 fd:00 114154932                  /home/kkaralas/Apache/spark-2.1.0-bin-hadoop2.7/jars/calcite-core-1.2.0-incubating.jar
7f8dcf1c1000-7f8dcf26a000 r--s 00a4f000 fd:00 114154931                  /home/kkaralas/Apache/spark-2.1.0-bin-hadoop2.7/jars/hive-exec-1.2.1.spark2.jar
7f8dcf26a000-7f8dcf26d000 r--s 00017000 fd:00 114154930                  /home/kkaralas/Apache/spark-2.1.0-bin-hadoop2.7/jars/jaxb-api-2.2.2.jar
7f8dcf26d000-7f8dcf27a000 r--s 00078000 fd:00 114154929                  /home/kkaralas/Apache/spark-2.1.0-bin-hadoop2.7/jars/spark-mesos_2.11-2.1.0.jar
7f8dcf27a000-7f8dcf2ee000 r--s 00572000 fd:00 114154928                  /home/kkaralas/Apache/spark-2.1.0-bin-hadoop2.7/jars/spark-mllib_2.11-2.1.0.jar
7f8dcf2ee000-7f8dcf31a000 r--s 001c9000 fd:00 114154927                  /home/kkaralas/Apache/spark-2.1.0-bin-hadoop2.7/jars/shapeless_2.11-2.0.0.jar
7f8dcf31a000-7f8dcf31e000 r--s 0002f000 fd:00 114154926                  /home/kkaralas/Apache/spark-2.1.0-bin-hadoop2.7/jars/commons-beanutils-core-1.8.0.jar
7f8dcf31e000-7f8dcf320000 r--s 0000e000 fd:00 114154925                  /home/kkaralas/Apache/spark-2.1.0-bin-hadoop2.7/jars/commons-logging-1.1.3.jar
7f8dcf320000-7f8dcf327000 r--s 0005d000 fd:00 114154924                  /home/kkaralas/Apache/spark-2.1.0-bin-hadoop2.7/jars/mx4j-3.0.2.jar
7f8dcf327000-7f8dcf32a000 r--s 00026000 fd:00 114154923                  /home/kkaralas/Apache/spark-2.1.0-bin-hadoop2.7/jars/hadoop-yarn-client-2.7.3.jar
7f8dcf32a000-7f8dcf357000 r--s 001d4000 fd:00 114154922                  /home/kkaralas/Apache/spark-2.1.0-bin-hadoop2.7/jars/spark-streaming_2.11-2.1.0.jar
7f8dcf357000-7f8dcf35c000 r--s 00068000 fd:00 114154921                  /home/kkaralas/Apache/spark-2.1.0-bin-hadoop2.7/jars/antlr-2.7.7.jar
7f8dcf35c000-7f8dcf35e000 r--s 00027000 fd:00 114154920                  /home/kkaralas/Apache/spark-2.1.0-bin-hadoop2.7/jars/core-1.1.2.jar
7f8dcf35e000-7f8dcf360000 r--s 00038000 fd:00 114154919                  /home/kkaralas/Apache/spark-2.1.0-bin-hadoop2.7/jars/lz4-1.3.0.jar
7f8dcf360000-7f8dcf361000 r--s 00006000 fd:00 114154918                  /home/kkaralas/Apache/spark-2.1.0-bin-hadoop2.7/jars/jackson-xc-1.9.13.jar
7f8dcf361000-7f8dcf363000 r--s 00004000 fd:00 114154917                  /home/kkaralas/Apache/spark-2.1.0-bin-hadoop2.7/jars/metrics-graphite-3.1.2.jar
7f8dcf363000-7f8dcf365000 r--s 0000e000 fd:00 114154916                  /home/kkaralas/Apache/spark-2.1.0-bin-hadoop2.7/jars/hadoop-mapreduce-client-jobclient-2.7.3.jar
7f8dcf365000-7f8dcf369000 r--s 00019000 fd:00 114154915                  /home/kkaralas/Apache/spark-2.1.0-bin-hadoop2.7/jars/javax.ws.rs-api-2.0.1.jar
7f8dcf369000-7f8dcf3a9000 r--s 00277000 fd:00 114154914                  /home/kkaralas/Apache/spark-2.1.0-bin-hadoop2.7/jars/bcprov-jdk15on-1.51.jar
7f8dcf3a9000-7f8dcf3b3000 r--s 000a5000 fd:00 114154913                  /home/kkaralas/Apache/spark-2.1.0-bin-hadoop2.7/jars/javassist-3.18.1-GA.jar
7f8dcf3b3000-7f8dcf3bb000 r--s 0006e000 fd:00 114154912                  /home/kkaralas/Apache/spark-2.1.0-bin-hadoop2.7/jars/commons-lang3-3.5.jar
7f8dcf3bb000-7f8dcf3bc000 r--s 00002000 fd:00 114154911                  /home/kkaralas/Apache/spark-2.1.0-bin-hadoop2.7/jars/jpam-1.1.jar
7f8dcf3bc000-7f8dcf3c2000 r--s 00044000 fd:00 114154910                  /home/kkaralas/Apache/spark-2.1.0-bin-hadoop2.7/jars/antlr4-runtime-4.5.3.jar
7f8dcf3c2000-7f8dcf3cc000 r--s 000aa000 fd:00 114154909                  /home/kkaralas/Apache/spark-2.1.0-bin-hadoop2.7/jars/janino-3.0.0.jar
7f8dcf3cc000-7f8dcf3cf000 r--s 00014000 fd:00 114154908                  /home/kkaralas/Apache/spark-2.1.0-bin-hadoop2.7/jars/super-csv-2.2.0.jar
7f8dcf3cf000-7f8dcf3d1000 r--s 00000000 fd:00 114154907                  /home/kkaralas/Apache/spark-2.1.0-bin-hadoop2.7/jars/aopalliance-1.0.jar
7f8dcf3d1000-7f8dcf3d3000 r--s 00009000 fd:00 114154906                  /home/kkaralas/Apache/spark-2.1.0-bin-hadoop2.7/jars/jackson-module-paranamer-2.6.5.jar
7f8dcf3d3000-7f8dcf3d5000 r--s 0000e000 fd:00 114154905                  /home/kkaralas/Apache/spark-2.1.0-bin-hadoop2.7/jars/spark-repl_2.11-2.1.0.jar
7f8dcf3d5000-7f8dcf3d6000 r--s 00006000 fd:00 114154904                  /home/kkaralas/Apache/spark-2.1.0-bin-hadoop2.7/jars/hadoop-client-2.7.3.jar
7f8dcf3d6000-7f8dcf3d8000 r--s 00006000 fd:00 114154903                  /home/kkaralas/Apache/spark-2.1.0-bin-hadoop2.7/jars/spark-sketch_2.11-2.1.0.jar
7f8dcf3d8000-7f8dcf3e6000 r--s 000b1000 fd:00 114154902                  /home/kkaralas/Apache/spark-2.1.0-bin-hadoop2.7/jars/jackson-mapper-asl-1.9.13.jar
7f8dcf3e6000-7f8dcf3fd000 r--s 00183000 fd:00 114154901                  /home/kkaralas/Apache/spark-2.1.0-bin-hadoop2.7/jars/hadoop-yarn-common-2.7.3.jar
7f8dcf3fd000-7f8dcf3ff000 r--s 00010000 fd:00 114154900                  /home/kkaralas/Apache/spark-2.1.0-bin-hadoop2.7/jars/jersey-media-jaxb-2.22.2.jar
7f8dcf3ff000-7f8dcf402000 r--s 00009000 fd:00 114154899                  /home/kkaralas/Apache/spark-2.1.0-bin-hadoop2.7/jars/jackson-annotations-2.6.5.jar
7f8dcf402000-7f8dcf424000 r--s 00335000 fd:00 114154898                  /home/kkaralas/Apache/spark-2.1.0-bin-hadoop2.7/jars/mesos-1.0.0-shaded-protobuf.jar
7f8dcf424000-7f8dcf426000 r--s 00020000 fd:00 114154897                  /home/kkaralas/Apache/spark-2.1.0-bin-hadoop2.7/jars/hive-beeline-1.2.1.spark2.jar
7f8dcf426000-7f8dcf42a000 r--s 0002c000 fd:00 114154896                  /home/kkaralas/Apache/spark-2.1.0-bin-hadoop2.7/jars/avro-ipc-1.7.7.jar
7f8dcf42a000-7f8dcf42e000 r--s 0002a000 fd:00 114154895                  /home/kkaralas/Apache/spark-2.1.0-bin-hadoop2.7/jars/commons-io-2.4.jar
7f8dcf42e000-7f8dcf434000 r--s 00028000 fd:00 114154894                  /home/kkaralas/Apache/spark-2.1.0-bin-hadoop2.7/jars/curator-framework-2.6.0.jar
7f8dcf434000-7f8dcf439000 r--s 00031000 fd:00 114154893                  /home/kkaralas/Apache/spark-2.1.0-bin-hadoop2.7/jars/parquet-hadoop-1.8.1.jar
7f8dcf439000-7f8dcf43b000 r--s 00005000 fd:00 114154892                  /home/kkaralas/Apache/spark-2.1.0-bin-hadoop2.7/jars/javax.annotation-api-1.2.jar
7f8dcf43b000-7f8dcf43d000 r--s 00005000 fd:00 114154891                  /home/kkaralas/Apache/spark-2.1.0-bin-hadoop2.7/jars/stax-api-1.0.1.jar
7f8dcf43d000-7f8dcf442000 r--s 00041000 fd:00 114154890                  /home/kkaralas/Apache/spark-2.1.0-bin-hadoop2.7/jars/commons-lang-2.6.jar
7f8dcf442000-7f8dcf45b000 r--s 00164000 fd:00 114154889                  /home/kkaralas/Apache/spark-2.1.0-bin-hadoop2.7/jars/hadoop-mapreduce-client-core-2.7.3.jar
7f8dcf45b000-7f8dcf463000 r--s 0007b000 fd:00 114154888                  /home/kkaralas/Apache/spark-2.1.0-bin-hadoop2.7/jars/protobuf-java-2.5.0.jar
7f8dcf463000-7f8dcf46a000 r--s 00049000 fd:00 114154887                  /home/kkaralas/Apache/spark-2.1.0-bin-hadoop2.7/jars/httpcore-4.4.4.jar
7f8dcf46a000-7f8dcf46f000 r--s 0002a000 fd:00 114154886                  /home/kkaralas/Apache/spark-2.1.0-bin-hadoop2.7/jars/gson-2.2.4.jar
7f8dcf46f000-7f8dcf47e000 r--s 0009f000 fd:00 114154885                  /home/kkaralas/Apache/spark-2.1.0-bin-hadoop2.7/jars/guice-3.0.jar
7f8dcf47e000-7f8dcf480000 r--s 00003000 fd:00 114154884                  /home/kkaralas/Apache/spark-2.1.0-bin-hadoop2.7/jars/jcl-over-slf4j-1.7.16.jar
7f8dcf480000-7f8dcf488000 r--s 00066000 fd:00 114154883                  /home/kkaralas/Apache/spark-2.1.0-bin-hadoop2.7/jars/apache-log4j-extras-1.2.17.jar
7f8dcf488000-7f8dcf48a000 r--s 00012000 fd:00 114154881                  /home/kkaralas/Apache/spark-2.1.0-bin-hadoop2.7/jars/compress-lzf-1.0.3.jar
7f8dcf48a000-7f8dcf495000 r--s 000b0000 fd:00 114154882                  /home/kkaralas/Apache/spark-2.1.0-bin-hadoop2.7/jars/jtransforms-2.4.0.jar
7f8dcf495000-7f8dcf4a0000 r--s 00062000 fd:00 114154880                  /home/kkaralas/Apache/spark-2.1.0-bin-hadoop2.7/jars/calcite-linq4j-1.2.0-incubating.jar
7f8dcf4a0000-7f8dcf4aa000 r--s 00095000 fd:00 114152223                  /home/kkaralas/Apache/spark-2.1.0-bin-hadoop2.7/jars/scala-xml_2.11-1.0.2.jar
7f8dcf4aa000-7f8dcf4b1000 r--s 00039000 fd:00 114152222                  /home/kkaralas/Apache/spark-2.1.0-bin-hadoop2.7/jars/calcite-avatica-1.2.0-incubating.jar
7f8dcf4b1000-7f8dcf4d8000 r--s 0020f000 fd:00 114152221                  /home/kkaralas/Apache/spark-2.1.0-bin-hadoop2.7/jars/netty-all-4.0.42.Final.jar
7f8dcf4d8000-7f8dcf4da000 r--s 0000d000 fd:00 114152220                  /home/kkaralas/Apache/spark-2.1.0-bin-hadoop2.7/jars/hadoop-yarn-server-web-proxy-2.7.3.jar
7f8dcf4da000-7f8dcf4e3000 r--s 0006f000 fd:00 114152219                  /home/kkaralas/Apache/spark-2.1.0-bin-hadoop2.7/jars/log4j-1.2.17.jar
7f8dcf4e3000-7f8dcf4e6000 r--s 00015000 fd:00 114152218                  /home/kkaralas/Apache/spark-2.1.0-bin-hadoop2.7/jars/pyrolite-4.13.jar
7f8dcf4e6000-7f8dcf4ed000 r--s 0007d000 fd:00 114152217                  /home/kkaralas/Apache/spark-2.1.0-bin-hadoop2.7/jars/jetty-6.1.26.jar
7f8dcf4ed000-7f8dcf4f0000 r--s 00006000 fd:00 114152216                  /home/kkaralas/Apache/spark-2.1.0-bin-hadoop2.7/jars/jsr305-1.3.9.jar
7f8dcf4f0000-7f8dcf4f4000 r--s 00020000 fd:00 114152215                  /home/kkaralas/Apache/spark-2.1.0-bin-hadoop2.7/jars/commons-digester-1.8.jar
7f8dcf4f4000-7f8dcf557000 r--s 004de000 fd:00 114152214                  /home/kkaralas/Apache/spark-2.1.0-bin-hadoop2.7/jars/hive-metastore-1.2.1.spark2.jar
7f8dcf557000-7f8dcf561000 r--s 00086000 fd:00 114152213                  /home/kkaralas/Apache/spark-2.1.0-bin-hadoop2.7/jars/json4s-core_2.11-3.2.11.jar
7f8dcf561000-7f8dcf563000 r--s 00014000 fd:00 114152212                  /home/kkaralas/Apache/spark-2.1.0-bin-hadoop2.7/jars/spire-macros_2.11-0.7.4.jar
7f8dcf563000-7f8dcf564000 r--s 00004000 fd:00 114152211                  /home/kkaralas/Apache/spark-2.1.0-bin-hadoop2.7/jars/opencsv-2.3.jar
7f8dcf564000-7f8dcf5e4000 r--s 005dd000 fd:00 114152210                  /home/kkaralas/Apache/spark-2.1.0-bin-hadoop2.7/jars/spark-sql_2.11-2.1.0.jar
7f8dcf5e4000-7f8dcf5e6000 r--s 0000f000 fd:00 114152209                  /home/kkaralas/Apache/spark-2.1.0-bin-hadoop2.7/jars/curator-client-2.6.0.jar
7f8dcf5e6000-7f8dcf5f7000 r--s 0010d000 fd:00 114152208                  /home/kkaralas/Apache/spark-2.1.0-bin-hadoop2.7/jars/jackson-databind-2.6.5.jar
7f8dcf5f7000-7f8dcf6ce000 r--s 00a7f000 fd:00 114152207                  /home/kkaralas/Apache/spark-2.1.0-bin-hadoop2.7/jars/spark-core_2.11-2.1.0.jar
7f8dcf6ce000-7f8dcf6cf000 r--s 00004000 fd:00 114152206                  /home/kkaralas/Apache/spark-2.1.0-bin-hadoop2.7/jars/eigenbase-properties-1.1.5.jar
7f8dcf6cf000-7f8dcf6d1000 r--s 00003000 fd:00 114152205                  /home/kkaralas/Apache/spark-2.1.0-bin-hadoop2.7/jars/spark-tags_2.11-2.1.0.jar
7f8dcf6d1000-7f8dcf6d2000 r--s 00004000 fd:00 114152204                  /home/kkaralas/Apache/spark-2.1.0-bin-hadoop2.7/jars/jackson-jaxrs-1.9.13.jar
7f8dcf6d2000-7f8dcf6d8000 r--s 00040000 fd:00 114152203                  /home/kkaralas/Apache/spark-2.1.0-bin-hadoop2.7/jars/parquet-encoding-1.8.1.jar
7f8dcf6d8000-7f8dcf6d9000 r--s 0000b000 fd:00 114152202                  /home/kkaralas/Apache/spark-2.1.0-bin-hadoop2.7/jars/snappy-0.2.jar
7f8dcf6d9000-7f8dcf6e6000 r--s 000a7000 fd:00 114152201                  /home/kkaralas/Apache/spark-2.1.0-bin-hadoop2.7/jars/httpclient-4.5.2.jar
7f8dcf6e6000-7f8dcf6ff000 r--s 00150000 fd:00 114152200                  /home/kkaralas/Apache/spark-2.1.0-bin-hadoop2.7/jars/htrace-core-3.1.0-incubating.jar
7f8dcf6ff000-7f8dcf715000 r--s 000d3000 fd:00 114152199                  /home/kkaralas/Apache/spark-2.1.0-bin-hadoop2.7/jars/jersey-server-2.22.2.jar
7f8dcf715000-7f8dcf71c000 r--s 00036000 fd:00 114152198                  /home/kkaralas/Apache/spark-2.1.0-bin-hadoop2.7/jars/curator-recipes-2.6.0.jar
7f8dcf71c000-7f8dcf721000 r--s 00033000 fd:00 114152197                  /home/kkaralas/Apache/spark-2.1.0-bin-hadoop2.7/jars/libthrift-0.9.2.jar
7f8dcf721000-7f8dcf732000 r--s 00089000 fd:00 114152196                  /home/kkaralas/Apache/spark-2.1.0-bin-hadoop2.7/jars/joda-time-2.9.3.jar
7f8dcf732000-7f8dcf734000 r--s 00010000 fd:00 114152195                  /home/kkaralas/Apache/spark-2.1.0-bin-hadoop2.7/jars/hadoop-mapreduce-client-shuffle-2.7.3.jar
7f8dcf734000-7f8dcf735000 r--s 00001000 fd:00 114152194                  /home/kkaralas/Apache/spark-2.1.0-bin-hadoop2.7/jars/pmml-schema-1.2.15.jar
7f8dcf735000-7f8dcf756000 r--s 0019b000 fd:00 114152193                  /home/kkaralas/Apache/spark-2.1.0-bin-hadoop2.7/jars/spark-hive-thriftserver_2.11-2.1.0.jar
7f8dcf756000-7f8dcf759000 r--s 00015000 fd:00 114152192                  /home/kkaralas/Apache/spark-2.1.0-bin-hadoop2.7/jars/commons-pool-1.5.4.jar
7f8dcf759000-7f8dcf75a000 r--s 00002000 fd:00 114152191                  /home/kkaralas/Apache/spark-2.1.0-bin-hadoop2.7/jars/slf4j-log4j12-1.7.16.jar
7f8dcf75a000-7f8dcf75d000 r--s 00025000 fd:00 114152190                  /home/kkaralas/Apache/spark-2.1.0-bin-hadoop2.7/jars/commons-dbcp-1.4.jar
7f8dcf75d000-7f8dcf761000 r--s 0000c000 fd:00 114152189                  /home/kkaralas/Apache/spark-2.1.0-bin-hadoop2.7/jars/validation-api-1.1.0.Final.jar
7f8dcf761000-7f8dcf762000 r--s 0000a000 fd:00 114152188                  /home/kkaralas/Apache/spark-2.1.0-bin-hadoop2.7/jars/apacheds-i18n-2.0.0-M15.jar
7f8dcf762000-7f8dcf764000 r--s 00003000 fd:00 114152187                  /home/kkaralas/Apache/spark-2.1.0-bin-hadoop2.7/jars/api-asn1-api-1.0.0-M20.jar
7f8dcf764000-7f8dcf772000 r--s 0009d000 fd:00 114152186                  /home/kkaralas/Apache/spark-2.1.0-bin-hadoop2.7/jars/jersey-common-2.22.2.jar
7f8dcf772000-7f8dcf788000 r--s 001a4000 fd:00 114152185                  /home/kkaralas/Apache/spark-2.1.0-bin-hadoop2.7/jars/datanucleus-rdbms-3.2.9.jar
7f8dcf788000-7f8dcf790000 r--s 00059000 fd:00 114152184                  /home/kkaralas/Apache/spark-2.1.0-bin-hadoop2.7/jars/javolution-5.5.1.jar
7f8dcf790000-7f8dcf791000 r--s 00001000 fd:00 114152183                  /home/kkaralas/Apache/spark-2.1.0-bin-hadoop2.7/jars/minlog-1.3.0.jar
7f8dcf791000-7f8dcf798000 r--s 00058000 fd:00 114152182                  /home/kkaralas/Apache/spark-2.1.0-bin-hadoop2.7/jars/hadoop-yarn-server-common-2.7.3.jar
7f8dcf798000-7f8dcf79a000 r--s 00017000 fd:00 114152181                  /home/kkaralas/Apache/spark-2.1.0-bin-hadoop2.7/jars/hive-jdbc-1.2.1.spark2.jar
7f8dcf79a000-7f8dcf79c000 r--s 00002000 fd:00 114152180                  /home/kkaralas/Apache/spark-2.1.0-bin-hadoop2.7/jars/aopalliance-repackaged-2.4.0-b34.jar
7f8dcf79c000-7f8dcf7a2000 r--s 00045000 fd:00 114152179                  /home/kkaralas/Apache/spark-2.1.0-bin-hadoop2.7/jars/commons-httpclient-3.1.jar
7f8dcf7a2000-7f8dcf7a5000 r--s 000fd000 fd:00 114152178                  /home/kkaralas/Apache/spark-2.1.0-bin-hadoop2.7/jars/leveldbjni-all-1.8.jar
7f8dcf7a5000-7f8dcf7ac000 r--s 0003f000 fd:00 114152177                  /home/kkaralas/Apache/spark-2.1.0-bin-hadoop2.7/jars/commons-codec-1.10.jar
7f8dcf7ac000-7f8dcf7af000 r--s 00012000 fd:00 114152176                  /home/kkaralas/Apache/spark-2.1.0-bin-hadoop2.7/jars/json4s-ast_2.11-3.2.11.jar
7f8dcf7af000-7f8dcf7bd000 r--s 0009d000 fd:00 114152175                  /home/kkaralas/Apache/spark-2.1.0-bin-hadoop2.7/jars/spark-graphx_2.11-2.1.0.jar
7f8dcf7bd000-7f8dcf7be000 r--s 00009000 fd:00 114152174                  /home/kkaralas/Apache/spark-2.1.0-bin-hadoop2.7/jars/json4s-jackson_2.11-3.2.11.jar
7f8dcf7be000-7f8dcf7bf000 r--s 00000000 fd:00 114152173                  /home/kkaralas/Apache/spark-2.1.0-bin-hadoop2.7/jars/javax.inject-1.jar
7f8dcf7bf000-7f8dcf7cc000 r--s 00083000 fd:00 114152172                  /home/kkaralas/Apache/spark-2.1.0-bin-hadoop2.7/jars/commons-collections-3.2.2.jar
7f8dcf7cc000-7f8dcf7d0000 r--s 00035000 fd:00 114152171                  /home/kkaralas/Apache/spark-2.1.0-bin-hadoop2.7/jars/jackson-core-asl-1.9.13.jar
7f8dcf7d0000-7f8dcf7e1000 r--s 0009e000 fd:00 114152170                  /home/kkaralas/Apache/spark-2.1.0-bin-hadoop2.7/jars/spark-yarn_2.11-2.1.0.jar
7f8dcf7e1000-7f8dcf7e4000 r--s 00021000 fd:00 114152169                  /home/kkaralas/Apache/spark-2.1.0-bin-hadoop2.7/jars/xbean-asm5-shaded-4.4.jar
7f8dcf7e4000-7f8dcf839000 r--s 0069c000 fd:00 114152168                  /home/kkaralas/Apache/spark-2.1.0-bin-hadoop2.7/jars/spire_2.11-0.7.4.jar
7f8dcf839000-7f8dcf851000 r--s 0010a000 fd:00 114152167                  /home/kkaralas/Apache/spark-2.1.0-bin-hadoop2.7/jars/spark-hive_2.11-2.1.0.jar
7f8dcf851000-7f8dcf852000 r--s 00003000 fd:00 114152166                  /home/kkaralas/Apache/spark-2.1.0-bin-hadoop2.7/jars/xmlenc-0.52.jar
7f8dcf852000-7f8dcf855000 r--s 00016000 fd:00 114152165                  /home/kkaralas/Apache/spark-2.1.0-bin-hadoop2.7/jars/jsp-api-2.1.jar
7f8dcf855000-7f8dcf889000 r--s 00277000 fd:00 114152164                  /home/kkaralas/Apache/spark-2.1.0-bin-hadoop2.7/jars/parquet-hadoop-bundle-1.6.0.jar
7f8dcf889000-7f8dcf88d000 r--s 00029000 fd:00 114152163                  /home/kkaralas/Apache/spark-2.1.0-bin-hadoop2.7/jars/hk2-locator-2.4.0-b34.jar
7f8dcf88d000-7f8dcf894000 r--s 00058000 fd:00 114152162                  /home/kkaralas/Apache/spark-2.1.0-bin-hadoop2.7/jars/parquet-format-2.3.0-incubating.jar
7f8dcf894000-7f8dcf896000 r--s 00006000 fd:00 114152161                  /home/kkaralas/Apache/spark-2.1.0-bin-hadoop2.7/jars/paranamer-2.3.jar
7f8dcf896000-7f8dcf898000 r--s 00004000 fd:00 114152160                  /home/kkaralas/Apache/spark-2.1.0-bin-hadoop2.7/jars/stax-api-1.0-2.jar
7f8dcf898000-7f8dcf8ae000 r--s 000d1000 fd:00 108941785                  /home/kkaralas/Apache/spark-2.1.0-bin-hadoop2.7/jars/parquet-column-1.8.1.jar
7f8dcf8ae000-7f8dcf8b2000 r--s 00018000 fd:00 108941776                  /home/kkaralas/Apache/spark-2.1.0-bin-hadoop2.7/jars/metrics-core-3.1.2.jar
7f8dcf8b2000-7f8dcf8b6000 r--s 00031000 fd:00 108879565                  /home/kkaralas/Apache/spark-2.1.0-bin-hadoop2.7/jars/jline-2.12.1.jar
7f8dcf8b6000-7f8dcf8bb000 r--s 0004e000 fd:00 114057343                  /home/kkaralas/Apache/spark-2.1.0-bin-hadoop2.7/jars/datanucleus-api-jdo-3.2.6.jar
7f8dcf8bb000-7f8dcf8c4000 r--s 00062000 fd:00 114057341                  /home/kkaralas/Apache/spark-2.1.0-bin-hadoop2.7/jars/avro-1.7.7.jar
7f8dcf8c4000-7f8dcf8c8000 r--s 0001a000 fd:00 114057340                  /home/kkaralas/Apache/spark-2.1.0-bin-hadoop2.7/jars/hk2-utils-2.4.0-b34.jar
7f8dcf8c8000-7f8dcf8cd000 r--s 0002a000 fd:00 114057339                  /home/kkaralas/Apache/spark-2.1.0-bin-hadoop2.7/jars/commons-beanutils-1.7.0.jar
7f8dcf8cd000-7f8dcf8d0000 r--s 0000e000 fd:00 114057338                  /home/kkaralas/Apache/spark-2.1.0-bin-hadoop2.7/jars/jersey-container-servlet-core-2.22.2.jar
7f8dcf8d0000-7f8dcf8d5000 r--s 00036000 fd:00 114057337                  /home/kkaralas/Apache/spark-2.1.0-bin-hadoop2.7/jars/commons-compress-1.4.1.jar
7f8dcf8d5000-7f8dcf8d9000 r--s 00028000 fd:00 114057336                  /home/kkaralas/Apache/spark-2.1.0-bin-hadoop2.7/jars/jetty-util-6.1.26.jar
7f8dcf8d9000-7f8dcf8f4000 r--s 001d8000 fd:00 114057335                  /home/kkaralas/Apache/spark-2.1.0-bin-hadoop2.7/jars/jets3t-0.9.3.jar
7f8dcf8f4000-7f8dcf92a000 r--s 0031c000 fd:00 114057329                  /home/kkaralas/Apache/spark-2.1.0-bin-hadoop2.7/jars/hadoop-common-2.7.3.jar
7f8dcf92a000-7f8dcf9fa000 r--s 00cf0000 fd:00 114057320                  /home/kkaralas/Apache/spark-2.1.0-bin-hadoop2.7/jars/breeze_2.11-0.12.jar
7f8dcf9fa000-7f8dcf9fb000 ---p 00000000 00:00 0 
7f8dcf9fb000-7f8dcfafb000 rw-p 00000000 00:00 0                          [stack:3042]
7f8dcfafb000-7f8dcfafe000 ---p 00000000 00:00 0 
7f8dcfafe000-7f8dcfbfc000 rw-p 00000000 00:00 0                          [stack:3041]
7f8dcfbfc000-7f8dcfbff000 ---p 00000000 00:00 0 
7f8dcfbff000-7f8dcfcfd000 rw-p 00000000 00:00 0                          [stack:3040]
7f8dcfcfd000-7f8dcfd00000 ---p 00000000 00:00 0 
7f8dcfd00000-7f8dcfdfe000 rw-p 00000000 00:00 0                          [stack:3039]
7f8dcfdfe000-7f8dcfe01000 ---p 00000000 00:00 0 
7f8dcfe01000-7f8dcfeff000 rw-p 00000000 00:00 0                          [stack:3038]
7f8dcfeff000-7f8dcff02000 ---p 00000000 00:00 0 
7f8dcff02000-7f8dd0000000 rw-p 00000000 00:00 0                          [stack:3037]
7f8dd0000000-7f8dd00af000 rw-p 00000000 00:00 0 
7f8dd00af000-7f8dd4000000 ---p 00000000 00:00 0 
7f8dd4000000-7f8dd4002000 r--s 00008000 fd:00 114057342                  /home/kkaralas/Apache/spark-2.1.0-bin-hadoop2.7/jars/parquet-common-1.8.1.jar
7f8dd4002000-7f8dd401a000 r--s 000d6000 fd:00 114057334                  /home/kkaralas/Apache/spark-2.1.0-bin-hadoop2.7/jars/jersey-guava-2.22.2.jar
7f8dd401a000-7f8dd401c000 r--s 00003000 fd:00 114057333                  /home/kkaralas/Apache/spark-2.1.0-bin-hadoop2.7/jars/jersey-container-servlet-2.22.2.jar
7f8dd401c000-7f8dd4034000 r--s 001b6000 fd:00 114057332                  /home/kkaralas/Apache/spark-2.1.0-bin-hadoop2.7/jars/datanucleus-core-3.2.10.jar
7f8dd4034000-7f8dd4041000 r--s 000b1000 fd:00 114057325                  /home/kkaralas/Apache/spark-2.1.0-bin-hadoop2.7/jars/hadoop-mapreduce-client-common-2.7.3.jar
7f8dd4041000-7f8dd4062000 rw-p 00000000 00:00 0 
7f8dd4062000-7f8dd4076000 r--s 000ec000 fd:00 114057318                  /home/kkaralas/Apache/spark-2.1.0-bin-hadoop2.7/jars/parquet-jackson-1.8.1.jar
7f8dd4076000-7f8dd408e000 r--s 00115000 fd:00 114057316                  /home/kkaralas/Apache/spark-2.1.0-bin-hadoop2.7/jars/xercesImpl-2.9.1.jar
7f8dd408e000-7f8dd40f9000 r--s 00784000 fd:00 114057314                  /home/kkaralas/Apache/spark-2.1.0-bin-hadoop2.7/jars/hadoop-hdfs-2.7.3.jar
7f8dd40f9000-7f8dd40fc000 ---p 00000000 00:00 0 
7f8dd40fc000-7f8dd41fa000 rw-p 00000000 00:00 0                          [stack:3036]
7f8dd41fa000-7f8dd41fb000 ---p 00000000 00:00 0 
7f8dd41fb000-7f8ded000000 rw-p 00000000 00:00 0                          [stack:3035]
7f8ded000000-7f8ded930000 rwxp 00000000 00:00 0 
7f8ded930000-7f8dfc000000 ---p 00000000 00:00 0 
7f8dfc000000-7f8dfdf3c000 rw-p 00000000 00:00 0 
7f8dfdf3c000-7f8e00000000 ---p 00000000 00:00 0 
7f8e00000000-7f8e00001000 r--s 00002000 fd:00 109015322                  /home/kkaralas/Apache/spark-2.1.0-bin-hadoop2.7/jars/java-xmlbuilder-1.0.jar
7f8e00001000-7f8e00002000 r--s 00003000 fd:00 114057331                  /home/kkaralas/Apache/spark-2.1.0-bin-hadoop2.7/jars/jta-1.1.jar
7f8e00002000-7f8e00004000 r--s 0000f000 fd:00 114057330                  /home/kkaralas/Apache/spark-2.1.0-bin-hadoop2.7/jars/activation-1.1.1.jar
7f8e00004000-7f8e00008000 r--s 00029000 fd:00 114057328                  /home/kkaralas/Apache/spark-2.1.0-bin-hadoop2.7/jars/breeze-macros_2.11-0.12.jar
7f8e00008000-7f8e0000b000 r--s 0002f000 fd:00 114057326                  /home/kkaralas/Apache/spark-2.1.0-bin-hadoop2.7/jars/RoaringBitmap-0.5.11.jar
7f8e0000b000-7f8e00012000 r--s 00051000 fd:00 114057323                  /home/kkaralas/Apache/spark-2.1.0-bin-hadoop2.7/jars/kryo-shaded-3.0.3.jar
7f8e00012000-7f8e00479000 rw-p 00000000 00:00 0 
7f8e00479000-7f8e00652000 r--s 03d3e000 fd:00 6428483                    /opt/jdk1.8.0_121/jre/lib/rt.jar
7f8e00652000-7f8e007b8000 rw-p 00000000 00:00 0 
7f8e007b8000-7f8e007b9000 ---p 00000000 00:00 0 
7f8e007b9000-7f8e008b9000 rw-p 00000000 00:00 0                          [stack:3034]
7f8e008b9000-7f8e008ba000 ---p 00000000 00:00 0 
7f8e008ba000-7f8e013f8000 rw-p 00000000 00:00 0                          [stack:3033]
7f8e013f8000-7f8e019ba000 ---p 00000000 00:00 0 
7f8e019ba000-7f8e023f8000 rw-p 00000000 00:00 0 
7f8e023f8000-7f8e029ba000 ---p 00000000 00:00 0 
7f8e029ba000-7f8e02ea8000 rw-p 00000000 00:00 0 
7f8e02ea8000-7f8e031ba000 ---p 00000000 00:00 0 
7f8e031ba000-7f8e031e0000 rw-p 00000000 00:00 0 
7f8e031e0000-7f8e0357b000 ---p 00000000 00:00 0 
7f8e0357b000-7f8e03595000 r-xp 00000000 fd:00 105719164                  /opt/jdk1.8.0_121/jre/lib/amd64/libzip.so
7f8e03595000-7f8e03795000 ---p 0001a000 fd:00 105719164                  /opt/jdk1.8.0_121/jre/lib/amd64/libzip.so
7f8e03795000-7f8e03796000 rw-p 0001a000 fd:00 105719164                  /opt/jdk1.8.0_121/jre/lib/amd64/libzip.so
7f8e03796000-7f8e037a1000 r-xp 00000000 fd:00 67169592                   /usr/lib64/libnss_files-2.17.so
7f8e037a1000-7f8e039a0000 ---p 0000b000 fd:00 67169592                   /usr/lib64/libnss_files-2.17.so
7f8e039a0000-7f8e039a1000 r--p 0000a000 fd:00 67169592                   /usr/lib64/libnss_files-2.17.so
7f8e039a1000-7f8e039a2000 rw-p 0000b000 fd:00 67169592                   /usr/lib64/libnss_files-2.17.so
7f8e039a2000-7f8e039a8000 rw-p 00000000 00:00 0 
7f8e039a8000-7f8e039d3000 r-xp 00000000 fd:00 105719189                  /opt/jdk1.8.0_121/jre/lib/amd64/libjava.so
7f8e039d3000-7f8e03bd2000 ---p 0002b000 fd:00 105719189                  /opt/jdk1.8.0_121/jre/lib/amd64/libjava.so
7f8e03bd2000-7f8e03bd4000 rw-p 0002a000 fd:00 105719189                  /opt/jdk1.8.0_121/jre/lib/amd64/libjava.so
7f8e03bd4000-7f8e03be1000 r-xp 00000000 fd:00 105719142                  /opt/jdk1.8.0_121/jre/lib/amd64/libverify.so
7f8e03be1000-7f8e03de0000 ---p 0000d000 fd:00 105719142                  /opt/jdk1.8.0_121/jre/lib/amd64/libverify.so
7f8e03de0000-7f8e03de2000 rw-p 0000c000 fd:00 105719142                  /opt/jdk1.8.0_121/jre/lib/amd64/libverify.so
7f8e03de2000-7f8e03de9000 r-xp 00000000 fd:00 67169604                   /usr/lib64/librt-2.17.so
7f8e03de9000-7f8e03fe8000 ---p 00007000 fd:00 67169604                   /usr/lib64/librt-2.17.so
7f8e03fe8000-7f8e03fe9000 r--p 00006000 fd:00 67169604                   /usr/lib64/librt-2.17.so
7f8e03fe9000-7f8e03fea000 rw-p 00007000 fd:00 67169604                   /usr/lib64/librt-2.17.so
7f8e03fea000-7f8e040eb000 r-xp 00000000 fd:00 67169582                   /usr/lib64/libm-2.17.so
7f8e040eb000-7f8e042ea000 ---p 00101000 fd:00 67169582                   /usr/lib64/libm-2.17.so
7f8e042ea000-7f8e042eb000 r--p 00100000 fd:00 67169582                   /usr/lib64/libm-2.17.so
7f8e042eb000-7f8e042ec000 rw-p 00101000 fd:00 67169582                   /usr/lib64/libm-2.17.so
7f8e042ec000-7f8e04fba000 r-xp 00000000 fd:00 36522073                   /opt/jdk1.8.0_121/jre/lib/amd64/server/libjvm.so
7f8e04fba000-7f8e051ba000 ---p 00cce000 fd:00 36522073                   /opt/jdk1.8.0_121/jre/lib/amd64/server/libjvm.so
7f8e051ba000-7f8e05293000 rw-p 00cce000 fd:00 36522073                   /opt/jdk1.8.0_121/jre/lib/amd64/server/libjvm.so
7f8e05293000-7f8e052de000 rw-p 00000000 00:00 0 
7f8e052de000-7f8e05494000 r-xp 00000000 fd:00 67169574                   /usr/lib64/libc-2.17.so
7f8e05494000-7f8e05694000 ---p 001b6000 fd:00 67169574                   /usr/lib64/libc-2.17.so
7f8e05694000-7f8e05698000 r--p 001b6000 fd:00 67169574                   /usr/lib64/libc-2.17.so
7f8e05698000-7f8e0569a000 rw-p 001ba000 fd:00 67169574                   /usr/lib64/libc-2.17.so
7f8e0569a000-7f8e0569f000 rw-p 00000000 00:00 0 
7f8e0569f000-7f8e056a2000 r-xp 00000000 fd:00 67169580                   /usr/lib64/libdl-2.17.so
7f8e056a2000-7f8e058a1000 ---p 00003000 fd:00 67169580                   /usr/lib64/libdl-2.17.so
7f8e058a1000-7f8e058a2000 r--p 00002000 fd:00 67169580                   /usr/lib64/libdl-2.17.so
7f8e058a2000-7f8e058a3000 rw-p 00003000 fd:00 67169580                   /usr/lib64/libdl-2.17.so
7f8e058a3000-7f8e058b8000 r-xp 00000000 fd:00 105718940                  /opt/jdk1.8.0_121/lib/amd64/jli/libjli.so
7f8e058b8000-7f8e05ab8000 ---p 00015000 fd:00 105718940                  /opt/jdk1.8.0_121/lib/amd64/jli/libjli.so
7f8e05ab8000-7f8e05ab9000 rw-p 00015000 fd:00 105718940                  /opt/jdk1.8.0_121/lib/amd64/jli/libjli.so
7f8e05ab9000-7f8e05acf000 r-xp 00000000 fd:00 67169600                   /usr/lib64/libpthread-2.17.so
7f8e05acf000-7f8e05ccf000 ---p 00016000 fd:00 67169600                   /usr/lib64/libpthread-2.17.so
7f8e05ccf000-7f8e05cd0000 r--p 00016000 fd:00 67169600                   /usr/lib64/libpthread-2.17.so
7f8e05cd0000-7f8e05cd1000 rw-p 00017000 fd:00 67169600                   /usr/lib64/libpthread-2.17.so
7f8e05cd1000-7f8e05cd5000 rw-p 00000000 00:00 0 
7f8e05cd5000-7f8e05cf6000 r-xp 00000000 fd:00 67169567                   /usr/lib64/ld-2.17.so
7f8e05cf6000-7f8e05cf8000 r--s 00015000 fd:00 114057327                  /home/kkaralas/Apache/spark-2.1.0-bin-hadoop2.7/jars/hadoop-auth-2.7.3.jar
7f8e05cf8000-7f8e05cfa000 r--s 00008000 fd:00 114057324                  /home/kkaralas/Apache/spark-2.1.0-bin-hadoop2.7/jars/metrics-jvm-3.1.2.jar
7f8e05cfa000-7f8e05cfd000 r--s 00028000 fd:00 114057322                  /home/kkaralas/Apache/spark-2.1.0-bin-hadoop2.7/jars/stream-2.7.0.jar
7f8e05cfd000-7f8e05d01000 r--s 00028000 fd:00 114057321                  /home/kkaralas/Apache/spark-2.1.0-bin-hadoop2.7/jars/spark-mllib-local_2.11-2.1.0.jar
7f8e05d01000-7f8e05d03000 r--s 00009000 fd:00 114057319                  /home/kkaralas/Apache/spark-2.1.0-bin-hadoop2.7/jars/spark-unsafe_2.11-2.1.0.jar
7f8e05d03000-7f8e05d07000 r--s 00025000 fd:00 114057317                  /home/kkaralas/Apache/spark-2.1.0-bin-hadoop2.7/jars/antlr-runtime-3.4.jar
7f8e05d07000-7f8e05d09000 r--s 0000e000 fd:00 114057315                  /home/kkaralas/Apache/spark-2.1.0-bin-hadoop2.7/jars/oro-2.0.8.jar
7f8e05d09000-7f8e05d0a000 r--s 00009000 fd:00 114057313                  /home/kkaralas/Apache/spark-2.1.0-bin-hadoop2.7/jars/hadoop-annotations-2.7.3.jar
7f8e05d0a000-7f8e05ddc000 rw-p 00000000 00:00 0 
7f8e05ddc000-7f8e05ddf000 ---p 00000000 00:00 0 
7f8e05ddf000-7f8e05ee1000 rw-p 00000000 00:00 0                          [stack:3032]
7f8e05ee1000-7f8e05ee4000 r--s 00015000 fd:00 114057312                  /home/kkaralas/Apache/spark-2.1.0-bin-hadoop2.7/jars/javax.servlet-api-3.1.0.jar
7f8e05ee4000-7f8e05ee8000 r--s 00030000 fd:00 114057311                  /home/kkaralas/Apache/spark-2.1.0-bin-hadoop2.7/jars/commons-net-2.2.jar
7f8e05ee8000-7f8e05eeb000 r--s 00019000 fd:00 114057310                  /home/kkaralas/Apache/spark-2.1.0-bin-hadoop2.7/jars/bonecp-0.8.0.RELEASE.jar
7f8e05eeb000-7f8e05ef3000 rw-s 00000000 fd:00 36200774                   /tmp/hsperfdata_kkaralas/3011
7f8e05ef3000-7f8e05ef4000 rw-p 00000000 00:00 0 
7f8e05ef4000-7f8e05ef5000 r--p 00000000 00:00 0 
7f8e05ef5000-7f8e05ef6000 rw-p 00000000 00:00 0 
7f8e05ef6000-7f8e05ef7000 r--p 00021000 fd:00 67169567                   /usr/lib64/ld-2.17.so
7f8e05ef7000-7f8e05ef8000 rw-p 00022000 fd:00 67169567                   /usr/lib64/ld-2.17.so
7f8e05ef8000-7f8e05ef9000 rw-p 00000000 00:00 0 
7ffdd7d3a000-7ffdd7d5c000 rw-p 00000000 00:00 0                          [stack]
7ffdd7d8b000-7ffdd7d8d000 r-xp 00000000 00:00 0                          [vdso]
ffffffffff600000-ffffffffff601000 r-xp 00000000 00:00 0                  [vsyscall]

VM Arguments:
jvm_args: -Xmx12G -XX:+UseCompressedOops -XX:MaxPermSize=2g -Xms1g 
java_command: org.apache.spark.deploy.SparkSubmit --master spark://master:8088 --conf spark.driver.memory=12G --conf spark.yarn.driver.memoryOverhead=1g --conf spark.driver.maxResultSize=5g --conf spark.network.timeout=480s --conf spark.yarn.executor.memoryOverhead=1g --conf spark.driver.extraJavaOptions=-XX:+UseCompressedOops -XX:MaxPermSize=2g -d64 -Xms1g --class demo.SentinelRgbIngestMain --name  Ingest --driver-cores 2 --executor-memory 9g --executor-cores 2 ingest/target/scala-2.11/ingest-assembly-0.1.0.jar
java_class_path (initial): /home/kkaralas/Apache/spark-2.1.0-bin-hadoop2.7/conf/:/home/kkaralas/Apache/spark-2.1.0-bin-hadoop2.7/jars/bonecp-0.8.0.RELEASE.jar:/home/kkaralas/Apache/spark-2.1.0-bin-hadoop2.7/jars/commons-net-2.2.jar:/home/kkaralas/Apache/spark-2.1.0-bin-hadoop2.7/jars/javax.servlet-api-3.1.0.jar:/home/kkaralas/Apache/spark-2.1.0-bin-hadoop2.7/jars/hadoop-annotations-2.7.3.jar:/home/kkaralas/Apache/spark-2.1.0-bin-hadoop2.7/jars/hadoop-hdfs-2.7.3.jar:/home/kkaralas/Apache/spark-2.1.0-bin-hadoop2.7/jars/oro-2.0.8.jar:/home/kkaralas/Apache/spark-2.1.0-bin-hadoop2.7/jars/xercesImpl-2.9.1.jar:/home/kkaralas/Apache/spark-2.1.0-bin-hadoop2.7/jars/antlr-runtime-3.4.jar:/home/kkaralas/Apache/spark-2.1.0-bin-hadoop2.7/jars/parquet-jackson-1.8.1.jar:/home/kkaralas/Apache/spark-2.1.0-bin-hadoop2.7/jars/spark-unsafe_2.11-2.1.0.jar:/home/kkaralas/Apache/spark-2.1.0-bin-hadoop2.7/jars/breeze_2.11-0.12.jar:/home/kkaralas/Apache/spark-2.1.0-bin-hadoop2.7/jars/spark-mllib-local_2.11-2.1.0.jar:/home/kkaralas/Apache/spark-2.1.0-bin-hadoop2.7/jars/stream-2.7.0.jar:/home/kkaralas/Apache/spark-2.1.0-bin-hadoop2.7/jars/kryo-shaded-3.0.3.jar:/home/kkaralas/Apache/spark-2.1.0-bin-hadoop2.7/jars/metrics-jvm-3.1.2.jar:/home/kkaralas/Apache/spark-2.1.0-bin-hadoop2.7/jars/hadoop-mapreduce-client-common-2.7.3.jar:/home/kkaralas/Apache/spark-2.1.0-bin-hadoop2.7/jars/RoaringBitmap-0.5.11.jar:/home/kkaralas/Apache/spark-2.1.0-bin-hadoop2.7/jars/hadoop-auth-2.7.3.jar:/home/kkaralas/Apache/spark-2.1.0-bin-hadoop2.7/jars/breeze-macros_2.11-0.12.jar:/home/kkaralas/Apache/spark-2.1.0-bin-hadoop2.7/jars/hadoop-common-2.7.3.jar:/home/kkaralas/Apache/spark-2.1.0-bin-hadoop2.7/jars/activation-1.1.1.jar:/home/kkaralas/Apache/spark-2.1.0-bin-hadoop2.7/jars/jta-1.1.jar:/home/kkaralas/Apache/spark-2.1.0-bin-hadoop2.7/jars/datanucleus-core-3.2.10.jar:/home/kkaralas/Apache/spark-2.1.0-bin-hadoop2.7/jars/jersey-container-servlet-2.22.2.jar:/home/kkaralas/Apache/spark-2.1.0-bin-hadoop2.7/jars/jerse
Launcher Type: SUN_STANDARD

Environment Variables:
JAVA_HOME=/opt/jdk1.8.0_121/
PATH=/opt/jdk1.8.0_121//bin:/opt/jdk1.8.0_121//bin:/usr/lib64/qt-3.3/bin:/usr/local/bin:/usr/local/sbin:/usr/bin:/usr/sbin:/bin:/sbin:/opt/dbeaver:/opt/idea-IC-163.12024.16/bin:/home/kkaralas/Apache/spark-2.1.0-bin-hadoop2.7/bin:/home/kkaralas/.local/bin:/home/kkaralas/bin:/opt/dbeaver:/opt/idea-IC-163.12024.16/bin:/home/kkaralas/Apache/spark-2.1.0-bin-hadoop2.7/bin
USERNAME=kkaralas
SHELL=/bin/bash
DISPLAY=:0

Signal Handlers:
SIGSEGV: [libjvm.so+0xac78c0], sa_mask[0]=11111111011111111101111111111110, sa_flags=SA_RESTART|SA_SIGINFO
SIGBUS: [libjvm.so+0xac78c0], sa_mask[0]=11111111011111111101111111111110, sa_flags=SA_RESTART|SA_SIGINFO
SIGFPE: [libjvm.so+0x920ac0], sa_mask[0]=11111111011111111101111111111110, sa_flags=SA_RESTART|SA_SIGINFO
SIGPIPE: [libjvm.so+0x920ac0], sa_mask[0]=11111111011111111101111111111110, sa_flags=SA_RESTART|SA_SIGINFO
SIGXFSZ: [libjvm.so+0x920ac0], sa_mask[0]=11111111011111111101111111111110, sa_flags=SA_RESTART|SA_SIGINFO
SIGILL: [libjvm.so+0x920ac0], sa_mask[0]=11111111011111111101111111111110, sa_flags=SA_RESTART|SA_SIGINFO
SIGUSR1: SIG_DFL, sa_mask[0]=00000000000000000000000000000000, sa_flags=none
SIGUSR2: [libjvm.so+0x922300], sa_mask[0]=00000000000000000000000000000000, sa_flags=SA_RESTART|SA_SIGINFO
SIGHUP: [libjvm.so+0x923700], sa_mask[0]=11111111011111111101111111111110, sa_flags=SA_RESTART|SA_SIGINFO
SIGINT: [libjvm.so+0x923700], sa_mask[0]=11111111011111111101111111111110, sa_flags=SA_RESTART|SA_SIGINFO
SIGTERM: [libjvm.so+0x923700], sa_mask[0]=11111111011111111101111111111110, sa_flags=SA_RESTART|SA_SIGINFO
SIGQUIT: [libjvm.so+0x923700], sa_mask[0]=11111111011111111101111111111110, sa_flags=SA_RESTART|SA_SIGINFO


---------------  S Y S T E M  ---------------

OS:CentOS Linux release 7.2.1511 (Core) 

uname:Linux 3.10.0-327.el7.x86_64 #1 SMP Thu Nov 19 22:10:57 UTC 2015 x86_64
libc:glibc 2.17 NPTL 2.17 
rlimit: STACK 8192k, CORE 0k, NPROC 4096, NOFILE 4096, AS infinity
load average:3.66 1.86 1.02

/proc/meminfo:
MemTotal:       10591616 kB
MemFree:          118604 kB
MemAvailable:      88724 kB
Buffers:               0 kB
Cached:           163348 kB
SwapCached:       273648 kB
Active:          5991144 kB
Inactive:        1236144 kB
Active(anon):    5975952 kB
Inactive(anon):  1220804 kB
Active(file):      15192 kB
Inactive(file):    15340 kB
Unevictable:     2951584 kB
Mlocked:         2951584 kB
SwapTotal:       3354620 kB
SwapFree:         554364 kB
Dirty:                52 kB
Writeback:          1604 kB
AnonPages:       9775544 kB
Mapped:           139176 kB
Shmem:              9180 kB
Slab:             135436 kB
SReclaimable:      78640 kB
SUnreclaim:        56796 kB
KernelStack:       10544 kB
PageTables:        52860 kB
NFS_Unstable:          0 kB
Bounce:                0 kB
WritebackTmp:          0 kB
CommitLimit:     8650428 kB
Committed_AS:   17293744 kB
VmallocTotal:   34359738367 kB
VmallocUsed:       94084 kB
VmallocChunk:   34359636472 kB
HardwareCorrupted:     0 kB
AnonHugePages:   4104192 kB
HugePages_Total:       0
HugePages_Free:        0
HugePages_Rsvd:        0
HugePages_Surp:        0
Hugepagesize:       2048 kB
DirectMap4k:       94144 kB
DirectMap2M:    10915840 kB


CPU:total 2 (2 cores per cpu, 1 threads per core) family 6 model 60 stepping 3, cmov, cx8, fxsr, mmx, sse, sse2, sse3, ssse3, sse4.1, sse4.2, popcnt, avx, aes, clmul, lzcnt, tsc, tscinvbit

/proc/cpuinfo:
processor	: 0
vendor_id	: GenuineIntel
cpu family	: 6
model		: 60
model name	: Intel(R) Core(TM) i7-4790 CPU @ 3.60GHz
stepping	: 3
cpu MHz		: 3591.688
cache size	: 8192 KB
physical id	: 0
siblings	: 2
core id		: 0
cpu cores	: 2
apicid		: 0
initial apicid	: 0
fpu		: yes
fpu_exception	: yes
cpuid level	: 13
wp		: yes
flags		: fpu vme de pse tsc msr pae mce cx8 apic sep mtrr pge mca cmov pat pse36 clflush mmx fxsr sse sse2 ht syscall nx rdtscp lm constant_tsc rep_good nopl xtopology nonstop_tsc pni pclmulqdq ssse3 cx16 sse4_1 sse4_2 x2apic movbe popcnt aes xsave avx rdrand hypervisor lahf_lm abm
bogomips	: 7183.37
clflush size	: 64
cache_alignment	: 64
address sizes	: 39 bits physical, 48 bits virtual
power management:

processor	: 1
vendor_id	: GenuineIntel
cpu family	: 6
model		: 60
model name	: Intel(R) Core(TM) i7-4790 CPU @ 3.60GHz
stepping	: 3
cpu MHz		: 3591.688
cache size	: 8192 KB
physical id	: 0
siblings	: 2
core id		: 1
cpu cores	: 2
apicid		: 1
initial apicid	: 1
fpu		: yes
fpu_exception	: yes
cpuid level	: 13
wp		: yes
flags		: fpu vme de pse tsc msr pae mce cx8 apic sep mtrr pge mca cmov pat pse36 clflush mmx fxsr sse sse2 ht syscall nx rdtscp lm constant_tsc rep_good nopl xtopology nonstop_tsc pni pclmulqdq ssse3 cx16 sse4_1 sse4_2 x2apic movbe popcnt aes xsave avx rdrand hypervisor lahf_lm abm
bogomips	: 7183.37
clflush size	: 64
cache_alignment	: 64
address sizes	: 39 bits physical, 48 bits virtual
power management:



Memory: 4k page, physical 10591616k(118604k free), swap 3354620k(554364k free)

vm_info: Java HotSpot(TM) 64-Bit Server VM (25.121-b13) for linux-amd64 JRE (1.8.0_121-b13), built on Dec 12 2016 16:36:53 by "java_re" with gcc 4.3.0 20080428 (Red Hat 4.3.0-8)

time: Thu Apr 20 18:45:35 2017
elapsed time: 31 seconds (0d 0h 0m 31s)

